=== cleanup_directory_structure Log (20250520_090314) ===
Script: cleanup_directory_structure
Timestamp: Tue May 20 09:03:14 AEST 2025
Project Root: /Users/bernhardbudiono/Library/CloudStorage/Dropbox/_Documents - Apps (Working)/repos_github/Working/repo_docketmate
[09:03:14] [INIT] Logging initialized for cleanup_directory_structure
[09:03:14] [INFO] App name from Xcode project: _Documents
[09:03:14] [INFO] Using app name: [0;32m[INFO][0m App name from Xcode project: _Documents
_Documents
[09:03:14] [INFO] Detected platforms: macOS
[09:03:14] [INFO] Creating required directories according to canonical structure...
[09:03:14] [INFO] Setting up directories for macOS...
[09:03:14] [INFO] Initialized platform-specific log for macOS at /Users/bernhardbudiono/Library/CloudStorage/Dropbox/_Documents - Apps (Working)/repos_github/Working/repo_docketmate/_macOS/logs/cleanup_directory_structure_20250520_090314.log
[09:03:14] [INFO] Ensuring standard documentation files exist...
[09:03:14] [INFO] Moving any log files from root to logs directory...
[09:03:14] [INFO] Relocating stray backups to temp/backups...
[09:03:14] [INFO] Cleaning up nested platform directories...
[09:03:14] [WARNING] Found nested platform directory: /Users/bernhardbudiono/Library/CloudStorage/Dropbox/_Documents - Apps (Working)/repos_github/Working/repo_docketmate/_macOS
[09:03:14] [INFO] Moving files from nested directory to parent...
[09:03:15] [WARNING] Could not remove directory, may not be empty: /Users/bernhardbudiono/Library/CloudStorage/Dropbox/_Documents - Apps (Working)/repos_github/Working/repo_docketmate/_macOS
[09:03:15] [INFO] Handling corrupted backup directories...
[09:03:15] [WARNING] Found nested backups directory: /Users/bernhardbudiono/Library/CloudStorage/Dropbox/_Documents - Apps (Working)/repos_github/Working/repo_docketmate/temp/backups
[09:03:15] [INFO] Organizing platform-specific logs...
[09:03:15] [INFO] Checking Xcode project structure...
[09:03:15] [INFO] Removing nested workspaces within .xcodeproj bundles...
[09:03:15] [WARNING] Found nested workspace inside project bundle: /Users/bernhardbudiono/Library/CloudStorage/Dropbox/_Documents - Apps (Working)/repos_github/Working/repo_docketmate/DocketMate/DocketMate.xcodeproj/project.xcworkspace
[09:03:15] [INFO] Removing workspace from within project bundle: /Users/bernhardbudiono/Library/CloudStorage/Dropbox/_Documents - Apps (Working)/repos_github/Working/repo_docketmate/DocketMate/DocketMate.xcodeproj/project.xcworkspace
[09:03:15] [INFO] Checking for stray .swift files at project root...
[09:03:15] [INFO] Directory structure cleanup complete.
[09:03:15] [INFO] Logs have been written to:
[09:03:15] [INFO]   - /Users/bernhardbudiono/Library/CloudStorage/Dropbox/_Documents - Apps (Working)/repos_github/Working/repo_docketmate/logs/cleanup_directory_structure_20250520_090314.log
[09:03:15] [INFO]   - /Users/bernhardbudiono/Library/CloudStorage/Dropbox/_Documents - Apps (Working)/repos_github/Working/repo_docketmate/_macOS/logs/cleanup_directory_structure_20250520_090314.log
[09:03:15] [SUCCESS] cleanup_directory_structure completed successfully
[09:03:15] [INFO] Logging finalized for cleanup_directory_structure
[09:03:15] [INFO] Logs have been written to:
[09:03:15] [INFO]   - /Users/bernhardbudiono/Library/CloudStorage/Dropbox/_Documents - Apps (Working)/repos_github/Working/repo_docketmate/logs/cleanup_directory_structure_20250520_090314.log
[09:03:15] [INFO]   - /Users/bernhardbudiono/Library/CloudStorage/Dropbox/_Documents - Apps (Working)/repos_github/Working/repo_docketmate/_macOS/logs/cleanup_directory_structure_20250520_090314.log
