=== COMPLETE FOLDER RENAME: Final DocketMate → FinanceMate Cleanup ===
Started: Mon Jun  2 02:07:07 AEST 2025
Project Root: /Users/bernhardbudiono/Library/CloudStorage/Dropbox/_Documents - Apps (Working)/repos_github/Working/repo_docketmate
[02:07:07] === PHASE 1: CLEAN BUILD ARTIFACTS ===
[02:07:07] Removing DocketMate build artifacts...
[02:07:07] Removing FinanceMateCore build artifacts
[02:07:08] Removing Production build artifacts
[02:07:08] Removing Sandbox build artifacts
[02:07:08] === PHASE 2: RENAME REMAINING DOCKETMATE FOLDERS ===
[02:07:08] Renaming: /Users/bernhardbudiono/Library/CloudStorage/Dropbox/_Documents - Apps (Working)/repos_github/Working/repo_docketmate/_macOS/FinanceMate/DocketMate → /Users/bernhardbudiono/Library/CloudStorage/Dropbox/_Documents - Apps (Working)/repos_github/Working/repo_docketmate/_macOS/FinanceMate/FinanceMate
[02:07:08] ✅ Successfully renamed folder
[02:07:08] Renaming: /Users/bernhardbudiono/Library/CloudStorage/Dropbox/_Documents - Apps (Working)/repos_github/Working/repo_docketmate/_macOS/FinanceMate-Export/DocketMate.app → /Users/bernhardbudiono/Library/CloudStorage/Dropbox/_Documents - Apps (Working)/repos_github/Working/repo_docketmate/_macOS/FinanceMate-Export/FinanceMate.app
[02:07:08] ✅ Successfully renamed folder
[02:07:08] Renaming: /Users/bernhardbudiono/Library/CloudStorage/Dropbox/_Documents - Apps (Working)/repos_github/Working/repo_docketmate/_macOS/FinanceMate.xcarchive/dSYMs/DocketMate.app.dSYM → /Users/bernhardbudiono/Library/CloudStorage/Dropbox/_Documents - Apps (Working)/repos_github/Working/repo_docketmate/_macOS/FinanceMate.xcarchive/dSYMs/FinanceMate.app.dSYM
[02:07:08] ✅ Successfully renamed folder
[02:07:08] Renaming: /Users/bernhardbudiono/Library/CloudStorage/Dropbox/_Documents - Apps (Working)/repos_github/Working/repo_docketmate/_macOS/FinanceMate_Sandbox/DocketMate_Sandbox.xcodeproj → /Users/bernhardbudiono/Library/CloudStorage/Dropbox/_Documents - Apps (Working)/repos_github/Working/repo_docketmate/_macOS/FinanceMate_Sandbox/FinanceMate_Sandbox.xcodeproj
[02:07:08] ✅ Successfully renamed folder
[02:07:08] Renaming DocketMateApp.swift to FinanceMateApp.swift
[02:07:08] === PHASE 3: VERIFY CLEANUP ===
[02:07:08] Checking for remaining DocketMate folder references...
[02:07:09] Remaining DocketMate folders:       15
[02:07:09] Remaining DocketMate files:       54
[02:07:09] ⚠️ Some DocketMate references remain:
/Users/bernhardbudiono/Library/CloudStorage/Dropbox/_Documents - Apps (Working)/repos_github/Working/repo_docketmate/_macOS/FinanceMateUnified/.build/arm64-apple-macosx/debug/DocketMateUnified-entitlement.plist
/Users/bernhardbudiono/Library/CloudStorage/Dropbox/_Documents - Apps (Working)/repos_github/Working/repo_docketmate/_macOS/FinanceMateUnified/.build/arm64-apple-macosx/debug/DocketMateUnified.product
/Users/bernhardbudiono/Library/CloudStorage/Dropbox/_Documents - Apps (Working)/repos_github/Working/repo_docketmate/_macOS/FinanceMateUnified/.build/arm64-apple-macosx/debug/DocketMateCore.build
/Users/bernhardbudiono/Library/CloudStorage/Dropbox/_Documents - Apps (Working)/repos_github/Working/repo_docketmate/_macOS/FinanceMateUnified/.build/arm64-apple-macosx/debug/DocketMateCore.build/DocketMateCore.emit-module.d
/Users/bernhardbudiono/Library/CloudStorage/Dropbox/_Documents - Apps (Working)/repos_github/Working/repo_docketmate/_macOS/FinanceMateUnified/.build/arm64-apple-macosx/debug/DocketMateCore.build/DocketMateCore-Swift.h
/Users/bernhardbudiono/Library/CloudStorage/Dropbox/_Documents - Apps (Working)/repos_github/Working/repo_docketmate/_macOS/FinanceMateUnified/.build/arm64-apple-macosx/debug/DocketMateCore.build/DocketMateCore.d
/Users/bernhardbudiono/Library/CloudStorage/Dropbox/_Documents - Apps (Working)/repos_github/Working/repo_docketmate/_macOS/FinanceMateUnified/.build/arm64-apple-macosx/debug/DocketMateCore.build/DocketMateCore.swiftdeps
/Users/bernhardbudiono/Library/CloudStorage/Dropbox/_Documents - Apps (Working)/repos_github/Working/repo_docketmate/_macOS/FinanceMateUnified/.build/arm64-apple-macosx/debug/DocketMateCore.build/DocketMateCore.swiftdeps~
/Users/bernhardbudiono/Library/CloudStorage/Dropbox/_Documents - Apps (Working)/repos_github/Working/repo_docketmate/_macOS/FinanceMateUnified/.build/arm64-apple-macosx/debug/DocketMateCore.build/DocketMateCore.swift.o
/Users/bernhardbudiono/Library/CloudStorage/Dropbox/_Documents - Apps (Working)/repos_github/Working/repo_docketmate/_macOS/FinanceMateUnified/.build/arm64-apple-macosx/debug/DocketMateUnified.build
[02:07:09] === PHASE 4: VALIDATION ===
[02:07:09] ✅ Critical folder exists: FinanceMate
[02:07:09] ✅ Critical folder exists: FinanceMate-Sandbox
[02:07:09] ✅ Critical folder exists: FinanceMate.xcworkspace
[02:07:09] === CLEANUP COMPLETE ===
[02:07:09] Finished: Mon Jun  2 02:07:09 AEST 2025
