=== create_xcodeproj Log (20250520_091533) ===
Script: create_xcodeproj
Timestamp: Tue May 20 09:15:33 AEST 2025
Project Root: /Users/bernhardbudiono/Library/CloudStorage/Dropbox/_Documents - Apps (Working)/repos_github/Working/repo_docketmate
[09:15:33] [INIT] Logging initialized for create_xcodeproj
[09:15:33] [INFO] Checking for project name in /Users/bernhardbudiono/Library/CloudStorage/Dropbox/_Documents - Apps (Working)/repos_github/Working/repo_docketmate/docs/BLUEPRINT.MD
[09:15:33] [INFO] Checking for existing Xcode projects in /Users/bernhardbudiono/Library/CloudStorage/Dropbox/_Documents - Apps (Working)/repos_github/Working/repo_docketmate/_macOS
[09:15:33] [INFO] Found project name from existing Xcode project: docketmate
[09:15:33] [INFO] Starting project Production creation for docketmate...
[09:15:33] [INFO] Project root: /Users/bernhardbudiono/Library/CloudStorage/Dropbox/_Documents - Apps (Working)/repos_github/Working/repo_docketmate
[09:15:33] [INFO] Platform: macOS
[09:15:33] [INFO] Platform directory: /Users/bernhardbudiono/Library/CloudStorage/Dropbox/_Documents - Apps (Working)/repos_github/Working/repo_docketmate/_macOS
[09:15:33] [INFO] 1. Ensuring platform directory structure...
[09:15:33] [INFO] 2. Recreating Xcode project file: _macOS/docketmate/docketmate.xcodeproj...
[09:15:33] [INFO] Removing existing project file
[09:15:33] [INFO] 3. Adding main application target: docketmate...
[09:15:33] [INFO] 4. Setting up project structure...
[09:15:33] [INFO] 5. Creating Info.plist...
[09:15:33] [INFO] 6. Configuring build settings...
[09:15:33] [INFO] 7. Creating basic source files...
[09:15:33] [INFO] 8. Saving Xcode project...
[09:15:33] [SUCCESS] Project file creation complete: _macOS/docketmate/docketmate.xcodeproj
[09:15:33] [INFO] Now you can open the project in Xcode
[09:15:33] [SUCCESS] create_xcodeproj completed successfully
[09:15:33] [INFO] Logging finalized for create_xcodeproj
[09:15:33] [INFO] Logs have been written to:
[09:15:33] [INFO]   - /Users/bernhardbudiono/Library/CloudStorage/Dropbox/_Documents - Apps (Working)/repos_github/Working/repo_docketmate/logs/create_xcodeproj_20250520_091533.log
[09:15:33] [INFO]   - /Users/bernhardbudiono/Library/CloudStorage/Dropbox/_Documents - Apps (Working)/repos_github/Working/repo_docketmate/_macOS/logs/create_xcodeproj_20250520_091533.log
