=== create_buildable_swiftui_app Log (20250520_062429) ===
Script: create_buildable_swiftui_app
Timestamp: Tue May 20 06:24:29 AEST 2025
Project Root: /Users/bernhardbudiono/Library/CloudStorage/Dropbox/_Documents - Apps (Working)/repos_github/Working/repo_docketmate
[06:24:29] [INIT] Logging initialized for create_buildable_swiftui_app
[0;32m[INFO][0m Starting script: Create Buildable SwiftUI App
[06:24:29] [INFO] Starting script: Create Buildable SwiftUI App
[0;32m[INFO][0m -------------------------------------------------
[06:24:29] [INFO] -------------------------------------------------
[0;32m[INFO][0m Project Root: /Users/bernhardbudiono/Library/CloudStorage/Dropbox/_Documents - Apps (Working)/repos_github/Working/repo_docketmate
[06:24:29] [INFO] Project Root: /Users/bernhardbudiono/Library/CloudStorage/Dropbox/_Documents - Apps (Working)/repos_github/Working/repo_docketmate
[0;32m[INFO][0m Script Dir: /Users/bernhardbudiono/Library/CloudStorage/Dropbox/_Documents - Apps (Working)/repos_github/Working/repo_docketmate/scripts
[06:24:29] [INFO] Script Dir: /Users/bernhardbudiono/Library/CloudStorage/Dropbox/_Documents - Apps (Working)/repos_github/Working/repo_docketmate/scripts
[0;32m[INFO][0m Effective Project Name: DocketMate
[06:24:29] [INFO] Effective Project Name: DocketMate
[0;32m[INFO][0m Targeting as: PRODUCTION
[06:24:29] [INFO] Targeting as: PRODUCTION
[0;32m[INFO][0m Platform: macOS
[06:24:29] [INFO] Platform: macOS
[0;32m[INFO][0m Org ID: com.example
[06:24:29] [INFO] Org ID: com.example
[0;32m[INFO][0m Preserve Sources: false
[06:24:29] [INFO] Preserve Sources: false
[0;32m[INFO][0m Skip XcodeGen: false
[06:24:29] [INFO] Skip XcodeGen: false
[0;32m[INFO][0m XcodeGen Path: xcodegen
[06:24:29] [INFO] XcodeGen Path: xcodegen
[0;32m[INFO][0m -------------------------------------------------
[06:24:29] [INFO] -------------------------------------------------
[0;32m[INFO][0m Platform Directory: /Users/bernhardbudiono/Library/CloudStorage/Dropbox/_Documents - Apps (Working)/repos_github/Working/repo_docketmate/_macOS
[06:24:29] [INFO] Platform Directory: /Users/bernhardbudiono/Library/CloudStorage/Dropbox/_Documents - Apps (Working)/repos_github/Working/repo_docketmate/_macOS
[0;32m[INFO][0m Project Directory: /Users/bernhardbudiono/Library/CloudStorage/Dropbox/_Documents - Apps (Working)/repos_github/Working/repo_docketmate/_macOS/DocketMate
[06:24:29] [INFO] Project Directory: /Users/bernhardbudiono/Library/CloudStorage/Dropbox/_Documents - Apps (Working)/repos_github/Working/repo_docketmate/_macOS/DocketMate
[0;32m[INFO][0m Platform directory already exists: /Users/bernhardbudiono/Library/CloudStorage/Dropbox/_Documents - Apps (Working)/repos_github/Working/repo_docketmate/_macOS
[06:24:29] [INFO] Platform directory already exists: /Users/bernhardbudiono/Library/CloudStorage/Dropbox/_Documents - Apps (Working)/repos_github/Working/repo_docketmate/_macOS
[0;32m[INFO][0m Project directory /Users/bernhardbudiono/Library/CloudStorage/Dropbox/_Documents - Apps (Working)/repos_github/Working/repo_docketmate/_macOS/DocketMate exists. Deleting and recreating for a clean slate.
[06:24:29] [INFO] Project directory /Users/bernhardbudiono/Library/CloudStorage/Dropbox/_Documents - Apps (Working)/repos_github/Working/repo_docketmate/_macOS/DocketMate exists. Deleting and recreating for a clean slate.
[0;32m[INFO][0m Ensured directory structure for DocketMate
[06:24:29] [INFO] Ensured directory structure for DocketMate
[0;32m[INFO][0m Created/Updated file: /Users/bernhardbudiono/Library/CloudStorage/Dropbox/_Documents - Apps (Working)/repos_github/Working/repo_docketmate/_macOS/DocketMate/Resources/Info.plist
[06:24:29] [INFO] Created/Updated file: /Users/bernhardbudiono/Library/CloudStorage/Dropbox/_Documents - Apps (Working)/repos_github/Working/repo_docketmate/_macOS/DocketMate/Resources/Info.plist
scripts/create_buildable_swiftui_app.sh: line 513: unexpected EOF while looking for matching `"'
