[2025-05-20T09:59:11] Starting buildable SwiftUI app creation for production at /Users/bernhardbudiono/Library/CloudStorage/Dropbox/_Documents - Apps (Working)/repos_github/Working/repo_docketmate/_macOS/DocketMate
[2025-05-20T09:59:11] Building app with xcodebuild...
Command line invocation:
    /Applications/Xcode.app/Contents/Developer/usr/bin/xcodebuild -project "/Users/bernhardbudiono/Library/CloudStorage/Dropbox/_Documents - Apps (Working)/repos_github/Working/repo_docketmate/_macOS/DocketMate/DocketMate.xcodeproj" -scheme docketmate -configuration Debug clean build

ComputePackagePrebuildTargetDependencyGraph

CreateBuildRequest

SendProjectDescription

CreateBuildOperation

** CLEAN SUCCEEDED **

ComputePackagePrebuildTargetDependencyGraph

Prepare packages

CreateBuildRequest

SendProjectDescription

CreateBuildOperation

ComputeTargetDependencyGraph
note: Building targets in dependency order
note: Target dependency graph (1 target)
    Target 'docketmate' in project 'docketmate' (no dependencies)

GatherProvisioningInputs

CreateBuildDescription

ExecuteExternalTool /Applications/Xcode.app/Contents/Developer/Toolchains/XcodeDefault.xctoolchain/usr/bin/clang -v -E -dM -isysroot /Applications/Xcode.app/Contents/Developer/Platforms/MacOSX.platform/Developer/SDKs/MacOSX15.4.sdk -x c -c /dev/null

ExecuteExternalTool /Applications/Xcode.app/Contents/Developer/Toolchains/XcodeDefault.xctoolchain/usr/bin/swiftc --version

ExecuteExternalTool /Applications/Xcode.app/Contents/Developer/Toolchains/XcodeDefault.xctoolchain/usr/bin/ld -version_details

Build description signature: 875fbd032404b8bbbf5b9601319b6a60
Build description path: /Users/bernhardbudiono/Library/Developer/Xcode/DerivedData/docketmate-hlhlprtooijknuaiauxzxkoernqr/Build/Intermediates.noindex/XCBuildData/875fbd032404b8bbbf5b9601319b6a60.xcbuilddata
ClangStatCache /Applications/Xcode.app/Contents/Developer/Toolchains/XcodeDefault.xctoolchain/usr/bin/clang-stat-cache /Applications/Xcode.app/Contents/Developer/Platforms/MacOSX.platform/Developer/SDKs/MacOSX15.4.sdk /Users/bernhardbudiono/Library/Developer/Xcode/DerivedData/SDKStatCaches.noindex/macosx15.4-24E241-88b860576fb364319593bd8fb30666b0.sdkstatcache
    cd /Users/bernhardbudiono/Library/CloudStorage/Dropbox/_Documents\ -\ Apps\ \(Working\)/repos_github/Working/repo_docketmate/_macOS/docketmate/docketmate.xcodeproj
    /Applications/Xcode.app/Contents/Developer/Toolchains/XcodeDefault.xctoolchain/usr/bin/clang-stat-cache /Applications/Xcode.app/Contents/Developer/Platforms/MacOSX.platform/Developer/SDKs/MacOSX15.4.sdk -o /Users/bernhardbudiono/Library/Developer/Xcode/DerivedData/SDKStatCaches.noindex/macosx15.4-24E241-88b860576fb364319593bd8fb30666b0.sdkstatcache

CreateBuildDirectory /Users/bernhardbudiono/Library/Developer/Xcode/DerivedData/docketmate-hlhlprtooijknuaiauxzxkoernqr/Build/Intermediates.noindex
    cd /Users/bernhardbudiono/Library/CloudStorage/Dropbox/_Documents\ -\ Apps\ \(Working\)/repos_github/Working/repo_docketmate/_macOS/docketmate/docketmate.xcodeproj
    builtin-create-build-directory /Users/bernhardbudiono/Library/Developer/Xcode/DerivedData/docketmate-hlhlprtooijknuaiauxzxkoernqr/Build/Intermediates.noindex

CreateBuildDirectory /Users/bernhardbudiono/Library/Developer/Xcode/DerivedData/docketmate-hlhlprtooijknuaiauxzxkoernqr/Build/Products
    cd /Users/bernhardbudiono/Library/CloudStorage/Dropbox/_Documents\ -\ Apps\ \(Working\)/repos_github/Working/repo_docketmate/_macOS/docketmate/docketmate.xcodeproj
    builtin-create-build-directory /Users/bernhardbudiono/Library/Developer/Xcode/DerivedData/docketmate-hlhlprtooijknuaiauxzxkoernqr/Build/Products

CreateBuildDirectory /Users/bernhardbudiono/Library/Developer/Xcode/DerivedData/docketmate-hlhlprtooijknuaiauxzxkoernqr/Build/Intermediates.noindex/EagerLinkingTBDs/Debug
    cd /Users/bernhardbudiono/Library/CloudStorage/Dropbox/_Documents\ -\ Apps\ \(Working\)/repos_github/Working/repo_docketmate/_macOS/docketmate/docketmate.xcodeproj
    builtin-create-build-directory /Users/bernhardbudiono/Library/Developer/Xcode/DerivedData/docketmate-hlhlprtooijknuaiauxzxkoernqr/Build/Intermediates.noindex/EagerLinkingTBDs/Debug

CreateBuildDirectory /Users/bernhardbudiono/Library/Developer/Xcode/DerivedData/docketmate-hlhlprtooijknuaiauxzxkoernqr/Build/Products/Debug
    cd /Users/bernhardbudiono/Library/CloudStorage/Dropbox/_Documents\ -\ Apps\ \(Working\)/repos_github/Working/repo_docketmate/_macOS/docketmate/docketmate.xcodeproj
    builtin-create-build-directory /Users/bernhardbudiono/Library/Developer/Xcode/DerivedData/docketmate-hlhlprtooijknuaiauxzxkoernqr/Build/Products/Debug

WriteAuxiliaryFile /Users/bernhardbudiono/Library/Developer/Xcode/DerivedData/docketmate-hlhlprtooijknuaiauxzxkoernqr/Build/Intermediates.noindex/docketmate.build/Debug/docketmate-8275b6346bf167b44adb39acd9acaef0-VFS/all-product-headers.yaml
    cd /Users/bernhardbudiono/Library/CloudStorage/Dropbox/_Documents\ -\ Apps\ \(Working\)/repos_github/Working/repo_docketmate/_macOS/docketmate/docketmate.xcodeproj
    write-file /Users/bernhardbudiono/Library/Developer/Xcode/DerivedData/docketmate-hlhlprtooijknuaiauxzxkoernqr/Build/Intermediates.noindex/docketmate.build/Debug/docketmate-8275b6346bf167b44adb39acd9acaef0-VFS/all-product-headers.yaml

WriteAuxiliaryFile /Users/bernhardbudiono/Library/Developer/Xcode/DerivedData/docketmate-hlhlprtooijknuaiauxzxkoernqr/Build/Intermediates.noindex/docketmate.build/Debug/docketmate.build/docketmate-project-headers.hmap (in target 'docketmate' from project 'docketmate')
    cd /Users/bernhardbudiono/Library/CloudStorage/Dropbox/_Documents\ -\ Apps\ \(Working\)/repos_github/Working/repo_docketmate/_macOS/docketmate
    write-file /Users/bernhardbudiono/Library/Developer/Xcode/DerivedData/docketmate-hlhlprtooijknuaiauxzxkoernqr/Build/Intermediates.noindex/docketmate.build/Debug/docketmate.build/docketmate-project-headers.hmap

WriteAuxiliaryFile /Users/bernhardbudiono/Library/Developer/Xcode/DerivedData/docketmate-hlhlprtooijknuaiauxzxkoernqr/Build/Intermediates.noindex/docketmate.build/Debug/docketmate.build/docketmate-own-target-headers.hmap (in target 'docketmate' from project 'docketmate')
    cd /Users/bernhardbudiono/Library/CloudStorage/Dropbox/_Documents\ -\ Apps\ \(Working\)/repos_github/Working/repo_docketmate/_macOS/docketmate
    write-file /Users/bernhardbudiono/Library/Developer/Xcode/DerivedData/docketmate-hlhlprtooijknuaiauxzxkoernqr/Build/Intermediates.noindex/docketmate.build/Debug/docketmate.build/docketmate-own-target-headers.hmap

WriteAuxiliaryFile /Users/bernhardbudiono/Library/Developer/Xcode/DerivedData/docketmate-hlhlprtooijknuaiauxzxkoernqr/Build/Intermediates.noindex/docketmate.build/Debug/docketmate.build/docketmate-generated-files.hmap (in target 'docketmate' from project 'docketmate')
    cd /Users/bernhardbudiono/Library/CloudStorage/Dropbox/_Documents\ -\ Apps\ \(Working\)/repos_github/Working/repo_docketmate/_macOS/docketmate
    write-file /Users/bernhardbudiono/Library/Developer/Xcode/DerivedData/docketmate-hlhlprtooijknuaiauxzxkoernqr/Build/Intermediates.noindex/docketmate.build/Debug/docketmate.build/docketmate-generated-files.hmap

WriteAuxiliaryFile /Users/bernhardbudiono/Library/Developer/Xcode/DerivedData/docketmate-hlhlprtooijknuaiauxzxkoernqr/Build/Intermediates.noindex/docketmate.build/Debug/docketmate.build/docketmate-all-non-framework-target-headers.hmap (in target 'docketmate' from project 'docketmate')
    cd /Users/bernhardbudiono/Library/CloudStorage/Dropbox/_Documents\ -\ Apps\ \(Working\)/repos_github/Working/repo_docketmate/_macOS/docketmate
    write-file /Users/bernhardbudiono/Library/Developer/Xcode/DerivedData/docketmate-hlhlprtooijknuaiauxzxkoernqr/Build/Intermediates.noindex/docketmate.build/Debug/docketmate.build/docketmate-all-non-framework-target-headers.hmap

WriteAuxiliaryFile /Users/bernhardbudiono/Library/Developer/Xcode/DerivedData/docketmate-hlhlprtooijknuaiauxzxkoernqr/Build/Intermediates.noindex/docketmate.build/Debug/docketmate.build/docketmate.hmap (in target 'docketmate' from project 'docketmate')
    cd /Users/bernhardbudiono/Library/CloudStorage/Dropbox/_Documents\ -\ Apps\ \(Working\)/repos_github/Working/repo_docketmate/_macOS/docketmate
    write-file /Users/bernhardbudiono/Library/Developer/Xcode/DerivedData/docketmate-hlhlprtooijknuaiauxzxkoernqr/Build/Intermediates.noindex/docketmate.build/Debug/docketmate.build/docketmate.hmap

WriteAuxiliaryFile /Users/bernhardbudiono/Library/Developer/Xcode/DerivedData/docketmate-hlhlprtooijknuaiauxzxkoernqr/Build/Intermediates.noindex/docketmate.build/Debug/docketmate.build/docketmate-DebugDylibInstallName-normal-arm64.txt (in target 'docketmate' from project 'docketmate')
    cd /Users/bernhardbudiono/Library/CloudStorage/Dropbox/_Documents\ -\ Apps\ \(Working\)/repos_github/Working/repo_docketmate/_macOS/docketmate
    write-file /Users/bernhardbudiono/Library/Developer/Xcode/DerivedData/docketmate-hlhlprtooijknuaiauxzxkoernqr/Build/Intermediates.noindex/docketmate.build/Debug/docketmate.build/docketmate-DebugDylibInstallName-normal-arm64.txt

WriteAuxiliaryFile /Users/bernhardbudiono/Library/Developer/Xcode/DerivedData/docketmate-hlhlprtooijknuaiauxzxkoernqr/Build/Intermediates.noindex/docketmate.build/Debug/docketmate.build/docketmate-all-target-headers.hmap (in target 'docketmate' from project 'docketmate')
    cd /Users/bernhardbudiono/Library/CloudStorage/Dropbox/_Documents\ -\ Apps\ \(Working\)/repos_github/Working/repo_docketmate/_macOS/docketmate
    write-file /Users/bernhardbudiono/Library/Developer/Xcode/DerivedData/docketmate-hlhlprtooijknuaiauxzxkoernqr/Build/Intermediates.noindex/docketmate.build/Debug/docketmate.build/docketmate-all-target-headers.hmap

WriteAuxiliaryFile /Users/bernhardbudiono/Library/Developer/Xcode/DerivedData/docketmate-hlhlprtooijknuaiauxzxkoernqr/Build/Intermediates.noindex/docketmate.build/Debug/docketmate.build/docketmate-DebugDylibPath-normal-arm64.txt (in target 'docketmate' from project 'docketmate')
    cd /Users/bernhardbudiono/Library/CloudStorage/Dropbox/_Documents\ -\ Apps\ \(Working\)/repos_github/Working/repo_docketmate/_macOS/docketmate
    write-file /Users/bernhardbudiono/Library/Developer/Xcode/DerivedData/docketmate-hlhlprtooijknuaiauxzxkoernqr/Build/Intermediates.noindex/docketmate.build/Debug/docketmate.build/docketmate-DebugDylibPath-normal-arm64.txt

MkDir /Users/bernhardbudiono/Library/Developer/Xcode/DerivedData/docketmate-hlhlprtooijknuaiauxzxkoernqr/Build/Products/Debug/docketmate.app (in target 'docketmate' from project 'docketmate')
    cd /Users/bernhardbudiono/Library/CloudStorage/Dropbox/_Documents\ -\ Apps\ \(Working\)/repos_github/Working/repo_docketmate/_macOS/docketmate
    /bin/mkdir -p /Users/bernhardbudiono/Library/Developer/Xcode/DerivedData/docketmate-hlhlprtooijknuaiauxzxkoernqr/Build/Products/Debug/docketmate.app

WriteAuxiliaryFile /Users/bernhardbudiono/Library/Developer/Xcode/DerivedData/docketmate-hlhlprtooijknuaiauxzxkoernqr/Build/Intermediates.noindex/docketmate.build/Debug/docketmate.build/Objects-normal/arm64/docketmate-OutputFileMap.json (in target 'docketmate' from project 'docketmate')
    cd /Users/bernhardbudiono/Library/CloudStorage/Dropbox/_Documents\ -\ Apps\ \(Working\)/repos_github/Working/repo_docketmate/_macOS/docketmate
    write-file /Users/bernhardbudiono/Library/Developer/Xcode/DerivedData/docketmate-hlhlprtooijknuaiauxzxkoernqr/Build/Intermediates.noindex/docketmate.build/Debug/docketmate.build/Objects-normal/arm64/docketmate-OutputFileMap.json

WriteAuxiliaryFile /Users/bernhardbudiono/Library/Developer/Xcode/DerivedData/docketmate-hlhlprtooijknuaiauxzxkoernqr/Build/Intermediates.noindex/docketmate.build/Debug/docketmate.build/Objects-normal/arm64/docketmate_const_extract_protocols.json (in target 'docketmate' from project 'docketmate')
    cd /Users/bernhardbudiono/Library/CloudStorage/Dropbox/_Documents\ -\ Apps\ \(Working\)/repos_github/Working/repo_docketmate/_macOS/docketmate
    write-file /Users/bernhardbudiono/Library/Developer/Xcode/DerivedData/docketmate-hlhlprtooijknuaiauxzxkoernqr/Build/Intermediates.noindex/docketmate.build/Debug/docketmate.build/Objects-normal/arm64/docketmate_const_extract_protocols.json

WriteAuxiliaryFile /Users/bernhardbudiono/Library/Developer/Xcode/DerivedData/docketmate-hlhlprtooijknuaiauxzxkoernqr/Build/Intermediates.noindex/docketmate.build/Debug/docketmate.build/Objects-normal/arm64/docketmate.LinkFileList (in target 'docketmate' from project 'docketmate')
    cd /Users/bernhardbudiono/Library/CloudStorage/Dropbox/_Documents\ -\ Apps\ \(Working\)/repos_github/Working/repo_docketmate/_macOS/docketmate
    write-file /Users/bernhardbudiono/Library/Developer/Xcode/DerivedData/docketmate-hlhlprtooijknuaiauxzxkoernqr/Build/Intermediates.noindex/docketmate.build/Debug/docketmate.build/Objects-normal/arm64/docketmate.LinkFileList

WriteAuxiliaryFile /Users/bernhardbudiono/Library/Developer/Xcode/DerivedData/docketmate-hlhlprtooijknuaiauxzxkoernqr/Build/Intermediates.noindex/docketmate.build/Debug/docketmate.build/DerivedSources/Entitlements.plist (in target 'docketmate' from project 'docketmate')
    cd /Users/bernhardbudiono/Library/CloudStorage/Dropbox/_Documents\ -\ Apps\ \(Working\)/repos_github/Working/repo_docketmate/_macOS/docketmate
    write-file /Users/bernhardbudiono/Library/Developer/Xcode/DerivedData/docketmate-hlhlprtooijknuaiauxzxkoernqr/Build/Intermediates.noindex/docketmate.build/Debug/docketmate.build/DerivedSources/Entitlements.plist

WriteAuxiliaryFile /Users/bernhardbudiono/Library/Developer/Xcode/DerivedData/docketmate-hlhlprtooijknuaiauxzxkoernqr/Build/Intermediates.noindex/docketmate.build/Debug/docketmate.build/docketmate.DependencyMetadataFileList (in target 'docketmate' from project 'docketmate')
    cd /Users/bernhardbudiono/Library/CloudStorage/Dropbox/_Documents\ -\ Apps\ \(Working\)/repos_github/Working/repo_docketmate/_macOS/docketmate
    write-file /Users/bernhardbudiono/Library/Developer/Xcode/DerivedData/docketmate-hlhlprtooijknuaiauxzxkoernqr/Build/Intermediates.noindex/docketmate.build/Debug/docketmate.build/docketmate.DependencyMetadataFileList

WriteAuxiliaryFile /Users/bernhardbudiono/Library/Developer/Xcode/DerivedData/docketmate-hlhlprtooijknuaiauxzxkoernqr/Build/Intermediates.noindex/docketmate.build/Debug/docketmate.build/docketmate.DependencyStaticMetadataFileList (in target 'docketmate' from project 'docketmate')
    cd /Users/bernhardbudiono/Library/CloudStorage/Dropbox/_Documents\ -\ Apps\ \(Working\)/repos_github/Working/repo_docketmate/_macOS/docketmate
    write-file /Users/bernhardbudiono/Library/Developer/Xcode/DerivedData/docketmate-hlhlprtooijknuaiauxzxkoernqr/Build/Intermediates.noindex/docketmate.build/Debug/docketmate.build/docketmate.DependencyStaticMetadataFileList

WriteAuxiliaryFile /Users/bernhardbudiono/Library/Developer/Xcode/DerivedData/docketmate-hlhlprtooijknuaiauxzxkoernqr/Build/Intermediates.noindex/docketmate.build/Debug/docketmate.build/Objects-normal/arm64/docketmate.SwiftFileList (in target 'docketmate' from project 'docketmate')
    cd /Users/bernhardbudiono/Library/CloudStorage/Dropbox/_Documents\ -\ Apps\ \(Working\)/repos_github/Working/repo_docketmate/_macOS/docketmate
    write-file /Users/bernhardbudiono/Library/Developer/Xcode/DerivedData/docketmate-hlhlprtooijknuaiauxzxkoernqr/Build/Intermediates.noindex/docketmate.build/Debug/docketmate.build/Objects-normal/arm64/docketmate.SwiftFileList

WriteAuxiliaryFile /Users/bernhardbudiono/Library/Developer/Xcode/DerivedData/docketmate-hlhlprtooijknuaiauxzxkoernqr/Build/Intermediates.noindex/docketmate.build/Debug/docketmate.build/Objects-normal/arm64/docketmate.SwiftConstValuesFileList (in target 'docketmate' from project 'docketmate')
    cd /Users/bernhardbudiono/Library/CloudStorage/Dropbox/_Documents\ -\ Apps\ \(Working\)/repos_github/Working/repo_docketmate/_macOS/docketmate
    write-file /Users/bernhardbudiono/Library/Developer/Xcode/DerivedData/docketmate-hlhlprtooijknuaiauxzxkoernqr/Build/Intermediates.noindex/docketmate.build/Debug/docketmate.build/Objects-normal/arm64/docketmate.SwiftConstValuesFileList

MkDir /Users/bernhardbudiono/Library/Developer/Xcode/DerivedData/docketmate-hlhlprtooijknuaiauxzxkoernqr/Build/Products/Debug/docketmate.app/Contents (in target 'docketmate' from project 'docketmate')
    cd /Users/bernhardbudiono/Library/CloudStorage/Dropbox/_Documents\ -\ Apps\ \(Working\)/repos_github/Working/repo_docketmate/_macOS/docketmate
    /bin/mkdir -p /Users/bernhardbudiono/Library/Developer/Xcode/DerivedData/docketmate-hlhlprtooijknuaiauxzxkoernqr/Build/Products/Debug/docketmate.app/Contents

MkDir /Users/bernhardbudiono/Library/Developer/Xcode/DerivedData/docketmate-hlhlprtooijknuaiauxzxkoernqr/Build/Products/Debug/docketmate.app/Contents/MacOS (in target 'docketmate' from project 'docketmate')
    cd /Users/bernhardbudiono/Library/CloudStorage/Dropbox/_Documents\ -\ Apps\ \(Working\)/repos_github/Working/repo_docketmate/_macOS/docketmate
    /bin/mkdir -p /Users/bernhardbudiono/Library/Developer/Xcode/DerivedData/docketmate-hlhlprtooijknuaiauxzxkoernqr/Build/Products/Debug/docketmate.app/Contents/MacOS

ProcessProductPackaging "" /Users/bernhardbudiono/Library/Developer/Xcode/DerivedData/docketmate-hlhlprtooijknuaiauxzxkoernqr/Build/Intermediates.noindex/docketmate.build/Debug/docketmate.build/docketmate.app.xcent (in target 'docketmate' from project 'docketmate')
    cd /Users/bernhardbudiono/Library/CloudStorage/Dropbox/_Documents\ -\ Apps\ \(Working\)/repos_github/Working/repo_docketmate/_macOS/docketmate
    
    Entitlements:
    
    {
    "com.apple.security.get-task-allow" = 1;
}
    
    builtin-productPackagingUtility -entitlements -format xml -o /Users/bernhardbudiono/Library/Developer/Xcode/DerivedData/docketmate-hlhlprtooijknuaiauxzxkoernqr/Build/Intermediates.noindex/docketmate.build/Debug/docketmate.build/docketmate.app.xcent

ProcessProductPackagingDER /Users/bernhardbudiono/Library/Developer/Xcode/DerivedData/docketmate-hlhlprtooijknuaiauxzxkoernqr/Build/Intermediates.noindex/docketmate.build/Debug/docketmate.build/docketmate.app.xcent /Users/bernhardbudiono/Library/Developer/Xcode/DerivedData/docketmate-hlhlprtooijknuaiauxzxkoernqr/Build/Intermediates.noindex/docketmate.build/Debug/docketmate.build/docketmate.app.xcent.der (in target 'docketmate' from project 'docketmate')
    cd /Users/bernhardbudiono/Library/CloudStorage/Dropbox/_Documents\ -\ Apps\ \(Working\)/repos_github/Working/repo_docketmate/_macOS/docketmate
    /usr/bin/derq query -f xml -i /Users/bernhardbudiono/Library/Developer/Xcode/DerivedData/docketmate-hlhlprtooijknuaiauxzxkoernqr/Build/Intermediates.noindex/docketmate.build/Debug/docketmate.build/docketmate.app.xcent -o /Users/bernhardbudiono/Library/Developer/Xcode/DerivedData/docketmate-hlhlprtooijknuaiauxzxkoernqr/Build/Intermediates.noindex/docketmate.build/Debug/docketmate.build/docketmate.app.xcent.der --raw

ProcessInfoPlistFile /Users/bernhardbudiono/Library/Developer/Xcode/DerivedData/docketmate-hlhlprtooijknuaiauxzxkoernqr/Build/Products/Debug/docketmate.app/Contents/Info.plist /Users/bernhardbudiono/Library/CloudStorage/Dropbox/_Documents\ -\ Apps\ (Working)/repos_github/Working/repo_docketmate/_macOS/docketmate/Resources/Info.plist (in target 'docketmate' from project 'docketmate')
    cd /Users/bernhardbudiono/Library/CloudStorage/Dropbox/_Documents\ -\ Apps\ \(Working\)/repos_github/Working/repo_docketmate/_macOS/docketmate
    builtin-infoPlistUtility /Users/bernhardbudiono/Library/CloudStorage/Dropbox/_Documents\ -\ Apps\ \(Working\)/repos_github/Working/repo_docketmate/_macOS/docketmate/Resources/Info.plist -producttype com.apple.product-type.application -genpkginfo /Users/bernhardbudiono/Library/Developer/Xcode/DerivedData/docketmate-hlhlprtooijknuaiauxzxkoernqr/Build/Products/Debug/docketmate.app/Contents/PkgInfo -expandbuildsettings -platform macosx -o /Users/bernhardbudiono/Library/Developer/Xcode/DerivedData/docketmate-hlhlprtooijknuaiauxzxkoernqr/Build/Products/Debug/docketmate.app/Contents/Info.plist
warning: LSMinimumSystemVersion of '12.0' is less than the value of MACOSX_DEPLOYMENT_TARGET '13.0' - setting to '13.0'. (in target 'docketmate' from project 'docketmate')

Ld /Users/bernhardbudiono/Library/Developer/Xcode/DerivedData/docketmate-hlhlprtooijknuaiauxzxkoernqr/Build/Products/Debug/docketmate.app/Contents/MacOS/__preview.dylib normal (in target 'docketmate' from project 'docketmate')
    cd /Users/bernhardbudiono/Library/CloudStorage/Dropbox/_Documents\ -\ Apps\ \(Working\)/repos_github/Working/repo_docketmate/_macOS/docketmate
    /Applications/Xcode.app/Contents/Developer/Toolchains/XcodeDefault.xctoolchain/usr/bin/clang -Xlinker -reproducible -target arm64-apple-macos13.0 -dynamiclib -isysroot /Applications/Xcode.app/Contents/Developer/Platforms/MacOSX.platform/Developer/SDKs/MacOSX15.4.sdk -O0 -L/Users/bernhardbudiono/Library/Developer/Xcode/DerivedData/docketmate-hlhlprtooijknuaiauxzxkoernqr/Build/Products/Debug -F/Users/bernhardbudiono/Library/Developer/Xcode/DerivedData/docketmate-hlhlprtooijknuaiauxzxkoernqr/Build/Products/Debug -install_name @rpath/docketmate.debug.dylib -rdynamic -Xlinker -no_deduplicate -Xlinker -dependency_info -Xlinker /Users/bernhardbudiono/Library/Developer/Xcode/DerivedData/docketmate-hlhlprtooijknuaiauxzxkoernqr/Build/Intermediates.noindex/docketmate.build/Debug/docketmate.build/Objects-normal/arm64/docketmate_dependency_info.dat -Xlinker -no_adhoc_codesign -o /Users/bernhardbudiono/Library/Developer/Xcode/DerivedData/docketmate-hlhlprtooijknuaiauxzxkoernqr/Build/Products/Debug/docketmate.app/Contents/MacOS/__preview.dylib

SwiftDriver docketmate normal arm64 com.apple.xcode.tools.swift.compiler (in target 'docketmate' from project 'docketmate')
    cd /Users/bernhardbudiono/Library/CloudStorage/Dropbox/_Documents\ -\ Apps\ \(Working\)/repos_github/Working/repo_docketmate/_macOS/docketmate
    builtin-SwiftDriver -- /Applications/Xcode.app/Contents/Developer/Toolchains/XcodeDefault.xctoolchain/usr/bin/swiftc -module-name docketmate -Onone -enforce-exclusivity\=checked @/Users/bernhardbudiono/Library/Developer/Xcode/DerivedData/docketmate-hlhlprtooijknuaiauxzxkoernqr/Build/Intermediates.noindex/docketmate.build/Debug/docketmate.build/Objects-normal/arm64/docketmate.SwiftFileList -DDEBUG -enable-bare-slash-regex -enable-experimental-feature DebugDescriptionMacro -sdk /Applications/Xcode.app/Contents/Developer/Platforms/MacOSX.platform/Developer/SDKs/MacOSX15.4.sdk -target arm64-apple-macos13.0 -g -module-cache-path /Users/bernhardbudiono/Library/Developer/Xcode/DerivedData/ModuleCache.noindex -Xfrontend -serialize-debugging-options -enable-testing -index-store-path /Users/bernhardbudiono/Library/Developer/Xcode/DerivedData/docketmate-hlhlprtooijknuaiauxzxkoernqr/Index.noindex/DataStore -swift-version 5 -I /Users/bernhardbudiono/Library/Developer/Xcode/DerivedData/docketmate-hlhlprtooijknuaiauxzxkoernqr/Build/Products/Debug -F /Users/bernhardbudiono/Library/Developer/Xcode/DerivedData/docketmate-hlhlprtooijknuaiauxzxkoernqr/Build/Products/Debug -parse-as-library -c -j16 -enable-batch-mode -incremental -Xcc -ivfsstatcache -Xcc /Users/bernhardbudiono/Library/Developer/Xcode/DerivedData/SDKStatCaches.noindex/macosx15.4-24E241-88b860576fb364319593bd8fb30666b0.sdkstatcache -output-file-map /Users/bernhardbudiono/Library/Developer/Xcode/DerivedData/docketmate-hlhlprtooijknuaiauxzxkoernqr/Build/Intermediates.noindex/docketmate.build/Debug/docketmate.build/Objects-normal/arm64/docketmate-OutputFileMap.json -use-frontend-parseable-output -save-temps -no-color-diagnostics -serialize-diagnostics -emit-dependencies -emit-module -emit-module-path /Users/bernhardbudiono/Library/Developer/Xcode/DerivedData/docketmate-hlhlprtooijknuaiauxzxkoernqr/Build/Intermediates.noindex/docketmate.build/Debug/docketmate.build/Objects-normal/arm64/docketmate.swiftmodule -validate-clang-modules-once -clang-build-session-file /Users/bernhardbudiono/Library/Developer/Xcode/DerivedData/ModuleCache.noindex/Session.modulevalidation -Xcc -I/Users/bernhardbudiono/Library/Developer/Xcode/DerivedData/docketmate-hlhlprtooijknuaiauxzxkoernqr/Build/Intermediates.noindex/docketmate.build/Debug/docketmate.build/swift-overrides.hmap -emit-const-values -Xfrontend -const-gather-protocols-file -Xfrontend /Users/bernhardbudiono/Library/Developer/Xcode/DerivedData/docketmate-hlhlprtooijknuaiauxzxkoernqr/Build/Intermediates.noindex/docketmate.build/Debug/docketmate.build/Objects-normal/arm64/docketmate_const_extract_protocols.json -Xcc -iquote -Xcc /Users/bernhardbudiono/Library/Developer/Xcode/DerivedData/docketmate-hlhlprtooijknuaiauxzxkoernqr/Build/Intermediates.noindex/docketmate.build/Debug/docketmate.build/docketmate-generated-files.hmap -Xcc -I/Users/bernhardbudiono/Library/Developer/Xcode/DerivedData/docketmate-hlhlprtooijknuaiauxzxkoernqr/Build/Intermediates.noindex/docketmate.build/Debug/docketmate.build/docketmate-own-target-headers.hmap -Xcc -I/Users/bernhardbudiono/Library/Developer/Xcode/DerivedData/docketmate-hlhlprtooijknuaiauxzxkoernqr/Build/Intermediates.noindex/docketmate.build/Debug/docketmate.build/docketmate-all-target-headers.hmap -Xcc -iquote -Xcc /Users/bernhardbudiono/Library/Developer/Xcode/DerivedData/docketmate-hlhlprtooijknuaiauxzxkoernqr/Build/Intermediates.noindex/docketmate.build/Debug/docketmate.build/docketmate-project-headers.hmap -Xcc -I/Users/bernhardbudiono/Library/Developer/Xcode/DerivedData/docketmate-hlhlprtooijknuaiauxzxkoernqr/Build/Products/Debug/include -Xcc -I/Users/bernhardbudiono/Library/Developer/Xcode/DerivedData/docketmate-hlhlprtooijknuaiauxzxkoernqr/Build/Intermediates.noindex/docketmate.build/Debug/docketmate.build/DerivedSources-normal/arm64 -Xcc -I/Users/bernhardbudiono/Library/Developer/Xcode/DerivedData/docketmate-hlhlprtooijknuaiauxzxkoernqr/Build/Intermediates.noindex/docketmate.build/Debug/docketmate.build/DerivedSources/arm64 -Xcc -I/Users/bernhardbudiono/Library/Developer/Xcode/DerivedData/docketmate-hlhlprtooijknuaiauxzxkoernqr/Build/Intermediates.noindex/docketmate.build/Debug/docketmate.build/DerivedSources -Xcc -DDEBUG\=1 -emit-objc-header -emit-objc-header-path /Users/bernhardbudiono/Library/Developer/Xcode/DerivedData/docketmate-hlhlprtooijknuaiauxzxkoernqr/Build/Intermediates.noindex/docketmate.build/Debug/docketmate.build/Objects-normal/arm64/docketmate-Swift.h -working-directory /Users/bernhardbudiono/Library/CloudStorage/Dropbox/_Documents\ -\ Apps\ \(Working\)/repos_github/Working/repo_docketmate/_macOS/docketmate -experimental-emit-module-separately -disable-cmo

SwiftEmitModule normal arm64 Emitting\ module\ for\ docketmate (in target 'docketmate' from project 'docketmate')

SwiftCompile normal arm64 /Users/bernhardbudiono/Library/CloudStorage/Dropbox/_Documents\ -\ Apps\ (Working)/repos_github/Working/repo_docketmate/_macOS/docketmate/Sources/AppDelegate.swift (in target 'docketmate' from project 'docketmate')
    cd /Users/bernhardbudiono/Library/CloudStorage/Dropbox/_Documents\ -\ Apps\ \(Working\)/repos_github/Working/repo_docketmate/_macOS/docketmate
    

SwiftCompile normal arm64 Compiling\ AppDelegate.swift /Users/bernhardbudiono/Library/CloudStorage/Dropbox/_Documents\ -\ Apps\ (Working)/repos_github/Working/repo_docketmate/_macOS/docketmate/Sources/AppDelegate.swift (in target 'docketmate' from project 'docketmate')
SwiftCompile normal arm64 /Users/bernhardbudiono/Library/CloudStorage/Dropbox/_Documents\ -\ Apps\ (Working)/repos_github/Working/repo_docketmate/_macOS/docketmate/Sources/AppDelegate.swift (in target 'docketmate' from project 'docketmate')
    cd /Users/bernhardbudiono/Library/CloudStorage/Dropbox/_Documents\ -\ Apps\ \(Working\)/repos_github/Working/repo_docketmate/_macOS/docketmate
    

SwiftDriverJobDiscovery normal arm64 Emitting module for docketmate (in target 'docketmate' from project 'docketmate')

SwiftDriver\ Compilation\ Requirements docketmate normal arm64 com.apple.xcode.tools.swift.compiler (in target 'docketmate' from project 'docketmate')
    cd /Users/bernhardbudiono/Library/CloudStorage/Dropbox/_Documents\ -\ Apps\ \(Working\)/repos_github/Working/repo_docketmate/_macOS/docketmate
    builtin-Swift-Compilation-Requirements -- /Applications/Xcode.app/Contents/Developer/Toolchains/XcodeDefault.xctoolchain/usr/bin/swiftc -module-name docketmate -Onone -enforce-exclusivity\=checked @/Users/bernhardbudiono/Library/Developer/Xcode/DerivedData/docketmate-hlhlprtooijknuaiauxzxkoernqr/Build/Intermediates.noindex/docketmate.build/Debug/docketmate.build/Objects-normal/arm64/docketmate.SwiftFileList -DDEBUG -enable-bare-slash-regex -enable-experimental-feature DebugDescriptionMacro -sdk /Applications/Xcode.app/Contents/Developer/Platforms/MacOSX.platform/Developer/SDKs/MacOSX15.4.sdk -target arm64-apple-macos13.0 -g -module-cache-path /Users/bernhardbudiono/Library/Developer/Xcode/DerivedData/ModuleCache.noindex -Xfrontend -serialize-debugging-options -enable-testing -index-store-path /Users/bernhardbudiono/Library/Developer/Xcode/DerivedData/docketmate-hlhlprtooijknuaiauxzxkoernqr/Index.noindex/DataStore -swift-version 5 -I /Users/bernhardbudiono/Library/Developer/Xcode/DerivedData/docketmate-hlhlprtooijknuaiauxzxkoernqr/Build/Products/Debug -F /Users/bernhardbudiono/Library/Developer/Xcode/DerivedData/docketmate-hlhlprtooijknuaiauxzxkoernqr/Build/Products/Debug -parse-as-library -c -j16 -enable-batch-mode -incremental -Xcc -ivfsstatcache -Xcc /Users/bernhardbudiono/Library/Developer/Xcode/DerivedData/SDKStatCaches.noindex/macosx15.4-24E241-88b860576fb364319593bd8fb30666b0.sdkstatcache -output-file-map /Users/bernhardbudiono/Library/Developer/Xcode/DerivedData/docketmate-hlhlprtooijknuaiauxzxkoernqr/Build/Intermediates.noindex/docketmate.build/Debug/docketmate.build/Objects-normal/arm64/docketmate-OutputFileMap.json -use-frontend-parseable-output -save-temps -no-color-diagnostics -serialize-diagnostics -emit-dependencies -emit-module -emit-module-path /Users/bernhardbudiono/Library/Developer/Xcode/DerivedData/docketmate-hlhlprtooijknuaiauxzxkoernqr/Build/Intermediates.noindex/docketmate.build/Debug/docketmate.build/Objects-normal/arm64/docketmate.swiftmodule -validate-clang-modules-once -clang-build-session-file /Users/bernhardbudiono/Library/Developer/Xcode/DerivedData/ModuleCache.noindex/Session.modulevalidation -Xcc -I/Users/bernhardbudiono/Library/Developer/Xcode/DerivedData/docketmate-hlhlprtooijknuaiauxzxkoernqr/Build/Intermediates.noindex/docketmate.build/Debug/docketmate.build/swift-overrides.hmap -emit-const-values -Xfrontend -const-gather-protocols-file -Xfrontend /Users/bernhardbudiono/Library/Developer/Xcode/DerivedData/docketmate-hlhlprtooijknuaiauxzxkoernqr/Build/Intermediates.noindex/docketmate.build/Debug/docketmate.build/Objects-normal/arm64/docketmate_const_extract_protocols.json -Xcc -iquote -Xcc /Users/bernhardbudiono/Library/Developer/Xcode/DerivedData/docketmate-hlhlprtooijknuaiauxzxkoernqr/Build/Intermediates.noindex/docketmate.build/Debug/docketmate.build/docketmate-generated-files.hmap -Xcc -I/Users/bernhardbudiono/Library/Developer/Xcode/DerivedData/docketmate-hlhlprtooijknuaiauxzxkoernqr/Build/Intermediates.noindex/docketmate.build/Debug/docketmate.build/docketmate-own-target-headers.hmap -Xcc -I/Users/bernhardbudiono/Library/Developer/Xcode/DerivedData/docketmate-hlhlprtooijknuaiauxzxkoernqr/Build/Intermediates.noindex/docketmate.build/Debug/docketmate.build/docketmate-all-target-headers.hmap -Xcc -iquote -Xcc /Users/bernhardbudiono/Library/Developer/Xcode/DerivedData/docketmate-hlhlprtooijknuaiauxzxkoernqr/Build/Intermediates.noindex/docketmate.build/Debug/docketmate.build/docketmate-project-headers.hmap -Xcc -I/Users/bernhardbudiono/Library/Developer/Xcode/DerivedData/docketmate-hlhlprtooijknuaiauxzxkoernqr/Build/Products/Debug/include -Xcc -I/Users/bernhardbudiono/Library/Developer/Xcode/DerivedData/docketmate-hlhlprtooijknuaiauxzxkoernqr/Build/Intermediates.noindex/docketmate.build/Debug/docketmate.build/DerivedSources-normal/arm64 -Xcc -I/Users/bernhardbudiono/Library/Developer/Xcode/DerivedData/docketmate-hlhlprtooijknuaiauxzxkoernqr/Build/Intermediates.noindex/docketmate.build/Debug/docketmate.build/DerivedSources/arm64 -Xcc -I/Users/bernhardbudiono/Library/Developer/Xcode/DerivedData/docketmate-hlhlprtooijknuaiauxzxkoernqr/Build/Intermediates.noindex/docketmate.build/Debug/docketmate.build/DerivedSources -Xcc -DDEBUG\=1 -emit-objc-header -emit-objc-header-path /Users/bernhardbudiono/Library/Developer/Xcode/DerivedData/docketmate-hlhlprtooijknuaiauxzxkoernqr/Build/Intermediates.noindex/docketmate.build/Debug/docketmate.build/Objects-normal/arm64/docketmate-Swift.h -working-directory /Users/bernhardbudiono/Library/CloudStorage/Dropbox/_Documents\ -\ Apps\ \(Working\)/repos_github/Working/repo_docketmate/_macOS/docketmate -experimental-emit-module-separately -disable-cmo

SwiftMergeGeneratedHeaders /Users/bernhardbudiono/Library/Developer/Xcode/DerivedData/docketmate-hlhlprtooijknuaiauxzxkoernqr/Build/Intermediates.noindex/docketmate.build/Debug/docketmate.build/DerivedSources/docketmate-Swift.h /Users/bernhardbudiono/Library/Developer/Xcode/DerivedData/docketmate-hlhlprtooijknuaiauxzxkoernqr/Build/Intermediates.noindex/docketmate.build/Debug/docketmate.build/Objects-normal/arm64/docketmate-Swift.h (in target 'docketmate' from project 'docketmate')
    cd /Users/bernhardbudiono/Library/CloudStorage/Dropbox/_Documents\ -\ Apps\ \(Working\)/repos_github/Working/repo_docketmate/_macOS/docketmate
    builtin-swiftHeaderTool -arch arm64 /Users/bernhardbudiono/Library/Developer/Xcode/DerivedData/docketmate-hlhlprtooijknuaiauxzxkoernqr/Build/Intermediates.noindex/docketmate.build/Debug/docketmate.build/Objects-normal/arm64/docketmate-Swift.h -o /Users/bernhardbudiono/Library/Developer/Xcode/DerivedData/docketmate-hlhlprtooijknuaiauxzxkoernqr/Build/Intermediates.noindex/docketmate.build/Debug/docketmate.build/DerivedSources/docketmate-Swift.h

Copy /Users/bernhardbudiono/Library/Developer/Xcode/DerivedData/docketmate-hlhlprtooijknuaiauxzxkoernqr/Build/Products/Debug/docketmate.swiftmodule/arm64-apple-macos.abi.json /Users/bernhardbudiono/Library/Developer/Xcode/DerivedData/docketmate-hlhlprtooijknuaiauxzxkoernqr/Build/Intermediates.noindex/docketmate.build/Debug/docketmate.build/Objects-normal/arm64/docketmate.abi.json (in target 'docketmate' from project 'docketmate')
    cd /Users/bernhardbudiono/Library/CloudStorage/Dropbox/_Documents\ -\ Apps\ \(Working\)/repos_github/Working/repo_docketmate/_macOS/docketmate
    builtin-copy -exclude .DS_Store -exclude CVS -exclude .svn -exclude .git -exclude .hg -resolve-src-symlinks -rename /Users/bernhardbudiono/Library/Developer/Xcode/DerivedData/docketmate-hlhlprtooijknuaiauxzxkoernqr/Build/Intermediates.noindex/docketmate.build/Debug/docketmate.build/Objects-normal/arm64/docketmate.abi.json /Users/bernhardbudiono/Library/Developer/Xcode/DerivedData/docketmate-hlhlprtooijknuaiauxzxkoernqr/Build/Products/Debug/docketmate.swiftmodule/arm64-apple-macos.abi.json

Copy /Users/bernhardbudiono/Library/Developer/Xcode/DerivedData/docketmate-hlhlprtooijknuaiauxzxkoernqr/Build/Products/Debug/docketmate.swiftmodule/arm64-apple-macos.swiftmodule /Users/bernhardbudiono/Library/Developer/Xcode/DerivedData/docketmate-hlhlprtooijknuaiauxzxkoernqr/Build/Intermediates.noindex/docketmate.build/Debug/docketmate.build/Objects-normal/arm64/docketmate.swiftmodule (in target 'docketmate' from project 'docketmate')
    cd /Users/bernhardbudiono/Library/CloudStorage/Dropbox/_Documents\ -\ Apps\ \(Working\)/repos_github/Working/repo_docketmate/_macOS/docketmate
    builtin-copy -exclude .DS_Store -exclude CVS -exclude .svn -exclude .git -exclude .hg -resolve-src-symlinks -rename /Users/bernhardbudiono/Library/Developer/Xcode/DerivedData/docketmate-hlhlprtooijknuaiauxzxkoernqr/Build/Intermediates.noindex/docketmate.build/Debug/docketmate.build/Objects-normal/arm64/docketmate.swiftmodule /Users/bernhardbudiono/Library/Developer/Xcode/DerivedData/docketmate-hlhlprtooijknuaiauxzxkoernqr/Build/Products/Debug/docketmate.swiftmodule/arm64-apple-macos.swiftmodule

Copy /Users/bernhardbudiono/Library/Developer/Xcode/DerivedData/docketmate-hlhlprtooijknuaiauxzxkoernqr/Build/Products/Debug/docketmate.swiftmodule/arm64-apple-macos.swiftdoc /Users/bernhardbudiono/Library/Developer/Xcode/DerivedData/docketmate-hlhlprtooijknuaiauxzxkoernqr/Build/Intermediates.noindex/docketmate.build/Debug/docketmate.build/Objects-normal/arm64/docketmate.swiftdoc (in target 'docketmate' from project 'docketmate')
    cd /Users/bernhardbudiono/Library/CloudStorage/Dropbox/_Documents\ -\ Apps\ \(Working\)/repos_github/Working/repo_docketmate/_macOS/docketmate
    builtin-copy -exclude .DS_Store -exclude CVS -exclude .svn -exclude .git -exclude .hg -resolve-src-symlinks -rename /Users/bernhardbudiono/Library/Developer/Xcode/DerivedData/docketmate-hlhlprtooijknuaiauxzxkoernqr/Build/Intermediates.noindex/docketmate.build/Debug/docketmate.build/Objects-normal/arm64/docketmate.swiftdoc /Users/bernhardbudiono/Library/Developer/Xcode/DerivedData/docketmate-hlhlprtooijknuaiauxzxkoernqr/Build/Products/Debug/docketmate.swiftmodule/arm64-apple-macos.swiftdoc

Copy /Users/bernhardbudiono/Library/Developer/Xcode/DerivedData/docketmate-hlhlprtooijknuaiauxzxkoernqr/Build/Products/Debug/docketmate.swiftmodule/Project/arm64-apple-macos.swiftsourceinfo /Users/bernhardbudiono/Library/Developer/Xcode/DerivedData/docketmate-hlhlprtooijknuaiauxzxkoernqr/Build/Intermediates.noindex/docketmate.build/Debug/docketmate.build/Objects-normal/arm64/docketmate.swiftsourceinfo (in target 'docketmate' from project 'docketmate')
    cd /Users/bernhardbudiono/Library/CloudStorage/Dropbox/_Documents\ -\ Apps\ \(Working\)/repos_github/Working/repo_docketmate/_macOS/docketmate
    builtin-copy -exclude .DS_Store -exclude CVS -exclude .svn -exclude .git -exclude .hg -resolve-src-symlinks -rename /Users/bernhardbudiono/Library/Developer/Xcode/DerivedData/docketmate-hlhlprtooijknuaiauxzxkoernqr/Build/Intermediates.noindex/docketmate.build/Debug/docketmate.build/Objects-normal/arm64/docketmate.swiftsourceinfo /Users/bernhardbudiono/Library/Developer/Xcode/DerivedData/docketmate-hlhlprtooijknuaiauxzxkoernqr/Build/Products/Debug/docketmate.swiftmodule/Project/arm64-apple-macos.swiftsourceinfo

SwiftDriverJobDiscovery normal arm64 Compiling AppDelegate.swift (in target 'docketmate' from project 'docketmate')

SwiftDriver\ Compilation docketmate normal arm64 com.apple.xcode.tools.swift.compiler (in target 'docketmate' from project 'docketmate')
    cd /Users/bernhardbudiono/Library/CloudStorage/Dropbox/_Documents\ -\ Apps\ \(Working\)/repos_github/Working/repo_docketmate/_macOS/docketmate
    builtin-Swift-Compilation -- /Applications/Xcode.app/Contents/Developer/Toolchains/XcodeDefault.xctoolchain/usr/bin/swiftc -module-name docketmate -Onone -enforce-exclusivity\=checked @/Users/bernhardbudiono/Library/Developer/Xcode/DerivedData/docketmate-hlhlprtooijknuaiauxzxkoernqr/Build/Intermediates.noindex/docketmate.build/Debug/docketmate.build/Objects-normal/arm64/docketmate.SwiftFileList -DDEBUG -enable-bare-slash-regex -enable-experimental-feature DebugDescriptionMacro -sdk /Applications/Xcode.app/Contents/Developer/Platforms/MacOSX.platform/Developer/SDKs/MacOSX15.4.sdk -target arm64-apple-macos13.0 -g -module-cache-path /Users/bernhardbudiono/Library/Developer/Xcode/DerivedData/ModuleCache.noindex -Xfrontend -serialize-debugging-options -enable-testing -index-store-path /Users/bernhardbudiono/Library/Developer/Xcode/DerivedData/docketmate-hlhlprtooijknuaiauxzxkoernqr/Index.noindex/DataStore -swift-version 5 -I /Users/bernhardbudiono/Library/Developer/Xcode/DerivedData/docketmate-hlhlprtooijknuaiauxzxkoernqr/Build/Products/Debug -F /Users/bernhardbudiono/Library/Developer/Xcode/DerivedData/docketmate-hlhlprtooijknuaiauxzxkoernqr/Build/Products/Debug -parse-as-library -c -j16 -enable-batch-mode -incremental -Xcc -ivfsstatcache -Xcc /Users/bernhardbudiono/Library/Developer/Xcode/DerivedData/SDKStatCaches.noindex/macosx15.4-24E241-88b860576fb364319593bd8fb30666b0.sdkstatcache -output-file-map /Users/bernhardbudiono/Library/Developer/Xcode/DerivedData/docketmate-hlhlprtooijknuaiauxzxkoernqr/Build/Intermediates.noindex/docketmate.build/Debug/docketmate.build/Objects-normal/arm64/docketmate-OutputFileMap.json -use-frontend-parseable-output -save-temps -no-color-diagnostics -serialize-diagnostics -emit-dependencies -emit-module -emit-module-path /Users/bernhardbudiono/Library/Developer/Xcode/DerivedData/docketmate-hlhlprtooijknuaiauxzxkoernqr/Build/Intermediates.noindex/docketmate.build/Debug/docketmate.build/Objects-normal/arm64/docketmate.swiftmodule -validate-clang-modules-once -clang-build-session-file /Users/bernhardbudiono/Library/Developer/Xcode/DerivedData/ModuleCache.noindex/Session.modulevalidation -Xcc -I/Users/bernhardbudiono/Library/Developer/Xcode/DerivedData/docketmate-hlhlprtooijknuaiauxzxkoernqr/Build/Intermediates.noindex/docketmate.build/Debug/docketmate.build/swift-overrides.hmap -emit-const-values -Xfrontend -const-gather-protocols-file -Xfrontend /Users/bernhardbudiono/Library/Developer/Xcode/DerivedData/docketmate-hlhlprtooijknuaiauxzxkoernqr/Build/Intermediates.noindex/docketmate.build/Debug/docketmate.build/Objects-normal/arm64/docketmate_const_extract_protocols.json -Xcc -iquote -Xcc /Users/bernhardbudiono/Library/Developer/Xcode/DerivedData/docketmate-hlhlprtooijknuaiauxzxkoernqr/Build/Intermediates.noindex/docketmate.build/Debug/docketmate.build/docketmate-generated-files.hmap -Xcc -I/Users/bernhardbudiono/Library/Developer/Xcode/DerivedData/docketmate-hlhlprtooijknuaiauxzxkoernqr/Build/Intermediates.noindex/docketmate.build/Debug/docketmate.build/docketmate-own-target-headers.hmap -Xcc -I/Users/bernhardbudiono/Library/Developer/Xcode/DerivedData/docketmate-hlhlprtooijknuaiauxzxkoernqr/Build/Intermediates.noindex/docketmate.build/Debug/docketmate.build/docketmate-all-target-headers.hmap -Xcc -iquote -Xcc /Users/bernhardbudiono/Library/Developer/Xcode/DerivedData/docketmate-hlhlprtooijknuaiauxzxkoernqr/Build/Intermediates.noindex/docketmate.build/Debug/docketmate.build/docketmate-project-headers.hmap -Xcc -I/Users/bernhardbudiono/Library/Developer/Xcode/DerivedData/docketmate-hlhlprtooijknuaiauxzxkoernqr/Build/Products/Debug/include -Xcc -I/Users/bernhardbudiono/Library/Developer/Xcode/DerivedData/docketmate-hlhlprtooijknuaiauxzxkoernqr/Build/Intermediates.noindex/docketmate.build/Debug/docketmate.build/DerivedSources-normal/arm64 -Xcc -I/Users/bernhardbudiono/Library/Developer/Xcode/DerivedData/docketmate-hlhlprtooijknuaiauxzxkoernqr/Build/Intermediates.noindex/docketmate.build/Debug/docketmate.build/DerivedSources/arm64 -Xcc -I/Users/bernhardbudiono/Library/Developer/Xcode/DerivedData/docketmate-hlhlprtooijknuaiauxzxkoernqr/Build/Intermediates.noindex/docketmate.build/Debug/docketmate.build/DerivedSources -Xcc -DDEBUG\=1 -emit-objc-header -emit-objc-header-path /Users/bernhardbudiono/Library/Developer/Xcode/DerivedData/docketmate-hlhlprtooijknuaiauxzxkoernqr/Build/Intermediates.noindex/docketmate.build/Debug/docketmate.build/Objects-normal/arm64/docketmate-Swift.h -working-directory /Users/bernhardbudiono/Library/CloudStorage/Dropbox/_Documents\ -\ Apps\ \(Working\)/repos_github/Working/repo_docketmate/_macOS/docketmate -experimental-emit-module-separately -disable-cmo

Ld /Users/bernhardbudiono/Library/Developer/Xcode/DerivedData/docketmate-hlhlprtooijknuaiauxzxkoernqr/Build/Products/Debug/docketmate.app/Contents/MacOS/docketmate.debug.dylib normal (in target 'docketmate' from project 'docketmate')
    cd /Users/bernhardbudiono/Library/CloudStorage/Dropbox/_Documents\ -\ Apps\ \(Working\)/repos_github/Working/repo_docketmate/_macOS/docketmate
    /Applications/Xcode.app/Contents/Developer/Toolchains/XcodeDefault.xctoolchain/usr/bin/clang -Xlinker -reproducible -target arm64-apple-macos13.0 -dynamiclib -isysroot /Applications/Xcode.app/Contents/Developer/Platforms/MacOSX.platform/Developer/SDKs/MacOSX15.4.sdk -O0 -L/Users/bernhardbudiono/Library/Developer/Xcode/DerivedData/docketmate-hlhlprtooijknuaiauxzxkoernqr/Build/Intermediates.noindex/EagerLinkingTBDs/Debug -L/Users/bernhardbudiono/Library/Developer/Xcode/DerivedData/docketmate-hlhlprtooijknuaiauxzxkoernqr/Build/Products/Debug -F/Users/bernhardbudiono/Library/Developer/Xcode/DerivedData/docketmate-hlhlprtooijknuaiauxzxkoernqr/Build/Intermediates.noindex/EagerLinkingTBDs/Debug -F/Users/bernhardbudiono/Library/Developer/Xcode/DerivedData/docketmate-hlhlprtooijknuaiauxzxkoernqr/Build/Products/Debug -filelist /Users/bernhardbudiono/Library/Developer/Xcode/DerivedData/docketmate-hlhlprtooijknuaiauxzxkoernqr/Build/Intermediates.noindex/docketmate.build/Debug/docketmate.build/Objects-normal/arm64/docketmate.LinkFileList -install_name @rpath/docketmate.debug.dylib -Xlinker -rpath -Xlinker @executable_path/../Frameworks -Xlinker -object_path_lto -Xlinker /Users/bernhardbudiono/Library/Developer/Xcode/DerivedData/docketmate-hlhlprtooijknuaiauxzxkoernqr/Build/Intermediates.noindex/docketmate.build/Debug/docketmate.build/Objects-normal/arm64/docketmate_lto.o -rdynamic -Xlinker -no_deduplicate -Xlinker -dependency_info -Xlinker /Users/bernhardbudiono/Library/Developer/Xcode/DerivedData/docketmate-hlhlprtooijknuaiauxzxkoernqr/Build/Intermediates.noindex/docketmate.build/Debug/docketmate.build/Objects-normal/arm64/docketmate_dependency_info.dat -fobjc-link-runtime -L/Applications/Xcode.app/Contents/Developer/Toolchains/XcodeDefault.xctoolchain/usr/lib/swift/macosx -L/usr/lib/swift -Xlinker -add_ast_path -Xlinker /Users/bernhardbudiono/Library/Developer/Xcode/DerivedData/docketmate-hlhlprtooijknuaiauxzxkoernqr/Build/Intermediates.noindex/docketmate.build/Debug/docketmate.build/Objects-normal/arm64/docketmate.swiftmodule -Xlinker -alias -Xlinker _main -Xlinker ___debug_main_executable_dylib_entry_point -framework Cocoa -Xlinker -no_adhoc_codesign -o /Users/bernhardbudiono/Library/Developer/Xcode/DerivedData/docketmate-hlhlprtooijknuaiauxzxkoernqr/Build/Products/Debug/docketmate.app/Contents/MacOS/docketmate.debug.dylib

ConstructStubExecutorLinkFileList /Users/bernhardbudiono/Library/Developer/Xcode/DerivedData/docketmate-hlhlprtooijknuaiauxzxkoernqr/Build/Intermediates.noindex/docketmate.build/Debug/docketmate.build/docketmate-ExecutorLinkFileList-normal-arm64.txt (in target 'docketmate' from project 'docketmate')
    cd /Users/bernhardbudiono/Library/CloudStorage/Dropbox/_Documents\ -\ Apps\ \(Working\)/repos_github/Working/repo_docketmate/_macOS/docketmate
    construct-stub-executor-link-file-list /Users/bernhardbudiono/Library/Developer/Xcode/DerivedData/docketmate-hlhlprtooijknuaiauxzxkoernqr/Build/Products/Debug/docketmate.app/Contents/MacOS/docketmate.debug.dylib /Applications/Xcode.app/Contents/Developer/Platforms/MacOSX.platform/Developer/usr/lib/libPreviewsJITStubExecutor_no_swift_entry_point.a /Applications/Xcode.app/Contents/Developer/Platforms/MacOSX.platform/Developer/usr/lib/libPreviewsJITStubExecutor.a --output /Users/bernhardbudiono/Library/Developer/Xcode/DerivedData/docketmate-hlhlprtooijknuaiauxzxkoernqr/Build/Intermediates.noindex/docketmate.build/Debug/docketmate.build/docketmate-ExecutorLinkFileList-normal-arm64.txt
note: Using stub executor library with Swift entry point. (in target 'docketmate' from project 'docketmate')

Ld /Users/bernhardbudiono/Library/Developer/Xcode/DerivedData/docketmate-hlhlprtooijknuaiauxzxkoernqr/Build/Products/Debug/docketmate.app/Contents/MacOS/docketmate normal (in target 'docketmate' from project 'docketmate')
    cd /Users/bernhardbudiono/Library/CloudStorage/Dropbox/_Documents\ -\ Apps\ \(Working\)/repos_github/Working/repo_docketmate/_macOS/docketmate
    /Applications/Xcode.app/Contents/Developer/Toolchains/XcodeDefault.xctoolchain/usr/bin/clang -Xlinker -reproducible -target arm64-apple-macos13.0 -isysroot /Applications/Xcode.app/Contents/Developer/Platforms/MacOSX.platform/Developer/SDKs/MacOSX15.4.sdk -O0 -L/Users/bernhardbudiono/Library/Developer/Xcode/DerivedData/docketmate-hlhlprtooijknuaiauxzxkoernqr/Build/Products/Debug -F/Users/bernhardbudiono/Library/Developer/Xcode/DerivedData/docketmate-hlhlprtooijknuaiauxzxkoernqr/Build/Products/Debug -Xlinker -rpath -Xlinker @executable_path -Xlinker -rpath -Xlinker @executable_path/../Frameworks -rdynamic -Xlinker -no_deduplicate -e ___debug_blank_executor_main -Xlinker -sectcreate -Xlinker __TEXT -Xlinker __debug_dylib -Xlinker /Users/bernhardbudiono/Library/Developer/Xcode/DerivedData/docketmate-hlhlprtooijknuaiauxzxkoernqr/Build/Intermediates.noindex/docketmate.build/Debug/docketmate.build/docketmate-DebugDylibPath-normal-arm64.txt -Xlinker -sectcreate -Xlinker __TEXT -Xlinker __debug_instlnm -Xlinker /Users/bernhardbudiono/Library/Developer/Xcode/DerivedData/docketmate-hlhlprtooijknuaiauxzxkoernqr/Build/Intermediates.noindex/docketmate.build/Debug/docketmate.build/docketmate-DebugDylibInstallName-normal-arm64.txt -Xlinker -filelist -Xlinker /Users/bernhardbudiono/Library/Developer/Xcode/DerivedData/docketmate-hlhlprtooijknuaiauxzxkoernqr/Build/Intermediates.noindex/docketmate.build/Debug/docketmate.build/docketmate-ExecutorLinkFileList-normal-arm64.txt /Users/bernhardbudiono/Library/Developer/Xcode/DerivedData/docketmate-hlhlprtooijknuaiauxzxkoernqr/Build/Products/Debug/docketmate.app/Contents/MacOS/docketmate.debug.dylib -Xlinker -no_adhoc_codesign -o /Users/bernhardbudiono/Library/Developer/Xcode/DerivedData/docketmate-hlhlprtooijknuaiauxzxkoernqr/Build/Products/Debug/docketmate.app/Contents/MacOS/docketmate

CopySwiftLibs /Users/bernhardbudiono/Library/Developer/Xcode/DerivedData/docketmate-hlhlprtooijknuaiauxzxkoernqr/Build/Products/Debug/docketmate.app (in target 'docketmate' from project 'docketmate')
    cd /Users/bernhardbudiono/Library/CloudStorage/Dropbox/_Documents\ -\ Apps\ \(Working\)/repos_github/Working/repo_docketmate/_macOS/docketmate
    builtin-swiftStdLibTool --copy --verbose --sign - --scan-executable /Users/bernhardbudiono/Library/Developer/Xcode/DerivedData/docketmate-hlhlprtooijknuaiauxzxkoernqr/Build/Products/Debug/docketmate.app/Contents/MacOS/docketmate.debug.dylib --scan-folder /Users/bernhardbudiono/Library/Developer/Xcode/DerivedData/docketmate-hlhlprtooijknuaiauxzxkoernqr/Build/Products/Debug/docketmate.app/Contents/Frameworks --scan-folder /Users/bernhardbudiono/Library/Developer/Xcode/DerivedData/docketmate-hlhlprtooijknuaiauxzxkoernqr/Build/Products/Debug/docketmate.app/Contents/PlugIns --scan-folder /Users/bernhardbudiono/Library/Developer/Xcode/DerivedData/docketmate-hlhlprtooijknuaiauxzxkoernqr/Build/Products/Debug/docketmate.app/Contents/Library/SystemExtensions --scan-folder /Users/bernhardbudiono/Library/Developer/Xcode/DerivedData/docketmate-hlhlprtooijknuaiauxzxkoernqr/Build/Products/Debug/docketmate.app/Contents/Extensions --scan-folder /Applications/Xcode.app/Contents/Developer/Platforms/MacOSX.platform/Developer/SDKs/MacOSX15.0.sdk/System/Library/Frameworks/Cocoa.framework --platform macosx --toolchain /Applications/Xcode.app/Contents/Developer/Toolchains/XcodeDefault.xctoolchain --destination /Users/bernhardbudiono/Library/Developer/Xcode/DerivedData/docketmate-hlhlprtooijknuaiauxzxkoernqr/Build/Products/Debug/docketmate.app/Contents/Frameworks --strip-bitcode --strip-bitcode-tool /Applications/Xcode.app/Contents/Developer/Toolchains/XcodeDefault.xctoolchain/usr/bin/bitcode_strip --emit-dependency-info /Users/bernhardbudiono/Library/Developer/Xcode/DerivedData/docketmate-hlhlprtooijknuaiauxzxkoernqr/Build/Intermediates.noindex/docketmate.build/Debug/docketmate.build/SwiftStdLibToolInputDependencies.dep --filter-for-swift-os

ExtractAppIntentsMetadata (in target 'docketmate' from project 'docketmate')
    cd /Users/bernhardbudiono/Library/CloudStorage/Dropbox/_Documents\ -\ Apps\ \(Working\)/repos_github/Working/repo_docketmate/_macOS/docketmate
    /Applications/Xcode.app/Contents/Developer/Toolchains/XcodeDefault.xctoolchain/usr/bin/appintentsmetadataprocessor --toolchain-dir /Applications/Xcode.app/Contents/Developer/Toolchains/XcodeDefault.xctoolchain --module-name docketmate --sdk-root /Applications/Xcode.app/Contents/Developer/Platforms/MacOSX.platform/Developer/SDKs/MacOSX15.4.sdk --xcode-version 16E140 --platform-family macOS --deployment-target 13.0 --bundle-identifier com.docketmate.production --output /Users/bernhardbudiono/Library/Developer/Xcode/DerivedData/docketmate-hlhlprtooijknuaiauxzxkoernqr/Build/Products/Debug/docketmate.app/Contents/Resources --target-triple arm64-apple-macos13.0 --binary-file /Users/bernhardbudiono/Library/Developer/Xcode/DerivedData/docketmate-hlhlprtooijknuaiauxzxkoernqr/Build/Products/Debug/docketmate.app/Contents/MacOS/docketmate --dependency-file /Users/bernhardbudiono/Library/Developer/Xcode/DerivedData/docketmate-hlhlprtooijknuaiauxzxkoernqr/Build/Intermediates.noindex/docketmate.build/Debug/docketmate.build/Objects-normal/arm64/docketmate_dependency_info.dat --stringsdata-file /Users/bernhardbudiono/Library/Developer/Xcode/DerivedData/docketmate-hlhlprtooijknuaiauxzxkoernqr/Build/Intermediates.noindex/docketmate.build/Debug/docketmate.build/Objects-normal/arm64/ExtractedAppShortcutsMetadata.stringsdata --source-file-list /Users/bernhardbudiono/Library/Developer/Xcode/DerivedData/docketmate-hlhlprtooijknuaiauxzxkoernqr/Build/Intermediates.noindex/docketmate.build/Debug/docketmate.build/Objects-normal/arm64/docketmate.SwiftFileList --metadata-file-list /Users/bernhardbudiono/Library/Developer/Xcode/DerivedData/docketmate-hlhlprtooijknuaiauxzxkoernqr/Build/Intermediates.noindex/docketmate.build/Debug/docketmate.build/docketmate.DependencyMetadataFileList --static-metadata-file-list /Users/bernhardbudiono/Library/Developer/Xcode/DerivedData/docketmate-hlhlprtooijknuaiauxzxkoernqr/Build/Intermediates.noindex/docketmate.build/Debug/docketmate.build/docketmate.DependencyStaticMetadataFileList --swift-const-vals-list /Users/bernhardbudiono/Library/Developer/Xcode/DerivedData/docketmate-hlhlprtooijknuaiauxzxkoernqr/Build/Intermediates.noindex/docketmate.build/Debug/docketmate.build/Objects-normal/arm64/docketmate.SwiftConstValuesFileList --compile-time-extraction --deployment-aware-processing --validate-assistant-intents --no-app-shortcuts-localization
2025-05-20 09:59:12.938 appintentsmetadataprocessor[93626:10537613] Starting appintentsmetadataprocessor export
2025-05-20 09:59:12.940 appintentsmetadataprocessor[93626:10537613] warning: Metadata extraction skipped. No AppIntents.framework dependency found.

CodeSign /Users/bernhardbudiono/Library/Developer/Xcode/DerivedData/docketmate-hlhlprtooijknuaiauxzxkoernqr/Build/Products/Debug/docketmate.app/Contents/MacOS/docketmate.debug.dylib (in target 'docketmate' from project 'docketmate')
    cd /Users/bernhardbudiono/Library/CloudStorage/Dropbox/_Documents\ -\ Apps\ \(Working\)/repos_github/Working/repo_docketmate/_macOS/docketmate
    
    Signing Identity:     "Sign to Run Locally"
    
    /usr/bin/codesign --force --sign - --timestamp\=none --generate-entitlement-der /Users/bernhardbudiono/Library/Developer/Xcode/DerivedData/docketmate-hlhlprtooijknuaiauxzxkoernqr/Build/Products/Debug/docketmate.app/Contents/MacOS/docketmate.debug.dylib

CodeSign /Users/bernhardbudiono/Library/Developer/Xcode/DerivedData/docketmate-hlhlprtooijknuaiauxzxkoernqr/Build/Products/Debug/docketmate.app/Contents/MacOS/__preview.dylib (in target 'docketmate' from project 'docketmate')
    cd /Users/bernhardbudiono/Library/CloudStorage/Dropbox/_Documents\ -\ Apps\ \(Working\)/repos_github/Working/repo_docketmate/_macOS/docketmate
    
    Signing Identity:     "Sign to Run Locally"
    
    /usr/bin/codesign --force --sign - --timestamp\=none --generate-entitlement-der /Users/bernhardbudiono/Library/Developer/Xcode/DerivedData/docketmate-hlhlprtooijknuaiauxzxkoernqr/Build/Products/Debug/docketmate.app/Contents/MacOS/__preview.dylib

CodeSign /Users/bernhardbudiono/Library/Developer/Xcode/DerivedData/docketmate-hlhlprtooijknuaiauxzxkoernqr/Build/Products/Debug/docketmate.app (in target 'docketmate' from project 'docketmate')
    cd /Users/bernhardbudiono/Library/CloudStorage/Dropbox/_Documents\ -\ Apps\ \(Working\)/repos_github/Working/repo_docketmate/_macOS/docketmate
    
    Signing Identity:     "Sign to Run Locally"
    
    /usr/bin/codesign --force --sign - --entitlements /Users/bernhardbudiono/Library/Developer/Xcode/DerivedData/docketmate-hlhlprtooijknuaiauxzxkoernqr/Build/Intermediates.noindex/docketmate.build/Debug/docketmate.build/docketmate.app.xcent --timestamp\=none --generate-entitlement-der /Users/bernhardbudiono/Library/Developer/Xcode/DerivedData/docketmate-hlhlprtooijknuaiauxzxkoernqr/Build/Products/Debug/docketmate.app

RegisterExecutionPolicyException /Users/bernhardbudiono/Library/Developer/Xcode/DerivedData/docketmate-hlhlprtooijknuaiauxzxkoernqr/Build/Products/Debug/docketmate.app (in target 'docketmate' from project 'docketmate')
    cd /Users/bernhardbudiono/Library/CloudStorage/Dropbox/_Documents\ -\ Apps\ \(Working\)/repos_github/Working/repo_docketmate/_macOS/docketmate
    builtin-RegisterExecutionPolicyException /Users/bernhardbudiono/Library/Developer/Xcode/DerivedData/docketmate-hlhlprtooijknuaiauxzxkoernqr/Build/Products/Debug/docketmate.app

Validate /Users/bernhardbudiono/Library/Developer/Xcode/DerivedData/docketmate-hlhlprtooijknuaiauxzxkoernqr/Build/Products/Debug/docketmate.app (in target 'docketmate' from project 'docketmate')
    cd /Users/bernhardbudiono/Library/CloudStorage/Dropbox/_Documents\ -\ Apps\ \(Working\)/repos_github/Working/repo_docketmate/_macOS/docketmate
    builtin-validationUtility /Users/bernhardbudiono/Library/Developer/Xcode/DerivedData/docketmate-hlhlprtooijknuaiauxzxkoernqr/Build/Products/Debug/docketmate.app -no-validate-extension -infoplist-subpath Contents/Info.plist

RegisterWithLaunchServices /Users/bernhardbudiono/Library/Developer/Xcode/DerivedData/docketmate-hlhlprtooijknuaiauxzxkoernqr/Build/Products/Debug/docketmate.app (in target 'docketmate' from project 'docketmate')
    cd /Users/bernhardbudiono/Library/CloudStorage/Dropbox/_Documents\ -\ Apps\ \(Working\)/repos_github/Working/repo_docketmate/_macOS/docketmate
    /System/Library/Frameworks/CoreServices.framework/Versions/Current/Frameworks/LaunchServices.framework/Versions/Current/Support/lsregister -f -R -trusted /Users/bernhardbudiono/Library/Developer/Xcode/DerivedData/docketmate-hlhlprtooijknuaiauxzxkoernqr/Build/Products/Debug/docketmate.app

Touch /Users/bernhardbudiono/Library/Developer/Xcode/DerivedData/docketmate-hlhlprtooijknuaiauxzxkoernqr/Build/Products/Debug/docketmate.app (in target 'docketmate' from project 'docketmate')
    cd /Users/bernhardbudiono/Library/CloudStorage/Dropbox/_Documents\ -\ Apps\ \(Working\)/repos_github/Working/repo_docketmate/_macOS/docketmate
    /usr/bin/touch -c /Users/bernhardbudiono/Library/Developer/Xcode/DerivedData/docketmate-hlhlprtooijknuaiauxzxkoernqr/Build/Products/Debug/docketmate.app

note: Disabling hardened runtime with ad-hoc codesigning. (in target 'docketmate' from project 'docketmate')
** BUILD SUCCEEDED **

[2025-05-20T09:59:13] Build completed.
[2025-05-20T09:59:13] SwiftUI app creation and build verification complete for production.
