=== create_buildable_swiftui_app Log (20250520_061420) ===
Script: create_buildable_swiftui_app
Timestamp: Tue May 20 06:14:20 AEST 2025
Project Root: /Users/bernhardbudiono/Library/CloudStorage/Dropbox/_Documents - Apps (Working)/repos_github/Working/repo_docketmate
[06:14:20] [INIT] Logging initialized for create_buildable_swiftui_app
[0;32m[INFO][0m Starting script: Create Buildable SwiftUI App
[06:14:20] [INFO] Starting script: Create Buildable SwiftUI App
[0;32m[INFO][0m -------------------------------------------------
[06:14:20] [INFO] -------------------------------------------------
[0;32m[INFO][0m Project Root: /Users/bernhardbudiono/Library/CloudStorage/Dropbox/_Documents - Apps (Working)/repos_github/Working/repo_docketmate
[06:14:20] [INFO] Project Root: /Users/bernhardbudiono/Library/CloudStorage/Dropbox/_Documents - Apps (Working)/repos_github/Working/repo_docketmate
[0;32m[INFO][0m Script Dir: /Users/bernhardbudiono/Library/CloudStorage/Dropbox/_Documents - Apps (Working)/repos_github/Working/repo_docketmate/scripts
[06:14:20] [INFO] Script Dir: /Users/bernhardbudiono/Library/CloudStorage/Dropbox/_Documents - Apps (Working)/repos_github/Working/repo_docketmate/scripts
[0;32m[INFO][0m Effective Project Name: DocketMate-Sandbox
[06:14:20] [INFO] Effective Project Name: DocketMate-Sandbox
[0;32m[INFO][0m Targeting as: SANDBOX
[06:14:20] [INFO] Targeting as: SANDBOX
[0;32m[INFO][0m Platform: macOS
[06:14:20] [INFO] Platform: macOS
[0;32m[INFO][0m Org ID: com.example
[06:14:20] [INFO] Org ID: com.example
[0;32m[INFO][0m Preserve Sources: true
[06:14:20] [INFO] Preserve Sources: true
[0;32m[INFO][0m Skip XcodeGen: true
[06:14:20] [INFO] Skip XcodeGen: true
[0;32m[INFO][0m XcodeGen Path: xcodegen
[06:14:20] [INFO] XcodeGen Path: xcodegen
[0;32m[INFO][0m -------------------------------------------------
[06:14:20] [INFO] -------------------------------------------------
[0;32m[INFO][0m Platform Directory: /Users/bernhardbudiono/Library/CloudStorage/Dropbox/_Documents - Apps (Working)/repos_github/Working/repo_docketmate/_macOS
[06:14:20] [INFO] Platform Directory: /Users/bernhardbudiono/Library/CloudStorage/Dropbox/_Documents - Apps (Working)/repos_github/Working/repo_docketmate/_macOS
[0;32m[INFO][0m Project Directory: /Users/bernhardbudiono/Library/CloudStorage/Dropbox/_Documents - Apps (Working)/repos_github/Working/repo_docketmate/_macOS/DocketMate-Sandbox
[06:14:20] [INFO] Project Directory: /Users/bernhardbudiono/Library/CloudStorage/Dropbox/_Documents - Apps (Working)/repos_github/Working/repo_docketmate/_macOS/DocketMate-Sandbox
[0;32m[INFO][0m Platform directory already exists: /Users/bernhardbudiono/Library/CloudStorage/Dropbox/_Documents - Apps (Working)/repos_github/Working/repo_docketmate/_macOS
[06:14:20] [INFO] Platform directory already exists: /Users/bernhardbudiono/Library/CloudStorage/Dropbox/_Documents - Apps (Working)/repos_github/Working/repo_docketmate/_macOS
[0;32m[INFO][0m Created project directory: /Users/bernhardbudiono/Library/CloudStorage/Dropbox/_Documents - Apps (Working)/repos_github/Working/repo_docketmate/_macOS/DocketMate-Sandbox
[06:14:20] [INFO] Created project directory: /Users/bernhardbudiono/Library/CloudStorage/Dropbox/_Documents - Apps (Working)/repos_github/Working/repo_docketmate/_macOS/DocketMate-Sandbox
[0;32m[INFO][0m Ensured directory structure for DocketMate-Sandbox
[06:14:20] [INFO] Ensured directory structure for DocketMate-Sandbox
scripts/create_buildable_swiftui_app.sh: line 203: DEVELOPMENT_LANGUAGE: command not found
scripts/create_buildable_swiftui_app.sh: line 203: EXECUTABLE_NAME: command not found
scripts/create_buildable_swiftui_app.sh: line 203: PRODUCT_BUNDLE_IDENTIFIER: command not found
scripts/create_buildable_swiftui_app.sh: line 203: PRODUCT_NAME: command not found
scripts/create_buildable_swiftui_app.sh: line 203: PRODUCT_BUNDLE_PACKAGE_TYPE: command not found
scripts/create_buildable_swiftui_app.sh: line 203: MACOSX_DEPLOYMENT_TARGET: command not found
scripts/create_buildable_swiftui_app.sh: line 203: PLIST: command not found
