[2025-05-20T13:23:04] Starting buildable SwiftUI app creation for production at /Users/bernhardbudiono/Library/CloudStorage/Dropbox/_Documents - Apps (Working)/repos_github/Working/repo_docketmate/_macOS/DocketMate
[2025-05-20T13:23:05] [TECHNICAL DEBT] Expected scheme 'docketmate' not found. Available schemes: DocketMate.
[2025-05-20T13:23:05] [TECHNICAL DEBT] Using fallback scheme: DocketMate. Please review xcodegen config for naming consistency.
[2025-05-20T13:23:05] Building app with xcodebuild (scheme: DocketMate)...
Command line invocation:
    /Applications/Xcode.app/Contents/Developer/usr/bin/xcodebuild -project "/Users/bernhardbudiono/Library/CloudStorage/Dropbox/_Documents - Apps (Working)/repos_github/Working/repo_docketmate/_macOS/DocketMate/DocketMate.xcodeproj" -scheme DocketMate -configuration Debug clean build

ComputePackagePrebuildTargetDependencyGraph

CreateBuildRequest

SendProjectDescription

CreateBuildOperation

** CLEAN SUCCEEDED **

ComputePackagePrebuildTargetDependencyGraph

Prepare packages

CreateBuildRequest

SendProjectDescription

CreateBuildOperation

ComputeTargetDependencyGraph
note: Building targets in dependency order
note: Target dependency graph (1 target)
    Target 'DocketMate' in project 'DocketMate' (no dependencies)

GatherProvisioningInputs

CreateBuildDescription

ExecuteExternalTool /Applications/Xcode.app/Contents/Developer/Toolchains/XcodeDefault.xctoolchain/usr/bin/clang -v -E -dM -isysroot /Applications/Xcode.app/Contents/Developer/Platforms/MacOSX.platform/Developer/SDKs/MacOSX15.4.sdk -x c -c /dev/null

ExecuteExternalTool /Applications/Xcode.app/Contents/Developer/Toolchains/XcodeDefault.xctoolchain/usr/bin/swiftc --version

ExecuteExternalTool /Applications/Xcode.app/Contents/Developer/Toolchains/XcodeDefault.xctoolchain/usr/bin/ld -version_details

Build description signature: 0b7ea4ddede29ec2cd7cffa38c10696a
Build description path: /Users/bernhardbudiono/Library/Developer/Xcode/DerivedData/DocketMate-byvgusblcyxnychfhbzkzpzflrgz/Build/Intermediates.noindex/XCBuildData/0b7ea4ddede29ec2cd7cffa38c10696a.xcbuilddata
ClangStatCache /Applications/Xcode.app/Contents/Developer/Toolchains/XcodeDefault.xctoolchain/usr/bin/clang-stat-cache /Applications/Xcode.app/Contents/Developer/Platforms/MacOSX.platform/Developer/SDKs/MacOSX15.4.sdk /Users/bernhardbudiono/Library/Developer/Xcode/DerivedData/SDKStatCaches.noindex/macosx15.4-24E241-88b860576fb364319593bd8fb30666b0.sdkstatcache
    cd /Users/bernhardbudiono/Library/CloudStorage/Dropbox/_Documents\ -\ Apps\ \(Working\)/repos_github/Working/repo_docketmate/_macOS/DocketMate/DocketMate.xcodeproj
    /Applications/Xcode.app/Contents/Developer/Toolchains/XcodeDefault.xctoolchain/usr/bin/clang-stat-cache /Applications/Xcode.app/Contents/Developer/Platforms/MacOSX.platform/Developer/SDKs/MacOSX15.4.sdk -o /Users/bernhardbudiono/Library/Developer/Xcode/DerivedData/SDKStatCaches.noindex/macosx15.4-24E241-88b860576fb364319593bd8fb30666b0.sdkstatcache

CreateBuildDirectory /Users/bernhardbudiono/Library/Developer/Xcode/DerivedData/DocketMate-byvgusblcyxnychfhbzkzpzflrgz/Build/Products
    cd /Users/bernhardbudiono/Library/CloudStorage/Dropbox/_Documents\ -\ Apps\ \(Working\)/repos_github/Working/repo_docketmate/_macOS/DocketMate/DocketMate.xcodeproj
    builtin-create-build-directory /Users/bernhardbudiono/Library/Developer/Xcode/DerivedData/DocketMate-byvgusblcyxnychfhbzkzpzflrgz/Build/Products

CreateBuildDirectory /Users/bernhardbudiono/Library/Developer/Xcode/DerivedData/DocketMate-byvgusblcyxnychfhbzkzpzflrgz/Build/Intermediates.noindex
    cd /Users/bernhardbudiono/Library/CloudStorage/Dropbox/_Documents\ -\ Apps\ \(Working\)/repos_github/Working/repo_docketmate/_macOS/DocketMate/DocketMate.xcodeproj
    builtin-create-build-directory /Users/bernhardbudiono/Library/Developer/Xcode/DerivedData/DocketMate-byvgusblcyxnychfhbzkzpzflrgz/Build/Intermediates.noindex

CreateBuildDirectory /Users/bernhardbudiono/Library/Developer/Xcode/DerivedData/DocketMate-byvgusblcyxnychfhbzkzpzflrgz/Build/Products/Debug
    cd /Users/bernhardbudiono/Library/CloudStorage/Dropbox/_Documents\ -\ Apps\ \(Working\)/repos_github/Working/repo_docketmate/_macOS/DocketMate/DocketMate.xcodeproj
    builtin-create-build-directory /Users/bernhardbudiono/Library/Developer/Xcode/DerivedData/DocketMate-byvgusblcyxnychfhbzkzpzflrgz/Build/Products/Debug

CreateBuildDirectory /Users/bernhardbudiono/Library/Developer/Xcode/DerivedData/DocketMate-byvgusblcyxnychfhbzkzpzflrgz/Build/Intermediates.noindex/EagerLinkingTBDs/Debug
    cd /Users/bernhardbudiono/Library/CloudStorage/Dropbox/_Documents\ -\ Apps\ \(Working\)/repos_github/Working/repo_docketmate/_macOS/DocketMate/DocketMate.xcodeproj
    builtin-create-build-directory /Users/bernhardbudiono/Library/Developer/Xcode/DerivedData/DocketMate-byvgusblcyxnychfhbzkzpzflrgz/Build/Intermediates.noindex/EagerLinkingTBDs/Debug

WriteAuxiliaryFile /Users/bernhardbudiono/Library/Developer/Xcode/DerivedData/DocketMate-byvgusblcyxnychfhbzkzpzflrgz/Build/Intermediates.noindex/DocketMate.build/Debug/DocketMate-8f9c91c36740e65c0fb0be117a540048-VFS/all-product-headers.yaml
    cd /Users/bernhardbudiono/Library/CloudStorage/Dropbox/_Documents\ -\ Apps\ \(Working\)/repos_github/Working/repo_docketmate/_macOS/DocketMate/DocketMate.xcodeproj
    write-file /Users/bernhardbudiono/Library/Developer/Xcode/DerivedData/DocketMate-byvgusblcyxnychfhbzkzpzflrgz/Build/Intermediates.noindex/DocketMate.build/Debug/DocketMate-8f9c91c36740e65c0fb0be117a540048-VFS/all-product-headers.yaml

WriteAuxiliaryFile /Users/bernhardbudiono/Library/Developer/Xcode/DerivedData/DocketMate-byvgusblcyxnychfhbzkzpzflrgz/Build/Intermediates.noindex/DocketMate.build/Debug/DocketMate.build/Objects-normal/arm64/DocketMate.SwiftConstValuesFileList (in target 'DocketMate' from project 'DocketMate')
    cd /Users/bernhardbudiono/Library/CloudStorage/Dropbox/_Documents\ -\ Apps\ \(Working\)/repos_github/Working/repo_docketmate/_macOS/DocketMate
    write-file /Users/bernhardbudiono/Library/Developer/Xcode/DerivedData/DocketMate-byvgusblcyxnychfhbzkzpzflrgz/Build/Intermediates.noindex/DocketMate.build/Debug/DocketMate.build/Objects-normal/arm64/DocketMate.SwiftConstValuesFileList

WriteAuxiliaryFile /Users/bernhardbudiono/Library/Developer/Xcode/DerivedData/DocketMate-byvgusblcyxnychfhbzkzpzflrgz/Build/Intermediates.noindex/DocketMate.build/Debug/DocketMate.build/Objects-normal/arm64/DocketMate_const_extract_protocols.json (in target 'DocketMate' from project 'DocketMate')
    cd /Users/bernhardbudiono/Library/CloudStorage/Dropbox/_Documents\ -\ Apps\ \(Working\)/repos_github/Working/repo_docketmate/_macOS/DocketMate
    write-file /Users/bernhardbudiono/Library/Developer/Xcode/DerivedData/DocketMate-byvgusblcyxnychfhbzkzpzflrgz/Build/Intermediates.noindex/DocketMate.build/Debug/DocketMate.build/Objects-normal/arm64/DocketMate_const_extract_protocols.json

WriteAuxiliaryFile /Users/bernhardbudiono/Library/Developer/Xcode/DerivedData/DocketMate-byvgusblcyxnychfhbzkzpzflrgz/Build/Intermediates.noindex/DocketMate.build/Debug/DocketMate.build/Objects-normal/arm64/DocketMate.LinkFileList (in target 'DocketMate' from project 'DocketMate')
    cd /Users/bernhardbudiono/Library/CloudStorage/Dropbox/_Documents\ -\ Apps\ \(Working\)/repos_github/Working/repo_docketmate/_macOS/DocketMate
    write-file /Users/bernhardbudiono/Library/Developer/Xcode/DerivedData/DocketMate-byvgusblcyxnychfhbzkzpzflrgz/Build/Intermediates.noindex/DocketMate.build/Debug/DocketMate.build/Objects-normal/arm64/DocketMate.LinkFileList

WriteAuxiliaryFile /Users/bernhardbudiono/Library/Developer/Xcode/DerivedData/DocketMate-byvgusblcyxnychfhbzkzpzflrgz/Build/Intermediates.noindex/DocketMate.build/Debug/DocketMate.build/DocketMate.hmap (in target 'DocketMate' from project 'DocketMate')
    cd /Users/bernhardbudiono/Library/CloudStorage/Dropbox/_Documents\ -\ Apps\ \(Working\)/repos_github/Working/repo_docketmate/_macOS/DocketMate
    write-file /Users/bernhardbudiono/Library/Developer/Xcode/DerivedData/DocketMate-byvgusblcyxnychfhbzkzpzflrgz/Build/Intermediates.noindex/DocketMate.build/Debug/DocketMate.build/DocketMate.hmap

WriteAuxiliaryFile /Users/bernhardbudiono/Library/Developer/Xcode/DerivedData/DocketMate-byvgusblcyxnychfhbzkzpzflrgz/Build/Intermediates.noindex/DocketMate.build/Debug/DocketMate.build/Objects-normal/arm64/DocketMate.SwiftFileList (in target 'DocketMate' from project 'DocketMate')
    cd /Users/bernhardbudiono/Library/CloudStorage/Dropbox/_Documents\ -\ Apps\ \(Working\)/repos_github/Working/repo_docketmate/_macOS/DocketMate
    write-file /Users/bernhardbudiono/Library/Developer/Xcode/DerivedData/DocketMate-byvgusblcyxnychfhbzkzpzflrgz/Build/Intermediates.noindex/DocketMate.build/Debug/DocketMate.build/Objects-normal/arm64/DocketMate.SwiftFileList

WriteAuxiliaryFile /Users/bernhardbudiono/Library/Developer/Xcode/DerivedData/DocketMate-byvgusblcyxnychfhbzkzpzflrgz/Build/Intermediates.noindex/DocketMate.build/Debug/DocketMate.build/DocketMate.DependencyStaticMetadataFileList (in target 'DocketMate' from project 'DocketMate')
    cd /Users/bernhardbudiono/Library/CloudStorage/Dropbox/_Documents\ -\ Apps\ \(Working\)/repos_github/Working/repo_docketmate/_macOS/DocketMate
    write-file /Users/bernhardbudiono/Library/Developer/Xcode/DerivedData/DocketMate-byvgusblcyxnychfhbzkzpzflrgz/Build/Intermediates.noindex/DocketMate.build/Debug/DocketMate.build/DocketMate.DependencyStaticMetadataFileList

WriteAuxiliaryFile /Users/bernhardbudiono/Library/Developer/Xcode/DerivedData/DocketMate-byvgusblcyxnychfhbzkzpzflrgz/Build/Intermediates.noindex/DocketMate.build/Debug/DocketMate.build/DocketMate.DependencyMetadataFileList (in target 'DocketMate' from project 'DocketMate')
    cd /Users/bernhardbudiono/Library/CloudStorage/Dropbox/_Documents\ -\ Apps\ \(Working\)/repos_github/Working/repo_docketmate/_macOS/DocketMate
    write-file /Users/bernhardbudiono/Library/Developer/Xcode/DerivedData/DocketMate-byvgusblcyxnychfhbzkzpzflrgz/Build/Intermediates.noindex/DocketMate.build/Debug/DocketMate.build/DocketMate.DependencyMetadataFileList

WriteAuxiliaryFile /Users/bernhardbudiono/Library/Developer/Xcode/DerivedData/DocketMate-byvgusblcyxnychfhbzkzpzflrgz/Build/Intermediates.noindex/DocketMate.build/Debug/DocketMate.build/DocketMate-project-headers.hmap (in target 'DocketMate' from project 'DocketMate')
    cd /Users/bernhardbudiono/Library/CloudStorage/Dropbox/_Documents\ -\ Apps\ \(Working\)/repos_github/Working/repo_docketmate/_macOS/DocketMate
    write-file /Users/bernhardbudiono/Library/Developer/Xcode/DerivedData/DocketMate-byvgusblcyxnychfhbzkzpzflrgz/Build/Intermediates.noindex/DocketMate.build/Debug/DocketMate.build/DocketMate-project-headers.hmap

WriteAuxiliaryFile /Users/bernhardbudiono/Library/Developer/Xcode/DerivedData/DocketMate-byvgusblcyxnychfhbzkzpzflrgz/Build/Intermediates.noindex/DocketMate.build/Debug/DocketMate.build/DocketMate-own-target-headers.hmap (in target 'DocketMate' from project 'DocketMate')
    cd /Users/bernhardbudiono/Library/CloudStorage/Dropbox/_Documents\ -\ Apps\ \(Working\)/repos_github/Working/repo_docketmate/_macOS/DocketMate
    write-file /Users/bernhardbudiono/Library/Developer/Xcode/DerivedData/DocketMate-byvgusblcyxnychfhbzkzpzflrgz/Build/Intermediates.noindex/DocketMate.build/Debug/DocketMate.build/DocketMate-own-target-headers.hmap

WriteAuxiliaryFile /Users/bernhardbudiono/Library/Developer/Xcode/DerivedData/DocketMate-byvgusblcyxnychfhbzkzpzflrgz/Build/Intermediates.noindex/DocketMate.build/Debug/DocketMate.build/DocketMate-all-target-headers.hmap (in target 'DocketMate' from project 'DocketMate')
    cd /Users/bernhardbudiono/Library/CloudStorage/Dropbox/_Documents\ -\ Apps\ \(Working\)/repos_github/Working/repo_docketmate/_macOS/DocketMate
    write-file /Users/bernhardbudiono/Library/Developer/Xcode/DerivedData/DocketMate-byvgusblcyxnychfhbzkzpzflrgz/Build/Intermediates.noindex/DocketMate.build/Debug/DocketMate.build/DocketMate-all-target-headers.hmap

WriteAuxiliaryFile /Users/bernhardbudiono/Library/Developer/Xcode/DerivedData/DocketMate-byvgusblcyxnychfhbzkzpzflrgz/Build/Intermediates.noindex/DocketMate.build/Debug/DocketMate.build/DocketMate-all-non-framework-target-headers.hmap (in target 'DocketMate' from project 'DocketMate')
    cd /Users/bernhardbudiono/Library/CloudStorage/Dropbox/_Documents\ -\ Apps\ \(Working\)/repos_github/Working/repo_docketmate/_macOS/DocketMate
    write-file /Users/bernhardbudiono/Library/Developer/Xcode/DerivedData/DocketMate-byvgusblcyxnychfhbzkzpzflrgz/Build/Intermediates.noindex/DocketMate.build/Debug/DocketMate.build/DocketMate-all-non-framework-target-headers.hmap

WriteAuxiliaryFile /Users/bernhardbudiono/Library/Developer/Xcode/DerivedData/DocketMate-byvgusblcyxnychfhbzkzpzflrgz/Build/Intermediates.noindex/DocketMate.build/Debug/DocketMate.build/DocketMate-generated-files.hmap (in target 'DocketMate' from project 'DocketMate')
    cd /Users/bernhardbudiono/Library/CloudStorage/Dropbox/_Documents\ -\ Apps\ \(Working\)/repos_github/Working/repo_docketmate/_macOS/DocketMate
    write-file /Users/bernhardbudiono/Library/Developer/Xcode/DerivedData/DocketMate-byvgusblcyxnychfhbzkzpzflrgz/Build/Intermediates.noindex/DocketMate.build/Debug/DocketMate.build/DocketMate-generated-files.hmap

WriteAuxiliaryFile /Users/bernhardbudiono/Library/Developer/Xcode/DerivedData/DocketMate-byvgusblcyxnychfhbzkzpzflrgz/Build/Intermediates.noindex/DocketMate.build/Debug/DocketMate.build/DocketMate-DebugDylibPath-normal-arm64.txt (in target 'DocketMate' from project 'DocketMate')
    cd /Users/bernhardbudiono/Library/CloudStorage/Dropbox/_Documents\ -\ Apps\ \(Working\)/repos_github/Working/repo_docketmate/_macOS/DocketMate
    write-file /Users/bernhardbudiono/Library/Developer/Xcode/DerivedData/DocketMate-byvgusblcyxnychfhbzkzpzflrgz/Build/Intermediates.noindex/DocketMate.build/Debug/DocketMate.build/DocketMate-DebugDylibPath-normal-arm64.txt

WriteAuxiliaryFile /Users/bernhardbudiono/Library/Developer/Xcode/DerivedData/DocketMate-byvgusblcyxnychfhbzkzpzflrgz/Build/Intermediates.noindex/DocketMate.build/Debug/DocketMate.build/DocketMate-DebugDylibInstallName-normal-arm64.txt (in target 'DocketMate' from project 'DocketMate')
    cd /Users/bernhardbudiono/Library/CloudStorage/Dropbox/_Documents\ -\ Apps\ \(Working\)/repos_github/Working/repo_docketmate/_macOS/DocketMate
    write-file /Users/bernhardbudiono/Library/Developer/Xcode/DerivedData/DocketMate-byvgusblcyxnychfhbzkzpzflrgz/Build/Intermediates.noindex/DocketMate.build/Debug/DocketMate.build/DocketMate-DebugDylibInstallName-normal-arm64.txt

WriteAuxiliaryFile /Users/bernhardbudiono/Library/Developer/Xcode/DerivedData/DocketMate-byvgusblcyxnychfhbzkzpzflrgz/Build/Intermediates.noindex/DocketMate.build/Debug/DocketMate.build/Objects-normal/arm64/DocketMate-OutputFileMap.json (in target 'DocketMate' from project 'DocketMate')
    cd /Users/bernhardbudiono/Library/CloudStorage/Dropbox/_Documents\ -\ Apps\ \(Working\)/repos_github/Working/repo_docketmate/_macOS/DocketMate
    write-file /Users/bernhardbudiono/Library/Developer/Xcode/DerivedData/DocketMate-byvgusblcyxnychfhbzkzpzflrgz/Build/Intermediates.noindex/DocketMate.build/Debug/DocketMate.build/Objects-normal/arm64/DocketMate-OutputFileMap.json

MkDir /Users/bernhardbudiono/Library/Developer/Xcode/DerivedData/DocketMate-byvgusblcyxnychfhbzkzpzflrgz/Build/Products/Debug/DocketMate.app/Contents (in target 'DocketMate' from project 'DocketMate')
    cd /Users/bernhardbudiono/Library/CloudStorage/Dropbox/_Documents\ -\ Apps\ \(Working\)/repos_github/Working/repo_docketmate/_macOS/DocketMate
    /bin/mkdir -p /Users/bernhardbudiono/Library/Developer/Xcode/DerivedData/DocketMate-byvgusblcyxnychfhbzkzpzflrgz/Build/Products/Debug/DocketMate.app/Contents

WriteAuxiliaryFile /Users/bernhardbudiono/Library/Developer/Xcode/DerivedData/DocketMate-byvgusblcyxnychfhbzkzpzflrgz/Build/Intermediates.noindex/DocketMate.build/Debug/DocketMate.build/DerivedSources/Entitlements.plist (in target 'DocketMate' from project 'DocketMate')
    cd /Users/bernhardbudiono/Library/CloudStorage/Dropbox/_Documents\ -\ Apps\ \(Working\)/repos_github/Working/repo_docketmate/_macOS/DocketMate
    write-file /Users/bernhardbudiono/Library/Developer/Xcode/DerivedData/DocketMate-byvgusblcyxnychfhbzkzpzflrgz/Build/Intermediates.noindex/DocketMate.build/Debug/DocketMate.build/DerivedSources/Entitlements.plist

MkDir /Users/bernhardbudiono/Library/Developer/Xcode/DerivedData/DocketMate-byvgusblcyxnychfhbzkzpzflrgz/Build/Products/Debug/DocketMate.app (in target 'DocketMate' from project 'DocketMate')
    cd /Users/bernhardbudiono/Library/CloudStorage/Dropbox/_Documents\ -\ Apps\ \(Working\)/repos_github/Working/repo_docketmate/_macOS/DocketMate
    /bin/mkdir -p /Users/bernhardbudiono/Library/Developer/Xcode/DerivedData/DocketMate-byvgusblcyxnychfhbzkzpzflrgz/Build/Products/Debug/DocketMate.app

MkDir /Users/bernhardbudiono/Library/Developer/Xcode/DerivedData/DocketMate-byvgusblcyxnychfhbzkzpzflrgz/Build/Products/Debug/DocketMate.app/Contents/MacOS (in target 'DocketMate' from project 'DocketMate')
    cd /Users/bernhardbudiono/Library/CloudStorage/Dropbox/_Documents\ -\ Apps\ \(Working\)/repos_github/Working/repo_docketmate/_macOS/DocketMate
    /bin/mkdir -p /Users/bernhardbudiono/Library/Developer/Xcode/DerivedData/DocketMate-byvgusblcyxnychfhbzkzpzflrgz/Build/Products/Debug/DocketMate.app/Contents/MacOS

ProcessProductPackaging "" /Users/bernhardbudiono/Library/Developer/Xcode/DerivedData/DocketMate-byvgusblcyxnychfhbzkzpzflrgz/Build/Intermediates.noindex/DocketMate.build/Debug/DocketMate.build/DocketMate.app.xcent (in target 'DocketMate' from project 'DocketMate')
    cd /Users/bernhardbudiono/Library/CloudStorage/Dropbox/_Documents\ -\ Apps\ \(Working\)/repos_github/Working/repo_docketmate/_macOS/DocketMate
    
    Entitlements:
    
    {
    "com.apple.security.get-task-allow" = 1;
}
    
    builtin-productPackagingUtility -entitlements -format xml -o /Users/bernhardbudiono/Library/Developer/Xcode/DerivedData/DocketMate-byvgusblcyxnychfhbzkzpzflrgz/Build/Intermediates.noindex/DocketMate.build/Debug/DocketMate.build/DocketMate.app.xcent

ProcessProductPackagingDER /Users/bernhardbudiono/Library/Developer/Xcode/DerivedData/DocketMate-byvgusblcyxnychfhbzkzpzflrgz/Build/Intermediates.noindex/DocketMate.build/Debug/DocketMate.build/DocketMate.app.xcent /Users/bernhardbudiono/Library/Developer/Xcode/DerivedData/DocketMate-byvgusblcyxnychfhbzkzpzflrgz/Build/Intermediates.noindex/DocketMate.build/Debug/DocketMate.build/DocketMate.app.xcent.der (in target 'DocketMate' from project 'DocketMate')
    cd /Users/bernhardbudiono/Library/CloudStorage/Dropbox/_Documents\ -\ Apps\ \(Working\)/repos_github/Working/repo_docketmate/_macOS/DocketMate
    /usr/bin/derq query -f xml -i /Users/bernhardbudiono/Library/Developer/Xcode/DerivedData/DocketMate-byvgusblcyxnychfhbzkzpzflrgz/Build/Intermediates.noindex/DocketMate.build/Debug/DocketMate.build/DocketMate.app.xcent -o /Users/bernhardbudiono/Library/Developer/Xcode/DerivedData/DocketMate-byvgusblcyxnychfhbzkzpzflrgz/Build/Intermediates.noindex/DocketMate.build/Debug/DocketMate.build/DocketMate.app.xcent.der --raw

Ld /Users/bernhardbudiono/Library/Developer/Xcode/DerivedData/DocketMate-byvgusblcyxnychfhbzkzpzflrgz/Build/Products/Debug/DocketMate.app/Contents/MacOS/__preview.dylib normal (in target 'DocketMate' from project 'DocketMate')
    cd /Users/bernhardbudiono/Library/CloudStorage/Dropbox/_Documents\ -\ Apps\ \(Working\)/repos_github/Working/repo_docketmate/_macOS/DocketMate
    /Applications/Xcode.app/Contents/Developer/Toolchains/XcodeDefault.xctoolchain/usr/bin/clang -Xlinker -reproducible -target arm64-apple-macos13.5 -dynamiclib -isysroot /Applications/Xcode.app/Contents/Developer/Platforms/MacOSX.platform/Developer/SDKs/MacOSX15.4.sdk -O0 -L/Users/bernhardbudiono/Library/Developer/Xcode/DerivedData/DocketMate-byvgusblcyxnychfhbzkzpzflrgz/Build/Products/Debug -F/Users/bernhardbudiono/Library/Developer/Xcode/DerivedData/DocketMate-byvgusblcyxnychfhbzkzpzflrgz/Build/Products/Debug -install_name @rpath/DocketMate.debug.dylib -rdynamic -Xlinker -no_deduplicate -Xlinker -dependency_info -Xlinker /Users/bernhardbudiono/Library/Developer/Xcode/DerivedData/DocketMate-byvgusblcyxnychfhbzkzpzflrgz/Build/Intermediates.noindex/DocketMate.build/Debug/DocketMate.build/Objects-normal/arm64/DocketMate_dependency_info.dat -Xlinker -no_adhoc_codesign -o /Users/bernhardbudiono/Library/Developer/Xcode/DerivedData/DocketMate-byvgusblcyxnychfhbzkzpzflrgz/Build/Products/Debug/DocketMate.app/Contents/MacOS/__preview.dylib

ProcessInfoPlistFile /Users/bernhardbudiono/Library/Developer/Xcode/DerivedData/DocketMate-byvgusblcyxnychfhbzkzpzflrgz/Build/Products/Debug/DocketMate.app/Contents/Info.plist /Users/bernhardbudiono/Library/CloudStorage/Dropbox/_Documents\ -\ Apps\ (Working)/repos_github/Working/repo_docketmate/_macOS/DocketMate/Resources/Info.plist (in target 'DocketMate' from project 'DocketMate')
    cd /Users/bernhardbudiono/Library/CloudStorage/Dropbox/_Documents\ -\ Apps\ \(Working\)/repos_github/Working/repo_docketmate/_macOS/DocketMate
    builtin-infoPlistUtility /Users/bernhardbudiono/Library/CloudStorage/Dropbox/_Documents\ -\ Apps\ \(Working\)/repos_github/Working/repo_docketmate/_macOS/DocketMate/Resources/Info.plist -producttype com.apple.product-type.application -genpkginfo /Users/bernhardbudiono/Library/Developer/Xcode/DerivedData/DocketMate-byvgusblcyxnychfhbzkzpzflrgz/Build/Products/Debug/DocketMate.app/Contents/PkgInfo -expandbuildsettings -platform macosx -o /Users/bernhardbudiono/Library/Developer/Xcode/DerivedData/DocketMate-byvgusblcyxnychfhbzkzpzflrgz/Build/Products/Debug/DocketMate.app/Contents/Info.plist

SwiftDriver DocketMate normal arm64 com.apple.xcode.tools.swift.compiler (in target 'DocketMate' from project 'DocketMate')
    cd /Users/bernhardbudiono/Library/CloudStorage/Dropbox/_Documents\ -\ Apps\ \(Working\)/repos_github/Working/repo_docketmate/_macOS/DocketMate
    builtin-SwiftDriver -- /Applications/Xcode.app/Contents/Developer/Toolchains/XcodeDefault.xctoolchain/usr/bin/swiftc -module-name DocketMate -Onone -enforce-exclusivity\=checked @/Users/bernhardbudiono/Library/Developer/Xcode/DerivedData/DocketMate-byvgusblcyxnychfhbzkzpzflrgz/Build/Intermediates.noindex/DocketMate.build/Debug/DocketMate.build/Objects-normal/arm64/DocketMate.SwiftFileList -DDEBUG -enable-bare-slash-regex -enable-experimental-feature DebugDescriptionMacro -sdk /Applications/Xcode.app/Contents/Developer/Platforms/MacOSX.platform/Developer/SDKs/MacOSX15.4.sdk -target arm64-apple-macos13.5 -g -module-cache-path /Users/bernhardbudiono/Library/Developer/Xcode/DerivedData/ModuleCache.noindex -Xfrontend -serialize-debugging-options -enable-testing -index-store-path /Users/bernhardbudiono/Library/Developer/Xcode/DerivedData/DocketMate-byvgusblcyxnychfhbzkzpzflrgz/Index.noindex/DataStore -swift-version 5 -I /Users/bernhardbudiono/Library/Developer/Xcode/DerivedData/DocketMate-byvgusblcyxnychfhbzkzpzflrgz/Build/Products/Debug -F /Users/bernhardbudiono/Library/Developer/Xcode/DerivedData/DocketMate-byvgusblcyxnychfhbzkzpzflrgz/Build/Products/Debug -c -j16 -enable-batch-mode -incremental -Xcc -ivfsstatcache -Xcc /Users/bernhardbudiono/Library/Developer/Xcode/DerivedData/SDKStatCaches.noindex/macosx15.4-24E241-88b860576fb364319593bd8fb30666b0.sdkstatcache -output-file-map /Users/bernhardbudiono/Library/Developer/Xcode/DerivedData/DocketMate-byvgusblcyxnychfhbzkzpzflrgz/Build/Intermediates.noindex/DocketMate.build/Debug/DocketMate.build/Objects-normal/arm64/DocketMate-OutputFileMap.json -use-frontend-parseable-output -save-temps -no-color-diagnostics -serialize-diagnostics -emit-dependencies -emit-module -emit-module-path /Users/bernhardbudiono/Library/Developer/Xcode/DerivedData/DocketMate-byvgusblcyxnychfhbzkzpzflrgz/Build/Intermediates.noindex/DocketMate.build/Debug/DocketMate.build/Objects-normal/arm64/DocketMate.swiftmodule -validate-clang-modules-once -clang-build-session-file /Users/bernhardbudiono/Library/Developer/Xcode/DerivedData/ModuleCache.noindex/Session.modulevalidation -Xcc -I/Users/bernhardbudiono/Library/Developer/Xcode/DerivedData/DocketMate-byvgusblcyxnychfhbzkzpzflrgz/Build/Intermediates.noindex/DocketMate.build/Debug/DocketMate.build/swift-overrides.hmap -emit-const-values -Xfrontend -const-gather-protocols-file -Xfrontend /Users/bernhardbudiono/Library/Developer/Xcode/DerivedData/DocketMate-byvgusblcyxnychfhbzkzpzflrgz/Build/Intermediates.noindex/DocketMate.build/Debug/DocketMate.build/Objects-normal/arm64/DocketMate_const_extract_protocols.json -Xcc -iquote -Xcc /Users/bernhardbudiono/Library/Developer/Xcode/DerivedData/DocketMate-byvgusblcyxnychfhbzkzpzflrgz/Build/Intermediates.noindex/DocketMate.build/Debug/DocketMate.build/DocketMate-generated-files.hmap -Xcc -I/Users/bernhardbudiono/Library/Developer/Xcode/DerivedData/DocketMate-byvgusblcyxnychfhbzkzpzflrgz/Build/Intermediates.noindex/DocketMate.build/Debug/DocketMate.build/DocketMate-own-target-headers.hmap -Xcc -I/Users/bernhardbudiono/Library/Developer/Xcode/DerivedData/DocketMate-byvgusblcyxnychfhbzkzpzflrgz/Build/Intermediates.noindex/DocketMate.build/Debug/DocketMate.build/DocketMate-all-target-headers.hmap -Xcc -iquote -Xcc /Users/bernhardbudiono/Library/Developer/Xcode/DerivedData/DocketMate-byvgusblcyxnychfhbzkzpzflrgz/Build/Intermediates.noindex/DocketMate.build/Debug/DocketMate.build/DocketMate-project-headers.hmap -Xcc -I/Users/bernhardbudiono/Library/Developer/Xcode/DerivedData/DocketMate-byvgusblcyxnychfhbzkzpzflrgz/Build/Products/Debug/include -Xcc -I/Users/bernhardbudiono/Library/Developer/Xcode/DerivedData/DocketMate-byvgusblcyxnychfhbzkzpzflrgz/Build/Intermediates.noindex/DocketMate.build/Debug/DocketMate.build/DerivedSources-normal/arm64 -Xcc -I/Users/bernhardbudiono/Library/Developer/Xcode/DerivedData/DocketMate-byvgusblcyxnychfhbzkzpzflrgz/Build/Intermediates.noindex/DocketMate.build/Debug/DocketMate.build/DerivedSources/arm64 -Xcc -I/Users/bernhardbudiono/Library/Developer/Xcode/DerivedData/DocketMate-byvgusblcyxnychfhbzkzpzflrgz/Build/Intermediates.noindex/DocketMate.build/Debug/DocketMate.build/DerivedSources -Xcc -DDEBUG\=1 -emit-objc-header -emit-objc-header-path /Users/bernhardbudiono/Library/Developer/Xcode/DerivedData/DocketMate-byvgusblcyxnychfhbzkzpzflrgz/Build/Intermediates.noindex/DocketMate.build/Debug/DocketMate.build/Objects-normal/arm64/DocketMate-Swift.h -working-directory /Users/bernhardbudiono/Library/CloudStorage/Dropbox/_Documents\ -\ Apps\ \(Working\)/repos_github/Working/repo_docketmate/_macOS/DocketMate -experimental-emit-module-separately -disable-cmo

SwiftCompile normal arm64 Compiling\ DocketMateApp.swift /Users/bernhardbudiono/Library/CloudStorage/Dropbox/_Documents\ -\ Apps\ (Working)/repos_github/Working/repo_docketmate/_macOS/DocketMate/Sources/DocketMateApp.swift (in target 'DocketMate' from project 'DocketMate')

SwiftCompile normal arm64 /Users/bernhardbudiono/Library/CloudStorage/Dropbox/_Documents\ -\ Apps\ (Working)/repos_github/Working/repo_docketmate/_macOS/DocketMate/Sources/DocketMateApp.swift (in target 'DocketMate' from project 'DocketMate')
    cd /Users/bernhardbudiono/Library/CloudStorage/Dropbox/_Documents\ -\ Apps\ \(Working\)/repos_github/Working/repo_docketmate/_macOS/DocketMate
    

SwiftCompile normal arm64 Compiling\ ContentView.swift /Users/bernhardbudiono/Library/CloudStorage/Dropbox/_Documents\ -\ Apps\ (Working)/repos_github/Working/repo_docketmate/_macOS/DocketMate/Sources/ContentView.swift (in target 'DocketMate' from project 'DocketMate')
SwiftCompile normal arm64 /Users/bernhardbudiono/Library/CloudStorage/Dropbox/_Documents\ -\ Apps\ (Working)/repos_github/Working/repo_docketmate/_macOS/DocketMate/Sources/ContentView.swift (in target 'DocketMate' from project 'DocketMate')
    cd /Users/bernhardbudiono/Library/CloudStorage/Dropbox/_Documents\ -\ Apps\ \(Working\)/repos_github/Working/repo_docketmate/_macOS/DocketMate
    

SwiftEmitModule normal arm64 Emitting\ module\ for\ DocketMate (in target 'DocketMate' from project 'DocketMate')

EmitSwiftModule normal arm64 (in target 'DocketMate' from project 'DocketMate')
    cd /Users/bernhardbudiono/Library/CloudStorage/Dropbox/_Documents\ -\ Apps\ \(Working\)/repos_github/Working/repo_docketmate/_macOS/DocketMate
    

SwiftDriverJobDiscovery normal arm64 Emitting module for DocketMate (in target 'DocketMate' from project 'DocketMate')

SwiftDriver\ Compilation\ Requirements DocketMate normal arm64 com.apple.xcode.tools.swift.compiler (in target 'DocketMate' from project 'DocketMate')
    cd /Users/bernhardbudiono/Library/CloudStorage/Dropbox/_Documents\ -\ Apps\ \(Working\)/repos_github/Working/repo_docketmate/_macOS/DocketMate
    builtin-Swift-Compilation-Requirements -- /Applications/Xcode.app/Contents/Developer/Toolchains/XcodeDefault.xctoolchain/usr/bin/swiftc -module-name DocketMate -Onone -enforce-exclusivity\=checked @/Users/bernhardbudiono/Library/Developer/Xcode/DerivedData/DocketMate-byvgusblcyxnychfhbzkzpzflrgz/Build/Intermediates.noindex/DocketMate.build/Debug/DocketMate.build/Objects-normal/arm64/DocketMate.SwiftFileList -DDEBUG -enable-bare-slash-regex -enable-experimental-feature DebugDescriptionMacro -sdk /Applications/Xcode.app/Contents/Developer/Platforms/MacOSX.platform/Developer/SDKs/MacOSX15.4.sdk -target arm64-apple-macos13.5 -g -module-cache-path /Users/bernhardbudiono/Library/Developer/Xcode/DerivedData/ModuleCache.noindex -Xfrontend -serialize-debugging-options -enable-testing -index-store-path /Users/bernhardbudiono/Library/Developer/Xcode/DerivedData/DocketMate-byvgusblcyxnychfhbzkzpzflrgz/Index.noindex/DataStore -swift-version 5 -I /Users/bernhardbudiono/Library/Developer/Xcode/DerivedData/DocketMate-byvgusblcyxnychfhbzkzpzflrgz/Build/Products/Debug -F /Users/bernhardbudiono/Library/Developer/Xcode/DerivedData/DocketMate-byvgusblcyxnychfhbzkzpzflrgz/Build/Products/Debug -c -j16 -enable-batch-mode -incremental -Xcc -ivfsstatcache -Xcc /Users/bernhardbudiono/Library/Developer/Xcode/DerivedData/SDKStatCaches.noindex/macosx15.4-24E241-88b860576fb364319593bd8fb30666b0.sdkstatcache -output-file-map /Users/bernhardbudiono/Library/Developer/Xcode/DerivedData/DocketMate-byvgusblcyxnychfhbzkzpzflrgz/Build/Intermediates.noindex/DocketMate.build/Debug/DocketMate.build/Objects-normal/arm64/DocketMate-OutputFileMap.json -use-frontend-parseable-output -save-temps -no-color-diagnostics -serialize-diagnostics -emit-dependencies -emit-module -emit-module-path /Users/bernhardbudiono/Library/Developer/Xcode/DerivedData/DocketMate-byvgusblcyxnychfhbzkzpzflrgz/Build/Intermediates.noindex/DocketMate.build/Debug/DocketMate.build/Objects-normal/arm64/DocketMate.swiftmodule -validate-clang-modules-once -clang-build-session-file /Users/bernhardbudiono/Library/Developer/Xcode/DerivedData/ModuleCache.noindex/Session.modulevalidation -Xcc -I/Users/bernhardbudiono/Library/Developer/Xcode/DerivedData/DocketMate-byvgusblcyxnychfhbzkzpzflrgz/Build/Intermediates.noindex/DocketMate.build/Debug/DocketMate.build/swift-overrides.hmap -emit-const-values -Xfrontend -const-gather-protocols-file -Xfrontend /Users/bernhardbudiono/Library/Developer/Xcode/DerivedData/DocketMate-byvgusblcyxnychfhbzkzpzflrgz/Build/Intermediates.noindex/DocketMate.build/Debug/DocketMate.build/Objects-normal/arm64/DocketMate_const_extract_protocols.json -Xcc -iquote -Xcc /Users/bernhardbudiono/Library/Developer/Xcode/DerivedData/DocketMate-byvgusblcyxnychfhbzkzpzflrgz/Build/Intermediates.noindex/DocketMate.build/Debug/DocketMate.build/DocketMate-generated-files.hmap -Xcc -I/Users/bernhardbudiono/Library/Developer/Xcode/DerivedData/DocketMate-byvgusblcyxnychfhbzkzpzflrgz/Build/Intermediates.noindex/DocketMate.build/Debug/DocketMate.build/DocketMate-own-target-headers.hmap -Xcc -I/Users/bernhardbudiono/Library/Developer/Xcode/DerivedData/DocketMate-byvgusblcyxnychfhbzkzpzflrgz/Build/Intermediates.noindex/DocketMate.build/Debug/DocketMate.build/DocketMate-all-target-headers.hmap -Xcc -iquote -Xcc /Users/bernhardbudiono/Library/Developer/Xcode/DerivedData/DocketMate-byvgusblcyxnychfhbzkzpzflrgz/Build/Intermediates.noindex/DocketMate.build/Debug/DocketMate.build/DocketMate-project-headers.hmap -Xcc -I/Users/bernhardbudiono/Library/Developer/Xcode/DerivedData/DocketMate-byvgusblcyxnychfhbzkzpzflrgz/Build/Products/Debug/include -Xcc -I/Users/bernhardbudiono/Library/Developer/Xcode/DerivedData/DocketMate-byvgusblcyxnychfhbzkzpzflrgz/Build/Intermediates.noindex/DocketMate.build/Debug/DocketMate.build/DerivedSources-normal/arm64 -Xcc -I/Users/bernhardbudiono/Library/Developer/Xcode/DerivedData/DocketMate-byvgusblcyxnychfhbzkzpzflrgz/Build/Intermediates.noindex/DocketMate.build/Debug/DocketMate.build/DerivedSources/arm64 -Xcc -I/Users/bernhardbudiono/Library/Developer/Xcode/DerivedData/DocketMate-byvgusblcyxnychfhbzkzpzflrgz/Build/Intermediates.noindex/DocketMate.build/Debug/DocketMate.build/DerivedSources -Xcc -DDEBUG\=1 -emit-objc-header -emit-objc-header-path /Users/bernhardbudiono/Library/Developer/Xcode/DerivedData/DocketMate-byvgusblcyxnychfhbzkzpzflrgz/Build/Intermediates.noindex/DocketMate.build/Debug/DocketMate.build/Objects-normal/arm64/DocketMate-Swift.h -working-directory /Users/bernhardbudiono/Library/CloudStorage/Dropbox/_Documents\ -\ Apps\ \(Working\)/repos_github/Working/repo_docketmate/_macOS/DocketMate -experimental-emit-module-separately -disable-cmo

SwiftMergeGeneratedHeaders /Users/bernhardbudiono/Library/Developer/Xcode/DerivedData/DocketMate-byvgusblcyxnychfhbzkzpzflrgz/Build/Intermediates.noindex/DocketMate.build/Debug/DocketMate.build/DerivedSources/DocketMate-Swift.h /Users/bernhardbudiono/Library/Developer/Xcode/DerivedData/DocketMate-byvgusblcyxnychfhbzkzpzflrgz/Build/Intermediates.noindex/DocketMate.build/Debug/DocketMate.build/Objects-normal/arm64/DocketMate-Swift.h (in target 'DocketMate' from project 'DocketMate')
    cd /Users/bernhardbudiono/Library/CloudStorage/Dropbox/_Documents\ -\ Apps\ \(Working\)/repos_github/Working/repo_docketmate/_macOS/DocketMate
    builtin-swiftHeaderTool -arch arm64 /Users/bernhardbudiono/Library/Developer/Xcode/DerivedData/DocketMate-byvgusblcyxnychfhbzkzpzflrgz/Build/Intermediates.noindex/DocketMate.build/Debug/DocketMate.build/Objects-normal/arm64/DocketMate-Swift.h -o /Users/bernhardbudiono/Library/Developer/Xcode/DerivedData/DocketMate-byvgusblcyxnychfhbzkzpzflrgz/Build/Intermediates.noindex/DocketMate.build/Debug/DocketMate.build/DerivedSources/DocketMate-Swift.h

Copy /Users/bernhardbudiono/Library/Developer/Xcode/DerivedData/DocketMate-byvgusblcyxnychfhbzkzpzflrgz/Build/Products/Debug/DocketMate.swiftmodule/arm64-apple-macos.abi.json /Users/bernhardbudiono/Library/Developer/Xcode/DerivedData/DocketMate-byvgusblcyxnychfhbzkzpzflrgz/Build/Intermediates.noindex/DocketMate.build/Debug/DocketMate.build/Objects-normal/arm64/DocketMate.abi.json (in target 'DocketMate' from project 'DocketMate')
    cd /Users/bernhardbudiono/Library/CloudStorage/Dropbox/_Documents\ -\ Apps\ \(Working\)/repos_github/Working/repo_docketmate/_macOS/DocketMate
    builtin-copy -exclude .DS_Store -exclude CVS -exclude .svn -exclude .git -exclude .hg -resolve-src-symlinks -rename /Users/bernhardbudiono/Library/Developer/Xcode/DerivedData/DocketMate-byvgusblcyxnychfhbzkzpzflrgz/Build/Intermediates.noindex/DocketMate.build/Debug/DocketMate.build/Objects-normal/arm64/DocketMate.abi.json /Users/bernhardbudiono/Library/Developer/Xcode/DerivedData/DocketMate-byvgusblcyxnychfhbzkzpzflrgz/Build/Products/Debug/DocketMate.swiftmodule/arm64-apple-macos.abi.json

Copy /Users/bernhardbudiono/Library/Developer/Xcode/DerivedData/DocketMate-byvgusblcyxnychfhbzkzpzflrgz/Build/Products/Debug/DocketMate.swiftmodule/arm64-apple-macos.swiftmodule /Users/bernhardbudiono/Library/Developer/Xcode/DerivedData/DocketMate-byvgusblcyxnychfhbzkzpzflrgz/Build/Intermediates.noindex/DocketMate.build/Debug/DocketMate.build/Objects-normal/arm64/DocketMate.swiftmodule (in target 'DocketMate' from project 'DocketMate')
    cd /Users/bernhardbudiono/Library/CloudStorage/Dropbox/_Documents\ -\ Apps\ \(Working\)/repos_github/Working/repo_docketmate/_macOS/DocketMate
    builtin-copy -exclude .DS_Store -exclude CVS -exclude .svn -exclude .git -exclude .hg -resolve-src-symlinks -rename /Users/bernhardbudiono/Library/Developer/Xcode/DerivedData/DocketMate-byvgusblcyxnychfhbzkzpzflrgz/Build/Intermediates.noindex/DocketMate.build/Debug/DocketMate.build/Objects-normal/arm64/DocketMate.swiftmodule /Users/bernhardbudiono/Library/Developer/Xcode/DerivedData/DocketMate-byvgusblcyxnychfhbzkzpzflrgz/Build/Products/Debug/DocketMate.swiftmodule/arm64-apple-macos.swiftmodule

Copy /Users/bernhardbudiono/Library/Developer/Xcode/DerivedData/DocketMate-byvgusblcyxnychfhbzkzpzflrgz/Build/Products/Debug/DocketMate.swiftmodule/arm64-apple-macos.swiftdoc /Users/bernhardbudiono/Library/Developer/Xcode/DerivedData/DocketMate-byvgusblcyxnychfhbzkzpzflrgz/Build/Intermediates.noindex/DocketMate.build/Debug/DocketMate.build/Objects-normal/arm64/DocketMate.swiftdoc (in target 'DocketMate' from project 'DocketMate')
    cd /Users/bernhardbudiono/Library/CloudStorage/Dropbox/_Documents\ -\ Apps\ \(Working\)/repos_github/Working/repo_docketmate/_macOS/DocketMate
    builtin-copy -exclude .DS_Store -exclude CVS -exclude .svn -exclude .git -exclude .hg -resolve-src-symlinks -rename /Users/bernhardbudiono/Library/Developer/Xcode/DerivedData/DocketMate-byvgusblcyxnychfhbzkzpzflrgz/Build/Intermediates.noindex/DocketMate.build/Debug/DocketMate.build/Objects-normal/arm64/DocketMate.swiftdoc /Users/bernhardbudiono/Library/Developer/Xcode/DerivedData/DocketMate-byvgusblcyxnychfhbzkzpzflrgz/Build/Products/Debug/DocketMate.swiftmodule/arm64-apple-macos.swiftdoc

Copy /Users/bernhardbudiono/Library/Developer/Xcode/DerivedData/DocketMate-byvgusblcyxnychfhbzkzpzflrgz/Build/Products/Debug/DocketMate.swiftmodule/Project/arm64-apple-macos.swiftsourceinfo /Users/bernhardbudiono/Library/Developer/Xcode/DerivedData/DocketMate-byvgusblcyxnychfhbzkzpzflrgz/Build/Intermediates.noindex/DocketMate.build/Debug/DocketMate.build/Objects-normal/arm64/DocketMate.swiftsourceinfo (in target 'DocketMate' from project 'DocketMate')
    cd /Users/bernhardbudiono/Library/CloudStorage/Dropbox/_Documents\ -\ Apps\ \(Working\)/repos_github/Working/repo_docketmate/_macOS/DocketMate
    builtin-copy -exclude .DS_Store -exclude CVS -exclude .svn -exclude .git -exclude .hg -resolve-src-symlinks -rename /Users/bernhardbudiono/Library/Developer/Xcode/DerivedData/DocketMate-byvgusblcyxnychfhbzkzpzflrgz/Build/Intermediates.noindex/DocketMate.build/Debug/DocketMate.build/Objects-normal/arm64/DocketMate.swiftsourceinfo /Users/bernhardbudiono/Library/Developer/Xcode/DerivedData/DocketMate-byvgusblcyxnychfhbzkzpzflrgz/Build/Products/Debug/DocketMate.swiftmodule/Project/arm64-apple-macos.swiftsourceinfo

SwiftDriverJobDiscovery normal arm64 Compiling DocketMateApp.swift (in target 'DocketMate' from project 'DocketMate')

SwiftDriverJobDiscovery normal arm64 Compiling ContentView.swift (in target 'DocketMate' from project 'DocketMate')

SwiftDriver\ Compilation DocketMate normal arm64 com.apple.xcode.tools.swift.compiler (in target 'DocketMate' from project 'DocketMate')
    cd /Users/bernhardbudiono/Library/CloudStorage/Dropbox/_Documents\ -\ Apps\ \(Working\)/repos_github/Working/repo_docketmate/_macOS/DocketMate
    builtin-Swift-Compilation -- /Applications/Xcode.app/Contents/Developer/Toolchains/XcodeDefault.xctoolchain/usr/bin/swiftc -module-name DocketMate -Onone -enforce-exclusivity\=checked @/Users/bernhardbudiono/Library/Developer/Xcode/DerivedData/DocketMate-byvgusblcyxnychfhbzkzpzflrgz/Build/Intermediates.noindex/DocketMate.build/Debug/DocketMate.build/Objects-normal/arm64/DocketMate.SwiftFileList -DDEBUG -enable-bare-slash-regex -enable-experimental-feature DebugDescriptionMacro -sdk /Applications/Xcode.app/Contents/Developer/Platforms/MacOSX.platform/Developer/SDKs/MacOSX15.4.sdk -target arm64-apple-macos13.5 -g -module-cache-path /Users/bernhardbudiono/Library/Developer/Xcode/DerivedData/ModuleCache.noindex -Xfrontend -serialize-debugging-options -enable-testing -index-store-path /Users/bernhardbudiono/Library/Developer/Xcode/DerivedData/DocketMate-byvgusblcyxnychfhbzkzpzflrgz/Index.noindex/DataStore -swift-version 5 -I /Users/bernhardbudiono/Library/Developer/Xcode/DerivedData/DocketMate-byvgusblcyxnychfhbzkzpzflrgz/Build/Products/Debug -F /Users/bernhardbudiono/Library/Developer/Xcode/DerivedData/DocketMate-byvgusblcyxnychfhbzkzpzflrgz/Build/Products/Debug -c -j16 -enable-batch-mode -incremental -Xcc -ivfsstatcache -Xcc /Users/bernhardbudiono/Library/Developer/Xcode/DerivedData/SDKStatCaches.noindex/macosx15.4-24E241-88b860576fb364319593bd8fb30666b0.sdkstatcache -output-file-map /Users/bernhardbudiono/Library/Developer/Xcode/DerivedData/DocketMate-byvgusblcyxnychfhbzkzpzflrgz/Build/Intermediates.noindex/DocketMate.build/Debug/DocketMate.build/Objects-normal/arm64/DocketMate-OutputFileMap.json -use-frontend-parseable-output -save-temps -no-color-diagnostics -serialize-diagnostics -emit-dependencies -emit-module -emit-module-path /Users/bernhardbudiono/Library/Developer/Xcode/DerivedData/DocketMate-byvgusblcyxnychfhbzkzpzflrgz/Build/Intermediates.noindex/DocketMate.build/Debug/DocketMate.build/Objects-normal/arm64/DocketMate.swiftmodule -validate-clang-modules-once -clang-build-session-file /Users/bernhardbudiono/Library/Developer/Xcode/DerivedData/ModuleCache.noindex/Session.modulevalidation -Xcc -I/Users/bernhardbudiono/Library/Developer/Xcode/DerivedData/DocketMate-byvgusblcyxnychfhbzkzpzflrgz/Build/Intermediates.noindex/DocketMate.build/Debug/DocketMate.build/swift-overrides.hmap -emit-const-values -Xfrontend -const-gather-protocols-file -Xfrontend /Users/bernhardbudiono/Library/Developer/Xcode/DerivedData/DocketMate-byvgusblcyxnychfhbzkzpzflrgz/Build/Intermediates.noindex/DocketMate.build/Debug/DocketMate.build/Objects-normal/arm64/DocketMate_const_extract_protocols.json -Xcc -iquote -Xcc /Users/bernhardbudiono/Library/Developer/Xcode/DerivedData/DocketMate-byvgusblcyxnychfhbzkzpzflrgz/Build/Intermediates.noindex/DocketMate.build/Debug/DocketMate.build/DocketMate-generated-files.hmap -Xcc -I/Users/bernhardbudiono/Library/Developer/Xcode/DerivedData/DocketMate-byvgusblcyxnychfhbzkzpzflrgz/Build/Intermediates.noindex/DocketMate.build/Debug/DocketMate.build/DocketMate-own-target-headers.hmap -Xcc -I/Users/bernhardbudiono/Library/Developer/Xcode/DerivedData/DocketMate-byvgusblcyxnychfhbzkzpzflrgz/Build/Intermediates.noindex/DocketMate.build/Debug/DocketMate.build/DocketMate-all-target-headers.hmap -Xcc -iquote -Xcc /Users/bernhardbudiono/Library/Developer/Xcode/DerivedData/DocketMate-byvgusblcyxnychfhbzkzpzflrgz/Build/Intermediates.noindex/DocketMate.build/Debug/DocketMate.build/DocketMate-project-headers.hmap -Xcc -I/Users/bernhardbudiono/Library/Developer/Xcode/DerivedData/DocketMate-byvgusblcyxnychfhbzkzpzflrgz/Build/Products/Debug/include -Xcc -I/Users/bernhardbudiono/Library/Developer/Xcode/DerivedData/DocketMate-byvgusblcyxnychfhbzkzpzflrgz/Build/Intermediates.noindex/DocketMate.build/Debug/DocketMate.build/DerivedSources-normal/arm64 -Xcc -I/Users/bernhardbudiono/Library/Developer/Xcode/DerivedData/DocketMate-byvgusblcyxnychfhbzkzpzflrgz/Build/Intermediates.noindex/DocketMate.build/Debug/DocketMate.build/DerivedSources/arm64 -Xcc -I/Users/bernhardbudiono/Library/Developer/Xcode/DerivedData/DocketMate-byvgusblcyxnychfhbzkzpzflrgz/Build/Intermediates.noindex/DocketMate.build/Debug/DocketMate.build/DerivedSources -Xcc -DDEBUG\=1 -emit-objc-header -emit-objc-header-path /Users/bernhardbudiono/Library/Developer/Xcode/DerivedData/DocketMate-byvgusblcyxnychfhbzkzpzflrgz/Build/Intermediates.noindex/DocketMate.build/Debug/DocketMate.build/Objects-normal/arm64/DocketMate-Swift.h -working-directory /Users/bernhardbudiono/Library/CloudStorage/Dropbox/_Documents\ -\ Apps\ \(Working\)/repos_github/Working/repo_docketmate/_macOS/DocketMate -experimental-emit-module-separately -disable-cmo

Ld /Users/bernhardbudiono/Library/Developer/Xcode/DerivedData/DocketMate-byvgusblcyxnychfhbzkzpzflrgz/Build/Products/Debug/DocketMate.app/Contents/MacOS/DocketMate.debug.dylib normal (in target 'DocketMate' from project 'DocketMate')
    cd /Users/bernhardbudiono/Library/CloudStorage/Dropbox/_Documents\ -\ Apps\ \(Working\)/repos_github/Working/repo_docketmate/_macOS/DocketMate
    /Applications/Xcode.app/Contents/Developer/Toolchains/XcodeDefault.xctoolchain/usr/bin/clang -Xlinker -reproducible -target arm64-apple-macos13.5 -dynamiclib -isysroot /Applications/Xcode.app/Contents/Developer/Platforms/MacOSX.platform/Developer/SDKs/MacOSX15.4.sdk -O0 -L/Users/bernhardbudiono/Library/Developer/Xcode/DerivedData/DocketMate-byvgusblcyxnychfhbzkzpzflrgz/Build/Intermediates.noindex/EagerLinkingTBDs/Debug -L/Users/bernhardbudiono/Library/Developer/Xcode/DerivedData/DocketMate-byvgusblcyxnychfhbzkzpzflrgz/Build/Products/Debug -F/Users/bernhardbudiono/Library/Developer/Xcode/DerivedData/DocketMate-byvgusblcyxnychfhbzkzpzflrgz/Build/Intermediates.noindex/EagerLinkingTBDs/Debug -F/Users/bernhardbudiono/Library/Developer/Xcode/DerivedData/DocketMate-byvgusblcyxnychfhbzkzpzflrgz/Build/Products/Debug -filelist /Users/bernhardbudiono/Library/Developer/Xcode/DerivedData/DocketMate-byvgusblcyxnychfhbzkzpzflrgz/Build/Intermediates.noindex/DocketMate.build/Debug/DocketMate.build/Objects-normal/arm64/DocketMate.LinkFileList -install_name @rpath/DocketMate.debug.dylib -Xlinker -rpath -Xlinker @executable_path/../Frameworks -Xlinker -object_path_lto -Xlinker /Users/bernhardbudiono/Library/Developer/Xcode/DerivedData/DocketMate-byvgusblcyxnychfhbzkzpzflrgz/Build/Intermediates.noindex/DocketMate.build/Debug/DocketMate.build/Objects-normal/arm64/DocketMate_lto.o -rdynamic -Xlinker -no_deduplicate -Xlinker -dependency_info -Xlinker /Users/bernhardbudiono/Library/Developer/Xcode/DerivedData/DocketMate-byvgusblcyxnychfhbzkzpzflrgz/Build/Intermediates.noindex/DocketMate.build/Debug/DocketMate.build/Objects-normal/arm64/DocketMate_dependency_info.dat -fobjc-link-runtime -L/Applications/Xcode.app/Contents/Developer/Toolchains/XcodeDefault.xctoolchain/usr/lib/swift/macosx -L/usr/lib/swift -Xlinker -add_ast_path -Xlinker /Users/bernhardbudiono/Library/Developer/Xcode/DerivedData/DocketMate-byvgusblcyxnychfhbzkzpzflrgz/Build/Intermediates.noindex/DocketMate.build/Debug/DocketMate.build/Objects-normal/arm64/DocketMate.swiftmodule -Xlinker -alias -Xlinker _main -Xlinker ___debug_main_executable_dylib_entry_point -Xlinker -no_adhoc_codesign -o /Users/bernhardbudiono/Library/Developer/Xcode/DerivedData/DocketMate-byvgusblcyxnychfhbzkzpzflrgz/Build/Products/Debug/DocketMate.app/Contents/MacOS/DocketMate.debug.dylib

ConstructStubExecutorLinkFileList /Users/bernhardbudiono/Library/Developer/Xcode/DerivedData/DocketMate-byvgusblcyxnychfhbzkzpzflrgz/Build/Intermediates.noindex/DocketMate.build/Debug/DocketMate.build/DocketMate-ExecutorLinkFileList-normal-arm64.txt (in target 'DocketMate' from project 'DocketMate')
    cd /Users/bernhardbudiono/Library/CloudStorage/Dropbox/_Documents\ -\ Apps\ \(Working\)/repos_github/Working/repo_docketmate/_macOS/DocketMate
    construct-stub-executor-link-file-list /Users/bernhardbudiono/Library/Developer/Xcode/DerivedData/DocketMate-byvgusblcyxnychfhbzkzpzflrgz/Build/Products/Debug/DocketMate.app/Contents/MacOS/DocketMate.debug.dylib /Applications/Xcode.app/Contents/Developer/Platforms/MacOSX.platform/Developer/usr/lib/libPreviewsJITStubExecutor_no_swift_entry_point.a /Applications/Xcode.app/Contents/Developer/Platforms/MacOSX.platform/Developer/usr/lib/libPreviewsJITStubExecutor.a --output /Users/bernhardbudiono/Library/Developer/Xcode/DerivedData/DocketMate-byvgusblcyxnychfhbzkzpzflrgz/Build/Intermediates.noindex/DocketMate.build/Debug/DocketMate.build/DocketMate-ExecutorLinkFileList-normal-arm64.txt
note: Using stub executor library with Swift entry point. (in target 'DocketMate' from project 'DocketMate')

Ld /Users/bernhardbudiono/Library/Developer/Xcode/DerivedData/DocketMate-byvgusblcyxnychfhbzkzpzflrgz/Build/Products/Debug/DocketMate.app/Contents/MacOS/DocketMate normal (in target 'DocketMate' from project 'DocketMate')
    cd /Users/bernhardbudiono/Library/CloudStorage/Dropbox/_Documents\ -\ Apps\ \(Working\)/repos_github/Working/repo_docketmate/_macOS/DocketMate
    /Applications/Xcode.app/Contents/Developer/Toolchains/XcodeDefault.xctoolchain/usr/bin/clang -Xlinker -reproducible -target arm64-apple-macos13.5 -isysroot /Applications/Xcode.app/Contents/Developer/Platforms/MacOSX.platform/Developer/SDKs/MacOSX15.4.sdk -O0 -L/Users/bernhardbudiono/Library/Developer/Xcode/DerivedData/DocketMate-byvgusblcyxnychfhbzkzpzflrgz/Build/Products/Debug -F/Users/bernhardbudiono/Library/Developer/Xcode/DerivedData/DocketMate-byvgusblcyxnychfhbzkzpzflrgz/Build/Products/Debug -Xlinker -rpath -Xlinker @executable_path -Xlinker -rpath -Xlinker @executable_path/../Frameworks -rdynamic -Xlinker -no_deduplicate -e ___debug_blank_executor_main -Xlinker -sectcreate -Xlinker __TEXT -Xlinker __debug_dylib -Xlinker /Users/bernhardbudiono/Library/Developer/Xcode/DerivedData/DocketMate-byvgusblcyxnychfhbzkzpzflrgz/Build/Intermediates.noindex/DocketMate.build/Debug/DocketMate.build/DocketMate-DebugDylibPath-normal-arm64.txt -Xlinker -sectcreate -Xlinker __TEXT -Xlinker __debug_instlnm -Xlinker /Users/bernhardbudiono/Library/Developer/Xcode/DerivedData/DocketMate-byvgusblcyxnychfhbzkzpzflrgz/Build/Intermediates.noindex/DocketMate.build/Debug/DocketMate.build/DocketMate-DebugDylibInstallName-normal-arm64.txt -Xlinker -filelist -Xlinker /Users/bernhardbudiono/Library/Developer/Xcode/DerivedData/DocketMate-byvgusblcyxnychfhbzkzpzflrgz/Build/Intermediates.noindex/DocketMate.build/Debug/DocketMate.build/DocketMate-ExecutorLinkFileList-normal-arm64.txt /Users/bernhardbudiono/Library/Developer/Xcode/DerivedData/DocketMate-byvgusblcyxnychfhbzkzpzflrgz/Build/Products/Debug/DocketMate.app/Contents/MacOS/DocketMate.debug.dylib -Xlinker -no_adhoc_codesign -o /Users/bernhardbudiono/Library/Developer/Xcode/DerivedData/DocketMate-byvgusblcyxnychfhbzkzpzflrgz/Build/Products/Debug/DocketMate.app/Contents/MacOS/DocketMate

CopySwiftLibs /Users/bernhardbudiono/Library/Developer/Xcode/DerivedData/DocketMate-byvgusblcyxnychfhbzkzpzflrgz/Build/Products/Debug/DocketMate.app (in target 'DocketMate' from project 'DocketMate')
    cd /Users/bernhardbudiono/Library/CloudStorage/Dropbox/_Documents\ -\ Apps\ \(Working\)/repos_github/Working/repo_docketmate/_macOS/DocketMate
    builtin-swiftStdLibTool --copy --verbose --sign A8828E2953E86E04487E6F43ED714CC07A4C1525 --scan-executable /Users/bernhardbudiono/Library/Developer/Xcode/DerivedData/DocketMate-byvgusblcyxnychfhbzkzpzflrgz/Build/Products/Debug/DocketMate.app/Contents/MacOS/DocketMate.debug.dylib --scan-folder /Users/bernhardbudiono/Library/Developer/Xcode/DerivedData/DocketMate-byvgusblcyxnychfhbzkzpzflrgz/Build/Products/Debug/DocketMate.app/Contents/Frameworks --scan-folder /Users/bernhardbudiono/Library/Developer/Xcode/DerivedData/DocketMate-byvgusblcyxnychfhbzkzpzflrgz/Build/Products/Debug/DocketMate.app/Contents/PlugIns --scan-folder /Users/bernhardbudiono/Library/Developer/Xcode/DerivedData/DocketMate-byvgusblcyxnychfhbzkzpzflrgz/Build/Products/Debug/DocketMate.app/Contents/Library/SystemExtensions --scan-folder /Users/bernhardbudiono/Library/Developer/Xcode/DerivedData/DocketMate-byvgusblcyxnychfhbzkzpzflrgz/Build/Products/Debug/DocketMate.app/Contents/Extensions --platform macosx --toolchain /Applications/Xcode.app/Contents/Developer/Toolchains/XcodeDefault.xctoolchain --destination /Users/bernhardbudiono/Library/Developer/Xcode/DerivedData/DocketMate-byvgusblcyxnychfhbzkzpzflrgz/Build/Products/Debug/DocketMate.app/Contents/Frameworks --strip-bitcode --strip-bitcode-tool /Applications/Xcode.app/Contents/Developer/Toolchains/XcodeDefault.xctoolchain/usr/bin/bitcode_strip --emit-dependency-info /Users/bernhardbudiono/Library/Developer/Xcode/DerivedData/DocketMate-byvgusblcyxnychfhbzkzpzflrgz/Build/Intermediates.noindex/DocketMate.build/Debug/DocketMate.build/SwiftStdLibToolInputDependencies.dep --filter-for-swift-os

ExtractAppIntentsMetadata (in target 'DocketMate' from project 'DocketMate')
    cd /Users/bernhardbudiono/Library/CloudStorage/Dropbox/_Documents\ -\ Apps\ \(Working\)/repos_github/Working/repo_docketmate/_macOS/DocketMate
    /Applications/Xcode.app/Contents/Developer/Toolchains/XcodeDefault.xctoolchain/usr/bin/appintentsmetadataprocessor --toolchain-dir /Applications/Xcode.app/Contents/Developer/Toolchains/XcodeDefault.xctoolchain --module-name DocketMate --sdk-root /Applications/Xcode.app/Contents/Developer/Platforms/MacOSX.platform/Developer/SDKs/MacOSX15.4.sdk --xcode-version 16E140 --platform-family macOS --deployment-target 13.5 --bundle-identifier com.products.DocketMate --output /Users/bernhardbudiono/Library/Developer/Xcode/DerivedData/DocketMate-byvgusblcyxnychfhbzkzpzflrgz/Build/Products/Debug/DocketMate.app/Contents/Resources --target-triple arm64-apple-macos13.5 --binary-file /Users/bernhardbudiono/Library/Developer/Xcode/DerivedData/DocketMate-byvgusblcyxnychfhbzkzpzflrgz/Build/Products/Debug/DocketMate.app/Contents/MacOS/DocketMate --dependency-file /Users/bernhardbudiono/Library/Developer/Xcode/DerivedData/DocketMate-byvgusblcyxnychfhbzkzpzflrgz/Build/Intermediates.noindex/DocketMate.build/Debug/DocketMate.build/Objects-normal/arm64/DocketMate_dependency_info.dat --stringsdata-file /Users/bernhardbudiono/Library/Developer/Xcode/DerivedData/DocketMate-byvgusblcyxnychfhbzkzpzflrgz/Build/Intermediates.noindex/DocketMate.build/Debug/DocketMate.build/Objects-normal/arm64/ExtractedAppShortcutsMetadata.stringsdata --source-file-list /Users/bernhardbudiono/Library/Developer/Xcode/DerivedData/DocketMate-byvgusblcyxnychfhbzkzpzflrgz/Build/Intermediates.noindex/DocketMate.build/Debug/DocketMate.build/Objects-normal/arm64/DocketMate.SwiftFileList --metadata-file-list /Users/bernhardbudiono/Library/Developer/Xcode/DerivedData/DocketMate-byvgusblcyxnychfhbzkzpzflrgz/Build/Intermediates.noindex/DocketMate.build/Debug/DocketMate.build/DocketMate.DependencyMetadataFileList --static-metadata-file-list /Users/bernhardbudiono/Library/Developer/Xcode/DerivedData/DocketMate-byvgusblcyxnychfhbzkzpzflrgz/Build/Intermediates.noindex/DocketMate.build/Debug/DocketMate.build/DocketMate.DependencyStaticMetadataFileList --swift-const-vals-list /Users/bernhardbudiono/Library/Developer/Xcode/DerivedData/DocketMate-byvgusblcyxnychfhbzkzpzflrgz/Build/Intermediates.noindex/DocketMate.build/Debug/DocketMate.build/Objects-normal/arm64/DocketMate.SwiftConstValuesFileList --compile-time-extraction --deployment-aware-processing --validate-assistant-intents --no-app-shortcuts-localization
2025-05-20 13:23:12.370 appintentsmetadataprocessor[46340:11301653] Starting appintentsmetadataprocessor export
2025-05-20 13:23:12.371 appintentsmetadataprocessor[46340:11301653] warning: Metadata extraction skipped. No AppIntents.framework dependency found.

CodeSign /Users/bernhardbudiono/Library/Developer/Xcode/DerivedData/DocketMate-byvgusblcyxnychfhbzkzpzflrgz/Build/Products/Debug/DocketMate.app/Contents/MacOS/DocketMate.debug.dylib (in target 'DocketMate' from project 'DocketMate')
    cd /Users/bernhardbudiono/Library/CloudStorage/Dropbox/_Documents\ -\ Apps\ \(Working\)/repos_github/Working/repo_docketmate/_macOS/DocketMate
    
    Signing Identity:     "Apple Development: BERNHARD JOSHUA BUDIONO (ZK86L2658W)"
    
    /usr/bin/codesign --force --sign A8828E2953E86E04487E6F43ED714CC07A4C1525 --timestamp\=none --generate-entitlement-der /Users/bernhardbudiono/Library/Developer/Xcode/DerivedData/DocketMate-byvgusblcyxnychfhbzkzpzflrgz/Build/Products/Debug/DocketMate.app/Contents/MacOS/DocketMate.debug.dylib

CodeSign /Users/bernhardbudiono/Library/Developer/Xcode/DerivedData/DocketMate-byvgusblcyxnychfhbzkzpzflrgz/Build/Products/Debug/DocketMate.app/Contents/MacOS/__preview.dylib (in target 'DocketMate' from project 'DocketMate')
    cd /Users/bernhardbudiono/Library/CloudStorage/Dropbox/_Documents\ -\ Apps\ \(Working\)/repos_github/Working/repo_docketmate/_macOS/DocketMate
    
    Signing Identity:     "Apple Development: BERNHARD JOSHUA BUDIONO (ZK86L2658W)"
    
    /usr/bin/codesign --force --sign A8828E2953E86E04487E6F43ED714CC07A4C1525 --timestamp\=none --generate-entitlement-der /Users/bernhardbudiono/Library/Developer/Xcode/DerivedData/DocketMate-byvgusblcyxnychfhbzkzpzflrgz/Build/Products/Debug/DocketMate.app/Contents/MacOS/__preview.dylib

CodeSign /Users/bernhardbudiono/Library/Developer/Xcode/DerivedData/DocketMate-byvgusblcyxnychfhbzkzpzflrgz/Build/Products/Debug/DocketMate.app (in target 'DocketMate' from project 'DocketMate')
    cd /Users/bernhardbudiono/Library/CloudStorage/Dropbox/_Documents\ -\ Apps\ \(Working\)/repos_github/Working/repo_docketmate/_macOS/DocketMate
    
    Signing Identity:     "Apple Development: BERNHARD JOSHUA BUDIONO (ZK86L2658W)"
    
    /usr/bin/codesign --force --sign A8828E2953E86E04487E6F43ED714CC07A4C1525 --entitlements /Users/bernhardbudiono/Library/Developer/Xcode/DerivedData/DocketMate-byvgusblcyxnychfhbzkzpzflrgz/Build/Intermediates.noindex/DocketMate.build/Debug/DocketMate.build/DocketMate.app.xcent --timestamp\=none --generate-entitlement-der /Users/bernhardbudiono/Library/Developer/Xcode/DerivedData/DocketMate-byvgusblcyxnychfhbzkzpzflrgz/Build/Products/Debug/DocketMate.app

RegisterExecutionPolicyException /Users/bernhardbudiono/Library/Developer/Xcode/DerivedData/DocketMate-byvgusblcyxnychfhbzkzpzflrgz/Build/Products/Debug/DocketMate.app (in target 'DocketMate' from project 'DocketMate')
    cd /Users/bernhardbudiono/Library/CloudStorage/Dropbox/_Documents\ -\ Apps\ \(Working\)/repos_github/Working/repo_docketmate/_macOS/DocketMate
    builtin-RegisterExecutionPolicyException /Users/bernhardbudiono/Library/Developer/Xcode/DerivedData/DocketMate-byvgusblcyxnychfhbzkzpzflrgz/Build/Products/Debug/DocketMate.app

Validate /Users/bernhardbudiono/Library/Developer/Xcode/DerivedData/DocketMate-byvgusblcyxnychfhbzkzpzflrgz/Build/Products/Debug/DocketMate.app (in target 'DocketMate' from project 'DocketMate')
    cd /Users/bernhardbudiono/Library/CloudStorage/Dropbox/_Documents\ -\ Apps\ \(Working\)/repos_github/Working/repo_docketmate/_macOS/DocketMate
    builtin-validationUtility /Users/bernhardbudiono/Library/Developer/Xcode/DerivedData/DocketMate-byvgusblcyxnychfhbzkzpzflrgz/Build/Products/Debug/DocketMate.app -no-validate-extension -infoplist-subpath Contents/Info.plist

Touch /Users/bernhardbudiono/Library/Developer/Xcode/DerivedData/DocketMate-byvgusblcyxnychfhbzkzpzflrgz/Build/Products/Debug/DocketMate.app (in target 'DocketMate' from project 'DocketMate')
    cd /Users/bernhardbudiono/Library/CloudStorage/Dropbox/_Documents\ -\ Apps\ \(Working\)/repos_github/Working/repo_docketmate/_macOS/DocketMate
    /usr/bin/touch -c /Users/bernhardbudiono/Library/Developer/Xcode/DerivedData/DocketMate-byvgusblcyxnychfhbzkzpzflrgz/Build/Products/Debug/DocketMate.app

RegisterWithLaunchServices /Users/bernhardbudiono/Library/Developer/Xcode/DerivedData/DocketMate-byvgusblcyxnychfhbzkzpzflrgz/Build/Products/Debug/DocketMate.app (in target 'DocketMate' from project 'DocketMate')
    cd /Users/bernhardbudiono/Library/CloudStorage/Dropbox/_Documents\ -\ Apps\ \(Working\)/repos_github/Working/repo_docketmate/_macOS/DocketMate
    /System/Library/Frameworks/CoreServices.framework/Versions/Current/Frameworks/LaunchServices.framework/Versions/Current/Support/lsregister -f -R -trusted /Users/bernhardbudiono/Library/Developer/Xcode/DerivedData/DocketMate-byvgusblcyxnychfhbzkzpzflrgz/Build/Products/Debug/DocketMate.app

** BUILD SUCCEEDED **

[2025-05-20T13:23:12] Build completed.
[2025-05-20T13:23:12] SwiftUI app creation and build verification complete for production.
