[2025-05-20T13:21:54] Starting buildable SwiftUI app creation for production at /Users/bernhardbudiono/Library/CloudStorage/Dropbox/_Documents - Apps (Working)/repos_github/Working/repo_docketmate/_macOS/DocketMate
[2025-05-20T13:21:54] Created DocketMateApp.swift
[2025-05-20T13:21:54] Created ContentView.swift
[2025-05-20T13:21:54] Creating Xcode project: DocketMate.xcodeproj
[2025-05-20T13:21:54] Generated Xcode project with xcodegen.
[2025-05-20T13:21:54] [TECHNICAL DEBT] Expected scheme 'docketmate' not found. Available schemes: DocketMate.
[2025-05-20T13:21:54] [TECHNICAL DEBT] Using fallback scheme: DocketMate. Please review xcodegen config for naming consistency.
[2025-05-20T13:21:54] Building app with xcodebuild (scheme: DocketMate)...
Command line invocation:
    /Applications/Xcode.app/Contents/Developer/usr/bin/xcodebuild -project "/Users/bernhardbudiono/Library/CloudStorage/Dropbox/_Documents - Apps (Working)/repos_github/Working/repo_docketmate/_macOS/DocketMate/DocketMate.xcodeproj" -scheme DocketMate -configuration Debug clean build

ComputePackagePrebuildTargetDependencyGraph

CreateBuildRequest

SendProjectDescription

CreateBuildOperation

** CLEAN SUCCEEDED **

ComputePackagePrebuildTargetDependencyGraph

Prepare packages

CreateBuildRequest

SendProjectDescription

CreateBuildOperation

ComputeTargetDependencyGraph
note: Building targets in dependency order
note: Target dependency graph (1 target)
    Target 'DocketMate' in project 'DocketMate' (no dependencies)

GatherProvisioningInputs

CreateBuildDescription

ExecuteExternalTool /Applications/Xcode.app/Contents/Developer/Toolchains/XcodeDefault.xctoolchain/usr/bin/clang -v -E -dM -isysroot /Applications/Xcode.app/Contents/Developer/Platforms/MacOSX.platform/Developer/SDKs/MacOSX15.4.sdk -x c -c /dev/null

ExecuteExternalTool /Applications/Xcode.app/Contents/Developer/Toolchains/XcodeDefault.xctoolchain/usr/bin/swiftc --version

ExecuteExternalTool /Applications/Xcode.app/Contents/Developer/Toolchains/XcodeDefault.xctoolchain/usr/bin/ld -version_details

Build description signature: 417bf19d3177efdc5f576f8e726a9a09
Build description path: /Users/bernhardbudiono/Library/Developer/Xcode/DerivedData/DocketMate-byvgusblcyxnychfhbzkzpzflrgz/Build/Intermediates.noindex/XCBuildData/417bf19d3177efdc5f576f8e726a9a09.xcbuilddata
ClangStatCache /Applications/Xcode.app/Contents/Developer/Toolchains/XcodeDefault.xctoolchain/usr/bin/clang-stat-cache /Applications/Xcode.app/Contents/Developer/Platforms/MacOSX.platform/Developer/SDKs/MacOSX15.4.sdk /Users/bernhardbudiono/Library/Developer/Xcode/DerivedData/SDKStatCaches.noindex/macosx15.4-24E241-88b860576fb364319593bd8fb30666b0.sdkstatcache
    cd /Users/bernhardbudiono/Library/CloudStorage/Dropbox/_Documents\ -\ Apps\ \(Working\)/repos_github/Working/repo_docketmate/_macOS/DocketMate/DocketMate.xcodeproj
    /Applications/Xcode.app/Contents/Developer/Toolchains/XcodeDefault.xctoolchain/usr/bin/clang-stat-cache /Applications/Xcode.app/Contents/Developer/Platforms/MacOSX.platform/Developer/SDKs/MacOSX15.4.sdk -o /Users/bernhardbudiono/Library/Developer/Xcode/DerivedData/SDKStatCaches.noindex/macosx15.4-24E241-88b860576fb364319593bd8fb30666b0.sdkstatcache

CreateBuildDirectory /Users/bernhardbudiono/Library/Developer/Xcode/DerivedData/DocketMate-byvgusblcyxnychfhbzkzpzflrgz/Build/Products
    cd /Users/bernhardbudiono/Library/CloudStorage/Dropbox/_Documents\ -\ Apps\ \(Working\)/repos_github/Working/repo_docketmate/_macOS/DocketMate/DocketMate.xcodeproj
    builtin-create-build-directory /Users/bernhardbudiono/Library/Developer/Xcode/DerivedData/DocketMate-byvgusblcyxnychfhbzkzpzflrgz/Build/Products

CreateBuildDirectory /Users/bernhardbudiono/Library/Developer/Xcode/DerivedData/DocketMate-byvgusblcyxnychfhbzkzpzflrgz/Build/Intermediates.noindex
    cd /Users/bernhardbudiono/Library/CloudStorage/Dropbox/_Documents\ -\ Apps\ \(Working\)/repos_github/Working/repo_docketmate/_macOS/DocketMate/DocketMate.xcodeproj
    builtin-create-build-directory /Users/bernhardbudiono/Library/Developer/Xcode/DerivedData/DocketMate-byvgusblcyxnychfhbzkzpzflrgz/Build/Intermediates.noindex

CreateBuildDirectory /Users/bernhardbudiono/Library/Developer/Xcode/DerivedData/DocketMate-byvgusblcyxnychfhbzkzpzflrgz/Build/Intermediates.noindex/EagerLinkingTBDs/Debug
    cd /Users/bernhardbudiono/Library/CloudStorage/Dropbox/_Documents\ -\ Apps\ \(Working\)/repos_github/Working/repo_docketmate/_macOS/DocketMate/DocketMate.xcodeproj
    builtin-create-build-directory /Users/bernhardbudiono/Library/Developer/Xcode/DerivedData/DocketMate-byvgusblcyxnychfhbzkzpzflrgz/Build/Intermediates.noindex/EagerLinkingTBDs/Debug

CreateBuildDirectory /Users/bernhardbudiono/Library/Developer/Xcode/DerivedData/DocketMate-byvgusblcyxnychfhbzkzpzflrgz/Build/Products/Debug
    cd /Users/bernhardbudiono/Library/CloudStorage/Dropbox/_Documents\ -\ Apps\ \(Working\)/repos_github/Working/repo_docketmate/_macOS/DocketMate/DocketMate.xcodeproj
    builtin-create-build-directory /Users/bernhardbudiono/Library/Developer/Xcode/DerivedData/DocketMate-byvgusblcyxnychfhbzkzpzflrgz/Build/Products/Debug

WriteAuxiliaryFile /Users/bernhardbudiono/Library/Developer/Xcode/DerivedData/DocketMate-byvgusblcyxnychfhbzkzpzflrgz/Build/Intermediates.noindex/DocketMate.build/Debug/DocketMate-8f9c91c36740e65c0fb0be117a540048-VFS/all-product-headers.yaml
    cd /Users/bernhardbudiono/Library/CloudStorage/Dropbox/_Documents\ -\ Apps\ \(Working\)/repos_github/Working/repo_docketmate/_macOS/DocketMate/DocketMate.xcodeproj
    write-file /Users/bernhardbudiono/Library/Developer/Xcode/DerivedData/DocketMate-byvgusblcyxnychfhbzkzpzflrgz/Build/Intermediates.noindex/DocketMate.build/Debug/DocketMate-8f9c91c36740e65c0fb0be117a540048-VFS/all-product-headers.yaml

WriteAuxiliaryFile /Users/bernhardbudiono/Library/Developer/Xcode/DerivedData/DocketMate-byvgusblcyxnychfhbzkzpzflrgz/Build/Intermediates.noindex/DocketMate.build/Debug/DocketMate.build/DocketMate-own-target-headers.hmap (in target 'DocketMate' from project 'DocketMate')
    cd /Users/bernhardbudiono/Library/CloudStorage/Dropbox/_Documents\ -\ Apps\ \(Working\)/repos_github/Working/repo_docketmate/_macOS/DocketMate
    write-file /Users/bernhardbudiono/Library/Developer/Xcode/DerivedData/DocketMate-byvgusblcyxnychfhbzkzpzflrgz/Build/Intermediates.noindex/DocketMate.build/Debug/DocketMate.build/DocketMate-own-target-headers.hmap

WriteAuxiliaryFile /Users/bernhardbudiono/Library/Developer/Xcode/DerivedData/DocketMate-byvgusblcyxnychfhbzkzpzflrgz/Build/Intermediates.noindex/DocketMate.build/Debug/DocketMate.build/DocketMate.hmap (in target 'DocketMate' from project 'DocketMate')
    cd /Users/bernhardbudiono/Library/CloudStorage/Dropbox/_Documents\ -\ Apps\ \(Working\)/repos_github/Working/repo_docketmate/_macOS/DocketMate
    write-file /Users/bernhardbudiono/Library/Developer/Xcode/DerivedData/DocketMate-byvgusblcyxnychfhbzkzpzflrgz/Build/Intermediates.noindex/DocketMate.build/Debug/DocketMate.build/DocketMate.hmap

WriteAuxiliaryFile /Users/bernhardbudiono/Library/Developer/Xcode/DerivedData/DocketMate-byvgusblcyxnychfhbzkzpzflrgz/Build/Intermediates.noindex/DocketMate.build/Debug/DocketMate.build/DocketMate-project-headers.hmap (in target 'DocketMate' from project 'DocketMate')
    cd /Users/bernhardbudiono/Library/CloudStorage/Dropbox/_Documents\ -\ Apps\ \(Working\)/repos_github/Working/repo_docketmate/_macOS/DocketMate
    write-file /Users/bernhardbudiono/Library/Developer/Xcode/DerivedData/DocketMate-byvgusblcyxnychfhbzkzpzflrgz/Build/Intermediates.noindex/DocketMate.build/Debug/DocketMate.build/DocketMate-project-headers.hmap

WriteAuxiliaryFile /Users/bernhardbudiono/Library/Developer/Xcode/DerivedData/DocketMate-byvgusblcyxnychfhbzkzpzflrgz/Build/Intermediates.noindex/DocketMate.build/Debug/DocketMate.build/DocketMate.DependencyStaticMetadataFileList (in target 'DocketMate' from project 'DocketMate')
    cd /Users/bernhardbudiono/Library/CloudStorage/Dropbox/_Documents\ -\ Apps\ \(Working\)/repos_github/Working/repo_docketmate/_macOS/DocketMate
    write-file /Users/bernhardbudiono/Library/Developer/Xcode/DerivedData/DocketMate-byvgusblcyxnychfhbzkzpzflrgz/Build/Intermediates.noindex/DocketMate.build/Debug/DocketMate.build/DocketMate.DependencyStaticMetadataFileList

WriteAuxiliaryFile /Users/bernhardbudiono/Library/Developer/Xcode/DerivedData/DocketMate-byvgusblcyxnychfhbzkzpzflrgz/Build/Intermediates.noindex/DocketMate.build/Debug/DocketMate.build/DocketMate.DependencyMetadataFileList (in target 'DocketMate' from project 'DocketMate')
    cd /Users/bernhardbudiono/Library/CloudStorage/Dropbox/_Documents\ -\ Apps\ \(Working\)/repos_github/Working/repo_docketmate/_macOS/DocketMate
    write-file /Users/bernhardbudiono/Library/Developer/Xcode/DerivedData/DocketMate-byvgusblcyxnychfhbzkzpzflrgz/Build/Intermediates.noindex/DocketMate.build/Debug/DocketMate.build/DocketMate.DependencyMetadataFileList

WriteAuxiliaryFile /Users/bernhardbudiono/Library/Developer/Xcode/DerivedData/DocketMate-byvgusblcyxnychfhbzkzpzflrgz/Build/Intermediates.noindex/DocketMate.build/Debug/DocketMate.build/DocketMate-generated-files.hmap (in target 'DocketMate' from project 'DocketMate')
    cd /Users/bernhardbudiono/Library/CloudStorage/Dropbox/_Documents\ -\ Apps\ \(Working\)/repos_github/Working/repo_docketmate/_macOS/DocketMate
    write-file /Users/bernhardbudiono/Library/Developer/Xcode/DerivedData/DocketMate-byvgusblcyxnychfhbzkzpzflrgz/Build/Intermediates.noindex/DocketMate.build/Debug/DocketMate.build/DocketMate-generated-files.hmap

WriteAuxiliaryFile /Users/bernhardbudiono/Library/Developer/Xcode/DerivedData/DocketMate-byvgusblcyxnychfhbzkzpzflrgz/Build/Intermediates.noindex/DocketMate.build/Debug/DocketMate.build/DocketMate-all-target-headers.hmap (in target 'DocketMate' from project 'DocketMate')
    cd /Users/bernhardbudiono/Library/CloudStorage/Dropbox/_Documents\ -\ Apps\ \(Working\)/repos_github/Working/repo_docketmate/_macOS/DocketMate
    write-file /Users/bernhardbudiono/Library/Developer/Xcode/DerivedData/DocketMate-byvgusblcyxnychfhbzkzpzflrgz/Build/Intermediates.noindex/DocketMate.build/Debug/DocketMate.build/DocketMate-all-target-headers.hmap

WriteAuxiliaryFile /Users/bernhardbudiono/Library/Developer/Xcode/DerivedData/DocketMate-byvgusblcyxnychfhbzkzpzflrgz/Build/Intermediates.noindex/DocketMate.build/Debug/DocketMate.build/DocketMate-all-non-framework-target-headers.hmap (in target 'DocketMate' from project 'DocketMate')
    cd /Users/bernhardbudiono/Library/CloudStorage/Dropbox/_Documents\ -\ Apps\ \(Working\)/repos_github/Working/repo_docketmate/_macOS/DocketMate
    write-file /Users/bernhardbudiono/Library/Developer/Xcode/DerivedData/DocketMate-byvgusblcyxnychfhbzkzpzflrgz/Build/Intermediates.noindex/DocketMate.build/Debug/DocketMate.build/DocketMate-all-non-framework-target-headers.hmap

WriteAuxiliaryFile /Users/bernhardbudiono/Library/Developer/Xcode/DerivedData/DocketMate-byvgusblcyxnychfhbzkzpzflrgz/Build/Intermediates.noindex/DocketMate.build/Debug/DocketMate.build/Objects-normal/arm64/DocketMate.SwiftConstValuesFileList (in target 'DocketMate' from project 'DocketMate')
    cd /Users/bernhardbudiono/Library/CloudStorage/Dropbox/_Documents\ -\ Apps\ \(Working\)/repos_github/Working/repo_docketmate/_macOS/DocketMate
    write-file /Users/bernhardbudiono/Library/Developer/Xcode/DerivedData/DocketMate-byvgusblcyxnychfhbzkzpzflrgz/Build/Intermediates.noindex/DocketMate.build/Debug/DocketMate.build/Objects-normal/arm64/DocketMate.SwiftConstValuesFileList

WriteAuxiliaryFile /Users/bernhardbudiono/Library/Developer/Xcode/DerivedData/DocketMate-byvgusblcyxnychfhbzkzpzflrgz/Build/Intermediates.noindex/DocketMate.build/Debug/DocketMate.build/DocketMate-DebugDylibPath-normal-arm64.txt (in target 'DocketMate' from project 'DocketMate')
    cd /Users/bernhardbudiono/Library/CloudStorage/Dropbox/_Documents\ -\ Apps\ \(Working\)/repos_github/Working/repo_docketmate/_macOS/DocketMate
    write-file /Users/bernhardbudiono/Library/Developer/Xcode/DerivedData/DocketMate-byvgusblcyxnychfhbzkzpzflrgz/Build/Intermediates.noindex/DocketMate.build/Debug/DocketMate.build/DocketMate-DebugDylibPath-normal-arm64.txt

WriteAuxiliaryFile /Users/bernhardbudiono/Library/Developer/Xcode/DerivedData/DocketMate-byvgusblcyxnychfhbzkzpzflrgz/Build/Intermediates.noindex/DocketMate.build/Debug/DocketMate.build/Objects-normal/arm64/DocketMate_const_extract_protocols.json (in target 'DocketMate' from project 'DocketMate')
    cd /Users/bernhardbudiono/Library/CloudStorage/Dropbox/_Documents\ -\ Apps\ \(Working\)/repos_github/Working/repo_docketmate/_macOS/DocketMate
    write-file /Users/bernhardbudiono/Library/Developer/Xcode/DerivedData/DocketMate-byvgusblcyxnychfhbzkzpzflrgz/Build/Intermediates.noindex/DocketMate.build/Debug/DocketMate.build/Objects-normal/arm64/DocketMate_const_extract_protocols.json

WriteAuxiliaryFile /Users/bernhardbudiono/Library/Developer/Xcode/DerivedData/DocketMate-byvgusblcyxnychfhbzkzpzflrgz/Build/Intermediates.noindex/DocketMate.build/Debug/DocketMate.build/DocketMate-DebugDylibInstallName-normal-arm64.txt (in target 'DocketMate' from project 'DocketMate')
    cd /Users/bernhardbudiono/Library/CloudStorage/Dropbox/_Documents\ -\ Apps\ \(Working\)/repos_github/Working/repo_docketmate/_macOS/DocketMate
    write-file /Users/bernhardbudiono/Library/Developer/Xcode/DerivedData/DocketMate-byvgusblcyxnychfhbzkzpzflrgz/Build/Intermediates.noindex/DocketMate.build/Debug/DocketMate.build/DocketMate-DebugDylibInstallName-normal-arm64.txt

WriteAuxiliaryFile /Users/bernhardbudiono/Library/Developer/Xcode/DerivedData/DocketMate-byvgusblcyxnychfhbzkzpzflrgz/Build/Intermediates.noindex/DocketMate.build/Debug/DocketMate.build/Objects-normal/arm64/DocketMate-OutputFileMap.json (in target 'DocketMate' from project 'DocketMate')
    cd /Users/bernhardbudiono/Library/CloudStorage/Dropbox/_Documents\ -\ Apps\ \(Working\)/repos_github/Working/repo_docketmate/_macOS/DocketMate
    write-file /Users/bernhardbudiono/Library/Developer/Xcode/DerivedData/DocketMate-byvgusblcyxnychfhbzkzpzflrgz/Build/Intermediates.noindex/DocketMate.build/Debug/DocketMate.build/Objects-normal/arm64/DocketMate-OutputFileMap.json

WriteAuxiliaryFile /Users/bernhardbudiono/Library/Developer/Xcode/DerivedData/DocketMate-byvgusblcyxnychfhbzkzpzflrgz/Build/Intermediates.noindex/DocketMate.build/Debug/DocketMate.build/Objects-normal/arm64/DocketMate.LinkFileList (in target 'DocketMate' from project 'DocketMate')
    cd /Users/bernhardbudiono/Library/CloudStorage/Dropbox/_Documents\ -\ Apps\ \(Working\)/repos_github/Working/repo_docketmate/_macOS/DocketMate
    write-file /Users/bernhardbudiono/Library/Developer/Xcode/DerivedData/DocketMate-byvgusblcyxnychfhbzkzpzflrgz/Build/Intermediates.noindex/DocketMate.build/Debug/DocketMate.build/Objects-normal/arm64/DocketMate.LinkFileList

WriteAuxiliaryFile /Users/bernhardbudiono/Library/Developer/Xcode/DerivedData/DocketMate-byvgusblcyxnychfhbzkzpzflrgz/Build/Intermediates.noindex/DocketMate.build/Debug/DocketMate.build/Objects-normal/arm64/DocketMate.SwiftFileList (in target 'DocketMate' from project 'DocketMate')
    cd /Users/bernhardbudiono/Library/CloudStorage/Dropbox/_Documents\ -\ Apps\ \(Working\)/repos_github/Working/repo_docketmate/_macOS/DocketMate
    write-file /Users/bernhardbudiono/Library/Developer/Xcode/DerivedData/DocketMate-byvgusblcyxnychfhbzkzpzflrgz/Build/Intermediates.noindex/DocketMate.build/Debug/DocketMate.build/Objects-normal/arm64/DocketMate.SwiftFileList

WriteAuxiliaryFile /Users/bernhardbudiono/Library/Developer/Xcode/DerivedData/DocketMate-byvgusblcyxnychfhbzkzpzflrgz/Build/Intermediates.noindex/DocketMate.build/Debug/DocketMate.build/DerivedSources/Entitlements.plist (in target 'DocketMate' from project 'DocketMate')
    cd /Users/bernhardbudiono/Library/CloudStorage/Dropbox/_Documents\ -\ Apps\ \(Working\)/repos_github/Working/repo_docketmate/_macOS/DocketMate
    write-file /Users/bernhardbudiono/Library/Developer/Xcode/DerivedData/DocketMate-byvgusblcyxnychfhbzkzpzflrgz/Build/Intermediates.noindex/DocketMate.build/Debug/DocketMate.build/DerivedSources/Entitlements.plist

MkDir /Users/bernhardbudiono/Library/Developer/Xcode/DerivedData/DocketMate-byvgusblcyxnychfhbzkzpzflrgz/Build/Products/Debug/DocketMate.app/Contents/MacOS (in target 'DocketMate' from project 'DocketMate')
    cd /Users/bernhardbudiono/Library/CloudStorage/Dropbox/_Documents\ -\ Apps\ \(Working\)/repos_github/Working/repo_docketmate/_macOS/DocketMate
    /bin/mkdir -p /Users/bernhardbudiono/Library/Developer/Xcode/DerivedData/DocketMate-byvgusblcyxnychfhbzkzpzflrgz/Build/Products/Debug/DocketMate.app/Contents/MacOS

MkDir /Users/bernhardbudiono/Library/Developer/Xcode/DerivedData/DocketMate-byvgusblcyxnychfhbzkzpzflrgz/Build/Products/Debug/DocketMate.app/Contents (in target 'DocketMate' from project 'DocketMate')
    cd /Users/bernhardbudiono/Library/CloudStorage/Dropbox/_Documents\ -\ Apps\ \(Working\)/repos_github/Working/repo_docketmate/_macOS/DocketMate
    /bin/mkdir -p /Users/bernhardbudiono/Library/Developer/Xcode/DerivedData/DocketMate-byvgusblcyxnychfhbzkzpzflrgz/Build/Products/Debug/DocketMate.app/Contents

MkDir /Users/bernhardbudiono/Library/Developer/Xcode/DerivedData/DocketMate-byvgusblcyxnychfhbzkzpzflrgz/Build/Products/Debug/DocketMate.app (in target 'DocketMate' from project 'DocketMate')
    cd /Users/bernhardbudiono/Library/CloudStorage/Dropbox/_Documents\ -\ Apps\ \(Working\)/repos_github/Working/repo_docketmate/_macOS/DocketMate
    /bin/mkdir -p /Users/bernhardbudiono/Library/Developer/Xcode/DerivedData/DocketMate-byvgusblcyxnychfhbzkzpzflrgz/Build/Products/Debug/DocketMate.app

ProcessProductPackaging "" /Users/bernhardbudiono/Library/Developer/Xcode/DerivedData/DocketMate-byvgusblcyxnychfhbzkzpzflrgz/Build/Intermediates.noindex/DocketMate.build/Debug/DocketMate.build/DocketMate.app.xcent (in target 'DocketMate' from project 'DocketMate')
    cd /Users/bernhardbudiono/Library/CloudStorage/Dropbox/_Documents\ -\ Apps\ \(Working\)/repos_github/Working/repo_docketmate/_macOS/DocketMate
    
    Entitlements:
    
    {
    "com.apple.security.get-task-allow" = 1;
}
    
    builtin-productPackagingUtility -entitlements -format xml -o /Users/bernhardbudiono/Library/Developer/Xcode/DerivedData/DocketMate-byvgusblcyxnychfhbzkzpzflrgz/Build/Intermediates.noindex/DocketMate.build/Debug/DocketMate.build/DocketMate.app.xcent

ProcessProductPackagingDER /Users/bernhardbudiono/Library/Developer/Xcode/DerivedData/DocketMate-byvgusblcyxnychfhbzkzpzflrgz/Build/Intermediates.noindex/DocketMate.build/Debug/DocketMate.build/DocketMate.app.xcent /Users/bernhardbudiono/Library/Developer/Xcode/DerivedData/DocketMate-byvgusblcyxnychfhbzkzpzflrgz/Build/Intermediates.noindex/DocketMate.build/Debug/DocketMate.build/DocketMate.app.xcent.der (in target 'DocketMate' from project 'DocketMate')
    cd /Users/bernhardbudiono/Library/CloudStorage/Dropbox/_Documents\ -\ Apps\ \(Working\)/repos_github/Working/repo_docketmate/_macOS/DocketMate
    /usr/bin/derq query -f xml -i /Users/bernhardbudiono/Library/Developer/Xcode/DerivedData/DocketMate-byvgusblcyxnychfhbzkzpzflrgz/Build/Intermediates.noindex/DocketMate.build/Debug/DocketMate.build/DocketMate.app.xcent -o /Users/bernhardbudiono/Library/Developer/Xcode/DerivedData/DocketMate-byvgusblcyxnychfhbzkzpzflrgz/Build/Intermediates.noindex/DocketMate.build/Debug/DocketMate.build/DocketMate.app.xcent.der --raw

Ld /Users/bernhardbudiono/Library/Developer/Xcode/DerivedData/DocketMate-byvgusblcyxnychfhbzkzpzflrgz/Build/Products/Debug/DocketMate.app/Contents/MacOS/__preview.dylib normal (in target 'DocketMate' from project 'DocketMate')
    cd /Users/bernhardbudiono/Library/CloudStorage/Dropbox/_Documents\ -\ Apps\ \(Working\)/repos_github/Working/repo_docketmate/_macOS/DocketMate
    /Applications/Xcode.app/Contents/Developer/Toolchains/XcodeDefault.xctoolchain/usr/bin/clang -Xlinker -reproducible -target arm64-apple-macos13.5 -dynamiclib -isysroot /Applications/Xcode.app/Contents/Developer/Platforms/MacOSX.platform/Developer/SDKs/MacOSX15.4.sdk -O0 -L/Users/bernhardbudiono/Library/Developer/Xcode/DerivedData/DocketMate-byvgusblcyxnychfhbzkzpzflrgz/Build/Products/Debug -F/Users/bernhardbudiono/Library/Developer/Xcode/DerivedData/DocketMate-byvgusblcyxnychfhbzkzpzflrgz/Build/Products/Debug -install_name @rpath/DocketMate.debug.dylib -rdynamic -Xlinker -no_deduplicate -Xlinker -dependency_info -Xlinker /Users/bernhardbudiono/Library/Developer/Xcode/DerivedData/DocketMate-byvgusblcyxnychfhbzkzpzflrgz/Build/Intermediates.noindex/DocketMate.build/Debug/DocketMate.build/Objects-normal/arm64/DocketMate_dependency_info.dat -Xlinker -no_adhoc_codesign -o /Users/bernhardbudiono/Library/Developer/Xcode/DerivedData/DocketMate-byvgusblcyxnychfhbzkzpzflrgz/Build/Products/Debug/DocketMate.app/Contents/MacOS/__preview.dylib

ProcessInfoPlistFile /Users/bernhardbudiono/Library/Developer/Xcode/DerivedData/DocketMate-byvgusblcyxnychfhbzkzpzflrgz/Build/Products/Debug/DocketMate.app/Contents/Info.plist /Users/bernhardbudiono/Library/CloudStorage/Dropbox/_Documents\ -\ Apps\ (Working)/repos_github/Working/repo_docketmate/_macOS/DocketMate/Resources/Info.plist (in target 'DocketMate' from project 'DocketMate')
    cd /Users/bernhardbudiono/Library/CloudStorage/Dropbox/_Documents\ -\ Apps\ \(Working\)/repos_github/Working/repo_docketmate/_macOS/DocketMate
    builtin-infoPlistUtility /Users/bernhardbudiono/Library/CloudStorage/Dropbox/_Documents\ -\ Apps\ \(Working\)/repos_github/Working/repo_docketmate/_macOS/DocketMate/Resources/Info.plist -producttype com.apple.product-type.application -genpkginfo /Users/bernhardbudiono/Library/Developer/Xcode/DerivedData/DocketMate-byvgusblcyxnychfhbzkzpzflrgz/Build/Products/Debug/DocketMate.app/Contents/PkgInfo -expandbuildsettings -platform macosx -o /Users/bernhardbudiono/Library/Developer/Xcode/DerivedData/DocketMate-byvgusblcyxnychfhbzkzpzflrgz/Build/Products/Debug/DocketMate.app/Contents/Info.plist
error: Build input file cannot be found: '/Users/bernhardbudiono/Library/CloudStorage/Dropbox/_Documents - Apps (Working)/repos_github/Working/repo_docketmate/_macOS/DocketMate/Resources/Info.plist'. Did you forget to declare this file as an output of a script phase or custom build rule which produces it? (in target 'DocketMate' from project 'DocketMate')

