[2025-05-20T13:22:26] Starting buildable SwiftUI app creation for production at /Users/bernhardbudiono/Library/CloudStorage/Dropbox/_Documents - Apps (Working)/repos_github/Working/repo_docketmate/_macOS/DocketMate
[2025-05-20T13:22:27] [TECHNICAL DEBT] Expected scheme 'docketmate' not found. Available schemes: DocketMate.
[2025-05-20T13:22:27] [TECHNICAL DEBT] Using fallback scheme: DocketMate. Please review xcodegen config for naming consistency.
[2025-05-20T13:22:27] Building app with xcodebuild (scheme: DocketMate)...
Command line invocation:
    /Applications/Xcode.app/Contents/Developer/usr/bin/xcodebuild -project "/Users/bernhardbudiono/Library/CloudStorage/Dropbox/_Documents - Apps (Working)/repos_github/Working/repo_docketmate/_macOS/DocketMate/DocketMate.xcodeproj" -scheme DocketMate -configuration Debug clean build

ComputePackagePrebuildTargetDependencyGraph

CreateBuildRequest

SendProjectDescription

CreateBuildOperation

** CLEAN SUCCEEDED **

ComputePackagePrebuildTargetDependencyGraph

Prepare packages

CreateBuildRequest

SendProjectDescription

CreateBuildOperation

ComputeTargetDependencyGraph
note: Building targets in dependency order
note: Target dependency graph (1 target)
    Target 'DocketMate' in project 'DocketMate' (no dependencies)

GatherProvisioningInputs

CreateBuildDescription

ExecuteExternalTool /Applications/Xcode.app/Contents/Developer/Toolchains/XcodeDefault.xctoolchain/usr/bin/clang -v -E -dM -isysroot /Applications/Xcode.app/Contents/Developer/Platforms/MacOSX.platform/Developer/SDKs/MacOSX15.4.sdk -x c -c /dev/null

ExecuteExternalTool /Applications/Xcode.app/Contents/Developer/Toolchains/XcodeDefault.xctoolchain/usr/bin/swiftc --version

ExecuteExternalTool /Applications/Xcode.app/Contents/Developer/Toolchains/XcodeDefault.xctoolchain/usr/bin/ld -version_details

Build description signature: 417bf19d3177efdc5f576f8e726a9a09
Build description path: /Users/bernhardbudiono/Library/Developer/Xcode/DerivedData/DocketMate-byvgusblcyxnychfhbzkzpzflrgz/Build/Intermediates.noindex/XCBuildData/417bf19d3177efdc5f576f8e726a9a09.xcbuilddata
ClangStatCache /Applications/Xcode.app/Contents/Developer/Toolchains/XcodeDefault.xctoolchain/usr/bin/clang-stat-cache /Applications/Xcode.app/Contents/Developer/Platforms/MacOSX.platform/Developer/SDKs/MacOSX15.4.sdk /Users/bernhardbudiono/Library/Developer/Xcode/DerivedData/SDKStatCaches.noindex/macosx15.4-24E241-88b860576fb364319593bd8fb30666b0.sdkstatcache
    cd /Users/bernhardbudiono/Library/CloudStorage/Dropbox/_Documents\ -\ Apps\ \(Working\)/repos_github/Working/repo_docketmate/_macOS/DocketMate/DocketMate.xcodeproj
    /Applications/Xcode.app/Contents/Developer/Toolchains/XcodeDefault.xctoolchain/usr/bin/clang-stat-cache /Applications/Xcode.app/Contents/Developer/Platforms/MacOSX.platform/Developer/SDKs/MacOSX15.4.sdk -o /Users/bernhardbudiono/Library/Developer/Xcode/DerivedData/SDKStatCaches.noindex/macosx15.4-24E241-88b860576fb364319593bd8fb30666b0.sdkstatcache

CreateBuildDirectory /Users/bernhardbudiono/Library/Developer/Xcode/DerivedData/DocketMate-byvgusblcyxnychfhbzkzpzflrgz/Build/Products
    cd /Users/bernhardbudiono/Library/CloudStorage/Dropbox/_Documents\ -\ Apps\ \(Working\)/repos_github/Working/repo_docketmate/_macOS/DocketMate/DocketMate.xcodeproj
    builtin-create-build-directory /Users/bernhardbudiono/Library/Developer/Xcode/DerivedData/DocketMate-byvgusblcyxnychfhbzkzpzflrgz/Build/Products

CreateBuildDirectory /Users/bernhardbudiono/Library/Developer/Xcode/DerivedData/DocketMate-byvgusblcyxnychfhbzkzpzflrgz/Build/Intermediates.noindex
    cd /Users/bernhardbudiono/Library/CloudStorage/Dropbox/_Documents\ -\ Apps\ \(Working\)/repos_github/Working/repo_docketmate/_macOS/DocketMate/DocketMate.xcodeproj
    builtin-create-build-directory /Users/bernhardbudiono/Library/Developer/Xcode/DerivedData/DocketMate-byvgusblcyxnychfhbzkzpzflrgz/Build/Intermediates.noindex

CreateBuildDirectory /Users/bernhardbudiono/Library/Developer/Xcode/DerivedData/DocketMate-byvgusblcyxnychfhbzkzpzflrgz/Build/Products/Debug
    cd /Users/bernhardbudiono/Library/CloudStorage/Dropbox/_Documents\ -\ Apps\ \(Working\)/repos_github/Working/repo_docketmate/_macOS/DocketMate/DocketMate.xcodeproj
    builtin-create-build-directory /Users/bernhardbudiono/Library/Developer/Xcode/DerivedData/DocketMate-byvgusblcyxnychfhbzkzpzflrgz/Build/Products/Debug

CreateBuildDirectory /Users/bernhardbudiono/Library/Developer/Xcode/DerivedData/DocketMate-byvgusblcyxnychfhbzkzpzflrgz/Build/Intermediates.noindex/EagerLinkingTBDs/Debug
    cd /Users/bernhardbudiono/Library/CloudStorage/Dropbox/_Documents\ -\ Apps\ \(Working\)/repos_github/Working/repo_docketmate/_macOS/DocketMate/DocketMate.xcodeproj
    builtin-create-build-directory /Users/bernhardbudiono/Library/Developer/Xcode/DerivedData/DocketMate-byvgusblcyxnychfhbzkzpzflrgz/Build/Intermediates.noindex/EagerLinkingTBDs/Debug

WriteAuxiliaryFile /Users/bernhardbudiono/Library/Developer/Xcode/DerivedData/DocketMate-byvgusblcyxnychfhbzkzpzflrgz/Build/Intermediates.noindex/DocketMate.build/Debug/DocketMate-8f9c91c36740e65c0fb0be117a540048-VFS/all-product-headers.yaml
    cd /Users/bernhardbudiono/Library/CloudStorage/Dropbox/_Documents\ -\ Apps\ \(Working\)/repos_github/Working/repo_docketmate/_macOS/DocketMate/DocketMate.xcodeproj
    write-file /Users/bernhardbudiono/Library/Developer/Xcode/DerivedData/DocketMate-byvgusblcyxnychfhbzkzpzflrgz/Build/Intermediates.noindex/DocketMate.build/Debug/DocketMate-8f9c91c36740e65c0fb0be117a540048-VFS/all-product-headers.yaml

WriteAuxiliaryFile /Users/bernhardbudiono/Library/Developer/Xcode/DerivedData/DocketMate-byvgusblcyxnychfhbzkzpzflrgz/Build/Intermediates.noindex/DocketMate.build/Debug/DocketMate.build/DocketMate-DebugDylibPath-normal-arm64.txt (in target 'DocketMate' from project 'DocketMate')
    cd /Users/bernhardbudiono/Library/CloudStorage/Dropbox/_Documents\ -\ Apps\ \(Working\)/repos_github/Working/repo_docketmate/_macOS/DocketMate
    write-file /Users/bernhardbudiono/Library/Developer/Xcode/DerivedData/DocketMate-byvgusblcyxnychfhbzkzpzflrgz/Build/Intermediates.noindex/DocketMate.build/Debug/DocketMate.build/DocketMate-DebugDylibPath-normal-arm64.txt

WriteAuxiliaryFile /Users/bernhardbudiono/Library/Developer/Xcode/DerivedData/DocketMate-byvgusblcyxnychfhbzkzpzflrgz/Build/Intermediates.noindex/DocketMate.build/Debug/DocketMate.build/DocketMate-all-non-framework-target-headers.hmap (in target 'DocketMate' from project 'DocketMate')
    cd /Users/bernhardbudiono/Library/CloudStorage/Dropbox/_Documents\ -\ Apps\ \(Working\)/repos_github/Working/repo_docketmate/_macOS/DocketMate
    write-file /Users/bernhardbudiono/Library/Developer/Xcode/DerivedData/DocketMate-byvgusblcyxnychfhbzkzpzflrgz/Build/Intermediates.noindex/DocketMate.build/Debug/DocketMate.build/DocketMate-all-non-framework-target-headers.hmap

WriteAuxiliaryFile /Users/bernhardbudiono/Library/Developer/Xcode/DerivedData/DocketMate-byvgusblcyxnychfhbzkzpzflrgz/Build/Intermediates.noindex/DocketMate.build/Debug/DocketMate.build/DocketMate-DebugDylibInstallName-normal-arm64.txt (in target 'DocketMate' from project 'DocketMate')
    cd /Users/bernhardbudiono/Library/CloudStorage/Dropbox/_Documents\ -\ Apps\ \(Working\)/repos_github/Working/repo_docketmate/_macOS/DocketMate
    write-file /Users/bernhardbudiono/Library/Developer/Xcode/DerivedData/DocketMate-byvgusblcyxnychfhbzkzpzflrgz/Build/Intermediates.noindex/DocketMate.build/Debug/DocketMate.build/DocketMate-DebugDylibInstallName-normal-arm64.txt

WriteAuxiliaryFile /Users/bernhardbudiono/Library/Developer/Xcode/DerivedData/DocketMate-byvgusblcyxnychfhbzkzpzflrgz/Build/Intermediates.noindex/DocketMate.build/Debug/DocketMate.build/DocketMate-all-target-headers.hmap (in target 'DocketMate' from project 'DocketMate')
    cd /Users/bernhardbudiono/Library/CloudStorage/Dropbox/_Documents\ -\ Apps\ \(Working\)/repos_github/Working/repo_docketmate/_macOS/DocketMate
    write-file /Users/bernhardbudiono/Library/Developer/Xcode/DerivedData/DocketMate-byvgusblcyxnychfhbzkzpzflrgz/Build/Intermediates.noindex/DocketMate.build/Debug/DocketMate.build/DocketMate-all-target-headers.hmap

WriteAuxiliaryFile /Users/bernhardbudiono/Library/Developer/Xcode/DerivedData/DocketMate-byvgusblcyxnychfhbzkzpzflrgz/Build/Intermediates.noindex/DocketMate.build/Debug/DocketMate.build/DocketMate.hmap (in target 'DocketMate' from project 'DocketMate')
    cd /Users/bernhardbudiono/Library/CloudStorage/Dropbox/_Documents\ -\ Apps\ \(Working\)/repos_github/Working/repo_docketmate/_macOS/DocketMate
    write-file /Users/bernhardbudiono/Library/Developer/Xcode/DerivedData/DocketMate-byvgusblcyxnychfhbzkzpzflrgz/Build/Intermediates.noindex/DocketMate.build/Debug/DocketMate.build/DocketMate.hmap

WriteAuxiliaryFile /Users/bernhardbudiono/Library/Developer/Xcode/DerivedData/DocketMate-byvgusblcyxnychfhbzkzpzflrgz/Build/Intermediates.noindex/DocketMate.build/Debug/DocketMate.build/DocketMate-own-target-headers.hmap (in target 'DocketMate' from project 'DocketMate')
    cd /Users/bernhardbudiono/Library/CloudStorage/Dropbox/_Documents\ -\ Apps\ \(Working\)/repos_github/Working/repo_docketmate/_macOS/DocketMate
    write-file /Users/bernhardbudiono/Library/Developer/Xcode/DerivedData/DocketMate-byvgusblcyxnychfhbzkzpzflrgz/Build/Intermediates.noindex/DocketMate.build/Debug/DocketMate.build/DocketMate-own-target-headers.hmap

WriteAuxiliaryFile /Users/bernhardbudiono/Library/Developer/Xcode/DerivedData/DocketMate-byvgusblcyxnychfhbzkzpzflrgz/Build/Intermediates.noindex/DocketMate.build/Debug/DocketMate.build/DocketMate.DependencyStaticMetadataFileList (in target 'DocketMate' from project 'DocketMate')
    cd /Users/bernhardbudiono/Library/CloudStorage/Dropbox/_Documents\ -\ Apps\ \(Working\)/repos_github/Working/repo_docketmate/_macOS/DocketMate
    write-file /Users/bernhardbudiono/Library/Developer/Xcode/DerivedData/DocketMate-byvgusblcyxnychfhbzkzpzflrgz/Build/Intermediates.noindex/DocketMate.build/Debug/DocketMate.build/DocketMate.DependencyStaticMetadataFileList

WriteAuxiliaryFile /Users/bernhardbudiono/Library/Developer/Xcode/DerivedData/DocketMate-byvgusblcyxnychfhbzkzpzflrgz/Build/Intermediates.noindex/DocketMate.build/Debug/DocketMate.build/DocketMate-project-headers.hmap (in target 'DocketMate' from project 'DocketMate')
    cd /Users/bernhardbudiono/Library/CloudStorage/Dropbox/_Documents\ -\ Apps\ \(Working\)/repos_github/Working/repo_docketmate/_macOS/DocketMate
    write-file /Users/bernhardbudiono/Library/Developer/Xcode/DerivedData/DocketMate-byvgusblcyxnychfhbzkzpzflrgz/Build/Intermediates.noindex/DocketMate.build/Debug/DocketMate.build/DocketMate-project-headers.hmap

WriteAuxiliaryFile /Users/bernhardbudiono/Library/Developer/Xcode/DerivedData/DocketMate-byvgusblcyxnychfhbzkzpzflrgz/Build/Intermediates.noindex/DocketMate.build/Debug/DocketMate.build/DocketMate-generated-files.hmap (in target 'DocketMate' from project 'DocketMate')
    cd /Users/bernhardbudiono/Library/CloudStorage/Dropbox/_Documents\ -\ Apps\ \(Working\)/repos_github/Working/repo_docketmate/_macOS/DocketMate
    write-file /Users/bernhardbudiono/Library/Developer/Xcode/DerivedData/DocketMate-byvgusblcyxnychfhbzkzpzflrgz/Build/Intermediates.noindex/DocketMate.build/Debug/DocketMate.build/DocketMate-generated-files.hmap

WriteAuxiliaryFile /Users/bernhardbudiono/Library/Developer/Xcode/DerivedData/DocketMate-byvgusblcyxnychfhbzkzpzflrgz/Build/Intermediates.noindex/DocketMate.build/Debug/DocketMate.build/DerivedSources/Entitlements.plist (in target 'DocketMate' from project 'DocketMate')
    cd /Users/bernhardbudiono/Library/CloudStorage/Dropbox/_Documents\ -\ Apps\ \(Working\)/repos_github/Working/repo_docketmate/_macOS/DocketMate
    write-file /Users/bernhardbudiono/Library/Developer/Xcode/DerivedData/DocketMate-byvgusblcyxnychfhbzkzpzflrgz/Build/Intermediates.noindex/DocketMate.build/Debug/DocketMate.build/DerivedSources/Entitlements.plist

WriteAuxiliaryFile /Users/bernhardbudiono/Library/Developer/Xcode/DerivedData/DocketMate-byvgusblcyxnychfhbzkzpzflrgz/Build/Intermediates.noindex/DocketMate.build/Debug/DocketMate.build/Objects-normal/arm64/DocketMate.LinkFileList (in target 'DocketMate' from project 'DocketMate')
    cd /Users/bernhardbudiono/Library/CloudStorage/Dropbox/_Documents\ -\ Apps\ \(Working\)/repos_github/Working/repo_docketmate/_macOS/DocketMate
    write-file /Users/bernhardbudiono/Library/Developer/Xcode/DerivedData/DocketMate-byvgusblcyxnychfhbzkzpzflrgz/Build/Intermediates.noindex/DocketMate.build/Debug/DocketMate.build/Objects-normal/arm64/DocketMate.LinkFileList

WriteAuxiliaryFile /Users/bernhardbudiono/Library/Developer/Xcode/DerivedData/DocketMate-byvgusblcyxnychfhbzkzpzflrgz/Build/Intermediates.noindex/DocketMate.build/Debug/DocketMate.build/Objects-normal/arm64/DocketMate_const_extract_protocols.json (in target 'DocketMate' from project 'DocketMate')
    cd /Users/bernhardbudiono/Library/CloudStorage/Dropbox/_Documents\ -\ Apps\ \(Working\)/repos_github/Working/repo_docketmate/_macOS/DocketMate
    write-file /Users/bernhardbudiono/Library/Developer/Xcode/DerivedData/DocketMate-byvgusblcyxnychfhbzkzpzflrgz/Build/Intermediates.noindex/DocketMate.build/Debug/DocketMate.build/Objects-normal/arm64/DocketMate_const_extract_protocols.json

WriteAuxiliaryFile /Users/bernhardbudiono/Library/Developer/Xcode/DerivedData/DocketMate-byvgusblcyxnychfhbzkzpzflrgz/Build/Intermediates.noindex/DocketMate.build/Debug/DocketMate.build/Objects-normal/arm64/DocketMate.SwiftFileList (in target 'DocketMate' from project 'DocketMate')
    cd /Users/bernhardbudiono/Library/CloudStorage/Dropbox/_Documents\ -\ Apps\ \(Working\)/repos_github/Working/repo_docketmate/_macOS/DocketMate
    write-file /Users/bernhardbudiono/Library/Developer/Xcode/DerivedData/DocketMate-byvgusblcyxnychfhbzkzpzflrgz/Build/Intermediates.noindex/DocketMate.build/Debug/DocketMate.build/Objects-normal/arm64/DocketMate.SwiftFileList

WriteAuxiliaryFile /Users/bernhardbudiono/Library/Developer/Xcode/DerivedData/DocketMate-byvgusblcyxnychfhbzkzpzflrgz/Build/Intermediates.noindex/DocketMate.build/Debug/DocketMate.build/Objects-normal/arm64/DocketMate-OutputFileMap.json (in target 'DocketMate' from project 'DocketMate')
    cd /Users/bernhardbudiono/Library/CloudStorage/Dropbox/_Documents\ -\ Apps\ \(Working\)/repos_github/Working/repo_docketmate/_macOS/DocketMate
    write-file /Users/bernhardbudiono/Library/Developer/Xcode/DerivedData/DocketMate-byvgusblcyxnychfhbzkzpzflrgz/Build/Intermediates.noindex/DocketMate.build/Debug/DocketMate.build/Objects-normal/arm64/DocketMate-OutputFileMap.json

WriteAuxiliaryFile /Users/bernhardbudiono/Library/Developer/Xcode/DerivedData/DocketMate-byvgusblcyxnychfhbzkzpzflrgz/Build/Intermediates.noindex/DocketMate.build/Debug/DocketMate.build/Objects-normal/arm64/DocketMate.SwiftConstValuesFileList (in target 'DocketMate' from project 'DocketMate')
    cd /Users/bernhardbudiono/Library/CloudStorage/Dropbox/_Documents\ -\ Apps\ \(Working\)/repos_github/Working/repo_docketmate/_macOS/DocketMate
    write-file /Users/bernhardbudiono/Library/Developer/Xcode/DerivedData/DocketMate-byvgusblcyxnychfhbzkzpzflrgz/Build/Intermediates.noindex/DocketMate.build/Debug/DocketMate.build/Objects-normal/arm64/DocketMate.SwiftConstValuesFileList

WriteAuxiliaryFile /Users/bernhardbudiono/Library/Developer/Xcode/DerivedData/DocketMate-byvgusblcyxnychfhbzkzpzflrgz/Build/Intermediates.noindex/DocketMate.build/Debug/DocketMate.build/DocketMate.DependencyMetadataFileList (in target 'DocketMate' from project 'DocketMate')
    cd /Users/bernhardbudiono/Library/CloudStorage/Dropbox/_Documents\ -\ Apps\ \(Working\)/repos_github/Working/repo_docketmate/_macOS/DocketMate
    write-file /Users/bernhardbudiono/Library/Developer/Xcode/DerivedData/DocketMate-byvgusblcyxnychfhbzkzpzflrgz/Build/Intermediates.noindex/DocketMate.build/Debug/DocketMate.build/DocketMate.DependencyMetadataFileList

MkDir /Users/bernhardbudiono/Library/Developer/Xcode/DerivedData/DocketMate-byvgusblcyxnychfhbzkzpzflrgz/Build/Products/Debug/DocketMate.app/Contents (in target 'DocketMate' from project 'DocketMate')
    cd /Users/bernhardbudiono/Library/CloudStorage/Dropbox/_Documents\ -\ Apps\ \(Working\)/repos_github/Working/repo_docketmate/_macOS/DocketMate
    /bin/mkdir -p /Users/bernhardbudiono/Library/Developer/Xcode/DerivedData/DocketMate-byvgusblcyxnychfhbzkzpzflrgz/Build/Products/Debug/DocketMate.app/Contents

MkDir /Users/bernhardbudiono/Library/Developer/Xcode/DerivedData/DocketMate-byvgusblcyxnychfhbzkzpzflrgz/Build/Products/Debug/DocketMate.app (in target 'DocketMate' from project 'DocketMate')
    cd /Users/bernhardbudiono/Library/CloudStorage/Dropbox/_Documents\ -\ Apps\ \(Working\)/repos_github/Working/repo_docketmate/_macOS/DocketMate
    /bin/mkdir -p /Users/bernhardbudiono/Library/Developer/Xcode/DerivedData/DocketMate-byvgusblcyxnychfhbzkzpzflrgz/Build/Products/Debug/DocketMate.app

MkDir /Users/bernhardbudiono/Library/Developer/Xcode/DerivedData/DocketMate-byvgusblcyxnychfhbzkzpzflrgz/Build/Products/Debug/DocketMate.app/Contents/MacOS (in target 'DocketMate' from project 'DocketMate')
    cd /Users/bernhardbudiono/Library/CloudStorage/Dropbox/_Documents\ -\ Apps\ \(Working\)/repos_github/Working/repo_docketmate/_macOS/DocketMate
    /bin/mkdir -p /Users/bernhardbudiono/Library/Developer/Xcode/DerivedData/DocketMate-byvgusblcyxnychfhbzkzpzflrgz/Build/Products/Debug/DocketMate.app/Contents/MacOS

ProcessProductPackaging "" /Users/bernhardbudiono/Library/Developer/Xcode/DerivedData/DocketMate-byvgusblcyxnychfhbzkzpzflrgz/Build/Intermediates.noindex/DocketMate.build/Debug/DocketMate.build/DocketMate.app.xcent (in target 'DocketMate' from project 'DocketMate')
    cd /Users/bernhardbudiono/Library/CloudStorage/Dropbox/_Documents\ -\ Apps\ \(Working\)/repos_github/Working/repo_docketmate/_macOS/DocketMate
    
    Entitlements:
    
    {
    "com.apple.security.get-task-allow" = 1;
}
    
    builtin-productPackagingUtility -entitlements -format xml -o /Users/bernhardbudiono/Library/Developer/Xcode/DerivedData/DocketMate-byvgusblcyxnychfhbzkzpzflrgz/Build/Intermediates.noindex/DocketMate.build/Debug/DocketMate.build/DocketMate.app.xcent

ProcessProductPackagingDER /Users/bernhardbudiono/Library/Developer/Xcode/DerivedData/DocketMate-byvgusblcyxnychfhbzkzpzflrgz/Build/Intermediates.noindex/DocketMate.build/Debug/DocketMate.build/DocketMate.app.xcent /Users/bernhardbudiono/Library/Developer/Xcode/DerivedData/DocketMate-byvgusblcyxnychfhbzkzpzflrgz/Build/Intermediates.noindex/DocketMate.build/Debug/DocketMate.build/DocketMate.app.xcent.der (in target 'DocketMate' from project 'DocketMate')
    cd /Users/bernhardbudiono/Library/CloudStorage/Dropbox/_Documents\ -\ Apps\ \(Working\)/repos_github/Working/repo_docketmate/_macOS/DocketMate
    /usr/bin/derq query -f xml -i /Users/bernhardbudiono/Library/Developer/Xcode/DerivedData/DocketMate-byvgusblcyxnychfhbzkzpzflrgz/Build/Intermediates.noindex/DocketMate.build/Debug/DocketMate.build/DocketMate.app.xcent -o /Users/bernhardbudiono/Library/Developer/Xcode/DerivedData/DocketMate-byvgusblcyxnychfhbzkzpzflrgz/Build/Intermediates.noindex/DocketMate.build/Debug/DocketMate.build/DocketMate.app.xcent.der --raw

Ld /Users/bernhardbudiono/Library/Developer/Xcode/DerivedData/DocketMate-byvgusblcyxnychfhbzkzpzflrgz/Build/Products/Debug/DocketMate.app/Contents/MacOS/__preview.dylib normal (in target 'DocketMate' from project 'DocketMate')
    cd /Users/bernhardbudiono/Library/CloudStorage/Dropbox/_Documents\ -\ Apps\ \(Working\)/repos_github/Working/repo_docketmate/_macOS/DocketMate
    /Applications/Xcode.app/Contents/Developer/Toolchains/XcodeDefault.xctoolchain/usr/bin/clang -Xlinker -reproducible -target arm64-apple-macos13.5 -dynamiclib -isysroot /Applications/Xcode.app/Contents/Developer/Platforms/MacOSX.platform/Developer/SDKs/MacOSX15.4.sdk -O0 -L/Users/bernhardbudiono/Library/Developer/Xcode/DerivedData/DocketMate-byvgusblcyxnychfhbzkzpzflrgz/Build/Products/Debug -F/Users/bernhardbudiono/Library/Developer/Xcode/DerivedData/DocketMate-byvgusblcyxnychfhbzkzpzflrgz/Build/Products/Debug -install_name @rpath/DocketMate.debug.dylib -rdynamic -Xlinker -no_deduplicate -Xlinker -dependency_info -Xlinker /Users/bernhardbudiono/Library/Developer/Xcode/DerivedData/DocketMate-byvgusblcyxnychfhbzkzpzflrgz/Build/Intermediates.noindex/DocketMate.build/Debug/DocketMate.build/Objects-normal/arm64/DocketMate_dependency_info.dat -Xlinker -no_adhoc_codesign -o /Users/bernhardbudiono/Library/Developer/Xcode/DerivedData/DocketMate-byvgusblcyxnychfhbzkzpzflrgz/Build/Products/Debug/DocketMate.app/Contents/MacOS/__preview.dylib

ProcessInfoPlistFile /Users/bernhardbudiono/Library/Developer/Xcode/DerivedData/DocketMate-byvgusblcyxnychfhbzkzpzflrgz/Build/Products/Debug/DocketMate.app/Contents/Info.plist /Users/bernhardbudiono/Library/CloudStorage/Dropbox/_Documents\ -\ Apps\ (Working)/repos_github/Working/repo_docketmate/_macOS/DocketMate/Resources/Info.plist (in target 'DocketMate' from project 'DocketMate')
    cd /Users/bernhardbudiono/Library/CloudStorage/Dropbox/_Documents\ -\ Apps\ \(Working\)/repos_github/Working/repo_docketmate/_macOS/DocketMate
    builtin-infoPlistUtility /Users/bernhardbudiono/Library/CloudStorage/Dropbox/_Documents\ -\ Apps\ \(Working\)/repos_github/Working/repo_docketmate/_macOS/DocketMate/Resources/Info.plist -producttype com.apple.product-type.application -genpkginfo /Users/bernhardbudiono/Library/Developer/Xcode/DerivedData/DocketMate-byvgusblcyxnychfhbzkzpzflrgz/Build/Products/Debug/DocketMate.app/Contents/PkgInfo -expandbuildsettings -platform macosx -o /Users/bernhardbudiono/Library/Developer/Xcode/DerivedData/DocketMate-byvgusblcyxnychfhbzkzpzflrgz/Build/Products/Debug/DocketMate.app/Contents/Info.plist

SwiftDriver DocketMate normal arm64 com.apple.xcode.tools.swift.compiler (in target 'DocketMate' from project 'DocketMate')
    cd /Users/bernhardbudiono/Library/CloudStorage/Dropbox/_Documents\ -\ Apps\ \(Working\)/repos_github/Working/repo_docketmate/_macOS/DocketMate
    builtin-SwiftDriver -- /Applications/Xcode.app/Contents/Developer/Toolchains/XcodeDefault.xctoolchain/usr/bin/swiftc -module-name DocketMate -Onone -enforce-exclusivity\=checked @/Users/bernhardbudiono/Library/Developer/Xcode/DerivedData/DocketMate-byvgusblcyxnychfhbzkzpzflrgz/Build/Intermediates.noindex/DocketMate.build/Debug/DocketMate.build/Objects-normal/arm64/DocketMate.SwiftFileList -DDEBUG -enable-bare-slash-regex -enable-experimental-feature DebugDescriptionMacro -sdk /Applications/Xcode.app/Contents/Developer/Platforms/MacOSX.platform/Developer/SDKs/MacOSX15.4.sdk -target arm64-apple-macos13.5 -g -module-cache-path /Users/bernhardbudiono/Library/Developer/Xcode/DerivedData/ModuleCache.noindex -Xfrontend -serialize-debugging-options -enable-testing -index-store-path /Users/bernhardbudiono/Library/Developer/Xcode/DerivedData/DocketMate-byvgusblcyxnychfhbzkzpzflrgz/Index.noindex/DataStore -swift-version 5 -I /Users/bernhardbudiono/Library/Developer/Xcode/DerivedData/DocketMate-byvgusblcyxnychfhbzkzpzflrgz/Build/Products/Debug -F /Users/bernhardbudiono/Library/Developer/Xcode/DerivedData/DocketMate-byvgusblcyxnychfhbzkzpzflrgz/Build/Products/Debug -c -j16 -enable-batch-mode -incremental -Xcc -ivfsstatcache -Xcc /Users/bernhardbudiono/Library/Developer/Xcode/DerivedData/SDKStatCaches.noindex/macosx15.4-24E241-88b860576fb364319593bd8fb30666b0.sdkstatcache -output-file-map /Users/bernhardbudiono/Library/Developer/Xcode/DerivedData/DocketMate-byvgusblcyxnychfhbzkzpzflrgz/Build/Intermediates.noindex/DocketMate.build/Debug/DocketMate.build/Objects-normal/arm64/DocketMate-OutputFileMap.json -use-frontend-parseable-output -save-temps -no-color-diagnostics -serialize-diagnostics -emit-dependencies -emit-module -emit-module-path /Users/bernhardbudiono/Library/Developer/Xcode/DerivedData/DocketMate-byvgusblcyxnychfhbzkzpzflrgz/Build/Intermediates.noindex/DocketMate.build/Debug/DocketMate.build/Objects-normal/arm64/DocketMate.swiftmodule -validate-clang-modules-once -clang-build-session-file /Users/bernhardbudiono/Library/Developer/Xcode/DerivedData/ModuleCache.noindex/Session.modulevalidation -Xcc -I/Users/bernhardbudiono/Library/Developer/Xcode/DerivedData/DocketMate-byvgusblcyxnychfhbzkzpzflrgz/Build/Intermediates.noindex/DocketMate.build/Debug/DocketMate.build/swift-overrides.hmap -emit-const-values -Xfrontend -const-gather-protocols-file -Xfrontend /Users/bernhardbudiono/Library/Developer/Xcode/DerivedData/DocketMate-byvgusblcyxnychfhbzkzpzflrgz/Build/Intermediates.noindex/DocketMate.build/Debug/DocketMate.build/Objects-normal/arm64/DocketMate_const_extract_protocols.json -Xcc -iquote -Xcc /Users/bernhardbudiono/Library/Developer/Xcode/DerivedData/DocketMate-byvgusblcyxnychfhbzkzpzflrgz/Build/Intermediates.noindex/DocketMate.build/Debug/DocketMate.build/DocketMate-generated-files.hmap -Xcc -I/Users/bernhardbudiono/Library/Developer/Xcode/DerivedData/DocketMate-byvgusblcyxnychfhbzkzpzflrgz/Build/Intermediates.noindex/DocketMate.build/Debug/DocketMate.build/DocketMate-own-target-headers.hmap -Xcc -I/Users/bernhardbudiono/Library/Developer/Xcode/DerivedData/DocketMate-byvgusblcyxnychfhbzkzpzflrgz/Build/Intermediates.noindex/DocketMate.build/Debug/DocketMate.build/DocketMate-all-target-headers.hmap -Xcc -iquote -Xcc /Users/bernhardbudiono/Library/Developer/Xcode/DerivedData/DocketMate-byvgusblcyxnychfhbzkzpzflrgz/Build/Intermediates.noindex/DocketMate.build/Debug/DocketMate.build/DocketMate-project-headers.hmap -Xcc -I/Users/bernhardbudiono/Library/Developer/Xcode/DerivedData/DocketMate-byvgusblcyxnychfhbzkzpzflrgz/Build/Products/Debug/include -Xcc -I/Users/bernhardbudiono/Library/Developer/Xcode/DerivedData/DocketMate-byvgusblcyxnychfhbzkzpzflrgz/Build/Intermediates.noindex/DocketMate.build/Debug/DocketMate.build/DerivedSources-normal/arm64 -Xcc -I/Users/bernhardbudiono/Library/Developer/Xcode/DerivedData/DocketMate-byvgusblcyxnychfhbzkzpzflrgz/Build/Intermediates.noindex/DocketMate.build/Debug/DocketMate.build/DerivedSources/arm64 -Xcc -I/Users/bernhardbudiono/Library/Developer/Xcode/DerivedData/DocketMate-byvgusblcyxnychfhbzkzpzflrgz/Build/Intermediates.noindex/DocketMate.build/Debug/DocketMate.build/DerivedSources -Xcc -DDEBUG\=1 -emit-objc-header -emit-objc-header-path /Users/bernhardbudiono/Library/Developer/Xcode/DerivedData/DocketMate-byvgusblcyxnychfhbzkzpzflrgz/Build/Intermediates.noindex/DocketMate.build/Debug/DocketMate.build/Objects-normal/arm64/DocketMate-Swift.h -working-directory /Users/bernhardbudiono/Library/CloudStorage/Dropbox/_Documents\ -\ Apps\ \(Working\)/repos_github/Working/repo_docketmate/_macOS/DocketMate -experimental-emit-module-separately -disable-cmo

SwiftCompile normal arm64 Compiling\ ContentView.swift /Users/bernhardbudiono/Library/CloudStorage/Dropbox/_Documents\ -\ Apps\ (Working)/repos_github/Working/repo_docketmate/_macOS/DocketMate/Sources/ContentView.swift (in target 'DocketMate' from project 'DocketMate')

SwiftCompile normal arm64 /Users/bernhardbudiono/Library/CloudStorage/Dropbox/_Documents\ -\ Apps\ (Working)/repos_github/Working/repo_docketmate/_macOS/DocketMate/Sources/ContentView.swift (in target 'DocketMate' from project 'DocketMate')
    cd /Users/bernhardbudiono/Library/CloudStorage/Dropbox/_Documents\ -\ Apps\ \(Working\)/repos_github/Working/repo_docketmate/_macOS/DocketMate
    

SwiftEmitModule normal arm64 Emitting\ module\ for\ DocketMate (in target 'DocketMate' from project 'DocketMate')
Failed frontend command:
/Applications/Xcode.app/Contents/Developer/Toolchains/XcodeDefault.xctoolchain/usr/bin/swift-frontend -frontend -emit-module -experimental-skip-non-inlinable-function-bodies-without-types /Users/bernhardbudiono/Library/CloudStorage/Dropbox/_Documents\ -\ Apps\ \(Working\)/repos_github/Working/repo_docketmate/_macOS/DocketMate/Sources/ContentView.swift /Users/bernhardbudiono/Library/CloudStorage/Dropbox/_Documents\ -\ Apps\ \(Working\)/repos_github/Working/repo_docketmate/_macOS/DocketMate/Sources/DocketMateApp.swift -target arm64-apple-macos13.5 -Xllvm -aarch64-use-tbi -enable-objc-interop -stack-check -sdk /Applications/Xcode.app/Contents/Developer/Platforms/MacOSX.platform/Developer/SDKs/MacOSX15.4.sdk -I /Users/bernhardbudiono/Library/Developer/Xcode/DerivedData/DocketMate-byvgusblcyxnychfhbzkzpzflrgz/Build/Products/Debug -F /Users/bernhardbudiono/Library/Developer/Xcode/DerivedData/DocketMate-byvgusblcyxnychfhbzkzpzflrgz/Build/Products/Debug -no-color-diagnostics -enable-testing -g -debug-info-format\=dwarf -dwarf-version\=4 -module-cache-path /Users/bernhardbudiono/Library/Developer/Xcode/DerivedData/ModuleCache.noindex -swift-version 5 -enforce-exclusivity\=checked -Onone -D DEBUG -serialize-debugging-options -const-gather-protocols-file /Users/bernhardbudiono/Library/Developer/Xcode/DerivedData/DocketMate-byvgusblcyxnychfhbzkzpzflrgz/Build/Intermediates.noindex/DocketMate.build/Debug/DocketMate.build/Objects-normal/arm64/DocketMate_const_extract_protocols.json -enable-experimental-feature DebugDescriptionMacro -enable-bare-slash-regex -empty-abi-descriptor -validate-clang-modules-once -clang-build-session-file /Users/bernhardbudiono/Library/Developer/Xcode/DerivedData/ModuleCache.noindex/Session.modulevalidation -Xcc -working-directory -Xcc /Users/bernhardbudiono/Library/CloudStorage/Dropbox/_Documents\ -\ Apps\ \(Working\)/repos_github/Working/repo_docketmate/_macOS/DocketMate -resource-dir /Applications/Xcode.app/Contents/Developer/Toolchains/XcodeDefault.xctoolchain/usr/lib/swift -enable-anonymous-context-mangled-names -file-compilation-dir /Users/bernhardbudiono/Library/CloudStorage/Dropbox/_Documents\ -\ Apps\ \(Working\)/repos_github/Working/repo_docketmate/_macOS/DocketMate -Xcc -ivfsstatcache -Xcc /Users/bernhardbudiono/Library/Developer/Xcode/DerivedData/SDKStatCaches.noindex/macosx15.4-24E241-88b860576fb364319593bd8fb30666b0.sdkstatcache -Xcc -I/Users/bernhardbudiono/Library/Developer/Xcode/DerivedData/DocketMate-byvgusblcyxnychfhbzkzpzflrgz/Build/Intermediates.noindex/DocketMate.build/Debug/DocketMate.build/swift-overrides.hmap -Xcc -iquote -Xcc /Users/bernhardbudiono/Library/Developer/Xcode/DerivedData/DocketMate-byvgusblcyxnychfhbzkzpzflrgz/Build/Intermediates.noindex/DocketMate.build/Debug/DocketMate.build/DocketMate-generated-files.hmap -Xcc -I/Users/bernhardbudiono/Library/Developer/Xcode/DerivedData/DocketMate-byvgusblcyxnychfhbzkzpzflrgz/Build/Intermediates.noindex/DocketMate.build/Debug/DocketMate.build/DocketMate-own-target-headers.hmap -Xcc -I/Users/bernhardbudiono/Library/Developer/Xcode/DerivedData/DocketMate-byvgusblcyxnychfhbzkzpzflrgz/Build/Intermediates.noindex/DocketMate.build/Debug/DocketMate.build/DocketMate-all-target-headers.hmap -Xcc -iquote -Xcc /Users/bernhardbudiono/Library/Developer/Xcode/DerivedData/DocketMate-byvgusblcyxnychfhbzkzpzflrgz/Build/Intermediates.noindex/DocketMate.build/Debug/DocketMate.build/DocketMate-project-headers.hmap -Xcc -I/Users/bernhardbudiono/Library/Developer/Xcode/DerivedData/DocketMate-byvgusblcyxnychfhbzkzpzflrgz/Build/Products/Debug/include -Xcc -I/Users/bernhardbudiono/Library/Developer/Xcode/DerivedData/DocketMate-byvgusblcyxnychfhbzkzpzflrgz/Build/Intermediates.noindex/DocketMate.build/Debug/DocketMate.build/DerivedSources-normal/arm64 -Xcc -I/Users/bernhardbudiono/Library/Developer/Xcode/DerivedData/DocketMate-byvgusblcyxnychfhbzkzpzflrgz/Build/Intermediates.noindex/DocketMate.build/Debug/DocketMate.build/DerivedSources/arm64 -Xcc -I/Users/bernhardbudiono/Library/Developer/Xcode/DerivedData/DocketMate-byvgusblcyxnychfhbzkzpzflrgz/Build/Intermediates.noindex/DocketMate.build/Debug/DocketMate.build/DerivedSources -Xcc -DDEBUG\=1 -module-name DocketMate -frontend-parseable-output -disable-clang-spi -target-sdk-version 15.4 -target-sdk-name macosx15.4 -external-plugin-path /Applications/Xcode.app/Contents/Developer/Platforms/MacOSX.platform/Developer/usr/lib/swift/host/plugins\#/Applications/Xcode.app/Contents/Developer/Platforms/MacOSX.platform/Developer/usr/bin/swift-plugin-server -external-plugin-path /Applications/Xcode.app/Contents/Developer/Platforms/MacOSX.platform/Developer/usr/local/lib/swift/host/plugins\#/Applications/Xcode.app/Contents/Developer/Platforms/MacOSX.platform/Developer/usr/bin/swift-plugin-server -in-process-plugin-server-path /Applications/Xcode.app/Contents/Developer/Toolchains/XcodeDefault.xctoolchain/usr/lib/swift/host/libSwiftInProcPluginServer.dylib -plugin-path /Applications/Xcode.app/Contents/Developer/Toolchains/XcodeDefault.xctoolchain/usr/lib/swift/host/plugins -plugin-path /Applications/Xcode.app/Contents/Developer/Toolchains/XcodeDefault.xctoolchain/usr/local/lib/swift/host/plugins -emit-module-doc-path /Users/bernhardbudiono/Library/Developer/Xcode/DerivedData/DocketMate-byvgusblcyxnychfhbzkzpzflrgz/Build/Intermediates.noindex/DocketMate.build/Debug/DocketMate.build/Objects-normal/arm64/DocketMate.swiftdoc -emit-module-source-info-path /Users/bernhardbudiono/Library/Developer/Xcode/DerivedData/DocketMate-byvgusblcyxnychfhbzkzpzflrgz/Build/Intermediates.noindex/DocketMate.build/Debug/DocketMate.build/Objects-normal/arm64/DocketMate.swiftsourceinfo -emit-objc-header-path /Users/bernhardbudiono/Library/Developer/Xcode/DerivedData/DocketMate-byvgusblcyxnychfhbzkzpzflrgz/Build/Intermediates.noindex/DocketMate.build/Debug/DocketMate.build/Objects-normal/arm64/DocketMate-Swift.h -serialize-diagnostics-path /Users/bernhardbudiono/Library/Developer/Xcode/DerivedData/DocketMate-byvgusblcyxnychfhbzkzpzflrgz/Build/Intermediates.noindex/DocketMate.build/Debug/DocketMate.build/Objects-normal/arm64/DocketMate-master-emit-module.dia -emit-dependencies-path /Users/bernhardbudiono/Library/Developer/Xcode/DerivedData/DocketMate-byvgusblcyxnychfhbzkzpzflrgz/Build/Intermediates.noindex/DocketMate.build/Debug/DocketMate.build/Objects-normal/arm64/DocketMate-master-emit-module.d -o /Users/bernhardbudiono/Library/Developer/Xcode/DerivedData/DocketMate-byvgusblcyxnychfhbzkzpzflrgz/Build/Intermediates.noindex/DocketMate.build/Debug/DocketMate.build/Objects-normal/arm64/DocketMate.swiftmodule -emit-abi-descriptor-path /Users/bernhardbudiono/Library/Developer/Xcode/DerivedData/DocketMate-byvgusblcyxnychfhbzkzpzflrgz/Build/Intermediates.noindex/DocketMate.build/Debug/DocketMate.build/Objects-normal/arm64/DocketMate.abi.json

EmitSwiftModule normal arm64 (in target 'DocketMate' from project 'DocketMate')
    cd /Users/bernhardbudiono/Library/CloudStorage/Dropbox/_Documents\ -\ Apps\ \(Working\)/repos_github/Working/repo_docketmate/_macOS/DocketMate
    
/Users/bernhardbudiono/Library/CloudStorage/Dropbox/_Documents - Apps (Working)/repos_github/Working/repo_docketmate/_macOS/DocketMate/Sources/ContentView.swift:5:15: error: unterminated string literal
        Text(\"Hello, DocketMate (production)!\")
              ^

SwiftCompile normal arm64 Compiling\ DocketMateApp.swift /Users/bernhardbudiono/Library/CloudStorage/Dropbox/_Documents\ -\ Apps\ (Working)/repos_github/Working/repo_docketmate/_macOS/DocketMate/Sources/DocketMateApp.swift (in target 'DocketMate' from project 'DocketMate')

SwiftCompile normal arm64 /Users/bernhardbudiono/Library/CloudStorage/Dropbox/_Documents\ -\ Apps\ (Working)/repos_github/Working/repo_docketmate/_macOS/DocketMate/Sources/DocketMateApp.swift (in target 'DocketMate' from project 'DocketMate')
    cd /Users/bernhardbudiono/Library/CloudStorage/Dropbox/_Documents\ -\ Apps\ \(Working\)/repos_github/Working/repo_docketmate/_macOS/DocketMate
    

