=== create_buildable_swiftui_app Log (20250520_061508) ===
Script: create_buildable_swiftui_app
Timestamp: Tue May 20 06:15:08 AEST 2025
Project Root: /Users/bernhardbudiono/Library/CloudStorage/Dropbox/_Documents - Apps (Working)/repos_github/Working/repo_docketmate
[06:15:08] [INIT] Logging initialized for create_buildable_swiftui_app
[0;32m[INFO][0m Starting script: Create Buildable SwiftUI App
[06:15:08] [INFO] Starting script: Create Buildable SwiftUI App
[0;32m[INFO][0m -------------------------------------------------
[06:15:08] [INFO] -------------------------------------------------
[0;32m[INFO][0m Project Root: /Users/bernhardbudiono/Library/CloudStorage/Dropbox/_Documents - Apps (Working)/repos_github/Working/repo_docketmate
[06:15:08] [INFO] Project Root: /Users/bernhardbudiono/Library/CloudStorage/Dropbox/_Documents - Apps (Working)/repos_github/Working/repo_docketmate
[0;32m[INFO][0m Script Dir: /Users/bernhardbudiono/Library/CloudStorage/Dropbox/_Documents - Apps (Working)/repos_github/Working/repo_docketmate/scripts
[06:15:08] [INFO] Script Dir: /Users/bernhardbudiono/Library/CloudStorage/Dropbox/_Documents - Apps (Working)/repos_github/Working/repo_docketmate/scripts
[0;32m[INFO][0m Effective Project Name: DocketMate-Sandbox
[06:15:08] [INFO] Effective Project Name: DocketMate-Sandbox
[0;32m[INFO][0m Targeting as: SANDBOX
[06:15:08] [INFO] Targeting as: SANDBOX
[0;32m[INFO][0m Platform: macOS
[06:15:08] [INFO] Platform: macOS
[0;32m[INFO][0m Org ID: com.example
[06:15:08] [INFO] Org ID: com.example
[0;32m[INFO][0m Preserve Sources: true
[06:15:08] [INFO] Preserve Sources: true
[0;32m[INFO][0m Skip XcodeGen: true
[06:15:08] [INFO] Skip XcodeGen: true
[0;32m[INFO][0m XcodeGen Path: xcodegen
[06:15:08] [INFO] XcodeGen Path: xcodegen
[0;32m[INFO][0m -------------------------------------------------
[06:15:08] [INFO] -------------------------------------------------
[0;32m[INFO][0m Platform Directory: /Users/bernhardbudiono/Library/CloudStorage/Dropbox/_Documents - Apps (Working)/repos_github/Working/repo_docketmate/_macOS
[06:15:08] [INFO] Platform Directory: /Users/bernhardbudiono/Library/CloudStorage/Dropbox/_Documents - Apps (Working)/repos_github/Working/repo_docketmate/_macOS
[0;32m[INFO][0m Project Directory: /Users/bernhardbudiono/Library/CloudStorage/Dropbox/_Documents - Apps (Working)/repos_github/Working/repo_docketmate/_macOS/DocketMate-Sandbox
[06:15:08] [INFO] Project Directory: /Users/bernhardbudiono/Library/CloudStorage/Dropbox/_Documents - Apps (Working)/repos_github/Working/repo_docketmate/_macOS/DocketMate-Sandbox
[0;32m[INFO][0m Platform directory already exists: /Users/bernhardbudiono/Library/CloudStorage/Dropbox/_Documents - Apps (Working)/repos_github/Working/repo_docketmate/_macOS
[06:15:08] [INFO] Platform directory already exists: /Users/bernhardbudiono/Library/CloudStorage/Dropbox/_Documents - Apps (Working)/repos_github/Working/repo_docketmate/_macOS
[0;32m[INFO][0m Project directory /Users/bernhardbudiono/Library/CloudStorage/Dropbox/_Documents - Apps (Working)/repos_github/Working/repo_docketmate/_macOS/DocketMate-Sandbox exists. --preserve-sources is enabled. Will not delete.
[06:15:08] [INFO] Project directory /Users/bernhardbudiono/Library/CloudStorage/Dropbox/_Documents - Apps (Working)/repos_github/Working/repo_docketmate/_macOS/DocketMate-Sandbox exists. --preserve-sources is enabled. Will not delete.
[0;32m[INFO][0m Ensured directory structure for DocketMate-Sandbox
[06:15:08] [INFO] Ensured directory structure for DocketMate-Sandbox
[0;32m[INFO][0m Info.plist already exists and --preserve-sources is true. Skipping creation.
[06:15:08] [INFO] Info.plist already exists and --preserve-sources is true. Skipping creation.
scripts/create_buildable_swiftui_app.sh: line 513: unexpected EOF while looking for matching `"'
