[INFO] App name from Xcode project: _Documents
[INFO] Using APP_NAME: [INFO] App name from Xcode project: _Documents
_Documents and SANDBOX_NAME: [INFO] App name from Xcode project: _Documents
_Documents-Sandbox
[INFO] Detected platforms: macOS
[INFO] Ensuring Xcode files for macOS platform...
[INFO] Setting up directory structure for macOS...
[INFO] Creating workspace directory at /Users/bernhardbudiono/Library/CloudStorage/Dropbox/_Documents - Apps (Working)/repos_github/Working/repo_docketmate/_macOS/[INFO] App name from Xcode project: _Documents
_Documents.xcworkspace...
[WARNING] Workspace contents file missing at /Users/bernhardbudiono/Library/CloudStorage/Dropbox/_Documents - Apps (Working)/repos_github/Working/repo_docketmate/_macOS/[INFO] App name from Xcode project: _Documents
_Documents.xcworkspace/contents.xcworkspacedata
[INFO] Creating contents.xcworkspacedata file...
[INFO] Created workspace contents file at /Users/bernhardbudiono/Library/CloudStorage/Dropbox/_Documents - Apps (Working)/repos_github/Working/repo_docketmate/_macOS/[INFO] App name from Xcode project: _Documents
_Documents.xcworkspace/contents.xcworkspacedata
[WARNING] Main Xcode project not found at /Users/bernhardbudiono/Library/CloudStorage/Dropbox/_Documents - Apps (Working)/repos_github/Working/repo_docketmate/_macOS/[INFO] App name from Xcode project: _Documents
_Documents/[INFO] App name from Xcode project: _Documents
_Documents.xcodeproj
[INFO] Attempting to create Xcode project using create_xcodeproj.rb for macOS...
[INFO] Running create_xcodeproj.rb for macOS main project...
[ERROR] Failed to create Xcode project with create_xcodeproj.rb
[INFO] App name from Xcode project: _Documents
[INFO] Using APP_NAME: [INFO] App name from Xcode project: _Documents
_Documents and SANDBOX_NAME: [INFO] App name from Xcode project: _Documents
_Documents-Sandbox
[INFO] Detected platforms: macOS
[INFO] Ensuring Xcode files for macOS platform...
[INFO] Setting up directory structure for macOS...
[INFO] Workspace contents file has correct project references
[WARNING] Main Xcode project not found at /Users/bernhardbudiono/Library/CloudStorage/Dropbox/_Documents - Apps (Working)/repos_github/Working/repo_docketmate/_macOS/[INFO] App name from Xcode project: _Documents
_Documents/[INFO] App name from Xcode project: _Documents
_Documents.xcodeproj
[INFO] Attempting to create Xcode project using create_xcodeproj.rb for macOS...
[INFO] Running create_xcodeproj.rb for macOS main project...
[ERROR] Failed to create Xcode project with create_xcodeproj.rb
[WARNING] Could not determine app name from standard sources. Using directory name: docketmate
[INFO] Using APP_NAME: [WARNING] Could not determine app name from standard sources. Using directory name: docketmate
docketmate and SANDBOX_NAME: [WARNING] Could not determine app name from standard sources. Using directory name: docketmate
docketmate-Sandbox
[INFO] Detected platforms: macOS
[INFO] Ensuring Xcode files for macOS platform...
[INFO] Setting up directory structure for macOS...
[INFO] Creating workspace directory at /Users/bernhardbudiono/Library/CloudStorage/Dropbox/_Documents - Apps (Working)/repos_github/Working/repo_docketmate/_macOS/[WARNING] Could not determine app name from standard sources. Using directory name: docketmate
docketmate.xcworkspace...
[WARNING] Workspace contents file missing at /Users/bernhardbudiono/Library/CloudStorage/Dropbox/_Documents - Apps (Working)/repos_github/Working/repo_docketmate/_macOS/[WARNING] Could not determine app name from standard sources. Using directory name: docketmate
docketmate.xcworkspace/contents.xcworkspacedata
[INFO] Creating contents.xcworkspacedata file...
[INFO] Created workspace contents file at /Users/bernhardbudiono/Library/CloudStorage/Dropbox/_Documents - Apps (Working)/repos_github/Working/repo_docketmate/_macOS/[WARNING] Could not determine app name from standard sources. Using directory name: docketmate
docketmate.xcworkspace/contents.xcworkspacedata
[WARNING] Main Xcode project not found at /Users/bernhardbudiono/Library/CloudStorage/Dropbox/_Documents - Apps (Working)/repos_github/Working/repo_docketmate/_macOS/[WARNING] Could not determine app name from standard sources. Using directory name: docketmate
docketmate/[WARNING] Could not determine app name from standard sources. Using directory name: docketmate
docketmate.xcodeproj
[INFO] Attempting to create Xcode project using create_xcodeproj.rb for macOS...
[INFO] Running create_xcodeproj.rb for macOS main project...
[ERROR] Failed to create Xcode project with create_xcodeproj.rb
[WARNING] Could not determine app name from standard sources. Using directory name: docketmate
[INFO] Using APP_NAME: [WARNING] Could not determine app name from standard sources. Using directory name: docketmate
docketmate and SANDBOX_NAME: [WARNING] Could not determine app name from standard sources. Using directory name: docketmate
docketmate-Sandbox
[INFO] Detected platforms: macOS
[INFO] Ensuring Xcode files for macOS platform...
[INFO] Setting up directory structure for macOS...
[INFO] Workspace contents file has correct project references
[WARNING] Main Xcode project not found at /Users/bernhardbudiono/Library/CloudStorage/Dropbox/_Documents - Apps (Working)/repos_github/Working/repo_docketmate/_macOS/[WARNING] Could not determine app name from standard sources. Using directory name: docketmate
docketmate/[WARNING] Could not determine app name from standard sources. Using directory name: docketmate
docketmate.xcodeproj
[INFO] Attempting to create Xcode project using create_xcodeproj.rb for macOS...
[INFO] Running create_xcodeproj.rb for macOS main project...
[ERROR] Failed to create Xcode project with create_xcodeproj.rb
[WARNING] Could not determine app name from standard sources. Using directory name: docketmate
[INFO] Using APP_NAME: [WARNING] Could not determine app name from standard sources. Using directory name: docketmate
docketmate and SANDBOX_NAME: [WARNING] Could not determine app name from standard sources. Using directory name: docketmate
docketmate-Sandbox
[INFO] Detected platforms: macOS
[INFO] Ensuring Xcode files for macOS platform...
[INFO] Setting up directory structure for macOS...
[INFO] Workspace contents file has correct project references
[WARNING] Main Xcode project not found at /Users/bernhardbudiono/Library/CloudStorage/Dropbox/_Documents - Apps (Working)/repos_github/Working/repo_docketmate/_macOS/[WARNING] Could not determine app name from standard sources. Using directory name: docketmate
docketmate/[WARNING] Could not determine app name from standard sources. Using directory name: docketmate
docketmate.xcodeproj
[INFO] Attempting to create Xcode project using create_xcodeproj.rb for macOS...
[INFO] Running create_xcodeproj.rb for macOS main project...
[ERROR] Failed to create Xcode project with create_xcodeproj.rb
[WARNING] Could not determine app name from standard sources. Using directory name: docketmate
[INFO] Using APP_NAME: [WARNING] Could not determine app name from standard sources. Using directory name: docketmate
docketmate and SANDBOX_NAME: [WARNING] Could not determine app name from standard sources. Using directory name: docketmate
docketmate-Sandbox
[INFO] Detected platforms: macOS
[INFO] Ensuring Xcode files for macOS platform...
[INFO] Setting up directory structure for macOS...
[INFO] Creating workspace directory at /Users/bernhardbudiono/Library/CloudStorage/Dropbox/_Documents - Apps (Working)/repos_github/Working/repo_docketmate/_macOS/[WARNING] Could not determine app name from standard sources. Using directory name: docketmate
docketmate.xcworkspace...
[WARNING] Workspace contents file missing at /Users/bernhardbudiono/Library/CloudStorage/Dropbox/_Documents - Apps (Working)/repos_github/Working/repo_docketmate/_macOS/[WARNING] Could not determine app name from standard sources. Using directory name: docketmate
docketmate.xcworkspace/contents.xcworkspacedata
[INFO] Creating contents.xcworkspacedata file...
[INFO] Created workspace contents file at /Users/bernhardbudiono/Library/CloudStorage/Dropbox/_Documents - Apps (Working)/repos_github/Working/repo_docketmate/_macOS/[WARNING] Could not determine app name from standard sources. Using directory name: docketmate
docketmate.xcworkspace/contents.xcworkspacedata
[WARNING] Main Xcode project not found at /Users/bernhardbudiono/Library/CloudStorage/Dropbox/_Documents - Apps (Working)/repos_github/Working/repo_docketmate/_macOS/[WARNING] Could not determine app name from standard sources. Using directory name: docketmate
docketmate/[WARNING] Could not determine app name from standard sources. Using directory name: docketmate
docketmate.xcodeproj
[INFO] Attempting to create Xcode project using create_xcodeproj.rb for macOS...
[INFO] Running create_xcodeproj.rb for macOS main project...
[ERROR] Failed to create Xcode project with create_xcodeproj.rb
[WARNING] Could not determine app name from standard sources. Using directory name: docketmate
[INFO] Using APP_NAME: [WARNING] Could not determine app name from standard sources. Using directory name: docketmate
docketmate and SANDBOX_NAME: [WARNING] Could not determine app name from standard sources. Using directory name: docketmate
docketmate-Sandbox
[INFO] Detected platforms: macOS
[INFO] Ensuring Xcode files for macOS platform...
[INFO] Setting up directory structure for macOS...
[INFO] Workspace contents file has correct project references
[WARNING] Main Xcode project not found at /Users/bernhardbudiono/Library/CloudStorage/Dropbox/_Documents - Apps (Working)/repos_github/Working/repo_docketmate/_macOS/[WARNING] Could not determine app name from standard sources. Using directory name: docketmate
docketmate/[WARNING] Could not determine app name from standard sources. Using directory name: docketmate
docketmate.xcodeproj
[INFO] Attempting to create Xcode project using create_xcodeproj.rb for macOS...
[INFO] Running create_xcodeproj.rb for macOS main project...
[ERROR] Failed to create Xcode project with create_xcodeproj.rb
[WARNING] Could not determine app name from standard sources. Using directory name: docketmate
[INFO] Using APP_NAME: [WARNING] Could not determine app name from standard sources. Using directory name: docketmate
docketmate and SANDBOX_NAME: [WARNING] Could not determine app name from standard sources. Using directory name: docketmate
docketmate-Sandbox
[INFO] Detected platforms: macOS
[INFO] Ensuring Xcode files for macOS platform...
[INFO] Setting up directory structure for macOS...
[INFO] Creating workspace directory at /Users/bernhardbudiono/Library/CloudStorage/Dropbox/_Documents - Apps (Working)/repos_github/Working/repo_docketmate/_macOS/[WARNING] Could not determine app name from standard sources. Using directory name: docketmate
docketmate.xcworkspace...
[WARNING] Workspace contents file missing at /Users/bernhardbudiono/Library/CloudStorage/Dropbox/_Documents - Apps (Working)/repos_github/Working/repo_docketmate/_macOS/[WARNING] Could not determine app name from standard sources. Using directory name: docketmate
docketmate.xcworkspace/contents.xcworkspacedata
[INFO] Creating contents.xcworkspacedata file...
[INFO] Created workspace contents file at /Users/bernhardbudiono/Library/CloudStorage/Dropbox/_Documents - Apps (Working)/repos_github/Working/repo_docketmate/_macOS/[WARNING] Could not determine app name from standard sources. Using directory name: docketmate
docketmate.xcworkspace/contents.xcworkspacedata
[WARNING] Main Xcode project not found at /Users/bernhardbudiono/Library/CloudStorage/Dropbox/_Documents - Apps (Working)/repos_github/Working/repo_docketmate/_macOS/[WARNING] Could not determine app name from standard sources. Using directory name: docketmate
docketmate/[WARNING] Could not determine app name from standard sources. Using directory name: docketmate
docketmate.xcodeproj
[INFO] Attempting to create Xcode project using create_xcodeproj.rb for macOS...
[INFO] Running create_xcodeproj.rb for macOS main project...
[ERROR] Failed to create Xcode project with create_xcodeproj.rb
[WARNING] Could not determine app name from standard sources. Using directory name: docketmate
[INFO] Using APP_NAME: [WARNING] Could not determine app name from standard sources. Using directory name: docketmate
docketmate and SANDBOX_NAME: [WARNING] Could not determine app name from standard sources. Using directory name: docketmate
docketmate-Sandbox
[INFO] Detected platforms: macOS
[INFO] Ensuring Xcode files for macOS platform...
[INFO] Setting up directory structure for macOS...
[INFO] Workspace contents file has correct project references
[WARNING] Main Xcode project not found at /Users/bernhardbudiono/Library/CloudStorage/Dropbox/_Documents - Apps (Working)/repos_github/Working/repo_docketmate/_macOS/[WARNING] Could not determine app name from standard sources. Using directory name: docketmate
docketmate/[WARNING] Could not determine app name from standard sources. Using directory name: docketmate
docketmate.xcodeproj
[INFO] Attempting to create Xcode project using create_xcodeproj.rb for macOS...
[INFO] Running create_xcodeproj.rb for macOS main project...
[ERROR] Failed to create Xcode project with create_xcodeproj.rb
[WARNING] Could not determine app name from standard sources. Using directory name: docketmate
[INFO] Using APP_NAME: [WARNING] Could not determine app name from standard sources. Using directory name: docketmate
docketmate and SANDBOX_NAME: [WARNING] Could not determine app name from standard sources. Using directory name: docketmate
docketmate-Sandbox
[INFO] Detected platforms: macOS
[INFO] Ensuring Xcode files for macOS platform...
[INFO] Setting up directory structure for macOS...
[INFO] Workspace contents file has correct project references
[WARNING] Main Xcode project not found at /Users/bernhardbudiono/Library/CloudStorage/Dropbox/_Documents - Apps (Working)/repos_github/Working/repo_docketmate/_macOS/[WARNING] Could not determine app name from standard sources. Using directory name: docketmate
docketmate/[WARNING] Could not determine app name from standard sources. Using directory name: docketmate
docketmate.xcodeproj
[INFO] Attempting to create Xcode project using create_xcodeproj.rb for macOS...
[INFO] Running create_xcodeproj.rb for macOS main project...
[ERROR] Failed to create Xcode project with create_xcodeproj.rb
[WARNING] Could not determine app name from standard sources. Using directory name: docketmate
[INFO] Using APP_NAME: [WARNING] Could not determine app name from standard sources. Using directory name: docketmate
docketmate and SANDBOX_NAME: [WARNING] Could not determine app name from standard sources. Using directory name: docketmate
docketmate-Sandbox
[INFO] Detected platforms: macOS
[INFO] Ensuring Xcode files for macOS platform...
[INFO] Setting up directory structure for macOS...
[INFO] Workspace contents file has correct project references
[WARNING] Main Xcode project not found at /Users/bernhardbudiono/Library/CloudStorage/Dropbox/_Documents - Apps (Working)/repos_github/Working/repo_docketmate/_macOS/[WARNING] Could not determine app name from standard sources. Using directory name: docketmate
docketmate/[WARNING] Could not determine app name from standard sources. Using directory name: docketmate
docketmate.xcodeproj
[INFO] Attempting to create Xcode project using create_xcodeproj.rb for macOS...
[INFO] Running create_xcodeproj.rb for macOS main project...
[WARNING] Sandbox Xcode project not found at /Users/bernhardbudiono/Library/CloudStorage/Dropbox/_Documents - Apps (Working)/repos_github/Working/repo_docketmate/_macOS/[WARNING] Could not determine app name from standard sources. Using directory name: docketmate
docketmate-Sandbox/[WARNING] Could not determine app name from standard sources. Using directory name: docketmate
docketmate-Sandbox.xcodeproj
[INFO] Attempting to create Sandbox Xcode project using create_xcodeproj.rb for macOS...
[INFO] Running create_xcodeproj.rb for macOS sandbox project...
[ERROR] Failed to verify all required Xcode files for macOS
[INFO] App name from Xcode project: _Documents
[INFO] Using APP_NAME: [INFO] App name from Xcode project: _Documents
_Documents and SANDBOX_NAME: [INFO] App name from Xcode project: _Documents
_Documents-Sandbox
[INFO] Detected platforms: macOS
[INFO] Ensuring Xcode files for macOS platform...
[INFO] Setting up directory structure for macOS...
[INFO] Creating workspace directory at /Users/bernhardbudiono/Library/CloudStorage/Dropbox/_Documents - Apps (Working)/repos_github/Working/repo_docketmate/_macOS/[INFO] App name from Xcode project: _Documents
_Documents.xcworkspace...
[WARNING] Workspace contents file missing at /Users/bernhardbudiono/Library/CloudStorage/Dropbox/_Documents - Apps (Working)/repos_github/Working/repo_docketmate/_macOS/[INFO] App name from Xcode project: _Documents
_Documents.xcworkspace/contents.xcworkspacedata
[INFO] Creating contents.xcworkspacedata file...
[INFO] Created workspace contents file at /Users/bernhardbudiono/Library/CloudStorage/Dropbox/_Documents - Apps (Working)/repos_github/Working/repo_docketmate/_macOS/[INFO] App name from Xcode project: _Documents
_Documents.xcworkspace/contents.xcworkspacedata
[WARNING] Main Xcode project not found at /Users/bernhardbudiono/Library/CloudStorage/Dropbox/_Documents - Apps (Working)/repos_github/Working/repo_docketmate/_macOS/[INFO] App name from Xcode project: _Documents
_Documents/[INFO] App name from Xcode project: _Documents
_Documents.xcodeproj
[INFO] Attempting to create Xcode project using create_xcodeproj.rb for macOS...
[INFO] Running create_xcodeproj.rb for macOS main project...
[WARNING] Sandbox Xcode project not found at /Users/bernhardbudiono/Library/CloudStorage/Dropbox/_Documents - Apps (Working)/repos_github/Working/repo_docketmate/_macOS/[INFO] App name from Xcode project: _Documents
_Documents-Sandbox/[INFO] App name from Xcode project: _Documents
_Documents-Sandbox.xcodeproj
[INFO] Attempting to create Sandbox Xcode project using create_xcodeproj.rb for macOS...
[INFO] Running create_xcodeproj.rb for macOS sandbox project...
[ERROR] Failed to verify all required Xcode files for macOS
[INFO] App name from Xcode project: _Documents
[INFO] Using APP_NAME: [INFO] App name from Xcode project: _Documents
_Documents and SANDBOX_NAME: [INFO] App name from Xcode project: _Documents
_Documents-Sandbox
[INFO] Detected platforms: macOS
[INFO] Ensuring Xcode files for macOS platform...
[INFO] Setting up directory structure for macOS...
[INFO] Workspace contents file has correct project references
[WARNING] Main Xcode project not found at /Users/bernhardbudiono/Library/CloudStorage/Dropbox/_Documents - Apps (Working)/repos_github/Working/repo_docketmate/_macOS/[INFO] App name from Xcode project: _Documents
_Documents/[INFO] App name from Xcode project: _Documents
_Documents.xcodeproj
[INFO] Attempting to create Xcode project using create_xcodeproj.rb for macOS...
[INFO] Running create_xcodeproj.rb for macOS main project...
[WARNING] Sandbox Xcode project not found at /Users/bernhardbudiono/Library/CloudStorage/Dropbox/_Documents - Apps (Working)/repos_github/Working/repo_docketmate/_macOS/[INFO] App name from Xcode project: _Documents
_Documents-Sandbox/[INFO] App name from Xcode project: _Documents
_Documents-Sandbox.xcodeproj
[INFO] Attempting to create Sandbox Xcode project using create_xcodeproj.rb for macOS...
[INFO] Running create_xcodeproj.rb for macOS sandbox project...
[ERROR] Failed to verify all required Xcode files for macOS
[INFO] App name from Xcode project: _Documents
[INFO] Using APP_NAME: [INFO] App name from Xcode project: _Documents
_Documents and SANDBOX_NAME: [INFO] App name from Xcode project: _Documents
_Documents-Sandbox
[INFO] Detected platforms: macOS
[INFO] Ensuring Xcode files for macOS platform...
[INFO] Setting up directory structure for macOS...
[INFO] Creating workspace directory at /Users/bernhardbudiono/Library/CloudStorage/Dropbox/_Documents - Apps (Working)/repos_github/Working/repo_docketmate/_macOS/[INFO] App name from Xcode project: _Documents
_Documents.xcworkspace...
[WARNING] Workspace contents file missing at /Users/bernhardbudiono/Library/CloudStorage/Dropbox/_Documents - Apps (Working)/repos_github/Working/repo_docketmate/_macOS/[INFO] App name from Xcode project: _Documents
_Documents.xcworkspace/contents.xcworkspacedata
[INFO] Creating contents.xcworkspacedata file...
[INFO] Created workspace contents file at /Users/bernhardbudiono/Library/CloudStorage/Dropbox/_Documents - Apps (Working)/repos_github/Working/repo_docketmate/_macOS/[INFO] App name from Xcode project: _Documents
_Documents.xcworkspace/contents.xcworkspacedata
[WARNING] Main Xcode project not found at /Users/bernhardbudiono/Library/CloudStorage/Dropbox/_Documents - Apps (Working)/repos_github/Working/repo_docketmate/_macOS/[INFO] App name from Xcode project: _Documents
_Documents/[INFO] App name from Xcode project: _Documents
_Documents.xcodeproj
[INFO] Attempting to create Xcode project using create_xcodeproj.rb for macOS...
[INFO] Running create_xcodeproj.rb for macOS main project...
[WARNING] Sandbox Xcode project not found at /Users/bernhardbudiono/Library/CloudStorage/Dropbox/_Documents - Apps (Working)/repos_github/Working/repo_docketmate/_macOS/[INFO] App name from Xcode project: _Documents
_Documents-Sandbox/[INFO] App name from Xcode project: _Documents
_Documents-Sandbox.xcodeproj
[INFO] Attempting to create Sandbox Xcode project using create_xcodeproj.rb for macOS...
[INFO] Running create_xcodeproj.rb for macOS sandbox project...
[ERROR] Failed to verify all required Xcode files for macOS
