Command line invocation:
    /Applications/Xcode.app/Contents/Developer/usr/bin/xcodebuild -project _macOS/docketmate/docketmate.xcodeproj -scheme docketmate -configuration Release clean build

ComputePackagePrebuildTargetDependencyGraph

CreateBuildRequest

SendProjectDescription

CreateBuildOperation

** CLEAN SUCCEEDED **

ComputePackagePrebuildTargetDependencyGraph

Prepare packages

CreateBuildRequest

SendProjectDescription

CreateBuildOperation

ComputeTargetDependencyGraph
note: Building targets in dependency order
note: Target dependency graph (1 target)
    Target 'docketmate' in project 'docketmate' (no dependencies)

GatherProvisioningInputs

CreateBuildDescription

ExecuteExternalTool /Applications/Xcode.app/Contents/Developer/Toolchains/XcodeDefault.xctoolchain/usr/bin/clang -v -E -dM -isysroot /Applications/Xcode.app/Contents/Developer/Platforms/MacOSX.platform/Developer/SDKs/MacOSX15.4.sdk -x c -c /dev/null

ExecuteExternalTool /Applications/Xcode.app/Contents/Developer/Toolchains/XcodeDefault.xctoolchain/usr/bin/swiftc --version

ExecuteExternalTool /Applications/Xcode.app/Contents/Developer/Toolchains/XcodeDefault.xctoolchain/usr/bin/ld -version_details

Build description signature: ea8b8998ea4c9d8e40486a0cdb4f7a79
Build description path: /Users/bernhardbudiono/Library/Developer/Xcode/DerivedData/docketmate-hlhlprtooijknuaiauxzxkoernqr/Build/Intermediates.noindex/XCBuildData/ea8b8998ea4c9d8e40486a0cdb4f7a79.xcbuilddata
ClangStatCache /Applications/Xcode.app/Contents/Developer/Toolchains/XcodeDefault.xctoolchain/usr/bin/clang-stat-cache /Applications/Xcode.app/Contents/Developer/Platforms/MacOSX.platform/Developer/SDKs/MacOSX15.4.sdk /Users/bernhardbudiono/Library/Developer/Xcode/DerivedData/SDKStatCaches.noindex/macosx15.4-24E241-88b860576fb364319593bd8fb30666b0.sdkstatcache
    cd /Users/bernhardbudiono/Library/CloudStorage/Dropbox/_Documents\ -\ Apps\ \(Working\)/repos_github/Working/repo_docketmate/_macOS/docketmate/docketmate.xcodeproj
    /Applications/Xcode.app/Contents/Developer/Toolchains/XcodeDefault.xctoolchain/usr/bin/clang-stat-cache /Applications/Xcode.app/Contents/Developer/Platforms/MacOSX.platform/Developer/SDKs/MacOSX15.4.sdk -o /Users/bernhardbudiono/Library/Developer/Xcode/DerivedData/SDKStatCaches.noindex/macosx15.4-24E241-88b860576fb364319593bd8fb30666b0.sdkstatcache

CreateBuildDirectory /Users/bernhardbudiono/Library/Developer/Xcode/DerivedData/docketmate-hlhlprtooijknuaiauxzxkoernqr/Build/Products
    cd /Users/bernhardbudiono/Library/CloudStorage/Dropbox/_Documents\ -\ Apps\ \(Working\)/repos_github/Working/repo_docketmate/_macOS/docketmate/docketmate.xcodeproj
    builtin-create-build-directory /Users/bernhardbudiono/Library/Developer/Xcode/DerivedData/docketmate-hlhlprtooijknuaiauxzxkoernqr/Build/Products

CreateBuildDirectory /Users/bernhardbudiono/Library/Developer/Xcode/DerivedData/docketmate-hlhlprtooijknuaiauxzxkoernqr/Build/Intermediates.noindex
    cd /Users/bernhardbudiono/Library/CloudStorage/Dropbox/_Documents\ -\ Apps\ \(Working\)/repos_github/Working/repo_docketmate/_macOS/docketmate/docketmate.xcodeproj
    builtin-create-build-directory /Users/bernhardbudiono/Library/Developer/Xcode/DerivedData/docketmate-hlhlprtooijknuaiauxzxkoernqr/Build/Intermediates.noindex

CreateBuildDirectory /Users/bernhardbudiono/Library/Developer/Xcode/DerivedData/docketmate-hlhlprtooijknuaiauxzxkoernqr/Build/Products/Release
    cd /Users/bernhardbudiono/Library/CloudStorage/Dropbox/_Documents\ -\ Apps\ \(Working\)/repos_github/Working/repo_docketmate/_macOS/docketmate/docketmate.xcodeproj
    builtin-create-build-directory /Users/bernhardbudiono/Library/Developer/Xcode/DerivedData/docketmate-hlhlprtooijknuaiauxzxkoernqr/Build/Products/Release

CreateBuildDirectory /Users/bernhardbudiono/Library/Developer/Xcode/DerivedData/docketmate-hlhlprtooijknuaiauxzxkoernqr/Build/Intermediates.noindex/EagerLinkingTBDs/Release
    cd /Users/bernhardbudiono/Library/CloudStorage/Dropbox/_Documents\ -\ Apps\ \(Working\)/repos_github/Working/repo_docketmate/_macOS/docketmate/docketmate.xcodeproj
    builtin-create-build-directory /Users/bernhardbudiono/Library/Developer/Xcode/DerivedData/docketmate-hlhlprtooijknuaiauxzxkoernqr/Build/Intermediates.noindex/EagerLinkingTBDs/Release

WriteAuxiliaryFile /Users/bernhardbudiono/Library/Developer/Xcode/DerivedData/docketmate-hlhlprtooijknuaiauxzxkoernqr/Build/Intermediates.noindex/docketmate.build/Release/docketmate-8275b6346bf167b44adb39acd9acaef0-VFS/all-product-headers.yaml
    cd /Users/bernhardbudiono/Library/CloudStorage/Dropbox/_Documents\ -\ Apps\ \(Working\)/repos_github/Working/repo_docketmate/_macOS/docketmate/docketmate.xcodeproj
    write-file /Users/bernhardbudiono/Library/Developer/Xcode/DerivedData/docketmate-hlhlprtooijknuaiauxzxkoernqr/Build/Intermediates.noindex/docketmate.build/Release/docketmate-8275b6346bf167b44adb39acd9acaef0-VFS/all-product-headers.yaml

WriteAuxiliaryFile /Users/bernhardbudiono/Library/Developer/Xcode/DerivedData/docketmate-hlhlprtooijknuaiauxzxkoernqr/Build/Intermediates.noindex/docketmate.build/Release/docketmate.build/docketmate-own-target-headers.hmap (in target 'docketmate' from project 'docketmate')
    cd /Users/bernhardbudiono/Library/CloudStorage/Dropbox/_Documents\ -\ Apps\ \(Working\)/repos_github/Working/repo_docketmate/_macOS/docketmate
    write-file /Users/bernhardbudiono/Library/Developer/Xcode/DerivedData/docketmate-hlhlprtooijknuaiauxzxkoernqr/Build/Intermediates.noindex/docketmate.build/Release/docketmate.build/docketmate-own-target-headers.hmap

WriteAuxiliaryFile /Users/bernhardbudiono/Library/Developer/Xcode/DerivedData/docketmate-hlhlprtooijknuaiauxzxkoernqr/Build/Intermediates.noindex/docketmate.build/Release/docketmate.build/docketmate-project-headers.hmap (in target 'docketmate' from project 'docketmate')
    cd /Users/bernhardbudiono/Library/CloudStorage/Dropbox/_Documents\ -\ Apps\ \(Working\)/repos_github/Working/repo_docketmate/_macOS/docketmate
    write-file /Users/bernhardbudiono/Library/Developer/Xcode/DerivedData/docketmate-hlhlprtooijknuaiauxzxkoernqr/Build/Intermediates.noindex/docketmate.build/Release/docketmate.build/docketmate-project-headers.hmap

WriteAuxiliaryFile /Users/bernhardbudiono/Library/Developer/Xcode/DerivedData/docketmate-hlhlprtooijknuaiauxzxkoernqr/Build/Intermediates.noindex/docketmate.build/Release/docketmate.build/docketmate.hmap (in target 'docketmate' from project 'docketmate')
    cd /Users/bernhardbudiono/Library/CloudStorage/Dropbox/_Documents\ -\ Apps\ \(Working\)/repos_github/Working/repo_docketmate/_macOS/docketmate
    write-file /Users/bernhardbudiono/Library/Developer/Xcode/DerivedData/docketmate-hlhlprtooijknuaiauxzxkoernqr/Build/Intermediates.noindex/docketmate.build/Release/docketmate.build/docketmate.hmap

WriteAuxiliaryFile /Users/bernhardbudiono/Library/Developer/Xcode/DerivedData/docketmate-hlhlprtooijknuaiauxzxkoernqr/Build/Intermediates.noindex/docketmate.build/Release/docketmate.build/docketmate-all-non-framework-target-headers.hmap (in target 'docketmate' from project 'docketmate')
    cd /Users/bernhardbudiono/Library/CloudStorage/Dropbox/_Documents\ -\ Apps\ \(Working\)/repos_github/Working/repo_docketmate/_macOS/docketmate
    write-file /Users/bernhardbudiono/Library/Developer/Xcode/DerivedData/docketmate-hlhlprtooijknuaiauxzxkoernqr/Build/Intermediates.noindex/docketmate.build/Release/docketmate.build/docketmate-all-non-framework-target-headers.hmap

WriteAuxiliaryFile /Users/bernhardbudiono/Library/Developer/Xcode/DerivedData/docketmate-hlhlprtooijknuaiauxzxkoernqr/Build/Intermediates.noindex/docketmate.build/Release/docketmate.build/docketmate-generated-files.hmap (in target 'docketmate' from project 'docketmate')
    cd /Users/bernhardbudiono/Library/CloudStorage/Dropbox/_Documents\ -\ Apps\ \(Working\)/repos_github/Working/repo_docketmate/_macOS/docketmate
    write-file /Users/bernhardbudiono/Library/Developer/Xcode/DerivedData/docketmate-hlhlprtooijknuaiauxzxkoernqr/Build/Intermediates.noindex/docketmate.build/Release/docketmate.build/docketmate-generated-files.hmap

WriteAuxiliaryFile /Users/bernhardbudiono/Library/Developer/Xcode/DerivedData/docketmate-hlhlprtooijknuaiauxzxkoernqr/Build/Intermediates.noindex/docketmate.build/Release/docketmate.build/Objects-normal/arm64/docketmate.LinkFileList (in target 'docketmate' from project 'docketmate')
    cd /Users/bernhardbudiono/Library/CloudStorage/Dropbox/_Documents\ -\ Apps\ \(Working\)/repos_github/Working/repo_docketmate/_macOS/docketmate
    write-file /Users/bernhardbudiono/Library/Developer/Xcode/DerivedData/docketmate-hlhlprtooijknuaiauxzxkoernqr/Build/Intermediates.noindex/docketmate.build/Release/docketmate.build/Objects-normal/arm64/docketmate.LinkFileList

WriteAuxiliaryFile /Users/bernhardbudiono/Library/Developer/Xcode/DerivedData/docketmate-hlhlprtooijknuaiauxzxkoernqr/Build/Intermediates.noindex/docketmate.build/Release/docketmate.build/Objects-normal/arm64/docketmate_const_extract_protocols.json (in target 'docketmate' from project 'docketmate')
    cd /Users/bernhardbudiono/Library/CloudStorage/Dropbox/_Documents\ -\ Apps\ \(Working\)/repos_github/Working/repo_docketmate/_macOS/docketmate
    write-file /Users/bernhardbudiono/Library/Developer/Xcode/DerivedData/docketmate-hlhlprtooijknuaiauxzxkoernqr/Build/Intermediates.noindex/docketmate.build/Release/docketmate.build/Objects-normal/arm64/docketmate_const_extract_protocols.json

WriteAuxiliaryFile /Users/bernhardbudiono/Library/Developer/Xcode/DerivedData/docketmate-hlhlprtooijknuaiauxzxkoernqr/Build/Intermediates.noindex/docketmate.build/Release/docketmate.build/DerivedSources/Entitlements.plist (in target 'docketmate' from project 'docketmate')
    cd /Users/bernhardbudiono/Library/CloudStorage/Dropbox/_Documents\ -\ Apps\ \(Working\)/repos_github/Working/repo_docketmate/_macOS/docketmate
    write-file /Users/bernhardbudiono/Library/Developer/Xcode/DerivedData/docketmate-hlhlprtooijknuaiauxzxkoernqr/Build/Intermediates.noindex/docketmate.build/Release/docketmate.build/DerivedSources/Entitlements.plist

WriteAuxiliaryFile /Users/bernhardbudiono/Library/Developer/Xcode/DerivedData/docketmate-hlhlprtooijknuaiauxzxkoernqr/Build/Intermediates.noindex/docketmate.build/Release/docketmate.build/Objects-normal/arm64/docketmate-OutputFileMap.json (in target 'docketmate' from project 'docketmate')
    cd /Users/bernhardbudiono/Library/CloudStorage/Dropbox/_Documents\ -\ Apps\ \(Working\)/repos_github/Working/repo_docketmate/_macOS/docketmate
    write-file /Users/bernhardbudiono/Library/Developer/Xcode/DerivedData/docketmate-hlhlprtooijknuaiauxzxkoernqr/Build/Intermediates.noindex/docketmate.build/Release/docketmate.build/Objects-normal/arm64/docketmate-OutputFileMap.json

WriteAuxiliaryFile /Users/bernhardbudiono/Library/Developer/Xcode/DerivedData/docketmate-hlhlprtooijknuaiauxzxkoernqr/Build/Intermediates.noindex/docketmate.build/Release/docketmate.build/docketmate-all-target-headers.hmap (in target 'docketmate' from project 'docketmate')
    cd /Users/bernhardbudiono/Library/CloudStorage/Dropbox/_Documents\ -\ Apps\ \(Working\)/repos_github/Working/repo_docketmate/_macOS/docketmate
    write-file /Users/bernhardbudiono/Library/Developer/Xcode/DerivedData/docketmate-hlhlprtooijknuaiauxzxkoernqr/Build/Intermediates.noindex/docketmate.build/Release/docketmate.build/docketmate-all-target-headers.hmap

WriteAuxiliaryFile /Users/bernhardbudiono/Library/Developer/Xcode/DerivedData/docketmate-hlhlprtooijknuaiauxzxkoernqr/Build/Intermediates.noindex/docketmate.build/Release/docketmate.build/docketmate.DependencyStaticMetadataFileList (in target 'docketmate' from project 'docketmate')
    cd /Users/bernhardbudiono/Library/CloudStorage/Dropbox/_Documents\ -\ Apps\ \(Working\)/repos_github/Working/repo_docketmate/_macOS/docketmate
    write-file /Users/bernhardbudiono/Library/Developer/Xcode/DerivedData/docketmate-hlhlprtooijknuaiauxzxkoernqr/Build/Intermediates.noindex/docketmate.build/Release/docketmate.build/docketmate.DependencyStaticMetadataFileList

WriteAuxiliaryFile /Users/bernhardbudiono/Library/Developer/Xcode/DerivedData/docketmate-hlhlprtooijknuaiauxzxkoernqr/Build/Intermediates.noindex/docketmate.build/Release/docketmate.build/docketmate.DependencyMetadataFileList (in target 'docketmate' from project 'docketmate')
    cd /Users/bernhardbudiono/Library/CloudStorage/Dropbox/_Documents\ -\ Apps\ \(Working\)/repos_github/Working/repo_docketmate/_macOS/docketmate
    write-file /Users/bernhardbudiono/Library/Developer/Xcode/DerivedData/docketmate-hlhlprtooijknuaiauxzxkoernqr/Build/Intermediates.noindex/docketmate.build/Release/docketmate.build/docketmate.DependencyMetadataFileList

WriteAuxiliaryFile /Users/bernhardbudiono/Library/Developer/Xcode/DerivedData/docketmate-hlhlprtooijknuaiauxzxkoernqr/Build/Intermediates.noindex/docketmate.build/Release/docketmate.build/Objects-normal/arm64/docketmate.SwiftConstValuesFileList (in target 'docketmate' from project 'docketmate')
    cd /Users/bernhardbudiono/Library/CloudStorage/Dropbox/_Documents\ -\ Apps\ \(Working\)/repos_github/Working/repo_docketmate/_macOS/docketmate
    write-file /Users/bernhardbudiono/Library/Developer/Xcode/DerivedData/docketmate-hlhlprtooijknuaiauxzxkoernqr/Build/Intermediates.noindex/docketmate.build/Release/docketmate.build/Objects-normal/arm64/docketmate.SwiftConstValuesFileList

WriteAuxiliaryFile /Users/bernhardbudiono/Library/Developer/Xcode/DerivedData/docketmate-hlhlprtooijknuaiauxzxkoernqr/Build/Intermediates.noindex/docketmate.build/Release/docketmate.build/Objects-normal/arm64/docketmate.SwiftFileList (in target 'docketmate' from project 'docketmate')
    cd /Users/bernhardbudiono/Library/CloudStorage/Dropbox/_Documents\ -\ Apps\ \(Working\)/repos_github/Working/repo_docketmate/_macOS/docketmate
    write-file /Users/bernhardbudiono/Library/Developer/Xcode/DerivedData/docketmate-hlhlprtooijknuaiauxzxkoernqr/Build/Intermediates.noindex/docketmate.build/Release/docketmate.build/Objects-normal/arm64/docketmate.SwiftFileList

MkDir /Users/bernhardbudiono/Library/Developer/Xcode/DerivedData/docketmate-hlhlprtooijknuaiauxzxkoernqr/Build/Products/Release/docketmate.app/Contents/MacOS (in target 'docketmate' from project 'docketmate')
    cd /Users/bernhardbudiono/Library/CloudStorage/Dropbox/_Documents\ -\ Apps\ \(Working\)/repos_github/Working/repo_docketmate/_macOS/docketmate
    /bin/mkdir -p /Users/bernhardbudiono/Library/Developer/Xcode/DerivedData/docketmate-hlhlprtooijknuaiauxzxkoernqr/Build/Products/Release/docketmate.app/Contents/MacOS

MkDir /Users/bernhardbudiono/Library/Developer/Xcode/DerivedData/docketmate-hlhlprtooijknuaiauxzxkoernqr/Build/Products/Release/docketmate.app/Contents (in target 'docketmate' from project 'docketmate')
    cd /Users/bernhardbudiono/Library/CloudStorage/Dropbox/_Documents\ -\ Apps\ \(Working\)/repos_github/Working/repo_docketmate/_macOS/docketmate
    /bin/mkdir -p /Users/bernhardbudiono/Library/Developer/Xcode/DerivedData/docketmate-hlhlprtooijknuaiauxzxkoernqr/Build/Products/Release/docketmate.app/Contents

MkDir /Users/bernhardbudiono/Library/Developer/Xcode/DerivedData/docketmate-hlhlprtooijknuaiauxzxkoernqr/Build/Products/Release/docketmate.app (in target 'docketmate' from project 'docketmate')
    cd /Users/bernhardbudiono/Library/CloudStorage/Dropbox/_Documents\ -\ Apps\ \(Working\)/repos_github/Working/repo_docketmate/_macOS/docketmate
    /bin/mkdir -p /Users/bernhardbudiono/Library/Developer/Xcode/DerivedData/docketmate-hlhlprtooijknuaiauxzxkoernqr/Build/Products/Release/docketmate.app

ProcessProductPackaging "" /Users/bernhardbudiono/Library/Developer/Xcode/DerivedData/docketmate-hlhlprtooijknuaiauxzxkoernqr/Build/Intermediates.noindex/docketmate.build/Release/docketmate.build/docketmate.app.xcent (in target 'docketmate' from project 'docketmate')
    cd /Users/bernhardbudiono/Library/CloudStorage/Dropbox/_Documents\ -\ Apps\ \(Working\)/repos_github/Working/repo_docketmate/_macOS/docketmate
    
    Entitlements:
    
    {
    "com.apple.security.get-task-allow" = 1;
}
    
    builtin-productPackagingUtility -entitlements -format xml -o /Users/bernhardbudiono/Library/Developer/Xcode/DerivedData/docketmate-hlhlprtooijknuaiauxzxkoernqr/Build/Intermediates.noindex/docketmate.build/Release/docketmate.build/docketmate.app.xcent

ProcessProductPackagingDER /Users/bernhardbudiono/Library/Developer/Xcode/DerivedData/docketmate-hlhlprtooijknuaiauxzxkoernqr/Build/Intermediates.noindex/docketmate.build/Release/docketmate.build/docketmate.app.xcent /Users/bernhardbudiono/Library/Developer/Xcode/DerivedData/docketmate-hlhlprtooijknuaiauxzxkoernqr/Build/Intermediates.noindex/docketmate.build/Release/docketmate.build/docketmate.app.xcent.der (in target 'docketmate' from project 'docketmate')
    cd /Users/bernhardbudiono/Library/CloudStorage/Dropbox/_Documents\ -\ Apps\ \(Working\)/repos_github/Working/repo_docketmate/_macOS/docketmate
    /usr/bin/derq query -f xml -i /Users/bernhardbudiono/Library/Developer/Xcode/DerivedData/docketmate-hlhlprtooijknuaiauxzxkoernqr/Build/Intermediates.noindex/docketmate.build/Release/docketmate.build/docketmate.app.xcent -o /Users/bernhardbudiono/Library/Developer/Xcode/DerivedData/docketmate-hlhlprtooijknuaiauxzxkoernqr/Build/Intermediates.noindex/docketmate.build/Release/docketmate.build/docketmate.app.xcent.der --raw

ProcessInfoPlistFile /Users/bernhardbudiono/Library/Developer/Xcode/DerivedData/docketmate-hlhlprtooijknuaiauxzxkoernqr/Build/Products/Release/docketmate.app/Contents/Info.plist /Users/bernhardbudiono/Library/CloudStorage/Dropbox/_Documents\ -\ Apps\ (Working)/repos_github/Working/repo_docketmate/_macOS/docketmate/Resources/Info.plist (in target 'docketmate' from project 'docketmate')
    cd /Users/bernhardbudiono/Library/CloudStorage/Dropbox/_Documents\ -\ Apps\ \(Working\)/repos_github/Working/repo_docketmate/_macOS/docketmate
    builtin-infoPlistUtility /Users/bernhardbudiono/Library/CloudStorage/Dropbox/_Documents\ -\ Apps\ \(Working\)/repos_github/Working/repo_docketmate/_macOS/docketmate/Resources/Info.plist -producttype com.apple.product-type.application -genpkginfo /Users/bernhardbudiono/Library/Developer/Xcode/DerivedData/docketmate-hlhlprtooijknuaiauxzxkoernqr/Build/Products/Release/docketmate.app/Contents/PkgInfo -expandbuildsettings -platform macosx -o /Users/bernhardbudiono/Library/Developer/Xcode/DerivedData/docketmate-hlhlprtooijknuaiauxzxkoernqr/Build/Products/Release/docketmate.app/Contents/Info.plist
warning: LSMinimumSystemVersion of '12.0' is less than the value of MACOSX_DEPLOYMENT_TARGET '13.0' - setting to '13.0'. (in target 'docketmate' from project 'docketmate')

SwiftDriver docketmate normal arm64 com.apple.xcode.tools.swift.compiler (in target 'docketmate' from project 'docketmate')
    cd /Users/bernhardbudiono/Library/CloudStorage/Dropbox/_Documents\ -\ Apps\ \(Working\)/repos_github/Working/repo_docketmate/_macOS/docketmate
    builtin-SwiftDriver -- /Applications/Xcode.app/Contents/Developer/Toolchains/XcodeDefault.xctoolchain/usr/bin/swiftc -module-name docketmate -O -whole-module-optimization -enforce-exclusivity\=checked @/Users/bernhardbudiono/Library/Developer/Xcode/DerivedData/docketmate-hlhlprtooijknuaiauxzxkoernqr/Build/Intermediates.noindex/docketmate.build/Release/docketmate.build/Objects-normal/arm64/docketmate.SwiftFileList -enable-bare-slash-regex -enable-experimental-feature DebugDescriptionMacro -sdk /Applications/Xcode.app/Contents/Developer/Platforms/MacOSX.platform/Developer/SDKs/MacOSX15.4.sdk -target arm64-apple-macos13.0 -g -module-cache-path /Users/bernhardbudiono/Library/Developer/Xcode/DerivedData/ModuleCache.noindex -Xfrontend -serialize-debugging-options -swift-version 5 -I /Users/bernhardbudiono/Library/Developer/Xcode/DerivedData/docketmate-hlhlprtooijknuaiauxzxkoernqr/Build/Products/Release -F /Users/bernhardbudiono/Library/Developer/Xcode/DerivedData/docketmate-hlhlprtooijknuaiauxzxkoernqr/Build/Products/Release -parse-as-library -c -num-threads 16 -Xcc -ivfsstatcache -Xcc /Users/bernhardbudiono/Library/Developer/Xcode/DerivedData/SDKStatCaches.noindex/macosx15.4-24E241-88b860576fb364319593bd8fb30666b0.sdkstatcache -output-file-map /Users/bernhardbudiono/Library/Developer/Xcode/DerivedData/docketmate-hlhlprtooijknuaiauxzxkoernqr/Build/Intermediates.noindex/docketmate.build/Release/docketmate.build/Objects-normal/arm64/docketmate-OutputFileMap.json -use-frontend-parseable-output -save-temps -no-color-diagnostics -serialize-diagnostics -emit-dependencies -emit-module -emit-module-path /Users/bernhardbudiono/Library/Developer/Xcode/DerivedData/docketmate-hlhlprtooijknuaiauxzxkoernqr/Build/Intermediates.noindex/docketmate.build/Release/docketmate.build/Objects-normal/arm64/docketmate.swiftmodule -validate-clang-modules-once -clang-build-session-file /Users/bernhardbudiono/Library/Developer/Xcode/DerivedData/ModuleCache.noindex/Session.modulevalidation -Xcc -I/Users/bernhardbudiono/Library/Developer/Xcode/DerivedData/docketmate-hlhlprtooijknuaiauxzxkoernqr/Build/Intermediates.noindex/docketmate.build/Release/docketmate.build/swift-overrides.hmap -emit-const-values -Xfrontend -const-gather-protocols-file -Xfrontend /Users/bernhardbudiono/Library/Developer/Xcode/DerivedData/docketmate-hlhlprtooijknuaiauxzxkoernqr/Build/Intermediates.noindex/docketmate.build/Release/docketmate.build/Objects-normal/arm64/docketmate_const_extract_protocols.json -Xcc -iquote -Xcc /Users/bernhardbudiono/Library/Developer/Xcode/DerivedData/docketmate-hlhlprtooijknuaiauxzxkoernqr/Build/Intermediates.noindex/docketmate.build/Release/docketmate.build/docketmate-generated-files.hmap -Xcc -I/Users/bernhardbudiono/Library/Developer/Xcode/DerivedData/docketmate-hlhlprtooijknuaiauxzxkoernqr/Build/Intermediates.noindex/docketmate.build/Release/docketmate.build/docketmate-own-target-headers.hmap -Xcc -I/Users/bernhardbudiono/Library/Developer/Xcode/DerivedData/docketmate-hlhlprtooijknuaiauxzxkoernqr/Build/Intermediates.noindex/docketmate.build/Release/docketmate.build/docketmate-all-target-headers.hmap -Xcc -iquote -Xcc /Users/bernhardbudiono/Library/Developer/Xcode/DerivedData/docketmate-hlhlprtooijknuaiauxzxkoernqr/Build/Intermediates.noindex/docketmate.build/Release/docketmate.build/docketmate-project-headers.hmap -Xcc -I/Users/bernhardbudiono/Library/Developer/Xcode/DerivedData/docketmate-hlhlprtooijknuaiauxzxkoernqr/Build/Products/Release/include -Xcc -I/Users/bernhardbudiono/Library/Developer/Xcode/DerivedData/docketmate-hlhlprtooijknuaiauxzxkoernqr/Build/Intermediates.noindex/docketmate.build/Release/docketmate.build/DerivedSources-normal/arm64 -Xcc -I/Users/bernhardbudiono/Library/Developer/Xcode/DerivedData/docketmate-hlhlprtooijknuaiauxzxkoernqr/Build/Intermediates.noindex/docketmate.build/Release/docketmate.build/DerivedSources/arm64 -Xcc -I/Users/bernhardbudiono/Library/Developer/Xcode/DerivedData/docketmate-hlhlprtooijknuaiauxzxkoernqr/Build/Intermediates.noindex/docketmate.build/Release/docketmate.build/DerivedSources -emit-objc-header -emit-objc-header-path /Users/bernhardbudiono/Library/Developer/Xcode/DerivedData/docketmate-hlhlprtooijknuaiauxzxkoernqr/Build/Intermediates.noindex/docketmate.build/Release/docketmate.build/Objects-normal/arm64/docketmate-Swift.h -working-directory /Users/bernhardbudiono/Library/CloudStorage/Dropbox/_Documents\ -\ Apps\ \(Working\)/repos_github/Working/repo_docketmate/_macOS/docketmate -no-emit-module-separately-wmo

SwiftCompile normal arm64 Compiling\ AppDelegate.swift /Users/bernhardbudiono/Library/CloudStorage/Dropbox/_Documents\ -\ Apps\ (Working)/repos_github/Working/repo_docketmate/_macOS/docketmate/Sources/AppDelegate.swift (in target 'docketmate' from project 'docketmate')

SwiftCompile normal arm64 /Users/bernhardbudiono/Library/CloudStorage/Dropbox/_Documents\ -\ Apps\ (Working)/repos_github/Working/repo_docketmate/_macOS/docketmate/Sources/AppDelegate.swift (in target 'docketmate' from project 'docketmate')
    cd /Users/bernhardbudiono/Library/CloudStorage/Dropbox/_Documents\ -\ Apps\ \(Working\)/repos_github/Working/repo_docketmate/_macOS/docketmate
    

SwiftDriver\ Compilation docketmate normal arm64 com.apple.xcode.tools.swift.compiler (in target 'docketmate' from project 'docketmate')
    cd /Users/bernhardbudiono/Library/CloudStorage/Dropbox/_Documents\ -\ Apps\ \(Working\)/repos_github/Working/repo_docketmate/_macOS/docketmate
    builtin-Swift-Compilation -- /Applications/Xcode.app/Contents/Developer/Toolchains/XcodeDefault.xctoolchain/usr/bin/swiftc -module-name docketmate -O -whole-module-optimization -enforce-exclusivity\=checked @/Users/bernhardbudiono/Library/Developer/Xcode/DerivedData/docketmate-hlhlprtooijknuaiauxzxkoernqr/Build/Intermediates.noindex/docketmate.build/Release/docketmate.build/Objects-normal/arm64/docketmate.SwiftFileList -enable-bare-slash-regex -enable-experimental-feature DebugDescriptionMacro -sdk /Applications/Xcode.app/Contents/Developer/Platforms/MacOSX.platform/Developer/SDKs/MacOSX15.4.sdk -target arm64-apple-macos13.0 -g -module-cache-path /Users/bernhardbudiono/Library/Developer/Xcode/DerivedData/ModuleCache.noindex -Xfrontend -serialize-debugging-options -swift-version 5 -I /Users/bernhardbudiono/Library/Developer/Xcode/DerivedData/docketmate-hlhlprtooijknuaiauxzxkoernqr/Build/Products/Release -F /Users/bernhardbudiono/Library/Developer/Xcode/DerivedData/docketmate-hlhlprtooijknuaiauxzxkoernqr/Build/Products/Release -parse-as-library -c -num-threads 16 -Xcc -ivfsstatcache -Xcc /Users/bernhardbudiono/Library/Developer/Xcode/DerivedData/SDKStatCaches.noindex/macosx15.4-24E241-88b860576fb364319593bd8fb30666b0.sdkstatcache -output-file-map /Users/bernhardbudiono/Library/Developer/Xcode/DerivedData/docketmate-hlhlprtooijknuaiauxzxkoernqr/Build/Intermediates.noindex/docketmate.build/Release/docketmate.build/Objects-normal/arm64/docketmate-OutputFileMap.json -use-frontend-parseable-output -save-temps -no-color-diagnostics -serialize-diagnostics -emit-dependencies -emit-module -emit-module-path /Users/bernhardbudiono/Library/Developer/Xcode/DerivedData/docketmate-hlhlprtooijknuaiauxzxkoernqr/Build/Intermediates.noindex/docketmate.build/Release/docketmate.build/Objects-normal/arm64/docketmate.swiftmodule -validate-clang-modules-once -clang-build-session-file /Users/bernhardbudiono/Library/Developer/Xcode/DerivedData/ModuleCache.noindex/Session.modulevalidation -Xcc -I/Users/bernhardbudiono/Library/Developer/Xcode/DerivedData/docketmate-hlhlprtooijknuaiauxzxkoernqr/Build/Intermediates.noindex/docketmate.build/Release/docketmate.build/swift-overrides.hmap -emit-const-values -Xfrontend -const-gather-protocols-file -Xfrontend /Users/bernhardbudiono/Library/Developer/Xcode/DerivedData/docketmate-hlhlprtooijknuaiauxzxkoernqr/Build/Intermediates.noindex/docketmate.build/Release/docketmate.build/Objects-normal/arm64/docketmate_const_extract_protocols.json -Xcc -iquote -Xcc /Users/bernhardbudiono/Library/Developer/Xcode/DerivedData/docketmate-hlhlprtooijknuaiauxzxkoernqr/Build/Intermediates.noindex/docketmate.build/Release/docketmate.build/docketmate-generated-files.hmap -Xcc -I/Users/bernhardbudiono/Library/Developer/Xcode/DerivedData/docketmate-hlhlprtooijknuaiauxzxkoernqr/Build/Intermediates.noindex/docketmate.build/Release/docketmate.build/docketmate-own-target-headers.hmap -Xcc -I/Users/bernhardbudiono/Library/Developer/Xcode/DerivedData/docketmate-hlhlprtooijknuaiauxzxkoernqr/Build/Intermediates.noindex/docketmate.build/Release/docketmate.build/docketmate-all-target-headers.hmap -Xcc -iquote -Xcc /Users/bernhardbudiono/Library/Developer/Xcode/DerivedData/docketmate-hlhlprtooijknuaiauxzxkoernqr/Build/Intermediates.noindex/docketmate.build/Release/docketmate.build/docketmate-project-headers.hmap -Xcc -I/Users/bernhardbudiono/Library/Developer/Xcode/DerivedData/docketmate-hlhlprtooijknuaiauxzxkoernqr/Build/Products/Release/include -Xcc -I/Users/bernhardbudiono/Library/Developer/Xcode/DerivedData/docketmate-hlhlprtooijknuaiauxzxkoernqr/Build/Intermediates.noindex/docketmate.build/Release/docketmate.build/DerivedSources-normal/arm64 -Xcc -I/Users/bernhardbudiono/Library/Developer/Xcode/DerivedData/docketmate-hlhlprtooijknuaiauxzxkoernqr/Build/Intermediates.noindex/docketmate.build/Release/docketmate.build/DerivedSources/arm64 -Xcc -I/Users/bernhardbudiono/Library/Developer/Xcode/DerivedData/docketmate-hlhlprtooijknuaiauxzxkoernqr/Build/Intermediates.noindex/docketmate.build/Release/docketmate.build/DerivedSources -emit-objc-header -emit-objc-header-path /Users/bernhardbudiono/Library/Developer/Xcode/DerivedData/docketmate-hlhlprtooijknuaiauxzxkoernqr/Build/Intermediates.noindex/docketmate.build/Release/docketmate.build/Objects-normal/arm64/docketmate-Swift.h -working-directory /Users/bernhardbudiono/Library/CloudStorage/Dropbox/_Documents\ -\ Apps\ \(Working\)/repos_github/Working/repo_docketmate/_macOS/docketmate -no-emit-module-separately-wmo

SwiftDriverJobDiscovery normal arm64 Compiling AppDelegate.swift (in target 'docketmate' from project 'docketmate')

SwiftDriver\ Compilation\ Requirements docketmate normal arm64 com.apple.xcode.tools.swift.compiler (in target 'docketmate' from project 'docketmate')
    cd /Users/bernhardbudiono/Library/CloudStorage/Dropbox/_Documents\ -\ Apps\ \(Working\)/repos_github/Working/repo_docketmate/_macOS/docketmate
    builtin-Swift-Compilation-Requirements -- /Applications/Xcode.app/Contents/Developer/Toolchains/XcodeDefault.xctoolchain/usr/bin/swiftc -module-name docketmate -O -whole-module-optimization -enforce-exclusivity\=checked @/Users/bernhardbudiono/Library/Developer/Xcode/DerivedData/docketmate-hlhlprtooijknuaiauxzxkoernqr/Build/Intermediates.noindex/docketmate.build/Release/docketmate.build/Objects-normal/arm64/docketmate.SwiftFileList -enable-bare-slash-regex -enable-experimental-feature DebugDescriptionMacro -sdk /Applications/Xcode.app/Contents/Developer/Platforms/MacOSX.platform/Developer/SDKs/MacOSX15.4.sdk -target arm64-apple-macos13.0 -g -module-cache-path /Users/bernhardbudiono/Library/Developer/Xcode/DerivedData/ModuleCache.noindex -Xfrontend -serialize-debugging-options -swift-version 5 -I /Users/bernhardbudiono/Library/Developer/Xcode/DerivedData/docketmate-hlhlprtooijknuaiauxzxkoernqr/Build/Products/Release -F /Users/bernhardbudiono/Library/Developer/Xcode/DerivedData/docketmate-hlhlprtooijknuaiauxzxkoernqr/Build/Products/Release -parse-as-library -c -num-threads 16 -Xcc -ivfsstatcache -Xcc /Users/bernhardbudiono/Library/Developer/Xcode/DerivedData/SDKStatCaches.noindex/macosx15.4-24E241-88b860576fb364319593bd8fb30666b0.sdkstatcache -output-file-map /Users/bernhardbudiono/Library/Developer/Xcode/DerivedData/docketmate-hlhlprtooijknuaiauxzxkoernqr/Build/Intermediates.noindex/docketmate.build/Release/docketmate.build/Objects-normal/arm64/docketmate-OutputFileMap.json -use-frontend-parseable-output -save-temps -no-color-diagnostics -serialize-diagnostics -emit-dependencies -emit-module -emit-module-path /Users/bernhardbudiono/Library/Developer/Xcode/DerivedData/docketmate-hlhlprtooijknuaiauxzxkoernqr/Build/Intermediates.noindex/docketmate.build/Release/docketmate.build/Objects-normal/arm64/docketmate.swiftmodule -validate-clang-modules-once -clang-build-session-file /Users/bernhardbudiono/Library/Developer/Xcode/DerivedData/ModuleCache.noindex/Session.modulevalidation -Xcc -I/Users/bernhardbudiono/Library/Developer/Xcode/DerivedData/docketmate-hlhlprtooijknuaiauxzxkoernqr/Build/Intermediates.noindex/docketmate.build/Release/docketmate.build/swift-overrides.hmap -emit-const-values -Xfrontend -const-gather-protocols-file -Xfrontend /Users/bernhardbudiono/Library/Developer/Xcode/DerivedData/docketmate-hlhlprtooijknuaiauxzxkoernqr/Build/Intermediates.noindex/docketmate.build/Release/docketmate.build/Objects-normal/arm64/docketmate_const_extract_protocols.json -Xcc -iquote -Xcc /Users/bernhardbudiono/Library/Developer/Xcode/DerivedData/docketmate-hlhlprtooijknuaiauxzxkoernqr/Build/Intermediates.noindex/docketmate.build/Release/docketmate.build/docketmate-generated-files.hmap -Xcc -I/Users/bernhardbudiono/Library/Developer/Xcode/DerivedData/docketmate-hlhlprtooijknuaiauxzxkoernqr/Build/Intermediates.noindex/docketmate.build/Release/docketmate.build/docketmate-own-target-headers.hmap -Xcc -I/Users/bernhardbudiono/Library/Developer/Xcode/DerivedData/docketmate-hlhlprtooijknuaiauxzxkoernqr/Build/Intermediates.noindex/docketmate.build/Release/docketmate.build/docketmate-all-target-headers.hmap -Xcc -iquote -Xcc /Users/bernhardbudiono/Library/Developer/Xcode/DerivedData/docketmate-hlhlprtooijknuaiauxzxkoernqr/Build/Intermediates.noindex/docketmate.build/Release/docketmate.build/docketmate-project-headers.hmap -Xcc -I/Users/bernhardbudiono/Library/Developer/Xcode/DerivedData/docketmate-hlhlprtooijknuaiauxzxkoernqr/Build/Products/Release/include -Xcc -I/Users/bernhardbudiono/Library/Developer/Xcode/DerivedData/docketmate-hlhlprtooijknuaiauxzxkoernqr/Build/Intermediates.noindex/docketmate.build/Release/docketmate.build/DerivedSources-normal/arm64 -Xcc -I/Users/bernhardbudiono/Library/Developer/Xcode/DerivedData/docketmate-hlhlprtooijknuaiauxzxkoernqr/Build/Intermediates.noindex/docketmate.build/Release/docketmate.build/DerivedSources/arm64 -Xcc -I/Users/bernhardbudiono/Library/Developer/Xcode/DerivedData/docketmate-hlhlprtooijknuaiauxzxkoernqr/Build/Intermediates.noindex/docketmate.build/Release/docketmate.build/DerivedSources -emit-objc-header -emit-objc-header-path /Users/bernhardbudiono/Library/Developer/Xcode/DerivedData/docketmate-hlhlprtooijknuaiauxzxkoernqr/Build/Intermediates.noindex/docketmate.build/Release/docketmate.build/Objects-normal/arm64/docketmate-Swift.h -working-directory /Users/bernhardbudiono/Library/CloudStorage/Dropbox/_Documents\ -\ Apps\ \(Working\)/repos_github/Working/repo_docketmate/_macOS/docketmate -no-emit-module-separately-wmo

SwiftMergeGeneratedHeaders /Users/bernhardbudiono/Library/Developer/Xcode/DerivedData/docketmate-hlhlprtooijknuaiauxzxkoernqr/Build/Intermediates.noindex/docketmate.build/Release/docketmate.build/DerivedSources/docketmate-Swift.h /Users/bernhardbudiono/Library/Developer/Xcode/DerivedData/docketmate-hlhlprtooijknuaiauxzxkoernqr/Build/Intermediates.noindex/docketmate.build/Release/docketmate.build/Objects-normal/arm64/docketmate-Swift.h (in target 'docketmate' from project 'docketmate')
    cd /Users/bernhardbudiono/Library/CloudStorage/Dropbox/_Documents\ -\ Apps\ \(Working\)/repos_github/Working/repo_docketmate/_macOS/docketmate
    builtin-swiftHeaderTool -arch arm64 /Users/bernhardbudiono/Library/Developer/Xcode/DerivedData/docketmate-hlhlprtooijknuaiauxzxkoernqr/Build/Intermediates.noindex/docketmate.build/Release/docketmate.build/Objects-normal/arm64/docketmate-Swift.h -o /Users/bernhardbudiono/Library/Developer/Xcode/DerivedData/docketmate-hlhlprtooijknuaiauxzxkoernqr/Build/Intermediates.noindex/docketmate.build/Release/docketmate.build/DerivedSources/docketmate-Swift.h

Copy /Users/bernhardbudiono/Library/Developer/Xcode/DerivedData/docketmate-hlhlprtooijknuaiauxzxkoernqr/Build/Products/Release/docketmate.swiftmodule/arm64-apple-macos.abi.json /Users/bernhardbudiono/Library/Developer/Xcode/DerivedData/docketmate-hlhlprtooijknuaiauxzxkoernqr/Build/Intermediates.noindex/docketmate.build/Release/docketmate.build/Objects-normal/arm64/docketmate.abi.json (in target 'docketmate' from project 'docketmate')
    cd /Users/bernhardbudiono/Library/CloudStorage/Dropbox/_Documents\ -\ Apps\ \(Working\)/repos_github/Working/repo_docketmate/_macOS/docketmate
    builtin-copy -exclude .DS_Store -exclude CVS -exclude .svn -exclude .git -exclude .hg -resolve-src-symlinks -rename /Users/bernhardbudiono/Library/Developer/Xcode/DerivedData/docketmate-hlhlprtooijknuaiauxzxkoernqr/Build/Intermediates.noindex/docketmate.build/Release/docketmate.build/Objects-normal/arm64/docketmate.abi.json /Users/bernhardbudiono/Library/Developer/Xcode/DerivedData/docketmate-hlhlprtooijknuaiauxzxkoernqr/Build/Products/Release/docketmate.swiftmodule/arm64-apple-macos.abi.json

Copy /Users/bernhardbudiono/Library/Developer/Xcode/DerivedData/docketmate-hlhlprtooijknuaiauxzxkoernqr/Build/Products/Release/docketmate.swiftmodule/arm64-apple-macos.swiftdoc /Users/bernhardbudiono/Library/Developer/Xcode/DerivedData/docketmate-hlhlprtooijknuaiauxzxkoernqr/Build/Intermediates.noindex/docketmate.build/Release/docketmate.build/Objects-normal/arm64/docketmate.swiftdoc (in target 'docketmate' from project 'docketmate')
    cd /Users/bernhardbudiono/Library/CloudStorage/Dropbox/_Documents\ -\ Apps\ \(Working\)/repos_github/Working/repo_docketmate/_macOS/docketmate
    builtin-copy -exclude .DS_Store -exclude CVS -exclude .svn -exclude .git -exclude .hg -resolve-src-symlinks -rename /Users/bernhardbudiono/Library/Developer/Xcode/DerivedData/docketmate-hlhlprtooijknuaiauxzxkoernqr/Build/Intermediates.noindex/docketmate.build/Release/docketmate.build/Objects-normal/arm64/docketmate.swiftdoc /Users/bernhardbudiono/Library/Developer/Xcode/DerivedData/docketmate-hlhlprtooijknuaiauxzxkoernqr/Build/Products/Release/docketmate.swiftmodule/arm64-apple-macos.swiftdoc

Copy /Users/bernhardbudiono/Library/Developer/Xcode/DerivedData/docketmate-hlhlprtooijknuaiauxzxkoernqr/Build/Products/Release/docketmate.swiftmodule/arm64-apple-macos.swiftmodule /Users/bernhardbudiono/Library/Developer/Xcode/DerivedData/docketmate-hlhlprtooijknuaiauxzxkoernqr/Build/Intermediates.noindex/docketmate.build/Release/docketmate.build/Objects-normal/arm64/docketmate.swiftmodule (in target 'docketmate' from project 'docketmate')
    cd /Users/bernhardbudiono/Library/CloudStorage/Dropbox/_Documents\ -\ Apps\ \(Working\)/repos_github/Working/repo_docketmate/_macOS/docketmate
    builtin-copy -exclude .DS_Store -exclude CVS -exclude .svn -exclude .git -exclude .hg -resolve-src-symlinks -rename /Users/bernhardbudiono/Library/Developer/Xcode/DerivedData/docketmate-hlhlprtooijknuaiauxzxkoernqr/Build/Intermediates.noindex/docketmate.build/Release/docketmate.build/Objects-normal/arm64/docketmate.swiftmodule /Users/bernhardbudiono/Library/Developer/Xcode/DerivedData/docketmate-hlhlprtooijknuaiauxzxkoernqr/Build/Products/Release/docketmate.swiftmodule/arm64-apple-macos.swiftmodule

Copy /Users/bernhardbudiono/Library/Developer/Xcode/DerivedData/docketmate-hlhlprtooijknuaiauxzxkoernqr/Build/Products/Release/docketmate.swiftmodule/Project/arm64-apple-macos.swiftsourceinfo /Users/bernhardbudiono/Library/Developer/Xcode/DerivedData/docketmate-hlhlprtooijknuaiauxzxkoernqr/Build/Intermediates.noindex/docketmate.build/Release/docketmate.build/Objects-normal/arm64/docketmate.swiftsourceinfo (in target 'docketmate' from project 'docketmate')
    cd /Users/bernhardbudiono/Library/CloudStorage/Dropbox/_Documents\ -\ Apps\ \(Working\)/repos_github/Working/repo_docketmate/_macOS/docketmate
    builtin-copy -exclude .DS_Store -exclude CVS -exclude .svn -exclude .git -exclude .hg -resolve-src-symlinks -rename /Users/bernhardbudiono/Library/Developer/Xcode/DerivedData/docketmate-hlhlprtooijknuaiauxzxkoernqr/Build/Intermediates.noindex/docketmate.build/Release/docketmate.build/Objects-normal/arm64/docketmate.swiftsourceinfo /Users/bernhardbudiono/Library/Developer/Xcode/DerivedData/docketmate-hlhlprtooijknuaiauxzxkoernqr/Build/Products/Release/docketmate.swiftmodule/Project/arm64-apple-macos.swiftsourceinfo

Ld /Users/bernhardbudiono/Library/Developer/Xcode/DerivedData/docketmate-hlhlprtooijknuaiauxzxkoernqr/Build/Products/Release/docketmate.app/Contents/MacOS/docketmate normal (in target 'docketmate' from project 'docketmate')
    cd /Users/bernhardbudiono/Library/CloudStorage/Dropbox/_Documents\ -\ Apps\ \(Working\)/repos_github/Working/repo_docketmate/_macOS/docketmate
    /Applications/Xcode.app/Contents/Developer/Toolchains/XcodeDefault.xctoolchain/usr/bin/clang -Xlinker -reproducible -target arm64-apple-macos13.0 -isysroot /Applications/Xcode.app/Contents/Developer/Platforms/MacOSX.platform/Developer/SDKs/MacOSX15.4.sdk -Os -L/Users/bernhardbudiono/Library/Developer/Xcode/DerivedData/docketmate-hlhlprtooijknuaiauxzxkoernqr/Build/Intermediates.noindex/EagerLinkingTBDs/Release -L/Users/bernhardbudiono/Library/Developer/Xcode/DerivedData/docketmate-hlhlprtooijknuaiauxzxkoernqr/Build/Products/Release -F/Users/bernhardbudiono/Library/Developer/Xcode/DerivedData/docketmate-hlhlprtooijknuaiauxzxkoernqr/Build/Intermediates.noindex/EagerLinkingTBDs/Release -F/Users/bernhardbudiono/Library/Developer/Xcode/DerivedData/docketmate-hlhlprtooijknuaiauxzxkoernqr/Build/Products/Release -filelist /Users/bernhardbudiono/Library/Developer/Xcode/DerivedData/docketmate-hlhlprtooijknuaiauxzxkoernqr/Build/Intermediates.noindex/docketmate.build/Release/docketmate.build/Objects-normal/arm64/docketmate.LinkFileList -Xlinker -rpath -Xlinker @executable_path/../Frameworks -Xlinker -object_path_lto -Xlinker /Users/bernhardbudiono/Library/Developer/Xcode/DerivedData/docketmate-hlhlprtooijknuaiauxzxkoernqr/Build/Intermediates.noindex/docketmate.build/Release/docketmate.build/Objects-normal/arm64/docketmate_lto.o -Xlinker -dependency_info -Xlinker /Users/bernhardbudiono/Library/Developer/Xcode/DerivedData/docketmate-hlhlprtooijknuaiauxzxkoernqr/Build/Intermediates.noindex/docketmate.build/Release/docketmate.build/Objects-normal/arm64/docketmate_dependency_info.dat -fobjc-link-runtime -L/Applications/Xcode.app/Contents/Developer/Toolchains/XcodeDefault.xctoolchain/usr/lib/swift/macosx -L/usr/lib/swift -Xlinker -add_ast_path -Xlinker /Users/bernhardbudiono/Library/Developer/Xcode/DerivedData/docketmate-hlhlprtooijknuaiauxzxkoernqr/Build/Intermediates.noindex/docketmate.build/Release/docketmate.build/Objects-normal/arm64/docketmate.swiftmodule -framework Cocoa -Xlinker -no_adhoc_codesign -o /Users/bernhardbudiono/Library/Developer/Xcode/DerivedData/docketmate-hlhlprtooijknuaiauxzxkoernqr/Build/Products/Release/docketmate.app/Contents/MacOS/docketmate

ExtractAppIntentsMetadata (in target 'docketmate' from project 'docketmate')
    cd /Users/bernhardbudiono/Library/CloudStorage/Dropbox/_Documents\ -\ Apps\ \(Working\)/repos_github/Working/repo_docketmate/_macOS/docketmate
    /Applications/Xcode.app/Contents/Developer/Toolchains/XcodeDefault.xctoolchain/usr/bin/appintentsmetadataprocessor --toolchain-dir /Applications/Xcode.app/Contents/Developer/Toolchains/XcodeDefault.xctoolchain --module-name docketmate --sdk-root /Applications/Xcode.app/Contents/Developer/Platforms/MacOSX.platform/Developer/SDKs/MacOSX15.4.sdk --xcode-version 16E140 --platform-family macOS --deployment-target 13.0 --bundle-identifier com.docketmate.production --output /Users/bernhardbudiono/Library/Developer/Xcode/DerivedData/docketmate-hlhlprtooijknuaiauxzxkoernqr/Build/Products/Release/docketmate.app/Contents/Resources --target-triple arm64-apple-macos13.0 --binary-file /Users/bernhardbudiono/Library/Developer/Xcode/DerivedData/docketmate-hlhlprtooijknuaiauxzxkoernqr/Build/Products/Release/docketmate.app/Contents/MacOS/docketmate --dependency-file /Users/bernhardbudiono/Library/Developer/Xcode/DerivedData/docketmate-hlhlprtooijknuaiauxzxkoernqr/Build/Intermediates.noindex/docketmate.build/Release/docketmate.build/Objects-normal/arm64/docketmate_dependency_info.dat --stringsdata-file /Users/bernhardbudiono/Library/Developer/Xcode/DerivedData/docketmate-hlhlprtooijknuaiauxzxkoernqr/Build/Intermediates.noindex/docketmate.build/Release/docketmate.build/Objects-normal/arm64/ExtractedAppShortcutsMetadata.stringsdata --source-file-list /Users/bernhardbudiono/Library/Developer/Xcode/DerivedData/docketmate-hlhlprtooijknuaiauxzxkoernqr/Build/Intermediates.noindex/docketmate.build/Release/docketmate.build/Objects-normal/arm64/docketmate.SwiftFileList --metadata-file-list /Users/bernhardbudiono/Library/Developer/Xcode/DerivedData/docketmate-hlhlprtooijknuaiauxzxkoernqr/Build/Intermediates.noindex/docketmate.build/Release/docketmate.build/docketmate.DependencyMetadataFileList --static-metadata-file-list /Users/bernhardbudiono/Library/Developer/Xcode/DerivedData/docketmate-hlhlprtooijknuaiauxzxkoernqr/Build/Intermediates.noindex/docketmate.build/Release/docketmate.build/docketmate.DependencyStaticMetadataFileList --swift-const-vals-list /Users/bernhardbudiono/Library/Developer/Xcode/DerivedData/docketmate-hlhlprtooijknuaiauxzxkoernqr/Build/Intermediates.noindex/docketmate.build/Release/docketmate.build/Objects-normal/arm64/docketmate.SwiftConstValuesFileList --compile-time-extraction --deployment-aware-processing --validate-assistant-intents --no-app-shortcuts-localization
2025-05-20 10:02:17.457 appintentsmetadataprocessor[94241:10547231] Starting appintentsmetadataprocessor export
2025-05-20 10:02:17.459 appintentsmetadataprocessor[94241:10547231] warning: Metadata extraction skipped. No AppIntents.framework dependency found.

CopySwiftLibs /Users/bernhardbudiono/Library/Developer/Xcode/DerivedData/docketmate-hlhlprtooijknuaiauxzxkoernqr/Build/Products/Release/docketmate.app (in target 'docketmate' from project 'docketmate')
    cd /Users/bernhardbudiono/Library/CloudStorage/Dropbox/_Documents\ -\ Apps\ \(Working\)/repos_github/Working/repo_docketmate/_macOS/docketmate
    builtin-swiftStdLibTool --copy --verbose --sign - --scan-executable /Users/bernhardbudiono/Library/Developer/Xcode/DerivedData/docketmate-hlhlprtooijknuaiauxzxkoernqr/Build/Products/Release/docketmate.app/Contents/MacOS/docketmate --scan-folder /Users/bernhardbudiono/Library/Developer/Xcode/DerivedData/docketmate-hlhlprtooijknuaiauxzxkoernqr/Build/Products/Release/docketmate.app/Contents/Frameworks --scan-folder /Users/bernhardbudiono/Library/Developer/Xcode/DerivedData/docketmate-hlhlprtooijknuaiauxzxkoernqr/Build/Products/Release/docketmate.app/Contents/PlugIns --scan-folder /Users/bernhardbudiono/Library/Developer/Xcode/DerivedData/docketmate-hlhlprtooijknuaiauxzxkoernqr/Build/Products/Release/docketmate.app/Contents/Library/SystemExtensions --scan-folder /Users/bernhardbudiono/Library/Developer/Xcode/DerivedData/docketmate-hlhlprtooijknuaiauxzxkoernqr/Build/Products/Release/docketmate.app/Contents/Extensions --scan-folder /Applications/Xcode.app/Contents/Developer/Platforms/MacOSX.platform/Developer/SDKs/MacOSX15.0.sdk/System/Library/Frameworks/Cocoa.framework --platform macosx --toolchain /Applications/Xcode.app/Contents/Developer/Toolchains/XcodeDefault.xctoolchain --destination /Users/bernhardbudiono/Library/Developer/Xcode/DerivedData/docketmate-hlhlprtooijknuaiauxzxkoernqr/Build/Products/Release/docketmate.app/Contents/Frameworks --strip-bitcode --strip-bitcode-tool /Applications/Xcode.app/Contents/Developer/Toolchains/XcodeDefault.xctoolchain/usr/bin/bitcode_strip --emit-dependency-info /Users/bernhardbudiono/Library/Developer/Xcode/DerivedData/docketmate-hlhlprtooijknuaiauxzxkoernqr/Build/Intermediates.noindex/docketmate.build/Release/docketmate.build/SwiftStdLibToolInputDependencies.dep --filter-for-swift-os

GenerateDSYMFile /Users/bernhardbudiono/Library/Developer/Xcode/DerivedData/docketmate-hlhlprtooijknuaiauxzxkoernqr/Build/Products/Release/docketmate.app.dSYM /Users/bernhardbudiono/Library/Developer/Xcode/DerivedData/docketmate-hlhlprtooijknuaiauxzxkoernqr/Build/Products/Release/docketmate.app/Contents/MacOS/docketmate (in target 'docketmate' from project 'docketmate')
    cd /Users/bernhardbudiono/Library/CloudStorage/Dropbox/_Documents\ -\ Apps\ \(Working\)/repos_github/Working/repo_docketmate/_macOS/docketmate
    /Applications/Xcode.app/Contents/Developer/Toolchains/XcodeDefault.xctoolchain/usr/bin/dsymutil /Users/bernhardbudiono/Library/Developer/Xcode/DerivedData/docketmate-hlhlprtooijknuaiauxzxkoernqr/Build/Products/Release/docketmate.app/Contents/MacOS/docketmate -o /Users/bernhardbudiono/Library/Developer/Xcode/DerivedData/docketmate-hlhlprtooijknuaiauxzxkoernqr/Build/Products/Release/docketmate.app.dSYM

CodeSign /Users/bernhardbudiono/Library/Developer/Xcode/DerivedData/docketmate-hlhlprtooijknuaiauxzxkoernqr/Build/Products/Release/docketmate.app (in target 'docketmate' from project 'docketmate')
    cd /Users/bernhardbudiono/Library/CloudStorage/Dropbox/_Documents\ -\ Apps\ \(Working\)/repos_github/Working/repo_docketmate/_macOS/docketmate
    
    Signing Identity:     "Sign to Run Locally"
    
    /usr/bin/codesign --force --sign - -o runtime --entitlements /Users/bernhardbudiono/Library/Developer/Xcode/DerivedData/docketmate-hlhlprtooijknuaiauxzxkoernqr/Build/Intermediates.noindex/docketmate.build/Release/docketmate.build/docketmate.app.xcent --timestamp\=none --generate-entitlement-der /Users/bernhardbudiono/Library/Developer/Xcode/DerivedData/docketmate-hlhlprtooijknuaiauxzxkoernqr/Build/Products/Release/docketmate.app

RegisterExecutionPolicyException /Users/bernhardbudiono/Library/Developer/Xcode/DerivedData/docketmate-hlhlprtooijknuaiauxzxkoernqr/Build/Products/Release/docketmate.app (in target 'docketmate' from project 'docketmate')
    cd /Users/bernhardbudiono/Library/CloudStorage/Dropbox/_Documents\ -\ Apps\ \(Working\)/repos_github/Working/repo_docketmate/_macOS/docketmate
    builtin-RegisterExecutionPolicyException /Users/bernhardbudiono/Library/Developer/Xcode/DerivedData/docketmate-hlhlprtooijknuaiauxzxkoernqr/Build/Products/Release/docketmate.app

Validate /Users/bernhardbudiono/Library/Developer/Xcode/DerivedData/docketmate-hlhlprtooijknuaiauxzxkoernqr/Build/Products/Release/docketmate.app (in target 'docketmate' from project 'docketmate')
    cd /Users/bernhardbudiono/Library/CloudStorage/Dropbox/_Documents\ -\ Apps\ \(Working\)/repos_github/Working/repo_docketmate/_macOS/docketmate
    builtin-validationUtility /Users/bernhardbudiono/Library/Developer/Xcode/DerivedData/docketmate-hlhlprtooijknuaiauxzxkoernqr/Build/Products/Release/docketmate.app -no-validate-extension -infoplist-subpath Contents/Info.plist

Touch /Users/bernhardbudiono/Library/Developer/Xcode/DerivedData/docketmate-hlhlprtooijknuaiauxzxkoernqr/Build/Products/Release/docketmate.app (in target 'docketmate' from project 'docketmate')
    cd /Users/bernhardbudiono/Library/CloudStorage/Dropbox/_Documents\ -\ Apps\ \(Working\)/repos_github/Working/repo_docketmate/_macOS/docketmate
    /usr/bin/touch -c /Users/bernhardbudiono/Library/Developer/Xcode/DerivedData/docketmate-hlhlprtooijknuaiauxzxkoernqr/Build/Products/Release/docketmate.app

RegisterWithLaunchServices /Users/bernhardbudiono/Library/Developer/Xcode/DerivedData/docketmate-hlhlprtooijknuaiauxzxkoernqr/Build/Products/Release/docketmate.app (in target 'docketmate' from project 'docketmate')
    cd /Users/bernhardbudiono/Library/CloudStorage/Dropbox/_Documents\ -\ Apps\ \(Working\)/repos_github/Working/repo_docketmate/_macOS/docketmate
    /System/Library/Frameworks/CoreServices.framework/Versions/Current/Frameworks/LaunchServices.framework/Versions/Current/Support/lsregister -f -R -trusted /Users/bernhardbudiono/Library/Developer/Xcode/DerivedData/docketmate-hlhlprtooijknuaiauxzxkoernqr/Build/Products/Release/docketmate.app

note: Disabling previews because SWIFT_VERSION is set and SWIFT_OPTIMIZATION_LEVEL=-O, expected -Onone (in target 'docketmate' from project 'docketmate')
** BUILD SUCCEEDED **

