Command line invocation:
    /Applications/Xcode.app/Contents/Developer/usr/bin/xcodebuild -workspace DocketMate.xcworkspace -scheme DocketMate -configuration Release clean build

ComputePackagePrebuildTargetDependencyGraph

CreateBuildRequest

SendProjectDescription

CreateBuildOperation

** CLEAN SUCCEEDED **

ComputePackagePrebuildTargetDependencyGraph

Prepare packages

CreateBuildRequest

SendProjectDescription

CreateBuildOperation

ComputeTargetDependencyGraph
note: Building targets in dependency order
note: Target dependency graph (1 target)
    Target 'DocketMate' in project 'DocketMate' (no dependencies)

GatherProvisioningInputs

CreateBuildDescription

ExecuteExternalTool /Applications/Xcode.app/Contents/Developer/Toolchains/XcodeDefault.xctoolchain/usr/bin/clang -v -E -dM -isysroot /Applications/Xcode.app/Contents/Developer/Platforms/MacOSX.platform/Developer/SDKs/MacOSX15.4.sdk -x c -c /dev/null

ExecuteExternalTool /Applications/Xcode.app/Contents/Developer/Toolchains/XcodeDefault.xctoolchain/usr/bin/swiftc --version

ExecuteExternalTool /Applications/Xcode.app/Contents/Developer/Toolchains/XcodeDefault.xctoolchain/usr/bin/ld -version_details

Build description signature: c7d326b07dcff0fa9b85a62bbb756c29
Build description path: /Users/bernhardbudiono/Library/Developer/Xcode/DerivedData/Docketmate-dfhaxembwdcvckcrpbasnlatgtmx/Build/Intermediates.noindex/XCBuildData/c7d326b07dcff0fa9b85a62bbb756c29.xcbuilddata
ClangStatCache /Applications/Xcode.app/Contents/Developer/Toolchains/XcodeDefault.xctoolchain/usr/bin/clang-stat-cache /Applications/Xcode.app/Contents/Developer/Platforms/MacOSX.platform/Developer/SDKs/MacOSX15.4.sdk /Users/bernhardbudiono/Library/Developer/Xcode/DerivedData/SDKStatCaches.noindex/macosx15.4-24E241-88b860576fb364319593bd8fb30666b0.sdkstatcache
    cd /Users/bernhardbudiono/Library/CloudStorage/Dropbox/_Documents\ -\ Apps\ \(Working\)/repos_github/Working/repo_docketmate/_macOS
    /Applications/Xcode.app/Contents/Developer/Toolchains/XcodeDefault.xctoolchain/usr/bin/clang-stat-cache /Applications/Xcode.app/Contents/Developer/Platforms/MacOSX.platform/Developer/SDKs/MacOSX15.4.sdk -o /Users/bernhardbudiono/Library/Developer/Xcode/DerivedData/SDKStatCaches.noindex/macosx15.4-24E241-88b860576fb364319593bd8fb30666b0.sdkstatcache

CreateBuildDirectory /Users/bernhardbudiono/Library/Developer/Xcode/DerivedData/Docketmate-dfhaxembwdcvckcrpbasnlatgtmx/Build/Products
    cd /Users/bernhardbudiono/Library/CloudStorage/Dropbox/_Documents\ -\ Apps\ \(Working\)/repos_github/Working/repo_docketmate/_macOS
    builtin-create-build-directory /Users/bernhardbudiono/Library/Developer/Xcode/DerivedData/Docketmate-dfhaxembwdcvckcrpbasnlatgtmx/Build/Products

CreateBuildDirectory /Users/bernhardbudiono/Library/Developer/Xcode/DerivedData/Docketmate-dfhaxembwdcvckcrpbasnlatgtmx/Build/Intermediates.noindex
    cd /Users/bernhardbudiono/Library/CloudStorage/Dropbox/_Documents\ -\ Apps\ \(Working\)/repos_github/Working/repo_docketmate/_macOS
    builtin-create-build-directory /Users/bernhardbudiono/Library/Developer/Xcode/DerivedData/Docketmate-dfhaxembwdcvckcrpbasnlatgtmx/Build/Intermediates.noindex

CreateBuildDirectory /Users/bernhardbudiono/Library/Developer/Xcode/DerivedData/Docketmate-dfhaxembwdcvckcrpbasnlatgtmx/Build/Products/Release
    cd /Users/bernhardbudiono/Library/CloudStorage/Dropbox/_Documents\ -\ Apps\ \(Working\)/repos_github/Working/repo_docketmate/_macOS
    builtin-create-build-directory /Users/bernhardbudiono/Library/Developer/Xcode/DerivedData/Docketmate-dfhaxembwdcvckcrpbasnlatgtmx/Build/Products/Release

CreateBuildDirectory /Users/bernhardbudiono/Library/Developer/Xcode/DerivedData/Docketmate-dfhaxembwdcvckcrpbasnlatgtmx/Build/Intermediates.noindex/EagerLinkingTBDs/Release
    cd /Users/bernhardbudiono/Library/CloudStorage/Dropbox/_Documents\ -\ Apps\ \(Working\)/repos_github/Working/repo_docketmate/_macOS
    builtin-create-build-directory /Users/bernhardbudiono/Library/Developer/Xcode/DerivedData/Docketmate-dfhaxembwdcvckcrpbasnlatgtmx/Build/Intermediates.noindex/EagerLinkingTBDs/Release

WriteAuxiliaryFile /Users/bernhardbudiono/Library/Developer/Xcode/DerivedData/Docketmate-dfhaxembwdcvckcrpbasnlatgtmx/Build/Intermediates.noindex/DocketMate.build/Release/DocketMate-bd3503207724a38b96ffcfc53d4349cf-VFS/all-product-headers.yaml
    cd /Users/bernhardbudiono/Library/CloudStorage/Dropbox/_Documents\ -\ Apps\ \(Working\)/repos_github/Working/repo_docketmate/_macOS
    write-file /Users/bernhardbudiono/Library/Developer/Xcode/DerivedData/Docketmate-dfhaxembwdcvckcrpbasnlatgtmx/Build/Intermediates.noindex/DocketMate.build/Release/DocketMate-bd3503207724a38b96ffcfc53d4349cf-VFS/all-product-headers.yaml

WriteAuxiliaryFile /Users/bernhardbudiono/Library/Developer/Xcode/DerivedData/Docketmate-dfhaxembwdcvckcrpbasnlatgtmx/Build/Intermediates.noindex/DocketMate.build/Release/DocketMate.build/DocketMate-project-headers.hmap (in target 'DocketMate' from project 'DocketMate')
    cd /Users/bernhardbudiono/Library/CloudStorage/Dropbox/_Documents\ -\ Apps\ \(Working\)/repos_github/Working/repo_docketmate/_macOS/Docketmate
    write-file /Users/bernhardbudiono/Library/Developer/Xcode/DerivedData/Docketmate-dfhaxembwdcvckcrpbasnlatgtmx/Build/Intermediates.noindex/DocketMate.build/Release/DocketMate.build/DocketMate-project-headers.hmap

WriteAuxiliaryFile /Users/bernhardbudiono/Library/Developer/Xcode/DerivedData/Docketmate-dfhaxembwdcvckcrpbasnlatgtmx/Build/Intermediates.noindex/DocketMate.build/Release/DocketMate.build/DocketMate-own-target-headers.hmap (in target 'DocketMate' from project 'DocketMate')
    cd /Users/bernhardbudiono/Library/CloudStorage/Dropbox/_Documents\ -\ Apps\ \(Working\)/repos_github/Working/repo_docketmate/_macOS/Docketmate
    write-file /Users/bernhardbudiono/Library/Developer/Xcode/DerivedData/Docketmate-dfhaxembwdcvckcrpbasnlatgtmx/Build/Intermediates.noindex/DocketMate.build/Release/DocketMate.build/DocketMate-own-target-headers.hmap

WriteAuxiliaryFile /Users/bernhardbudiono/Library/Developer/Xcode/DerivedData/Docketmate-dfhaxembwdcvckcrpbasnlatgtmx/Build/Intermediates.noindex/DocketMate.build/Release/DocketMate.build/DocketMate-generated-files.hmap (in target 'DocketMate' from project 'DocketMate')
    cd /Users/bernhardbudiono/Library/CloudStorage/Dropbox/_Documents\ -\ Apps\ \(Working\)/repos_github/Working/repo_docketmate/_macOS/Docketmate
    write-file /Users/bernhardbudiono/Library/Developer/Xcode/DerivedData/Docketmate-dfhaxembwdcvckcrpbasnlatgtmx/Build/Intermediates.noindex/DocketMate.build/Release/DocketMate.build/DocketMate-generated-files.hmap

WriteAuxiliaryFile /Users/bernhardbudiono/Library/Developer/Xcode/DerivedData/Docketmate-dfhaxembwdcvckcrpbasnlatgtmx/Build/Intermediates.noindex/DocketMate.build/Release/DocketMate.build/DocketMate.hmap (in target 'DocketMate' from project 'DocketMate')
    cd /Users/bernhardbudiono/Library/CloudStorage/Dropbox/_Documents\ -\ Apps\ \(Working\)/repos_github/Working/repo_docketmate/_macOS/Docketmate
    write-file /Users/bernhardbudiono/Library/Developer/Xcode/DerivedData/Docketmate-dfhaxembwdcvckcrpbasnlatgtmx/Build/Intermediates.noindex/DocketMate.build/Release/DocketMate.build/DocketMate.hmap

WriteAuxiliaryFile /Users/bernhardbudiono/Library/Developer/Xcode/DerivedData/Docketmate-dfhaxembwdcvckcrpbasnlatgtmx/Build/Intermediates.noindex/DocketMate.build/Release/DocketMate.build/DocketMate-all-target-headers.hmap (in target 'DocketMate' from project 'DocketMate')
    cd /Users/bernhardbudiono/Library/CloudStorage/Dropbox/_Documents\ -\ Apps\ \(Working\)/repos_github/Working/repo_docketmate/_macOS/Docketmate
    write-file /Users/bernhardbudiono/Library/Developer/Xcode/DerivedData/Docketmate-dfhaxembwdcvckcrpbasnlatgtmx/Build/Intermediates.noindex/DocketMate.build/Release/DocketMate.build/DocketMate-all-target-headers.hmap

WriteAuxiliaryFile /Users/bernhardbudiono/Library/Developer/Xcode/DerivedData/Docketmate-dfhaxembwdcvckcrpbasnlatgtmx/Build/Intermediates.noindex/DocketMate.build/Release/DocketMate.build/Objects-normal/arm64/DocketMate_const_extract_protocols.json (in target 'DocketMate' from project 'DocketMate')
    cd /Users/bernhardbudiono/Library/CloudStorage/Dropbox/_Documents\ -\ Apps\ \(Working\)/repos_github/Working/repo_docketmate/_macOS/Docketmate
    write-file /Users/bernhardbudiono/Library/Developer/Xcode/DerivedData/Docketmate-dfhaxembwdcvckcrpbasnlatgtmx/Build/Intermediates.noindex/DocketMate.build/Release/DocketMate.build/Objects-normal/arm64/DocketMate_const_extract_protocols.json

WriteAuxiliaryFile /Users/bernhardbudiono/Library/Developer/Xcode/DerivedData/Docketmate-dfhaxembwdcvckcrpbasnlatgtmx/Build/Intermediates.noindex/DocketMate.build/Release/DocketMate.build/Objects-normal/arm64/DocketMate-OutputFileMap.json (in target 'DocketMate' from project 'DocketMate')
    cd /Users/bernhardbudiono/Library/CloudStorage/Dropbox/_Documents\ -\ Apps\ \(Working\)/repos_github/Working/repo_docketmate/_macOS/Docketmate
    write-file /Users/bernhardbudiono/Library/Developer/Xcode/DerivedData/Docketmate-dfhaxembwdcvckcrpbasnlatgtmx/Build/Intermediates.noindex/DocketMate.build/Release/DocketMate.build/Objects-normal/arm64/DocketMate-OutputFileMap.json

WriteAuxiliaryFile /Users/bernhardbudiono/Library/Developer/Xcode/DerivedData/Docketmate-dfhaxembwdcvckcrpbasnlatgtmx/Build/Intermediates.noindex/DocketMate.build/Release/DocketMate.build/DocketMate.DependencyStaticMetadataFileList (in target 'DocketMate' from project 'DocketMate')
    cd /Users/bernhardbudiono/Library/CloudStorage/Dropbox/_Documents\ -\ Apps\ \(Working\)/repos_github/Working/repo_docketmate/_macOS/Docketmate
    write-file /Users/bernhardbudiono/Library/Developer/Xcode/DerivedData/Docketmate-dfhaxembwdcvckcrpbasnlatgtmx/Build/Intermediates.noindex/DocketMate.build/Release/DocketMate.build/DocketMate.DependencyStaticMetadataFileList

WriteAuxiliaryFile /Users/bernhardbudiono/Library/Developer/Xcode/DerivedData/Docketmate-dfhaxembwdcvckcrpbasnlatgtmx/Build/Intermediates.noindex/DocketMate.build/Release/DocketMate.build/Objects-normal/arm64/DocketMate.SwiftFileList (in target 'DocketMate' from project 'DocketMate')
    cd /Users/bernhardbudiono/Library/CloudStorage/Dropbox/_Documents\ -\ Apps\ \(Working\)/repos_github/Working/repo_docketmate/_macOS/Docketmate
    write-file /Users/bernhardbudiono/Library/Developer/Xcode/DerivedData/Docketmate-dfhaxembwdcvckcrpbasnlatgtmx/Build/Intermediates.noindex/DocketMate.build/Release/DocketMate.build/Objects-normal/arm64/DocketMate.SwiftFileList

WriteAuxiliaryFile /Users/bernhardbudiono/Library/Developer/Xcode/DerivedData/Docketmate-dfhaxembwdcvckcrpbasnlatgtmx/Build/Intermediates.noindex/DocketMate.build/Release/DocketMate.build/Objects-normal/arm64/DocketMate.LinkFileList (in target 'DocketMate' from project 'DocketMate')
    cd /Users/bernhardbudiono/Library/CloudStorage/Dropbox/_Documents\ -\ Apps\ \(Working\)/repos_github/Working/repo_docketmate/_macOS/Docketmate
    write-file /Users/bernhardbudiono/Library/Developer/Xcode/DerivedData/Docketmate-dfhaxembwdcvckcrpbasnlatgtmx/Build/Intermediates.noindex/DocketMate.build/Release/DocketMate.build/Objects-normal/arm64/DocketMate.LinkFileList

WriteAuxiliaryFile /Users/bernhardbudiono/Library/Developer/Xcode/DerivedData/Docketmate-dfhaxembwdcvckcrpbasnlatgtmx/Build/Intermediates.noindex/DocketMate.build/Release/DocketMate.build/DocketMate.DependencyMetadataFileList (in target 'DocketMate' from project 'DocketMate')
    cd /Users/bernhardbudiono/Library/CloudStorage/Dropbox/_Documents\ -\ Apps\ \(Working\)/repos_github/Working/repo_docketmate/_macOS/Docketmate
    write-file /Users/bernhardbudiono/Library/Developer/Xcode/DerivedData/Docketmate-dfhaxembwdcvckcrpbasnlatgtmx/Build/Intermediates.noindex/DocketMate.build/Release/DocketMate.build/DocketMate.DependencyMetadataFileList

WriteAuxiliaryFile /Users/bernhardbudiono/Library/Developer/Xcode/DerivedData/Docketmate-dfhaxembwdcvckcrpbasnlatgtmx/Build/Intermediates.noindex/DocketMate.build/Release/DocketMate.build/DocketMate-all-non-framework-target-headers.hmap (in target 'DocketMate' from project 'DocketMate')
    cd /Users/bernhardbudiono/Library/CloudStorage/Dropbox/_Documents\ -\ Apps\ \(Working\)/repos_github/Working/repo_docketmate/_macOS/Docketmate
    write-file /Users/bernhardbudiono/Library/Developer/Xcode/DerivedData/Docketmate-dfhaxembwdcvckcrpbasnlatgtmx/Build/Intermediates.noindex/DocketMate.build/Release/DocketMate.build/DocketMate-all-non-framework-target-headers.hmap

WriteAuxiliaryFile /Users/bernhardbudiono/Library/Developer/Xcode/DerivedData/Docketmate-dfhaxembwdcvckcrpbasnlatgtmx/Build/Intermediates.noindex/DocketMate.build/Release/DocketMate.build/Objects-normal/arm64/DocketMate.SwiftConstValuesFileList (in target 'DocketMate' from project 'DocketMate')
    cd /Users/bernhardbudiono/Library/CloudStorage/Dropbox/_Documents\ -\ Apps\ \(Working\)/repos_github/Working/repo_docketmate/_macOS/Docketmate
    write-file /Users/bernhardbudiono/Library/Developer/Xcode/DerivedData/Docketmate-dfhaxembwdcvckcrpbasnlatgtmx/Build/Intermediates.noindex/DocketMate.build/Release/DocketMate.build/Objects-normal/arm64/DocketMate.SwiftConstValuesFileList

WriteAuxiliaryFile /Users/bernhardbudiono/Library/Developer/Xcode/DerivedData/Docketmate-dfhaxembwdcvckcrpbasnlatgtmx/Build/Intermediates.noindex/DocketMate.build/Release/DocketMate.build/DerivedSources/Entitlements.plist (in target 'DocketMate' from project 'DocketMate')
    cd /Users/bernhardbudiono/Library/CloudStorage/Dropbox/_Documents\ -\ Apps\ \(Working\)/repos_github/Working/repo_docketmate/_macOS/Docketmate
    write-file /Users/bernhardbudiono/Library/Developer/Xcode/DerivedData/Docketmate-dfhaxembwdcvckcrpbasnlatgtmx/Build/Intermediates.noindex/DocketMate.build/Release/DocketMate.build/DerivedSources/Entitlements.plist

MkDir /Users/bernhardbudiono/Library/Developer/Xcode/DerivedData/Docketmate-dfhaxembwdcvckcrpbasnlatgtmx/Build/Products/Release/DocketMate.app/Contents/MacOS (in target 'DocketMate' from project 'DocketMate')
    cd /Users/bernhardbudiono/Library/CloudStorage/Dropbox/_Documents\ -\ Apps\ \(Working\)/repos_github/Working/repo_docketmate/_macOS/Docketmate
    /bin/mkdir -p /Users/bernhardbudiono/Library/Developer/Xcode/DerivedData/Docketmate-dfhaxembwdcvckcrpbasnlatgtmx/Build/Products/Release/DocketMate.app/Contents/MacOS

MkDir /Users/bernhardbudiono/Library/Developer/Xcode/DerivedData/Docketmate-dfhaxembwdcvckcrpbasnlatgtmx/Build/Products/Release/DocketMate.app/Contents (in target 'DocketMate' from project 'DocketMate')
    cd /Users/bernhardbudiono/Library/CloudStorage/Dropbox/_Documents\ -\ Apps\ \(Working\)/repos_github/Working/repo_docketmate/_macOS/Docketmate
    /bin/mkdir -p /Users/bernhardbudiono/Library/Developer/Xcode/DerivedData/Docketmate-dfhaxembwdcvckcrpbasnlatgtmx/Build/Products/Release/DocketMate.app/Contents

MkDir /Users/bernhardbudiono/Library/Developer/Xcode/DerivedData/Docketmate-dfhaxembwdcvckcrpbasnlatgtmx/Build/Products/Release/DocketMate.app (in target 'DocketMate' from project 'DocketMate')
    cd /Users/bernhardbudiono/Library/CloudStorage/Dropbox/_Documents\ -\ Apps\ \(Working\)/repos_github/Working/repo_docketmate/_macOS/Docketmate
    /bin/mkdir -p /Users/bernhardbudiono/Library/Developer/Xcode/DerivedData/Docketmate-dfhaxembwdcvckcrpbasnlatgtmx/Build/Products/Release/DocketMate.app

ProcessProductPackaging "" /Users/bernhardbudiono/Library/Developer/Xcode/DerivedData/Docketmate-dfhaxembwdcvckcrpbasnlatgtmx/Build/Intermediates.noindex/DocketMate.build/Release/DocketMate.build/DocketMate.app.xcent (in target 'DocketMate' from project 'DocketMate')
    cd /Users/bernhardbudiono/Library/CloudStorage/Dropbox/_Documents\ -\ Apps\ \(Working\)/repos_github/Working/repo_docketmate/_macOS/Docketmate
    
    Entitlements:
    
    {
    "com.apple.security.get-task-allow" = 1;
}
    
    builtin-productPackagingUtility -entitlements -format xml -o /Users/bernhardbudiono/Library/Developer/Xcode/DerivedData/Docketmate-dfhaxembwdcvckcrpbasnlatgtmx/Build/Intermediates.noindex/DocketMate.build/Release/DocketMate.build/DocketMate.app.xcent

ProcessProductPackagingDER /Users/bernhardbudiono/Library/Developer/Xcode/DerivedData/Docketmate-dfhaxembwdcvckcrpbasnlatgtmx/Build/Intermediates.noindex/DocketMate.build/Release/DocketMate.build/DocketMate.app.xcent /Users/bernhardbudiono/Library/Developer/Xcode/DerivedData/Docketmate-dfhaxembwdcvckcrpbasnlatgtmx/Build/Intermediates.noindex/DocketMate.build/Release/DocketMate.build/DocketMate.app.xcent.der (in target 'DocketMate' from project 'DocketMate')
    cd /Users/bernhardbudiono/Library/CloudStorage/Dropbox/_Documents\ -\ Apps\ \(Working\)/repos_github/Working/repo_docketmate/_macOS/Docketmate
    /usr/bin/derq query -f xml -i /Users/bernhardbudiono/Library/Developer/Xcode/DerivedData/Docketmate-dfhaxembwdcvckcrpbasnlatgtmx/Build/Intermediates.noindex/DocketMate.build/Release/DocketMate.build/DocketMate.app.xcent -o /Users/bernhardbudiono/Library/Developer/Xcode/DerivedData/Docketmate-dfhaxembwdcvckcrpbasnlatgtmx/Build/Intermediates.noindex/DocketMate.build/Release/DocketMate.build/DocketMate.app.xcent.der --raw

ProcessInfoPlistFile /Users/bernhardbudiono/Library/Developer/Xcode/DerivedData/Docketmate-dfhaxembwdcvckcrpbasnlatgtmx/Build/Products/Release/DocketMate.app/Contents/Info.plist /Users/bernhardbudiono/Library/CloudStorage/Dropbox/_Documents\ -\ Apps\ (Working)/repos_github/Working/repo_docketmate/_macOS/Docketmate/Resources/Info.plist (in target 'DocketMate' from project 'DocketMate')
    cd /Users/bernhardbudiono/Library/CloudStorage/Dropbox/_Documents\ -\ Apps\ \(Working\)/repos_github/Working/repo_docketmate/_macOS/Docketmate
    builtin-infoPlistUtility /Users/bernhardbudiono/Library/CloudStorage/Dropbox/_Documents\ -\ Apps\ \(Working\)/repos_github/Working/repo_docketmate/_macOS/Docketmate/Resources/Info.plist -producttype com.apple.product-type.application -genpkginfo /Users/bernhardbudiono/Library/Developer/Xcode/DerivedData/Docketmate-dfhaxembwdcvckcrpbasnlatgtmx/Build/Products/Release/DocketMate.app/Contents/PkgInfo -expandbuildsettings -platform macosx -o /Users/bernhardbudiono/Library/Developer/Xcode/DerivedData/Docketmate-dfhaxembwdcvckcrpbasnlatgtmx/Build/Products/Release/DocketMate.app/Contents/Info.plist

SwiftDriver DocketMate normal arm64 com.apple.xcode.tools.swift.compiler (in target 'DocketMate' from project 'DocketMate')
    cd /Users/bernhardbudiono/Library/CloudStorage/Dropbox/_Documents\ -\ Apps\ \(Working\)/repos_github/Working/repo_docketmate/_macOS/Docketmate
    builtin-SwiftDriver -- /Applications/Xcode.app/Contents/Developer/Toolchains/XcodeDefault.xctoolchain/usr/bin/swiftc -module-name DocketMate -O -whole-module-optimization -enforce-exclusivity\=checked @/Users/bernhardbudiono/Library/Developer/Xcode/DerivedData/Docketmate-dfhaxembwdcvckcrpbasnlatgtmx/Build/Intermediates.noindex/DocketMate.build/Release/DocketMate.build/Objects-normal/arm64/DocketMate.SwiftFileList -enable-bare-slash-regex -enable-experimental-feature DebugDescriptionMacro -sdk /Applications/Xcode.app/Contents/Developer/Platforms/MacOSX.platform/Developer/SDKs/MacOSX15.4.sdk -target arm64-apple-macos13.5 -g -module-cache-path /Users/bernhardbudiono/Library/Developer/Xcode/DerivedData/ModuleCache.noindex -Xfrontend -serialize-debugging-options -swift-version 5 -I /Users/bernhardbudiono/Library/Developer/Xcode/DerivedData/Docketmate-dfhaxembwdcvckcrpbasnlatgtmx/Build/Products/Release -F /Users/bernhardbudiono/Library/Developer/Xcode/DerivedData/Docketmate-dfhaxembwdcvckcrpbasnlatgtmx/Build/Products/Release -c -num-threads 16 -Xcc -ivfsstatcache -Xcc /Users/bernhardbudiono/Library/Developer/Xcode/DerivedData/SDKStatCaches.noindex/macosx15.4-24E241-88b860576fb364319593bd8fb30666b0.sdkstatcache -output-file-map /Users/bernhardbudiono/Library/Developer/Xcode/DerivedData/Docketmate-dfhaxembwdcvckcrpbasnlatgtmx/Build/Intermediates.noindex/DocketMate.build/Release/DocketMate.build/Objects-normal/arm64/DocketMate-OutputFileMap.json -use-frontend-parseable-output -save-temps -no-color-diagnostics -serialize-diagnostics -emit-dependencies -emit-module -emit-module-path /Users/bernhardbudiono/Library/Developer/Xcode/DerivedData/Docketmate-dfhaxembwdcvckcrpbasnlatgtmx/Build/Intermediates.noindex/DocketMate.build/Release/DocketMate.build/Objects-normal/arm64/DocketMate.swiftmodule -validate-clang-modules-once -clang-build-session-file /Users/bernhardbudiono/Library/Developer/Xcode/DerivedData/ModuleCache.noindex/Session.modulevalidation -Xcc -I/Users/bernhardbudiono/Library/Developer/Xcode/DerivedData/Docketmate-dfhaxembwdcvckcrpbasnlatgtmx/Build/Intermediates.noindex/DocketMate.build/Release/DocketMate.build/swift-overrides.hmap -emit-const-values -Xfrontend -const-gather-protocols-file -Xfrontend /Users/bernhardbudiono/Library/Developer/Xcode/DerivedData/Docketmate-dfhaxembwdcvckcrpbasnlatgtmx/Build/Intermediates.noindex/DocketMate.build/Release/DocketMate.build/Objects-normal/arm64/DocketMate_const_extract_protocols.json -Xcc -iquote -Xcc /Users/bernhardbudiono/Library/Developer/Xcode/DerivedData/Docketmate-dfhaxembwdcvckcrpbasnlatgtmx/Build/Intermediates.noindex/DocketMate.build/Release/DocketMate.build/DocketMate-generated-files.hmap -Xcc -I/Users/bernhardbudiono/Library/Developer/Xcode/DerivedData/Docketmate-dfhaxembwdcvckcrpbasnlatgtmx/Build/Intermediates.noindex/DocketMate.build/Release/DocketMate.build/DocketMate-own-target-headers.hmap -Xcc -I/Users/bernhardbudiono/Library/Developer/Xcode/DerivedData/Docketmate-dfhaxembwdcvckcrpbasnlatgtmx/Build/Intermediates.noindex/DocketMate.build/Release/DocketMate.build/DocketMate-all-target-headers.hmap -Xcc -iquote -Xcc /Users/bernhardbudiono/Library/Developer/Xcode/DerivedData/Docketmate-dfhaxembwdcvckcrpbasnlatgtmx/Build/Intermediates.noindex/DocketMate.build/Release/DocketMate.build/DocketMate-project-headers.hmap -Xcc -I/Users/bernhardbudiono/Library/Developer/Xcode/DerivedData/Docketmate-dfhaxembwdcvckcrpbasnlatgtmx/Build/Products/Release/include -Xcc -I/Users/bernhardbudiono/Library/Developer/Xcode/DerivedData/Docketmate-dfhaxembwdcvckcrpbasnlatgtmx/Build/Intermediates.noindex/DocketMate.build/Release/DocketMate.build/DerivedSources-normal/arm64 -Xcc -I/Users/bernhardbudiono/Library/Developer/Xcode/DerivedData/Docketmate-dfhaxembwdcvckcrpbasnlatgtmx/Build/Intermediates.noindex/DocketMate.build/Release/DocketMate.build/DerivedSources/arm64 -Xcc -I/Users/bernhardbudiono/Library/Developer/Xcode/DerivedData/Docketmate-dfhaxembwdcvckcrpbasnlatgtmx/Build/Intermediates.noindex/DocketMate.build/Release/DocketMate.build/DerivedSources -emit-objc-header -emit-objc-header-path /Users/bernhardbudiono/Library/Developer/Xcode/DerivedData/Docketmate-dfhaxembwdcvckcrpbasnlatgtmx/Build/Intermediates.noindex/DocketMate.build/Release/DocketMate.build/Objects-normal/arm64/DocketMate-Swift.h -working-directory /Users/bernhardbudiono/Library/CloudStorage/Dropbox/_Documents\ -\ Apps\ \(Working\)/repos_github/Working/repo_docketmate/_macOS/Docketmate -no-emit-module-separately-wmo

SwiftCompile normal arm64 Compiling\ ContentView.swift,\ DocketmateApp.swift,\ MainContentView.swift /Users/bernhardbudiono/Library/CloudStorage/Dropbox/_Documents\ -\ Apps\ (Working)/repos_github/Working/repo_docketmate/_macOS/Docketmate/Sources/App/ContentView.swift /Users/bernhardbudiono/Library/CloudStorage/Dropbox/_Documents\ -\ Apps\ (Working)/repos_github/Working/repo_docketmate/_macOS/Docketmate/Sources/App/DocketmateApp.swift /Users/bernhardbudiono/Library/CloudStorage/Dropbox/_Documents\ -\ Apps\ (Working)/repos_github/Working/repo_docketmate/_macOS/Docketmate/Sources/UI/MainContentView.swift (in target 'DocketMate' from project 'DocketMate')

CompileSwift normal arm64 (in target 'DocketMate' from project 'DocketMate')
    cd /Users/bernhardbudiono/Library/CloudStorage/Dropbox/_Documents\ -\ Apps\ \(Working\)/repos_github/Working/repo_docketmate/_macOS/Docketmate
    

SwiftDriver\ Compilation DocketMate normal arm64 com.apple.xcode.tools.swift.compiler (in target 'DocketMate' from project 'DocketMate')
    cd /Users/bernhardbudiono/Library/CloudStorage/Dropbox/_Documents\ -\ Apps\ \(Working\)/repos_github/Working/repo_docketmate/_macOS/Docketmate
    builtin-Swift-Compilation -- /Applications/Xcode.app/Contents/Developer/Toolchains/XcodeDefault.xctoolchain/usr/bin/swiftc -module-name DocketMate -O -whole-module-optimization -enforce-exclusivity\=checked @/Users/bernhardbudiono/Library/Developer/Xcode/DerivedData/Docketmate-dfhaxembwdcvckcrpbasnlatgtmx/Build/Intermediates.noindex/DocketMate.build/Release/DocketMate.build/Objects-normal/arm64/DocketMate.SwiftFileList -enable-bare-slash-regex -enable-experimental-feature DebugDescriptionMacro -sdk /Applications/Xcode.app/Contents/Developer/Platforms/MacOSX.platform/Developer/SDKs/MacOSX15.4.sdk -target arm64-apple-macos13.5 -g -module-cache-path /Users/bernhardbudiono/Library/Developer/Xcode/DerivedData/ModuleCache.noindex -Xfrontend -serialize-debugging-options -swift-version 5 -I /Users/bernhardbudiono/Library/Developer/Xcode/DerivedData/Docketmate-dfhaxembwdcvckcrpbasnlatgtmx/Build/Products/Release -F /Users/bernhardbudiono/Library/Developer/Xcode/DerivedData/Docketmate-dfhaxembwdcvckcrpbasnlatgtmx/Build/Products/Release -c -num-threads 16 -Xcc -ivfsstatcache -Xcc /Users/bernhardbudiono/Library/Developer/Xcode/DerivedData/SDKStatCaches.noindex/macosx15.4-24E241-88b860576fb364319593bd8fb30666b0.sdkstatcache -output-file-map /Users/bernhardbudiono/Library/Developer/Xcode/DerivedData/Docketmate-dfhaxembwdcvckcrpbasnlatgtmx/Build/Intermediates.noindex/DocketMate.build/Release/DocketMate.build/Objects-normal/arm64/DocketMate-OutputFileMap.json -use-frontend-parseable-output -save-temps -no-color-diagnostics -serialize-diagnostics -emit-dependencies -emit-module -emit-module-path /Users/bernhardbudiono/Library/Developer/Xcode/DerivedData/Docketmate-dfhaxembwdcvckcrpbasnlatgtmx/Build/Intermediates.noindex/DocketMate.build/Release/DocketMate.build/Objects-normal/arm64/DocketMate.swiftmodule -validate-clang-modules-once -clang-build-session-file /Users/bernhardbudiono/Library/Developer/Xcode/DerivedData/ModuleCache.noindex/Session.modulevalidation -Xcc -I/Users/bernhardbudiono/Library/Developer/Xcode/DerivedData/Docketmate-dfhaxembwdcvckcrpbasnlatgtmx/Build/Intermediates.noindex/DocketMate.build/Release/DocketMate.build/swift-overrides.hmap -emit-const-values -Xfrontend -const-gather-protocols-file -Xfrontend /Users/bernhardbudiono/Library/Developer/Xcode/DerivedData/Docketmate-dfhaxembwdcvckcrpbasnlatgtmx/Build/Intermediates.noindex/DocketMate.build/Release/DocketMate.build/Objects-normal/arm64/DocketMate_const_extract_protocols.json -Xcc -iquote -Xcc /Users/bernhardbudiono/Library/Developer/Xcode/DerivedData/Docketmate-dfhaxembwdcvckcrpbasnlatgtmx/Build/Intermediates.noindex/DocketMate.build/Release/DocketMate.build/DocketMate-generated-files.hmap -Xcc -I/Users/bernhardbudiono/Library/Developer/Xcode/DerivedData/Docketmate-dfhaxembwdcvckcrpbasnlatgtmx/Build/Intermediates.noindex/DocketMate.build/Release/DocketMate.build/DocketMate-own-target-headers.hmap -Xcc -I/Users/bernhardbudiono/Library/Developer/Xcode/DerivedData/Docketmate-dfhaxembwdcvckcrpbasnlatgtmx/Build/Intermediates.noindex/DocketMate.build/Release/DocketMate.build/DocketMate-all-target-headers.hmap -Xcc -iquote -Xcc /Users/bernhardbudiono/Library/Developer/Xcode/DerivedData/Docketmate-dfhaxembwdcvckcrpbasnlatgtmx/Build/Intermediates.noindex/DocketMate.build/Release/DocketMate.build/DocketMate-project-headers.hmap -Xcc -I/Users/bernhardbudiono/Library/Developer/Xcode/DerivedData/Docketmate-dfhaxembwdcvckcrpbasnlatgtmx/Build/Products/Release/include -Xcc -I/Users/bernhardbudiono/Library/Developer/Xcode/DerivedData/Docketmate-dfhaxembwdcvckcrpbasnlatgtmx/Build/Intermediates.noindex/DocketMate.build/Release/DocketMate.build/DerivedSources-normal/arm64 -Xcc -I/Users/bernhardbudiono/Library/Developer/Xcode/DerivedData/Docketmate-dfhaxembwdcvckcrpbasnlatgtmx/Build/Intermediates.noindex/DocketMate.build/Release/DocketMate.build/DerivedSources/arm64 -Xcc -I/Users/bernhardbudiono/Library/Developer/Xcode/DerivedData/Docketmate-dfhaxembwdcvckcrpbasnlatgtmx/Build/Intermediates.noindex/DocketMate.build/Release/DocketMate.build/DerivedSources -emit-objc-header -emit-objc-header-path /Users/bernhardbudiono/Library/Developer/Xcode/DerivedData/Docketmate-dfhaxembwdcvckcrpbasnlatgtmx/Build/Intermediates.noindex/DocketMate.build/Release/DocketMate.build/Objects-normal/arm64/DocketMate-Swift.h -working-directory /Users/bernhardbudiono/Library/CloudStorage/Dropbox/_Documents\ -\ Apps\ \(Working\)/repos_github/Working/repo_docketmate/_macOS/Docketmate -no-emit-module-separately-wmo

SwiftDriverJobDiscovery normal arm64 Compiling ContentView.swift, DocketmateApp.swift, MainContentView.swift (in target 'DocketMate' from project 'DocketMate')

SwiftDriver\ Compilation\ Requirements DocketMate normal arm64 com.apple.xcode.tools.swift.compiler (in target 'DocketMate' from project 'DocketMate')
    cd /Users/bernhardbudiono/Library/CloudStorage/Dropbox/_Documents\ -\ Apps\ \(Working\)/repos_github/Working/repo_docketmate/_macOS/Docketmate
    builtin-Swift-Compilation-Requirements -- /Applications/Xcode.app/Contents/Developer/Toolchains/XcodeDefault.xctoolchain/usr/bin/swiftc -module-name DocketMate -O -whole-module-optimization -enforce-exclusivity\=checked @/Users/bernhardbudiono/Library/Developer/Xcode/DerivedData/Docketmate-dfhaxembwdcvckcrpbasnlatgtmx/Build/Intermediates.noindex/DocketMate.build/Release/DocketMate.build/Objects-normal/arm64/DocketMate.SwiftFileList -enable-bare-slash-regex -enable-experimental-feature DebugDescriptionMacro -sdk /Applications/Xcode.app/Contents/Developer/Platforms/MacOSX.platform/Developer/SDKs/MacOSX15.4.sdk -target arm64-apple-macos13.5 -g -module-cache-path /Users/bernhardbudiono/Library/Developer/Xcode/DerivedData/ModuleCache.noindex -Xfrontend -serialize-debugging-options -swift-version 5 -I /Users/bernhardbudiono/Library/Developer/Xcode/DerivedData/Docketmate-dfhaxembwdcvckcrpbasnlatgtmx/Build/Products/Release -F /Users/bernhardbudiono/Library/Developer/Xcode/DerivedData/Docketmate-dfhaxembwdcvckcrpbasnlatgtmx/Build/Products/Release -c -num-threads 16 -Xcc -ivfsstatcache -Xcc /Users/bernhardbudiono/Library/Developer/Xcode/DerivedData/SDKStatCaches.noindex/macosx15.4-24E241-88b860576fb364319593bd8fb30666b0.sdkstatcache -output-file-map /Users/bernhardbudiono/Library/Developer/Xcode/DerivedData/Docketmate-dfhaxembwdcvckcrpbasnlatgtmx/Build/Intermediates.noindex/DocketMate.build/Release/DocketMate.build/Objects-normal/arm64/DocketMate-OutputFileMap.json -use-frontend-parseable-output -save-temps -no-color-diagnostics -serialize-diagnostics -emit-dependencies -emit-module -emit-module-path /Users/bernhardbudiono/Library/Developer/Xcode/DerivedData/Docketmate-dfhaxembwdcvckcrpbasnlatgtmx/Build/Intermediates.noindex/DocketMate.build/Release/DocketMate.build/Objects-normal/arm64/DocketMate.swiftmodule -validate-clang-modules-once -clang-build-session-file /Users/bernhardbudiono/Library/Developer/Xcode/DerivedData/ModuleCache.noindex/Session.modulevalidation -Xcc -I/Users/bernhardbudiono/Library/Developer/Xcode/DerivedData/Docketmate-dfhaxembwdcvckcrpbasnlatgtmx/Build/Intermediates.noindex/DocketMate.build/Release/DocketMate.build/swift-overrides.hmap -emit-const-values -Xfrontend -const-gather-protocols-file -Xfrontend /Users/bernhardbudiono/Library/Developer/Xcode/DerivedData/Docketmate-dfhaxembwdcvckcrpbasnlatgtmx/Build/Intermediates.noindex/DocketMate.build/Release/DocketMate.build/Objects-normal/arm64/DocketMate_const_extract_protocols.json -Xcc -iquote -Xcc /Users/bernhardbudiono/Library/Developer/Xcode/DerivedData/Docketmate-dfhaxembwdcvckcrpbasnlatgtmx/Build/Intermediates.noindex/DocketMate.build/Release/DocketMate.build/DocketMate-generated-files.hmap -Xcc -I/Users/bernhardbudiono/Library/Developer/Xcode/DerivedData/Docketmate-dfhaxembwdcvckcrpbasnlatgtmx/Build/Intermediates.noindex/DocketMate.build/Release/DocketMate.build/DocketMate-own-target-headers.hmap -Xcc -I/Users/bernhardbudiono/Library/Developer/Xcode/DerivedData/Docketmate-dfhaxembwdcvckcrpbasnlatgtmx/Build/Intermediates.noindex/DocketMate.build/Release/DocketMate.build/DocketMate-all-target-headers.hmap -Xcc -iquote -Xcc /Users/bernhardbudiono/Library/Developer/Xcode/DerivedData/Docketmate-dfhaxembwdcvckcrpbasnlatgtmx/Build/Intermediates.noindex/DocketMate.build/Release/DocketMate.build/DocketMate-project-headers.hmap -Xcc -I/Users/bernhardbudiono/Library/Developer/Xcode/DerivedData/Docketmate-dfhaxembwdcvckcrpbasnlatgtmx/Build/Products/Release/include -Xcc -I/Users/bernhardbudiono/Library/Developer/Xcode/DerivedData/Docketmate-dfhaxembwdcvckcrpbasnlatgtmx/Build/Intermediates.noindex/DocketMate.build/Release/DocketMate.build/DerivedSources-normal/arm64 -Xcc -I/Users/bernhardbudiono/Library/Developer/Xcode/DerivedData/Docketmate-dfhaxembwdcvckcrpbasnlatgtmx/Build/Intermediates.noindex/DocketMate.build/Release/DocketMate.build/DerivedSources/arm64 -Xcc -I/Users/bernhardbudiono/Library/Developer/Xcode/DerivedData/Docketmate-dfhaxembwdcvckcrpbasnlatgtmx/Build/Intermediates.noindex/DocketMate.build/Release/DocketMate.build/DerivedSources -emit-objc-header -emit-objc-header-path /Users/bernhardbudiono/Library/Developer/Xcode/DerivedData/Docketmate-dfhaxembwdcvckcrpbasnlatgtmx/Build/Intermediates.noindex/DocketMate.build/Release/DocketMate.build/Objects-normal/arm64/DocketMate-Swift.h -working-directory /Users/bernhardbudiono/Library/CloudStorage/Dropbox/_Documents\ -\ Apps\ \(Working\)/repos_github/Working/repo_docketmate/_macOS/Docketmate -no-emit-module-separately-wmo

SwiftMergeGeneratedHeaders /Users/bernhardbudiono/Library/Developer/Xcode/DerivedData/Docketmate-dfhaxembwdcvckcrpbasnlatgtmx/Build/Intermediates.noindex/DocketMate.build/Release/DocketMate.build/DerivedSources/DocketMate-Swift.h /Users/bernhardbudiono/Library/Developer/Xcode/DerivedData/Docketmate-dfhaxembwdcvckcrpbasnlatgtmx/Build/Intermediates.noindex/DocketMate.build/Release/DocketMate.build/Objects-normal/arm64/DocketMate-Swift.h (in target 'DocketMate' from project 'DocketMate')
    cd /Users/bernhardbudiono/Library/CloudStorage/Dropbox/_Documents\ -\ Apps\ \(Working\)/repos_github/Working/repo_docketmate/_macOS/Docketmate
    builtin-swiftHeaderTool -arch arm64 /Users/bernhardbudiono/Library/Developer/Xcode/DerivedData/Docketmate-dfhaxembwdcvckcrpbasnlatgtmx/Build/Intermediates.noindex/DocketMate.build/Release/DocketMate.build/Objects-normal/arm64/DocketMate-Swift.h -o /Users/bernhardbudiono/Library/Developer/Xcode/DerivedData/Docketmate-dfhaxembwdcvckcrpbasnlatgtmx/Build/Intermediates.noindex/DocketMate.build/Release/DocketMate.build/DerivedSources/DocketMate-Swift.h

Copy /Users/bernhardbudiono/Library/Developer/Xcode/DerivedData/Docketmate-dfhaxembwdcvckcrpbasnlatgtmx/Build/Products/Release/DocketMate.swiftmodule/arm64-apple-macos.abi.json /Users/bernhardbudiono/Library/Developer/Xcode/DerivedData/Docketmate-dfhaxembwdcvckcrpbasnlatgtmx/Build/Intermediates.noindex/DocketMate.build/Release/DocketMate.build/Objects-normal/arm64/DocketMate.abi.json (in target 'DocketMate' from project 'DocketMate')
    cd /Users/bernhardbudiono/Library/CloudStorage/Dropbox/_Documents\ -\ Apps\ \(Working\)/repos_github/Working/repo_docketmate/_macOS/Docketmate
    builtin-copy -exclude .DS_Store -exclude CVS -exclude .svn -exclude .git -exclude .hg -resolve-src-symlinks -rename /Users/bernhardbudiono/Library/Developer/Xcode/DerivedData/Docketmate-dfhaxembwdcvckcrpbasnlatgtmx/Build/Intermediates.noindex/DocketMate.build/Release/DocketMate.build/Objects-normal/arm64/DocketMate.abi.json /Users/bernhardbudiono/Library/Developer/Xcode/DerivedData/Docketmate-dfhaxembwdcvckcrpbasnlatgtmx/Build/Products/Release/DocketMate.swiftmodule/arm64-apple-macos.abi.json

Copy /Users/bernhardbudiono/Library/Developer/Xcode/DerivedData/Docketmate-dfhaxembwdcvckcrpbasnlatgtmx/Build/Products/Release/DocketMate.swiftmodule/arm64-apple-macos.swiftmodule /Users/bernhardbudiono/Library/Developer/Xcode/DerivedData/Docketmate-dfhaxembwdcvckcrpbasnlatgtmx/Build/Intermediates.noindex/DocketMate.build/Release/DocketMate.build/Objects-normal/arm64/DocketMate.swiftmodule (in target 'DocketMate' from project 'DocketMate')
    cd /Users/bernhardbudiono/Library/CloudStorage/Dropbox/_Documents\ -\ Apps\ \(Working\)/repos_github/Working/repo_docketmate/_macOS/Docketmate
    builtin-copy -exclude .DS_Store -exclude CVS -exclude .svn -exclude .git -exclude .hg -resolve-src-symlinks -rename /Users/bernhardbudiono/Library/Developer/Xcode/DerivedData/Docketmate-dfhaxembwdcvckcrpbasnlatgtmx/Build/Intermediates.noindex/DocketMate.build/Release/DocketMate.build/Objects-normal/arm64/DocketMate.swiftmodule /Users/bernhardbudiono/Library/Developer/Xcode/DerivedData/Docketmate-dfhaxembwdcvckcrpbasnlatgtmx/Build/Products/Release/DocketMate.swiftmodule/arm64-apple-macos.swiftmodule

Copy /Users/bernhardbudiono/Library/Developer/Xcode/DerivedData/Docketmate-dfhaxembwdcvckcrpbasnlatgtmx/Build/Products/Release/DocketMate.swiftmodule/arm64-apple-macos.swiftdoc /Users/bernhardbudiono/Library/Developer/Xcode/DerivedData/Docketmate-dfhaxembwdcvckcrpbasnlatgtmx/Build/Intermediates.noindex/DocketMate.build/Release/DocketMate.build/Objects-normal/arm64/DocketMate.swiftdoc (in target 'DocketMate' from project 'DocketMate')
    cd /Users/bernhardbudiono/Library/CloudStorage/Dropbox/_Documents\ -\ Apps\ \(Working\)/repos_github/Working/repo_docketmate/_macOS/Docketmate
    builtin-copy -exclude .DS_Store -exclude CVS -exclude .svn -exclude .git -exclude .hg -resolve-src-symlinks -rename /Users/bernhardbudiono/Library/Developer/Xcode/DerivedData/Docketmate-dfhaxembwdcvckcrpbasnlatgtmx/Build/Intermediates.noindex/DocketMate.build/Release/DocketMate.build/Objects-normal/arm64/DocketMate.swiftdoc /Users/bernhardbudiono/Library/Developer/Xcode/DerivedData/Docketmate-dfhaxembwdcvckcrpbasnlatgtmx/Build/Products/Release/DocketMate.swiftmodule/arm64-apple-macos.swiftdoc

Copy /Users/bernhardbudiono/Library/Developer/Xcode/DerivedData/Docketmate-dfhaxembwdcvckcrpbasnlatgtmx/Build/Products/Release/DocketMate.swiftmodule/Project/arm64-apple-macos.swiftsourceinfo /Users/bernhardbudiono/Library/Developer/Xcode/DerivedData/Docketmate-dfhaxembwdcvckcrpbasnlatgtmx/Build/Intermediates.noindex/DocketMate.build/Release/DocketMate.build/Objects-normal/arm64/DocketMate.swiftsourceinfo (in target 'DocketMate' from project 'DocketMate')
    cd /Users/bernhardbudiono/Library/CloudStorage/Dropbox/_Documents\ -\ Apps\ \(Working\)/repos_github/Working/repo_docketmate/_macOS/Docketmate
    builtin-copy -exclude .DS_Store -exclude CVS -exclude .svn -exclude .git -exclude .hg -resolve-src-symlinks -rename /Users/bernhardbudiono/Library/Developer/Xcode/DerivedData/Docketmate-dfhaxembwdcvckcrpbasnlatgtmx/Build/Intermediates.noindex/DocketMate.build/Release/DocketMate.build/Objects-normal/arm64/DocketMate.swiftsourceinfo /Users/bernhardbudiono/Library/Developer/Xcode/DerivedData/Docketmate-dfhaxembwdcvckcrpbasnlatgtmx/Build/Products/Release/DocketMate.swiftmodule/Project/arm64-apple-macos.swiftsourceinfo

Ld /Users/bernhardbudiono/Library/Developer/Xcode/DerivedData/Docketmate-dfhaxembwdcvckcrpbasnlatgtmx/Build/Products/Release/DocketMate.app/Contents/MacOS/DocketMate normal (in target 'DocketMate' from project 'DocketMate')
    cd /Users/bernhardbudiono/Library/CloudStorage/Dropbox/_Documents\ -\ Apps\ \(Working\)/repos_github/Working/repo_docketmate/_macOS/Docketmate
    /Applications/Xcode.app/Contents/Developer/Toolchains/XcodeDefault.xctoolchain/usr/bin/clang -Xlinker -reproducible -target arm64-apple-macos13.5 -isysroot /Applications/Xcode.app/Contents/Developer/Platforms/MacOSX.platform/Developer/SDKs/MacOSX15.4.sdk -Os -L/Users/bernhardbudiono/Library/Developer/Xcode/DerivedData/Docketmate-dfhaxembwdcvckcrpbasnlatgtmx/Build/Intermediates.noindex/EagerLinkingTBDs/Release -L/Users/bernhardbudiono/Library/Developer/Xcode/DerivedData/Docketmate-dfhaxembwdcvckcrpbasnlatgtmx/Build/Products/Release -F/Users/bernhardbudiono/Library/Developer/Xcode/DerivedData/Docketmate-dfhaxembwdcvckcrpbasnlatgtmx/Build/Intermediates.noindex/EagerLinkingTBDs/Release -F/Users/bernhardbudiono/Library/Developer/Xcode/DerivedData/Docketmate-dfhaxembwdcvckcrpbasnlatgtmx/Build/Products/Release -filelist /Users/bernhardbudiono/Library/Developer/Xcode/DerivedData/Docketmate-dfhaxembwdcvckcrpbasnlatgtmx/Build/Intermediates.noindex/DocketMate.build/Release/DocketMate.build/Objects-normal/arm64/DocketMate.LinkFileList -Xlinker -rpath -Xlinker @executable_path/../Frameworks -dead_strip -Xlinker -object_path_lto -Xlinker /Users/bernhardbudiono/Library/Developer/Xcode/DerivedData/Docketmate-dfhaxembwdcvckcrpbasnlatgtmx/Build/Intermediates.noindex/DocketMate.build/Release/DocketMate.build/Objects-normal/arm64/DocketMate_lto.o -Xlinker -dependency_info -Xlinker /Users/bernhardbudiono/Library/Developer/Xcode/DerivedData/Docketmate-dfhaxembwdcvckcrpbasnlatgtmx/Build/Intermediates.noindex/DocketMate.build/Release/DocketMate.build/Objects-normal/arm64/DocketMate_dependency_info.dat -fobjc-link-runtime -L/Applications/Xcode.app/Contents/Developer/Toolchains/XcodeDefault.xctoolchain/usr/lib/swift/macosx -L/usr/lib/swift -Xlinker -add_ast_path -Xlinker /Users/bernhardbudiono/Library/Developer/Xcode/DerivedData/Docketmate-dfhaxembwdcvckcrpbasnlatgtmx/Build/Intermediates.noindex/DocketMate.build/Release/DocketMate.build/Objects-normal/arm64/DocketMate.swiftmodule -Xlinker -no_adhoc_codesign -o /Users/bernhardbudiono/Library/Developer/Xcode/DerivedData/Docketmate-dfhaxembwdcvckcrpbasnlatgtmx/Build/Products/Release/DocketMate.app/Contents/MacOS/DocketMate

CopySwiftLibs /Users/bernhardbudiono/Library/Developer/Xcode/DerivedData/Docketmate-dfhaxembwdcvckcrpbasnlatgtmx/Build/Products/Release/DocketMate.app (in target 'DocketMate' from project 'DocketMate')
    cd /Users/bernhardbudiono/Library/CloudStorage/Dropbox/_Documents\ -\ Apps\ \(Working\)/repos_github/Working/repo_docketmate/_macOS/Docketmate
    builtin-swiftStdLibTool --copy --verbose --sign A8828E2953E86E04487E6F43ED714CC07A4C1525 --scan-executable /Users/bernhardbudiono/Library/Developer/Xcode/DerivedData/Docketmate-dfhaxembwdcvckcrpbasnlatgtmx/Build/Products/Release/DocketMate.app/Contents/MacOS/DocketMate --scan-folder /Users/bernhardbudiono/Library/Developer/Xcode/DerivedData/Docketmate-dfhaxembwdcvckcrpbasnlatgtmx/Build/Products/Release/DocketMate.app/Contents/Frameworks --scan-folder /Users/bernhardbudiono/Library/Developer/Xcode/DerivedData/Docketmate-dfhaxembwdcvckcrpbasnlatgtmx/Build/Products/Release/DocketMate.app/Contents/PlugIns --scan-folder /Users/bernhardbudiono/Library/Developer/Xcode/DerivedData/Docketmate-dfhaxembwdcvckcrpbasnlatgtmx/Build/Products/Release/DocketMate.app/Contents/Library/SystemExtensions --scan-folder /Users/bernhardbudiono/Library/Developer/Xcode/DerivedData/Docketmate-dfhaxembwdcvckcrpbasnlatgtmx/Build/Products/Release/DocketMate.app/Contents/Extensions --platform macosx --toolchain /Applications/Xcode.app/Contents/Developer/Toolchains/XcodeDefault.xctoolchain --destination /Users/bernhardbudiono/Library/Developer/Xcode/DerivedData/Docketmate-dfhaxembwdcvckcrpbasnlatgtmx/Build/Products/Release/DocketMate.app/Contents/Frameworks --strip-bitcode --strip-bitcode-tool /Applications/Xcode.app/Contents/Developer/Toolchains/XcodeDefault.xctoolchain/usr/bin/bitcode_strip --emit-dependency-info /Users/bernhardbudiono/Library/Developer/Xcode/DerivedData/Docketmate-dfhaxembwdcvckcrpbasnlatgtmx/Build/Intermediates.noindex/DocketMate.build/Release/DocketMate.build/SwiftStdLibToolInputDependencies.dep --filter-for-swift-os

ExtractAppIntentsMetadata (in target 'DocketMate' from project 'DocketMate')
    cd /Users/bernhardbudiono/Library/CloudStorage/Dropbox/_Documents\ -\ Apps\ \(Working\)/repos_github/Working/repo_docketmate/_macOS/Docketmate
    /Applications/Xcode.app/Contents/Developer/Toolchains/XcodeDefault.xctoolchain/usr/bin/appintentsmetadataprocessor --toolchain-dir /Applications/Xcode.app/Contents/Developer/Toolchains/XcodeDefault.xctoolchain --module-name DocketMate --sdk-root /Applications/Xcode.app/Contents/Developer/Platforms/MacOSX.platform/Developer/SDKs/MacOSX15.4.sdk --xcode-version 16E140 --platform-family macOS --deployment-target 13.5 --bundle-identifier com.products.DocketMate --output /Users/bernhardbudiono/Library/Developer/Xcode/DerivedData/Docketmate-dfhaxembwdcvckcrpbasnlatgtmx/Build/Products/Release/DocketMate.app/Contents/Resources --target-triple arm64-apple-macos13.5 --binary-file /Users/bernhardbudiono/Library/Developer/Xcode/DerivedData/Docketmate-dfhaxembwdcvckcrpbasnlatgtmx/Build/Products/Release/DocketMate.app/Contents/MacOS/DocketMate --dependency-file /Users/bernhardbudiono/Library/Developer/Xcode/DerivedData/Docketmate-dfhaxembwdcvckcrpbasnlatgtmx/Build/Intermediates.noindex/DocketMate.build/Release/DocketMate.build/Objects-normal/arm64/DocketMate_dependency_info.dat --stringsdata-file /Users/bernhardbudiono/Library/Developer/Xcode/DerivedData/Docketmate-dfhaxembwdcvckcrpbasnlatgtmx/Build/Intermediates.noindex/DocketMate.build/Release/DocketMate.build/Objects-normal/arm64/ExtractedAppShortcutsMetadata.stringsdata --source-file-list /Users/bernhardbudiono/Library/Developer/Xcode/DerivedData/Docketmate-dfhaxembwdcvckcrpbasnlatgtmx/Build/Intermediates.noindex/DocketMate.build/Release/DocketMate.build/Objects-normal/arm64/DocketMate.SwiftFileList --metadata-file-list /Users/bernhardbudiono/Library/Developer/Xcode/DerivedData/Docketmate-dfhaxembwdcvckcrpbasnlatgtmx/Build/Intermediates.noindex/DocketMate.build/Release/DocketMate.build/DocketMate.DependencyMetadataFileList --static-metadata-file-list /Users/bernhardbudiono/Library/Developer/Xcode/DerivedData/Docketmate-dfhaxembwdcvckcrpbasnlatgtmx/Build/Intermediates.noindex/DocketMate.build/Release/DocketMate.build/DocketMate.DependencyStaticMetadataFileList --swift-const-vals-list /Users/bernhardbudiono/Library/Developer/Xcode/DerivedData/Docketmate-dfhaxembwdcvckcrpbasnlatgtmx/Build/Intermediates.noindex/DocketMate.build/Release/DocketMate.build/Objects-normal/arm64/DocketMate.SwiftConstValuesFileList --compile-time-extraction --deployment-aware-processing --validate-assistant-intents --no-app-shortcuts-localization
2025-05-20 11:18:47.097 appintentsmetadataprocessor[13407:10794007] Starting appintentsmetadataprocessor export
2025-05-20 11:18:47.098 appintentsmetadataprocessor[13407:10794007] warning: Metadata extraction skipped. No AppIntents.framework dependency found.

GenerateDSYMFile /Users/bernhardbudiono/Library/Developer/Xcode/DerivedData/Docketmate-dfhaxembwdcvckcrpbasnlatgtmx/Build/Products/Release/DocketMate.app.dSYM /Users/bernhardbudiono/Library/Developer/Xcode/DerivedData/Docketmate-dfhaxembwdcvckcrpbasnlatgtmx/Build/Products/Release/DocketMate.app/Contents/MacOS/DocketMate (in target 'DocketMate' from project 'DocketMate')
    cd /Users/bernhardbudiono/Library/CloudStorage/Dropbox/_Documents\ -\ Apps\ \(Working\)/repos_github/Working/repo_docketmate/_macOS/Docketmate
    /Applications/Xcode.app/Contents/Developer/Toolchains/XcodeDefault.xctoolchain/usr/bin/dsymutil /Users/bernhardbudiono/Library/Developer/Xcode/DerivedData/Docketmate-dfhaxembwdcvckcrpbasnlatgtmx/Build/Products/Release/DocketMate.app/Contents/MacOS/DocketMate -o /Users/bernhardbudiono/Library/Developer/Xcode/DerivedData/Docketmate-dfhaxembwdcvckcrpbasnlatgtmx/Build/Products/Release/DocketMate.app.dSYM

CodeSign /Users/bernhardbudiono/Library/Developer/Xcode/DerivedData/Docketmate-dfhaxembwdcvckcrpbasnlatgtmx/Build/Products/Release/DocketMate.app (in target 'DocketMate' from project 'DocketMate')
    cd /Users/bernhardbudiono/Library/CloudStorage/Dropbox/_Documents\ -\ Apps\ \(Working\)/repos_github/Working/repo_docketmate/_macOS/Docketmate
    
    Signing Identity:     "Apple Development: BERNHARD JOSHUA BUDIONO (ZK86L2658W)"
    
    /usr/bin/codesign --force --sign A8828E2953E86E04487E6F43ED714CC07A4C1525 --entitlements /Users/bernhardbudiono/Library/Developer/Xcode/DerivedData/Docketmate-dfhaxembwdcvckcrpbasnlatgtmx/Build/Intermediates.noindex/DocketMate.build/Release/DocketMate.build/DocketMate.app.xcent --timestamp\=none --generate-entitlement-der /Users/bernhardbudiono/Library/Developer/Xcode/DerivedData/Docketmate-dfhaxembwdcvckcrpbasnlatgtmx/Build/Products/Release/DocketMate.app

RegisterExecutionPolicyException /Users/bernhardbudiono/Library/Developer/Xcode/DerivedData/Docketmate-dfhaxembwdcvckcrpbasnlatgtmx/Build/Products/Release/DocketMate.app (in target 'DocketMate' from project 'DocketMate')
    cd /Users/bernhardbudiono/Library/CloudStorage/Dropbox/_Documents\ -\ Apps\ \(Working\)/repos_github/Working/repo_docketmate/_macOS/Docketmate
    builtin-RegisterExecutionPolicyException /Users/bernhardbudiono/Library/Developer/Xcode/DerivedData/Docketmate-dfhaxembwdcvckcrpbasnlatgtmx/Build/Products/Release/DocketMate.app

Validate /Users/bernhardbudiono/Library/Developer/Xcode/DerivedData/Docketmate-dfhaxembwdcvckcrpbasnlatgtmx/Build/Products/Release/DocketMate.app (in target 'DocketMate' from project 'DocketMate')
    cd /Users/bernhardbudiono/Library/CloudStorage/Dropbox/_Documents\ -\ Apps\ \(Working\)/repos_github/Working/repo_docketmate/_macOS/Docketmate
    builtin-validationUtility /Users/bernhardbudiono/Library/Developer/Xcode/DerivedData/Docketmate-dfhaxembwdcvckcrpbasnlatgtmx/Build/Products/Release/DocketMate.app -no-validate-extension -infoplist-subpath Contents/Info.plist

RegisterWithLaunchServices /Users/bernhardbudiono/Library/Developer/Xcode/DerivedData/Docketmate-dfhaxembwdcvckcrpbasnlatgtmx/Build/Products/Release/DocketMate.app (in target 'DocketMate' from project 'DocketMate')
    cd /Users/bernhardbudiono/Library/CloudStorage/Dropbox/_Documents\ -\ Apps\ \(Working\)/repos_github/Working/repo_docketmate/_macOS/Docketmate
    /System/Library/Frameworks/CoreServices.framework/Versions/Current/Frameworks/LaunchServices.framework/Versions/Current/Support/lsregister -f -R -trusted /Users/bernhardbudiono/Library/Developer/Xcode/DerivedData/Docketmate-dfhaxembwdcvckcrpbasnlatgtmx/Build/Products/Release/DocketMate.app

Touch /Users/bernhardbudiono/Library/Developer/Xcode/DerivedData/Docketmate-dfhaxembwdcvckcrpbasnlatgtmx/Build/Products/Release/DocketMate.app (in target 'DocketMate' from project 'DocketMate')
    cd /Users/bernhardbudiono/Library/CloudStorage/Dropbox/_Documents\ -\ Apps\ \(Working\)/repos_github/Working/repo_docketmate/_macOS/Docketmate
    /usr/bin/touch -c /Users/bernhardbudiono/Library/Developer/Xcode/DerivedData/Docketmate-dfhaxembwdcvckcrpbasnlatgtmx/Build/Products/Release/DocketMate.app

note: Disabling previews because SWIFT_VERSION is set and SWIFT_OPTIMIZATION_LEVEL=-O, expected -Onone (in target 'DocketMate' from project 'DocketMate')
** BUILD SUCCEEDED **

