Command line invocation:
    /Applications/Xcode.app/Contents/Developer/usr/bin/xcodebuild -scheme Docketmate-Sandbox -project _macOS/Docketmate-Sandbox/Docketmate-Sandbox.xcodeproj -destination platform=macOS clean build test

ComputePackagePrebuildTargetDependencyGraph

CreateBuildRequest

SendProjectDescription

CreateBuildOperation

** CLEAN SUCCEEDED **

ComputePackagePrebuildTargetDependencyGraph

Prepare packages

CreateBuildRequest

SendProjectDescription

CreateBuildOperation

ComputeTargetDependencyGraph
note: Building targets in dependency order
note: Target dependency graph (1 target)
    Target 'Docketmate-Sandbox' in project 'Docketmate-Sandbox' (no dependencies)

GatherProvisioningInputs

CreateBuildDescription

ExecuteExternalTool /Applications/Xcode.app/Contents/Developer/Toolchains/XcodeDefault.xctoolchain/usr/bin/clang -v -E -dM -isysroot /Applications/Xcode.app/Contents/Developer/Platforms/MacOSX.platform/Developer/SDKs/MacOSX15.4.sdk -x c -c /dev/null

ExecuteExternalTool /Applications/Xcode.app/Contents/Developer/Toolchains/XcodeDefault.xctoolchain/usr/bin/swiftc --version

ExecuteExternalTool /Applications/Xcode.app/Contents/Developer/Toolchains/XcodeDefault.xctoolchain/usr/bin/ld -version_details

Build description signature: a0de173ede06c29f58de3504c3f27bb5
Build description path: /Users/bernhardbudiono/Library/Developer/Xcode/DerivedData/Docketmate-Sandbox-enkfipvwhkpsvdbqinmbyclzksej/Build/Intermediates.noindex/XCBuildData/a0de173ede06c29f58de3504c3f27bb5.xcbuilddata
ClangStatCache /Applications/Xcode.app/Contents/Developer/Toolchains/XcodeDefault.xctoolchain/usr/bin/clang-stat-cache /Applications/Xcode.app/Contents/Developer/Platforms/MacOSX.platform/Developer/SDKs/MacOSX15.4.sdk /Users/bernhardbudiono/Library/Developer/Xcode/DerivedData/SDKStatCaches.noindex/macosx15.4-24E241-88b860576fb364319593bd8fb30666b0.sdkstatcache
    cd /Users/bernhardbudiono/Library/CloudStorage/Dropbox/_Documents\ -\ Apps\ \(Working\)/repos_github/Working/repo_docketmate/_macOS/Docketmate-Sandbox/Docketmate-Sandbox.xcodeproj
    /Applications/Xcode.app/Contents/Developer/Toolchains/XcodeDefault.xctoolchain/usr/bin/clang-stat-cache /Applications/Xcode.app/Contents/Developer/Platforms/MacOSX.platform/Developer/SDKs/MacOSX15.4.sdk -o /Users/bernhardbudiono/Library/Developer/Xcode/DerivedData/SDKStatCaches.noindex/macosx15.4-24E241-88b860576fb364319593bd8fb30666b0.sdkstatcache

CreateBuildDirectory /Users/bernhardbudiono/Library/Developer/Xcode/DerivedData/Docketmate-Sandbox-enkfipvwhkpsvdbqinmbyclzksej/Build/Products
    cd /Users/bernhardbudiono/Library/CloudStorage/Dropbox/_Documents\ -\ Apps\ \(Working\)/repos_github/Working/repo_docketmate/_macOS/Docketmate-Sandbox/Docketmate-Sandbox.xcodeproj
    builtin-create-build-directory /Users/bernhardbudiono/Library/Developer/Xcode/DerivedData/Docketmate-Sandbox-enkfipvwhkpsvdbqinmbyclzksej/Build/Products

CreateBuildDirectory /Users/bernhardbudiono/Library/Developer/Xcode/DerivedData/Docketmate-Sandbox-enkfipvwhkpsvdbqinmbyclzksej/Build/Intermediates.noindex
    cd /Users/bernhardbudiono/Library/CloudStorage/Dropbox/_Documents\ -\ Apps\ \(Working\)/repos_github/Working/repo_docketmate/_macOS/Docketmate-Sandbox/Docketmate-Sandbox.xcodeproj
    builtin-create-build-directory /Users/bernhardbudiono/Library/Developer/Xcode/DerivedData/Docketmate-Sandbox-enkfipvwhkpsvdbqinmbyclzksej/Build/Intermediates.noindex

CreateBuildDirectory /Users/bernhardbudiono/Library/Developer/Xcode/DerivedData/Docketmate-Sandbox-enkfipvwhkpsvdbqinmbyclzksej/Build/Products/Debug
    cd /Users/bernhardbudiono/Library/CloudStorage/Dropbox/_Documents\ -\ Apps\ \(Working\)/repos_github/Working/repo_docketmate/_macOS/Docketmate-Sandbox/Docketmate-Sandbox.xcodeproj
    builtin-create-build-directory /Users/bernhardbudiono/Library/Developer/Xcode/DerivedData/Docketmate-Sandbox-enkfipvwhkpsvdbqinmbyclzksej/Build/Products/Debug

CreateBuildDirectory /Users/bernhardbudiono/Library/Developer/Xcode/DerivedData/Docketmate-Sandbox-enkfipvwhkpsvdbqinmbyclzksej/Build/Intermediates.noindex/EagerLinkingTBDs/Debug
    cd /Users/bernhardbudiono/Library/CloudStorage/Dropbox/_Documents\ -\ Apps\ \(Working\)/repos_github/Working/repo_docketmate/_macOS/Docketmate-Sandbox/Docketmate-Sandbox.xcodeproj
    builtin-create-build-directory /Users/bernhardbudiono/Library/Developer/Xcode/DerivedData/Docketmate-Sandbox-enkfipvwhkpsvdbqinmbyclzksej/Build/Intermediates.noindex/EagerLinkingTBDs/Debug

WriteAuxiliaryFile /Users/bernhardbudiono/Library/Developer/Xcode/DerivedData/Docketmate-Sandbox-enkfipvwhkpsvdbqinmbyclzksej/Build/Intermediates.noindex/Docketmate-Sandbox.build/Debug/Docketmate-Sandbox-8651acfa4cd585a3aefa129da805a105-VFS/all-product-headers.yaml
    cd /Users/bernhardbudiono/Library/CloudStorage/Dropbox/_Documents\ -\ Apps\ \(Working\)/repos_github/Working/repo_docketmate/_macOS/Docketmate-Sandbox/Docketmate-Sandbox.xcodeproj
    write-file /Users/bernhardbudiono/Library/Developer/Xcode/DerivedData/Docketmate-Sandbox-enkfipvwhkpsvdbqinmbyclzksej/Build/Intermediates.noindex/Docketmate-Sandbox.build/Debug/Docketmate-Sandbox-8651acfa4cd585a3aefa129da805a105-VFS/all-product-headers.yaml

WriteAuxiliaryFile /Users/bernhardbudiono/Library/Developer/Xcode/DerivedData/Docketmate-Sandbox-enkfipvwhkpsvdbqinmbyclzksej/Build/Intermediates.noindex/Docketmate-Sandbox.build/Debug/Docketmate-Sandbox.build/Docketmate-Sandbox-own-target-headers.hmap (in target 'Docketmate-Sandbox' from project 'Docketmate-Sandbox')
    cd /Users/bernhardbudiono/Library/CloudStorage/Dropbox/_Documents\ -\ Apps\ \(Working\)/repos_github/Working/repo_docketmate/_macOS/Docketmate-Sandbox
    write-file /Users/bernhardbudiono/Library/Developer/Xcode/DerivedData/Docketmate-Sandbox-enkfipvwhkpsvdbqinmbyclzksej/Build/Intermediates.noindex/Docketmate-Sandbox.build/Debug/Docketmate-Sandbox.build/Docketmate-Sandbox-own-target-headers.hmap

WriteAuxiliaryFile /Users/bernhardbudiono/Library/Developer/Xcode/DerivedData/Docketmate-Sandbox-enkfipvwhkpsvdbqinmbyclzksej/Build/Intermediates.noindex/Docketmate-Sandbox.build/Debug/Docketmate-Sandbox.build/Docketmate-Sandbox-generated-files.hmap (in target 'Docketmate-Sandbox' from project 'Docketmate-Sandbox')
    cd /Users/bernhardbudiono/Library/CloudStorage/Dropbox/_Documents\ -\ Apps\ \(Working\)/repos_github/Working/repo_docketmate/_macOS/Docketmate-Sandbox
    write-file /Users/bernhardbudiono/Library/Developer/Xcode/DerivedData/Docketmate-Sandbox-enkfipvwhkpsvdbqinmbyclzksej/Build/Intermediates.noindex/Docketmate-Sandbox.build/Debug/Docketmate-Sandbox.build/Docketmate-Sandbox-generated-files.hmap

WriteAuxiliaryFile /Users/bernhardbudiono/Library/Developer/Xcode/DerivedData/Docketmate-Sandbox-enkfipvwhkpsvdbqinmbyclzksej/Build/Intermediates.noindex/Docketmate-Sandbox.build/Debug/Docketmate-Sandbox.build/Docketmate-Sandbox-project-headers.hmap (in target 'Docketmate-Sandbox' from project 'Docketmate-Sandbox')
    cd /Users/bernhardbudiono/Library/CloudStorage/Dropbox/_Documents\ -\ Apps\ \(Working\)/repos_github/Working/repo_docketmate/_macOS/Docketmate-Sandbox
    write-file /Users/bernhardbudiono/Library/Developer/Xcode/DerivedData/Docketmate-Sandbox-enkfipvwhkpsvdbqinmbyclzksej/Build/Intermediates.noindex/Docketmate-Sandbox.build/Debug/Docketmate-Sandbox.build/Docketmate-Sandbox-project-headers.hmap

WriteAuxiliaryFile /Users/bernhardbudiono/Library/Developer/Xcode/DerivedData/Docketmate-Sandbox-enkfipvwhkpsvdbqinmbyclzksej/Build/Intermediates.noindex/Docketmate-Sandbox.build/Debug/Docketmate-Sandbox.build/Docketmate-Sandbox-all-target-headers.hmap (in target 'Docketmate-Sandbox' from project 'Docketmate-Sandbox')
    cd /Users/bernhardbudiono/Library/CloudStorage/Dropbox/_Documents\ -\ Apps\ \(Working\)/repos_github/Working/repo_docketmate/_macOS/Docketmate-Sandbox
    write-file /Users/bernhardbudiono/Library/Developer/Xcode/DerivedData/Docketmate-Sandbox-enkfipvwhkpsvdbqinmbyclzksej/Build/Intermediates.noindex/Docketmate-Sandbox.build/Debug/Docketmate-Sandbox.build/Docketmate-Sandbox-all-target-headers.hmap

WriteAuxiliaryFile /Users/bernhardbudiono/Library/Developer/Xcode/DerivedData/Docketmate-Sandbox-enkfipvwhkpsvdbqinmbyclzksej/Build/Intermediates.noindex/Docketmate-Sandbox.build/Debug/Docketmate-Sandbox.build/Docketmate-Sandbox-DebugDylibPath-normal-arm64.txt (in target 'Docketmate-Sandbox' from project 'Docketmate-Sandbox')
    cd /Users/bernhardbudiono/Library/CloudStorage/Dropbox/_Documents\ -\ Apps\ \(Working\)/repos_github/Working/repo_docketmate/_macOS/Docketmate-Sandbox
    write-file /Users/bernhardbudiono/Library/Developer/Xcode/DerivedData/Docketmate-Sandbox-enkfipvwhkpsvdbqinmbyclzksej/Build/Intermediates.noindex/Docketmate-Sandbox.build/Debug/Docketmate-Sandbox.build/Docketmate-Sandbox-DebugDylibPath-normal-arm64.txt

WriteAuxiliaryFile /Users/bernhardbudiono/Library/Developer/Xcode/DerivedData/Docketmate-Sandbox-enkfipvwhkpsvdbqinmbyclzksej/Build/Intermediates.noindex/Docketmate-Sandbox.build/Debug/Docketmate-Sandbox.build/Docketmate-Sandbox.hmap (in target 'Docketmate-Sandbox' from project 'Docketmate-Sandbox')
    cd /Users/bernhardbudiono/Library/CloudStorage/Dropbox/_Documents\ -\ Apps\ \(Working\)/repos_github/Working/repo_docketmate/_macOS/Docketmate-Sandbox
    write-file /Users/bernhardbudiono/Library/Developer/Xcode/DerivedData/Docketmate-Sandbox-enkfipvwhkpsvdbqinmbyclzksej/Build/Intermediates.noindex/Docketmate-Sandbox.build/Debug/Docketmate-Sandbox.build/Docketmate-Sandbox.hmap

WriteAuxiliaryFile /Users/bernhardbudiono/Library/Developer/Xcode/DerivedData/Docketmate-Sandbox-enkfipvwhkpsvdbqinmbyclzksej/Build/Intermediates.noindex/Docketmate-Sandbox.build/Debug/Docketmate-Sandbox.build/Docketmate-Sandbox-DebugDylibInstallName-normal-arm64.txt (in target 'Docketmate-Sandbox' from project 'Docketmate-Sandbox')
    cd /Users/bernhardbudiono/Library/CloudStorage/Dropbox/_Documents\ -\ Apps\ \(Working\)/repos_github/Working/repo_docketmate/_macOS/Docketmate-Sandbox
    write-file /Users/bernhardbudiono/Library/Developer/Xcode/DerivedData/Docketmate-Sandbox-enkfipvwhkpsvdbqinmbyclzksej/Build/Intermediates.noindex/Docketmate-Sandbox.build/Debug/Docketmate-Sandbox.build/Docketmate-Sandbox-DebugDylibInstallName-normal-arm64.txt

WriteAuxiliaryFile /Users/bernhardbudiono/Library/Developer/Xcode/DerivedData/Docketmate-Sandbox-enkfipvwhkpsvdbqinmbyclzksej/Build/Intermediates.noindex/Docketmate-Sandbox.build/Debug/Docketmate-Sandbox.build/Docketmate-Sandbox.DependencyStaticMetadataFileList (in target 'Docketmate-Sandbox' from project 'Docketmate-Sandbox')
    cd /Users/bernhardbudiono/Library/CloudStorage/Dropbox/_Documents\ -\ Apps\ \(Working\)/repos_github/Working/repo_docketmate/_macOS/Docketmate-Sandbox
    write-file /Users/bernhardbudiono/Library/Developer/Xcode/DerivedData/Docketmate-Sandbox-enkfipvwhkpsvdbqinmbyclzksej/Build/Intermediates.noindex/Docketmate-Sandbox.build/Debug/Docketmate-Sandbox.build/Docketmate-Sandbox.DependencyStaticMetadataFileList

WriteAuxiliaryFile /Users/bernhardbudiono/Library/Developer/Xcode/DerivedData/Docketmate-Sandbox-enkfipvwhkpsvdbqinmbyclzksej/Build/Intermediates.noindex/Docketmate-Sandbox.build/Debug/Docketmate-Sandbox.build/Docketmate-Sandbox.DependencyMetadataFileList (in target 'Docketmate-Sandbox' from project 'Docketmate-Sandbox')
    cd /Users/bernhardbudiono/Library/CloudStorage/Dropbox/_Documents\ -\ Apps\ \(Working\)/repos_github/Working/repo_docketmate/_macOS/Docketmate-Sandbox
    write-file /Users/bernhardbudiono/Library/Developer/Xcode/DerivedData/Docketmate-Sandbox-enkfipvwhkpsvdbqinmbyclzksej/Build/Intermediates.noindex/Docketmate-Sandbox.build/Debug/Docketmate-Sandbox.build/Docketmate-Sandbox.DependencyMetadataFileList

WriteAuxiliaryFile /Users/bernhardbudiono/Library/Developer/Xcode/DerivedData/Docketmate-Sandbox-enkfipvwhkpsvdbqinmbyclzksej/Build/Intermediates.noindex/Docketmate-Sandbox.build/Debug/Docketmate-Sandbox.build/Docketmate-Sandbox-all-non-framework-target-headers.hmap (in target 'Docketmate-Sandbox' from project 'Docketmate-Sandbox')
    cd /Users/bernhardbudiono/Library/CloudStorage/Dropbox/_Documents\ -\ Apps\ \(Working\)/repos_github/Working/repo_docketmate/_macOS/Docketmate-Sandbox
    write-file /Users/bernhardbudiono/Library/Developer/Xcode/DerivedData/Docketmate-Sandbox-enkfipvwhkpsvdbqinmbyclzksej/Build/Intermediates.noindex/Docketmate-Sandbox.build/Debug/Docketmate-Sandbox.build/Docketmate-Sandbox-all-non-framework-target-headers.hmap

WriteAuxiliaryFile /Users/bernhardbudiono/Library/Developer/Xcode/DerivedData/Docketmate-Sandbox-enkfipvwhkpsvdbqinmbyclzksej/Build/Intermediates.noindex/Docketmate-Sandbox.build/Debug/Docketmate-Sandbox.build/Objects-normal/arm64/Docketmate-Sandbox.SwiftConstValuesFileList (in target 'Docketmate-Sandbox' from project 'Docketmate-Sandbox')
    cd /Users/bernhardbudiono/Library/CloudStorage/Dropbox/_Documents\ -\ Apps\ \(Working\)/repos_github/Working/repo_docketmate/_macOS/Docketmate-Sandbox
    write-file /Users/bernhardbudiono/Library/Developer/Xcode/DerivedData/Docketmate-Sandbox-enkfipvwhkpsvdbqinmbyclzksej/Build/Intermediates.noindex/Docketmate-Sandbox.build/Debug/Docketmate-Sandbox.build/Objects-normal/arm64/Docketmate-Sandbox.SwiftConstValuesFileList

WriteAuxiliaryFile /Users/bernhardbudiono/Library/Developer/Xcode/DerivedData/Docketmate-Sandbox-enkfipvwhkpsvdbqinmbyclzksej/Build/Intermediates.noindex/Docketmate-Sandbox.build/Debug/Docketmate-Sandbox.build/Objects-normal/arm64/Docketmate-Sandbox-OutputFileMap.json (in target 'Docketmate-Sandbox' from project 'Docketmate-Sandbox')
    cd /Users/bernhardbudiono/Library/CloudStorage/Dropbox/_Documents\ -\ Apps\ \(Working\)/repos_github/Working/repo_docketmate/_macOS/Docketmate-Sandbox
    write-file /Users/bernhardbudiono/Library/Developer/Xcode/DerivedData/Docketmate-Sandbox-enkfipvwhkpsvdbqinmbyclzksej/Build/Intermediates.noindex/Docketmate-Sandbox.build/Debug/Docketmate-Sandbox.build/Objects-normal/arm64/Docketmate-Sandbox-OutputFileMap.json

WriteAuxiliaryFile /Users/bernhardbudiono/Library/Developer/Xcode/DerivedData/Docketmate-Sandbox-enkfipvwhkpsvdbqinmbyclzksej/Build/Intermediates.noindex/Docketmate-Sandbox.build/Debug/Docketmate-Sandbox.build/Objects-normal/arm64/Docketmate-Sandbox_const_extract_protocols.json (in target 'Docketmate-Sandbox' from project 'Docketmate-Sandbox')
    cd /Users/bernhardbudiono/Library/CloudStorage/Dropbox/_Documents\ -\ Apps\ \(Working\)/repos_github/Working/repo_docketmate/_macOS/Docketmate-Sandbox
    write-file /Users/bernhardbudiono/Library/Developer/Xcode/DerivedData/Docketmate-Sandbox-enkfipvwhkpsvdbqinmbyclzksej/Build/Intermediates.noindex/Docketmate-Sandbox.build/Debug/Docketmate-Sandbox.build/Objects-normal/arm64/Docketmate-Sandbox_const_extract_protocols.json

WriteAuxiliaryFile /Users/bernhardbudiono/Library/Developer/Xcode/DerivedData/Docketmate-Sandbox-enkfipvwhkpsvdbqinmbyclzksej/Build/Intermediates.noindex/Docketmate-Sandbox.build/Debug/Docketmate-Sandbox.build/Objects-normal/arm64/Docketmate-Sandbox.LinkFileList (in target 'Docketmate-Sandbox' from project 'Docketmate-Sandbox')
    cd /Users/bernhardbudiono/Library/CloudStorage/Dropbox/_Documents\ -\ Apps\ \(Working\)/repos_github/Working/repo_docketmate/_macOS/Docketmate-Sandbox
    write-file /Users/bernhardbudiono/Library/Developer/Xcode/DerivedData/Docketmate-Sandbox-enkfipvwhkpsvdbqinmbyclzksej/Build/Intermediates.noindex/Docketmate-Sandbox.build/Debug/Docketmate-Sandbox.build/Objects-normal/arm64/Docketmate-Sandbox.LinkFileList

WriteAuxiliaryFile /Users/bernhardbudiono/Library/Developer/Xcode/DerivedData/Docketmate-Sandbox-enkfipvwhkpsvdbqinmbyclzksej/Build/Intermediates.noindex/Docketmate-Sandbox.build/Debug/Docketmate-Sandbox.build/Objects-normal/arm64/Docketmate-Sandbox.SwiftFileList (in target 'Docketmate-Sandbox' from project 'Docketmate-Sandbox')
    cd /Users/bernhardbudiono/Library/CloudStorage/Dropbox/_Documents\ -\ Apps\ \(Working\)/repos_github/Working/repo_docketmate/_macOS/Docketmate-Sandbox
    write-file /Users/bernhardbudiono/Library/Developer/Xcode/DerivedData/Docketmate-Sandbox-enkfipvwhkpsvdbqinmbyclzksej/Build/Intermediates.noindex/Docketmate-Sandbox.build/Debug/Docketmate-Sandbox.build/Objects-normal/arm64/Docketmate-Sandbox.SwiftFileList

WriteAuxiliaryFile /Users/bernhardbudiono/Library/Developer/Xcode/DerivedData/Docketmate-Sandbox-enkfipvwhkpsvdbqinmbyclzksej/Build/Intermediates.noindex/Docketmate-Sandbox.build/Debug/Docketmate-Sandbox.build/DerivedSources/Entitlements.plist (in target 'Docketmate-Sandbox' from project 'Docketmate-Sandbox')
    cd /Users/bernhardbudiono/Library/CloudStorage/Dropbox/_Documents\ -\ Apps\ \(Working\)/repos_github/Working/repo_docketmate/_macOS/Docketmate-Sandbox
    write-file /Users/bernhardbudiono/Library/Developer/Xcode/DerivedData/Docketmate-Sandbox-enkfipvwhkpsvdbqinmbyclzksej/Build/Intermediates.noindex/Docketmate-Sandbox.build/Debug/Docketmate-Sandbox.build/DerivedSources/Entitlements.plist

MkDir /Users/bernhardbudiono/Library/Developer/Xcode/DerivedData/Docketmate-Sandbox-enkfipvwhkpsvdbqinmbyclzksej/Build/Products/Debug/Docketmate-Sandbox.app/Contents (in target 'Docketmate-Sandbox' from project 'Docketmate-Sandbox')
    cd /Users/bernhardbudiono/Library/CloudStorage/Dropbox/_Documents\ -\ Apps\ \(Working\)/repos_github/Working/repo_docketmate/_macOS/Docketmate-Sandbox
    /bin/mkdir -p /Users/bernhardbudiono/Library/Developer/Xcode/DerivedData/Docketmate-Sandbox-enkfipvwhkpsvdbqinmbyclzksej/Build/Products/Debug/Docketmate-Sandbox.app/Contents

MkDir /Users/bernhardbudiono/Library/Developer/Xcode/DerivedData/Docketmate-Sandbox-enkfipvwhkpsvdbqinmbyclzksej/Build/Products/Debug/Docketmate-Sandbox.app (in target 'Docketmate-Sandbox' from project 'Docketmate-Sandbox')
    cd /Users/bernhardbudiono/Library/CloudStorage/Dropbox/_Documents\ -\ Apps\ \(Working\)/repos_github/Working/repo_docketmate/_macOS/Docketmate-Sandbox
    /bin/mkdir -p /Users/bernhardbudiono/Library/Developer/Xcode/DerivedData/Docketmate-Sandbox-enkfipvwhkpsvdbqinmbyclzksej/Build/Products/Debug/Docketmate-Sandbox.app

MkDir /Users/bernhardbudiono/Library/Developer/Xcode/DerivedData/Docketmate-Sandbox-enkfipvwhkpsvdbqinmbyclzksej/Build/Products/Debug/Docketmate-Sandbox.app/Contents/MacOS (in target 'Docketmate-Sandbox' from project 'Docketmate-Sandbox')
    cd /Users/bernhardbudiono/Library/CloudStorage/Dropbox/_Documents\ -\ Apps\ \(Working\)/repos_github/Working/repo_docketmate/_macOS/Docketmate-Sandbox
    /bin/mkdir -p /Users/bernhardbudiono/Library/Developer/Xcode/DerivedData/Docketmate-Sandbox-enkfipvwhkpsvdbqinmbyclzksej/Build/Products/Debug/Docketmate-Sandbox.app/Contents/MacOS

ProcessProductPackaging "" /Users/bernhardbudiono/Library/Developer/Xcode/DerivedData/Docketmate-Sandbox-enkfipvwhkpsvdbqinmbyclzksej/Build/Intermediates.noindex/Docketmate-Sandbox.build/Debug/Docketmate-Sandbox.build/Docketmate-Sandbox.app.xcent (in target 'Docketmate-Sandbox' from project 'Docketmate-Sandbox')
    cd /Users/bernhardbudiono/Library/CloudStorage/Dropbox/_Documents\ -\ Apps\ \(Working\)/repos_github/Working/repo_docketmate/_macOS/Docketmate-Sandbox
    
    Entitlements:
    
    {
    "com.apple.security.get-task-allow" = 1;
}
    
    builtin-productPackagingUtility -entitlements -format xml -o /Users/bernhardbudiono/Library/Developer/Xcode/DerivedData/Docketmate-Sandbox-enkfipvwhkpsvdbqinmbyclzksej/Build/Intermediates.noindex/Docketmate-Sandbox.build/Debug/Docketmate-Sandbox.build/Docketmate-Sandbox.app.xcent

ProcessProductPackagingDER /Users/bernhardbudiono/Library/Developer/Xcode/DerivedData/Docketmate-Sandbox-enkfipvwhkpsvdbqinmbyclzksej/Build/Intermediates.noindex/Docketmate-Sandbox.build/Debug/Docketmate-Sandbox.build/Docketmate-Sandbox.app.xcent /Users/bernhardbudiono/Library/Developer/Xcode/DerivedData/Docketmate-Sandbox-enkfipvwhkpsvdbqinmbyclzksej/Build/Intermediates.noindex/Docketmate-Sandbox.build/Debug/Docketmate-Sandbox.build/Docketmate-Sandbox.app.xcent.der (in target 'Docketmate-Sandbox' from project 'Docketmate-Sandbox')
    cd /Users/bernhardbudiono/Library/CloudStorage/Dropbox/_Documents\ -\ Apps\ \(Working\)/repos_github/Working/repo_docketmate/_macOS/Docketmate-Sandbox
    /usr/bin/derq query -f xml -i /Users/bernhardbudiono/Library/Developer/Xcode/DerivedData/Docketmate-Sandbox-enkfipvwhkpsvdbqinmbyclzksej/Build/Intermediates.noindex/Docketmate-Sandbox.build/Debug/Docketmate-Sandbox.build/Docketmate-Sandbox.app.xcent -o /Users/bernhardbudiono/Library/Developer/Xcode/DerivedData/Docketmate-Sandbox-enkfipvwhkpsvdbqinmbyclzksej/Build/Intermediates.noindex/Docketmate-Sandbox.build/Debug/Docketmate-Sandbox.build/Docketmate-Sandbox.app.xcent.der --raw

ProcessInfoPlistFile /Users/bernhardbudiono/Library/Developer/Xcode/DerivedData/Docketmate-Sandbox-enkfipvwhkpsvdbqinmbyclzksej/Build/Products/Debug/Docketmate-Sandbox.app/Contents/Info.plist /Users/bernhardbudiono/Library/CloudStorage/Dropbox/_Documents\ -\ Apps\ (Working)/repos_github/Working/repo_docketmate/_macOS/Docketmate-Sandbox/Resources/Info.plist (in target 'Docketmate-Sandbox' from project 'Docketmate-Sandbox')
    cd /Users/bernhardbudiono/Library/CloudStorage/Dropbox/_Documents\ -\ Apps\ \(Working\)/repos_github/Working/repo_docketmate/_macOS/Docketmate-Sandbox
    builtin-infoPlistUtility /Users/bernhardbudiono/Library/CloudStorage/Dropbox/_Documents\ -\ Apps\ \(Working\)/repos_github/Working/repo_docketmate/_macOS/Docketmate-Sandbox/Resources/Info.plist -producttype com.apple.product-type.application -genpkginfo /Users/bernhardbudiono/Library/Developer/Xcode/DerivedData/Docketmate-Sandbox-enkfipvwhkpsvdbqinmbyclzksej/Build/Products/Debug/Docketmate-Sandbox.app/Contents/PkgInfo -expandbuildsettings -platform macosx -o /Users/bernhardbudiono/Library/Developer/Xcode/DerivedData/Docketmate-Sandbox-enkfipvwhkpsvdbqinmbyclzksej/Build/Products/Debug/Docketmate-Sandbox.app/Contents/Info.plist

Ld /Users/bernhardbudiono/Library/Developer/Xcode/DerivedData/Docketmate-Sandbox-enkfipvwhkpsvdbqinmbyclzksej/Build/Products/Debug/Docketmate-Sandbox.app/Contents/MacOS/__preview.dylib normal (in target 'Docketmate-Sandbox' from project 'Docketmate-Sandbox')
    cd /Users/bernhardbudiono/Library/CloudStorage/Dropbox/_Documents\ -\ Apps\ \(Working\)/repos_github/Working/repo_docketmate/_macOS/Docketmate-Sandbox
    /Applications/Xcode.app/Contents/Developer/Toolchains/XcodeDefault.xctoolchain/usr/bin/clang -Xlinker -reproducible -target arm64-apple-macos13.5 -dynamiclib -isysroot /Applications/Xcode.app/Contents/Developer/Platforms/MacOSX.platform/Developer/SDKs/MacOSX15.4.sdk -O0 -L/Users/bernhardbudiono/Library/Developer/Xcode/DerivedData/Docketmate-Sandbox-enkfipvwhkpsvdbqinmbyclzksej/Build/Products/Debug -F/Users/bernhardbudiono/Library/Developer/Xcode/DerivedData/Docketmate-Sandbox-enkfipvwhkpsvdbqinmbyclzksej/Build/Products/Debug -install_name @rpath/Docketmate-Sandbox.debug.dylib -dead_strip -rdynamic -Xlinker -no_deduplicate -Xlinker -dependency_info -Xlinker /Users/bernhardbudiono/Library/Developer/Xcode/DerivedData/Docketmate-Sandbox-enkfipvwhkpsvdbqinmbyclzksej/Build/Intermediates.noindex/Docketmate-Sandbox.build/Debug/Docketmate-Sandbox.build/Objects-normal/arm64/Docketmate-Sandbox_dependency_info.dat -Xlinker -no_adhoc_codesign -o /Users/bernhardbudiono/Library/Developer/Xcode/DerivedData/Docketmate-Sandbox-enkfipvwhkpsvdbqinmbyclzksej/Build/Products/Debug/Docketmate-Sandbox.app/Contents/MacOS/__preview.dylib

SwiftDriver Docketmate-Sandbox normal arm64 com.apple.xcode.tools.swift.compiler (in target 'Docketmate-Sandbox' from project 'Docketmate-Sandbox')
    cd /Users/bernhardbudiono/Library/CloudStorage/Dropbox/_Documents\ -\ Apps\ \(Working\)/repos_github/Working/repo_docketmate/_macOS/Docketmate-Sandbox
    builtin-SwiftDriver -- /Applications/Xcode.app/Contents/Developer/Toolchains/XcodeDefault.xctoolchain/usr/bin/swiftc -module-name Docketmate_Sandbox -Onone -enforce-exclusivity\=checked @/Users/bernhardbudiono/Library/Developer/Xcode/DerivedData/Docketmate-Sandbox-enkfipvwhkpsvdbqinmbyclzksej/Build/Intermediates.noindex/Docketmate-Sandbox.build/Debug/Docketmate-Sandbox.build/Objects-normal/arm64/Docketmate-Sandbox.SwiftFileList -DDEBUG -enable-bare-slash-regex -enable-experimental-feature DebugDescriptionMacro -sdk /Applications/Xcode.app/Contents/Developer/Platforms/MacOSX.platform/Developer/SDKs/MacOSX15.4.sdk -target arm64-apple-macos13.5 -g -module-cache-path /Users/bernhardbudiono/Library/Developer/Xcode/DerivedData/ModuleCache.noindex -Xfrontend -serialize-debugging-options -enable-testing -index-store-path /Users/bernhardbudiono/Library/Developer/Xcode/DerivedData/Docketmate-Sandbox-enkfipvwhkpsvdbqinmbyclzksej/Index.noindex/DataStore -swift-version 5 -I /Users/bernhardbudiono/Library/Developer/Xcode/DerivedData/Docketmate-Sandbox-enkfipvwhkpsvdbqinmbyclzksej/Build/Products/Debug -F /Users/bernhardbudiono/Library/Developer/Xcode/DerivedData/Docketmate-Sandbox-enkfipvwhkpsvdbqinmbyclzksej/Build/Products/Debug -c -j16 -enable-batch-mode -incremental -Xcc -ivfsstatcache -Xcc /Users/bernhardbudiono/Library/Developer/Xcode/DerivedData/SDKStatCaches.noindex/macosx15.4-24E241-88b860576fb364319593bd8fb30666b0.sdkstatcache -output-file-map /Users/bernhardbudiono/Library/Developer/Xcode/DerivedData/Docketmate-Sandbox-enkfipvwhkpsvdbqinmbyclzksej/Build/Intermediates.noindex/Docketmate-Sandbox.build/Debug/Docketmate-Sandbox.build/Objects-normal/arm64/Docketmate-Sandbox-OutputFileMap.json -use-frontend-parseable-output -save-temps -no-color-diagnostics -serialize-diagnostics -emit-dependencies -emit-module -emit-module-path /Users/bernhardbudiono/Library/Developer/Xcode/DerivedData/Docketmate-Sandbox-enkfipvwhkpsvdbqinmbyclzksej/Build/Intermediates.noindex/Docketmate-Sandbox.build/Debug/Docketmate-Sandbox.build/Objects-normal/arm64/Docketmate_Sandbox.swiftmodule -validate-clang-modules-once -clang-build-session-file /Users/bernhardbudiono/Library/Developer/Xcode/DerivedData/ModuleCache.noindex/Session.modulevalidation -Xcc -I/Users/bernhardbudiono/Library/Developer/Xcode/DerivedData/Docketmate-Sandbox-enkfipvwhkpsvdbqinmbyclzksej/Build/Intermediates.noindex/Docketmate-Sandbox.build/Debug/Docketmate-Sandbox.build/swift-overrides.hmap -emit-const-values -Xfrontend -const-gather-protocols-file -Xfrontend /Users/bernhardbudiono/Library/Developer/Xcode/DerivedData/Docketmate-Sandbox-enkfipvwhkpsvdbqinmbyclzksej/Build/Intermediates.noindex/Docketmate-Sandbox.build/Debug/Docketmate-Sandbox.build/Objects-normal/arm64/Docketmate-Sandbox_const_extract_protocols.json -Xcc -iquote -Xcc /Users/bernhardbudiono/Library/Developer/Xcode/DerivedData/Docketmate-Sandbox-enkfipvwhkpsvdbqinmbyclzksej/Build/Intermediates.noindex/Docketmate-Sandbox.build/Debug/Docketmate-Sandbox.build/Docketmate-Sandbox-generated-files.hmap -Xcc -I/Users/bernhardbudiono/Library/Developer/Xcode/DerivedData/Docketmate-Sandbox-enkfipvwhkpsvdbqinmbyclzksej/Build/Intermediates.noindex/Docketmate-Sandbox.build/Debug/Docketmate-Sandbox.build/Docketmate-Sandbox-own-target-headers.hmap -Xcc -I/Users/bernhardbudiono/Library/Developer/Xcode/DerivedData/Docketmate-Sandbox-enkfipvwhkpsvdbqinmbyclzksej/Build/Intermediates.noindex/Docketmate-Sandbox.build/Debug/Docketmate-Sandbox.build/Docketmate-Sandbox-all-target-headers.hmap -Xcc -iquote -Xcc /Users/bernhardbudiono/Library/Developer/Xcode/DerivedData/Docketmate-Sandbox-enkfipvwhkpsvdbqinmbyclzksej/Build/Intermediates.noindex/Docketmate-Sandbox.build/Debug/Docketmate-Sandbox.build/Docketmate-Sandbox-project-headers.hmap -Xcc -I/Users/bernhardbudiono/Library/Developer/Xcode/DerivedData/Docketmate-Sandbox-enkfipvwhkpsvdbqinmbyclzksej/Build/Products/Debug/include -Xcc -I/Users/bernhardbudiono/Library/Developer/Xcode/DerivedData/Docketmate-Sandbox-enkfipvwhkpsvdbqinmbyclzksej/Build/Intermediates.noindex/Docketmate-Sandbox.build/Debug/Docketmate-Sandbox.build/DerivedSources-normal/arm64 -Xcc -I/Users/bernhardbudiono/Library/Developer/Xcode/DerivedData/Docketmate-Sandbox-enkfipvwhkpsvdbqinmbyclzksej/Build/Intermediates.noindex/Docketmate-Sandbox.build/Debug/Docketmate-Sandbox.build/DerivedSources/arm64 -Xcc -I/Users/bernhardbudiono/Library/Developer/Xcode/DerivedData/Docketmate-Sandbox-enkfipvwhkpsvdbqinmbyclzksej/Build/Intermediates.noindex/Docketmate-Sandbox.build/Debug/Docketmate-Sandbox.build/DerivedSources -Xcc -DDEBUG\=1 -emit-objc-header -emit-objc-header-path /Users/bernhardbudiono/Library/Developer/Xcode/DerivedData/Docketmate-Sandbox-enkfipvwhkpsvdbqinmbyclzksej/Build/Intermediates.noindex/Docketmate-Sandbox.build/Debug/Docketmate-Sandbox.build/Objects-normal/arm64/Docketmate_Sandbox-Swift.h -working-directory /Users/bernhardbudiono/Library/CloudStorage/Dropbox/_Documents\ -\ Apps\ \(Working\)/repos_github/Working/repo_docketmate/_macOS/Docketmate-Sandbox -experimental-emit-module-separately -disable-cmo

SwiftEmitModule normal arm64 Emitting\ module\ for\ Docketmate_Sandbox (in target 'Docketmate-Sandbox' from project 'Docketmate-Sandbox')

EmitSwiftModule normal arm64 (in target 'Docketmate-Sandbox' from project 'Docketmate-Sandbox')
    cd /Users/bernhardbudiono/Library/CloudStorage/Dropbox/_Documents\ -\ Apps\ \(Working\)/repos_github/Working/repo_docketmate/_macOS/Docketmate-Sandbox
    

SwiftCompile normal arm64 Compiling\ AppleSignInViewSandbox.swift /Users/bernhardbudiono/Library/CloudStorage/Dropbox/_Documents\ -\ Apps\ (Working)/repos_github/Working/repo_docketmate/_macOS/Docketmate-Sandbox/Sources/App/AppleSignInViewSandbox.swift (in target 'Docketmate-Sandbox' from project 'Docketmate-Sandbox')
SwiftCompile normal arm64 /Users/bernhardbudiono/Library/CloudStorage/Dropbox/_Documents\ -\ Apps\ (Working)/repos_github/Working/repo_docketmate/_macOS/Docketmate-Sandbox/Sources/App/AppleSignInViewSandbox.swift (in target 'Docketmate-Sandbox' from project 'Docketmate-Sandbox')
    cd /Users/bernhardbudiono/Library/CloudStorage/Dropbox/_Documents\ -\ Apps\ \(Working\)/repos_github/Working/repo_docketmate/_macOS/Docketmate-Sandbox
    

SwiftCompile normal arm64 Compiling\ ContentView.swift /Users/bernhardbudiono/Library/CloudStorage/Dropbox/_Documents\ -\ Apps\ (Working)/repos_github/Working/repo_docketmate/_macOS/Docketmate-Sandbox/Sources/App/ContentView.swift (in target 'Docketmate-Sandbox' from project 'Docketmate-Sandbox')

SwiftCompile normal arm64 /Users/bernhardbudiono/Library/CloudStorage/Dropbox/_Documents\ -\ Apps\ (Working)/repos_github/Working/repo_docketmate/_macOS/Docketmate-Sandbox/Sources/App/ContentView.swift (in target 'Docketmate-Sandbox' from project 'Docketmate-Sandbox')
    cd /Users/bernhardbudiono/Library/CloudStorage/Dropbox/_Documents\ -\ Apps\ \(Working\)/repos_github/Working/repo_docketmate/_macOS/Docketmate-Sandbox
    

SwiftCompile normal arm64 Compiling\ DocketmateSandboxApp.swift /Users/bernhardbudiono/Library/CloudStorage/Dropbox/_Documents\ -\ Apps\ (Working)/repos_github/Working/repo_docketmate/_macOS/Docketmate-Sandbox/Sources/App/DocketmateSandboxApp.swift (in target 'Docketmate-Sandbox' from project 'Docketmate-Sandbox')

SwiftCompile normal arm64 /Users/bernhardbudiono/Library/CloudStorage/Dropbox/_Documents\ -\ Apps\ (Working)/repos_github/Working/repo_docketmate/_macOS/Docketmate-Sandbox/Sources/App/DocketmateSandboxApp.swift (in target 'Docketmate-Sandbox' from project 'Docketmate-Sandbox')
    cd /Users/bernhardbudiono/Library/CloudStorage/Dropbox/_Documents\ -\ Apps\ \(Working\)/repos_github/Working/repo_docketmate/_macOS/Docketmate-Sandbox
    

SwiftDriverJobDiscovery normal arm64 Compiling DocketmateSandboxApp.swift (in target 'Docketmate-Sandbox' from project 'Docketmate-Sandbox')

SwiftDriverJobDiscovery normal arm64 Emitting module for Docketmate_Sandbox (in target 'Docketmate-Sandbox' from project 'Docketmate-Sandbox')

SwiftDriver\ Compilation\ Requirements Docketmate-Sandbox normal arm64 com.apple.xcode.tools.swift.compiler (in target 'Docketmate-Sandbox' from project 'Docketmate-Sandbox')
    cd /Users/bernhardbudiono/Library/CloudStorage/Dropbox/_Documents\ -\ Apps\ \(Working\)/repos_github/Working/repo_docketmate/_macOS/Docketmate-Sandbox
    builtin-Swift-Compilation-Requirements -- /Applications/Xcode.app/Contents/Developer/Toolchains/XcodeDefault.xctoolchain/usr/bin/swiftc -module-name Docketmate_Sandbox -Onone -enforce-exclusivity\=checked @/Users/bernhardbudiono/Library/Developer/Xcode/DerivedData/Docketmate-Sandbox-enkfipvwhkpsvdbqinmbyclzksej/Build/Intermediates.noindex/Docketmate-Sandbox.build/Debug/Docketmate-Sandbox.build/Objects-normal/arm64/Docketmate-Sandbox.SwiftFileList -DDEBUG -enable-bare-slash-regex -enable-experimental-feature DebugDescriptionMacro -sdk /Applications/Xcode.app/Contents/Developer/Platforms/MacOSX.platform/Developer/SDKs/MacOSX15.4.sdk -target arm64-apple-macos13.5 -g -module-cache-path /Users/bernhardbudiono/Library/Developer/Xcode/DerivedData/ModuleCache.noindex -Xfrontend -serialize-debugging-options -enable-testing -index-store-path /Users/bernhardbudiono/Library/Developer/Xcode/DerivedData/Docketmate-Sandbox-enkfipvwhkpsvdbqinmbyclzksej/Index.noindex/DataStore -swift-version 5 -I /Users/bernhardbudiono/Library/Developer/Xcode/DerivedData/Docketmate-Sandbox-enkfipvwhkpsvdbqinmbyclzksej/Build/Products/Debug -F /Users/bernhardbudiono/Library/Developer/Xcode/DerivedData/Docketmate-Sandbox-enkfipvwhkpsvdbqinmbyclzksej/Build/Products/Debug -c -j16 -enable-batch-mode -incremental -Xcc -ivfsstatcache -Xcc /Users/bernhardbudiono/Library/Developer/Xcode/DerivedData/SDKStatCaches.noindex/macosx15.4-24E241-88b860576fb364319593bd8fb30666b0.sdkstatcache -output-file-map /Users/bernhardbudiono/Library/Developer/Xcode/DerivedData/Docketmate-Sandbox-enkfipvwhkpsvdbqinmbyclzksej/Build/Intermediates.noindex/Docketmate-Sandbox.build/Debug/Docketmate-Sandbox.build/Objects-normal/arm64/Docketmate-Sandbox-OutputFileMap.json -use-frontend-parseable-output -save-temps -no-color-diagnostics -serialize-diagnostics -emit-dependencies -emit-module -emit-module-path /Users/bernhardbudiono/Library/Developer/Xcode/DerivedData/Docketmate-Sandbox-enkfipvwhkpsvdbqinmbyclzksej/Build/Intermediates.noindex/Docketmate-Sandbox.build/Debug/Docketmate-Sandbox.build/Objects-normal/arm64/Docketmate_Sandbox.swiftmodule -validate-clang-modules-once -clang-build-session-file /Users/bernhardbudiono/Library/Developer/Xcode/DerivedData/ModuleCache.noindex/Session.modulevalidation -Xcc -I/Users/bernhardbudiono/Library/Developer/Xcode/DerivedData/Docketmate-Sandbox-enkfipvwhkpsvdbqinmbyclzksej/Build/Intermediates.noindex/Docketmate-Sandbox.build/Debug/Docketmate-Sandbox.build/swift-overrides.hmap -emit-const-values -Xfrontend -const-gather-protocols-file -Xfrontend /Users/bernhardbudiono/Library/Developer/Xcode/DerivedData/Docketmate-Sandbox-enkfipvwhkpsvdbqinmbyclzksej/Build/Intermediates.noindex/Docketmate-Sandbox.build/Debug/Docketmate-Sandbox.build/Objects-normal/arm64/Docketmate-Sandbox_const_extract_protocols.json -Xcc -iquote -Xcc /Users/bernhardbudiono/Library/Developer/Xcode/DerivedData/Docketmate-Sandbox-enkfipvwhkpsvdbqinmbyclzksej/Build/Intermediates.noindex/Docketmate-Sandbox.build/Debug/Docketmate-Sandbox.build/Docketmate-Sandbox-generated-files.hmap -Xcc -I/Users/bernhardbudiono/Library/Developer/Xcode/DerivedData/Docketmate-Sandbox-enkfipvwhkpsvdbqinmbyclzksej/Build/Intermediates.noindex/Docketmate-Sandbox.build/Debug/Docketmate-Sandbox.build/Docketmate-Sandbox-own-target-headers.hmap -Xcc -I/Users/bernhardbudiono/Library/Developer/Xcode/DerivedData/Docketmate-Sandbox-enkfipvwhkpsvdbqinmbyclzksej/Build/Intermediates.noindex/Docketmate-Sandbox.build/Debug/Docketmate-Sandbox.build/Docketmate-Sandbox-all-target-headers.hmap -Xcc -iquote -Xcc /Users/bernhardbudiono/Library/Developer/Xcode/DerivedData/Docketmate-Sandbox-enkfipvwhkpsvdbqinmbyclzksej/Build/Intermediates.noindex/Docketmate-Sandbox.build/Debug/Docketmate-Sandbox.build/Docketmate-Sandbox-project-headers.hmap -Xcc -I/Users/bernhardbudiono/Library/Developer/Xcode/DerivedData/Docketmate-Sandbox-enkfipvwhkpsvdbqinmbyclzksej/Build/Products/Debug/include -Xcc -I/Users/bernhardbudiono/Library/Developer/Xcode/DerivedData/Docketmate-Sandbox-enkfipvwhkpsvdbqinmbyclzksej/Build/Intermediates.noindex/Docketmate-Sandbox.build/Debug/Docketmate-Sandbox.build/DerivedSources-normal/arm64 -Xcc -I/Users/bernhardbudiono/Library/Developer/Xcode/DerivedData/Docketmate-Sandbox-enkfipvwhkpsvdbqinmbyclzksej/Build/Intermediates.noindex/Docketmate-Sandbox.build/Debug/Docketmate-Sandbox.build/DerivedSources/arm64 -Xcc -I/Users/bernhardbudiono/Library/Developer/Xcode/DerivedData/Docketmate-Sandbox-enkfipvwhkpsvdbqinmbyclzksej/Build/Intermediates.noindex/Docketmate-Sandbox.build/Debug/Docketmate-Sandbox.build/DerivedSources -Xcc -DDEBUG\=1 -emit-objc-header -emit-objc-header-path /Users/bernhardbudiono/Library/Developer/Xcode/DerivedData/Docketmate-Sandbox-enkfipvwhkpsvdbqinmbyclzksej/Build/Intermediates.noindex/Docketmate-Sandbox.build/Debug/Docketmate-Sandbox.build/Objects-normal/arm64/Docketmate_Sandbox-Swift.h -working-directory /Users/bernhardbudiono/Library/CloudStorage/Dropbox/_Documents\ -\ Apps\ \(Working\)/repos_github/Working/repo_docketmate/_macOS/Docketmate-Sandbox -experimental-emit-module-separately -disable-cmo

SwiftMergeGeneratedHeaders /Users/bernhardbudiono/Library/Developer/Xcode/DerivedData/Docketmate-Sandbox-enkfipvwhkpsvdbqinmbyclzksej/Build/Intermediates.noindex/Docketmate-Sandbox.build/Debug/Docketmate-Sandbox.build/DerivedSources/Docketmate_Sandbox-Swift.h /Users/bernhardbudiono/Library/Developer/Xcode/DerivedData/Docketmate-Sandbox-enkfipvwhkpsvdbqinmbyclzksej/Build/Intermediates.noindex/Docketmate-Sandbox.build/Debug/Docketmate-Sandbox.build/Objects-normal/arm64/Docketmate_Sandbox-Swift.h (in target 'Docketmate-Sandbox' from project 'Docketmate-Sandbox')
    cd /Users/bernhardbudiono/Library/CloudStorage/Dropbox/_Documents\ -\ Apps\ \(Working\)/repos_github/Working/repo_docketmate/_macOS/Docketmate-Sandbox
    builtin-swiftHeaderTool -arch arm64 /Users/bernhardbudiono/Library/Developer/Xcode/DerivedData/Docketmate-Sandbox-enkfipvwhkpsvdbqinmbyclzksej/Build/Intermediates.noindex/Docketmate-Sandbox.build/Debug/Docketmate-Sandbox.build/Objects-normal/arm64/Docketmate_Sandbox-Swift.h -o /Users/bernhardbudiono/Library/Developer/Xcode/DerivedData/Docketmate-Sandbox-enkfipvwhkpsvdbqinmbyclzksej/Build/Intermediates.noindex/Docketmate-Sandbox.build/Debug/Docketmate-Sandbox.build/DerivedSources/Docketmate_Sandbox-Swift.h

Copy /Users/bernhardbudiono/Library/Developer/Xcode/DerivedData/Docketmate-Sandbox-enkfipvwhkpsvdbqinmbyclzksej/Build/Products/Debug/Docketmate_Sandbox.swiftmodule/arm64-apple-macos.abi.json /Users/bernhardbudiono/Library/Developer/Xcode/DerivedData/Docketmate-Sandbox-enkfipvwhkpsvdbqinmbyclzksej/Build/Intermediates.noindex/Docketmate-Sandbox.build/Debug/Docketmate-Sandbox.build/Objects-normal/arm64/Docketmate_Sandbox.abi.json (in target 'Docketmate-Sandbox' from project 'Docketmate-Sandbox')
    cd /Users/bernhardbudiono/Library/CloudStorage/Dropbox/_Documents\ -\ Apps\ \(Working\)/repos_github/Working/repo_docketmate/_macOS/Docketmate-Sandbox
    builtin-copy -exclude .DS_Store -exclude CVS -exclude .svn -exclude .git -exclude .hg -resolve-src-symlinks -rename /Users/bernhardbudiono/Library/Developer/Xcode/DerivedData/Docketmate-Sandbox-enkfipvwhkpsvdbqinmbyclzksej/Build/Intermediates.noindex/Docketmate-Sandbox.build/Debug/Docketmate-Sandbox.build/Objects-normal/arm64/Docketmate_Sandbox.abi.json /Users/bernhardbudiono/Library/Developer/Xcode/DerivedData/Docketmate-Sandbox-enkfipvwhkpsvdbqinmbyclzksej/Build/Products/Debug/Docketmate_Sandbox.swiftmodule/arm64-apple-macos.abi.json

Copy /Users/bernhardbudiono/Library/Developer/Xcode/DerivedData/Docketmate-Sandbox-enkfipvwhkpsvdbqinmbyclzksej/Build/Products/Debug/Docketmate_Sandbox.swiftmodule/arm64-apple-macos.swiftmodule /Users/bernhardbudiono/Library/Developer/Xcode/DerivedData/Docketmate-Sandbox-enkfipvwhkpsvdbqinmbyclzksej/Build/Intermediates.noindex/Docketmate-Sandbox.build/Debug/Docketmate-Sandbox.build/Objects-normal/arm64/Docketmate_Sandbox.swiftmodule (in target 'Docketmate-Sandbox' from project 'Docketmate-Sandbox')
    cd /Users/bernhardbudiono/Library/CloudStorage/Dropbox/_Documents\ -\ Apps\ \(Working\)/repos_github/Working/repo_docketmate/_macOS/Docketmate-Sandbox
    builtin-copy -exclude .DS_Store -exclude CVS -exclude .svn -exclude .git -exclude .hg -resolve-src-symlinks -rename /Users/bernhardbudiono/Library/Developer/Xcode/DerivedData/Docketmate-Sandbox-enkfipvwhkpsvdbqinmbyclzksej/Build/Intermediates.noindex/Docketmate-Sandbox.build/Debug/Docketmate-Sandbox.build/Objects-normal/arm64/Docketmate_Sandbox.swiftmodule /Users/bernhardbudiono/Library/Developer/Xcode/DerivedData/Docketmate-Sandbox-enkfipvwhkpsvdbqinmbyclzksej/Build/Products/Debug/Docketmate_Sandbox.swiftmodule/arm64-apple-macos.swiftmodule

Copy /Users/bernhardbudiono/Library/Developer/Xcode/DerivedData/Docketmate-Sandbox-enkfipvwhkpsvdbqinmbyclzksej/Build/Products/Debug/Docketmate_Sandbox.swiftmodule/arm64-apple-macos.swiftdoc /Users/bernhardbudiono/Library/Developer/Xcode/DerivedData/Docketmate-Sandbox-enkfipvwhkpsvdbqinmbyclzksej/Build/Intermediates.noindex/Docketmate-Sandbox.build/Debug/Docketmate-Sandbox.build/Objects-normal/arm64/Docketmate_Sandbox.swiftdoc (in target 'Docketmate-Sandbox' from project 'Docketmate-Sandbox')
    cd /Users/bernhardbudiono/Library/CloudStorage/Dropbox/_Documents\ -\ Apps\ \(Working\)/repos_github/Working/repo_docketmate/_macOS/Docketmate-Sandbox
    builtin-copy -exclude .DS_Store -exclude CVS -exclude .svn -exclude .git -exclude .hg -resolve-src-symlinks -rename /Users/bernhardbudiono/Library/Developer/Xcode/DerivedData/Docketmate-Sandbox-enkfipvwhkpsvdbqinmbyclzksej/Build/Intermediates.noindex/Docketmate-Sandbox.build/Debug/Docketmate-Sandbox.build/Objects-normal/arm64/Docketmate_Sandbox.swiftdoc /Users/bernhardbudiono/Library/Developer/Xcode/DerivedData/Docketmate-Sandbox-enkfipvwhkpsvdbqinmbyclzksej/Build/Products/Debug/Docketmate_Sandbox.swiftmodule/arm64-apple-macos.swiftdoc

Copy /Users/bernhardbudiono/Library/Developer/Xcode/DerivedData/Docketmate-Sandbox-enkfipvwhkpsvdbqinmbyclzksej/Build/Products/Debug/Docketmate_Sandbox.swiftmodule/Project/arm64-apple-macos.swiftsourceinfo /Users/bernhardbudiono/Library/Developer/Xcode/DerivedData/Docketmate-Sandbox-enkfipvwhkpsvdbqinmbyclzksej/Build/Intermediates.noindex/Docketmate-Sandbox.build/Debug/Docketmate-Sandbox.build/Objects-normal/arm64/Docketmate_Sandbox.swiftsourceinfo (in target 'Docketmate-Sandbox' from project 'Docketmate-Sandbox')
    cd /Users/bernhardbudiono/Library/CloudStorage/Dropbox/_Documents\ -\ Apps\ \(Working\)/repos_github/Working/repo_docketmate/_macOS/Docketmate-Sandbox
    builtin-copy -exclude .DS_Store -exclude CVS -exclude .svn -exclude .git -exclude .hg -resolve-src-symlinks -rename /Users/bernhardbudiono/Library/Developer/Xcode/DerivedData/Docketmate-Sandbox-enkfipvwhkpsvdbqinmbyclzksej/Build/Intermediates.noindex/Docketmate-Sandbox.build/Debug/Docketmate-Sandbox.build/Objects-normal/arm64/Docketmate_Sandbox.swiftsourceinfo /Users/bernhardbudiono/Library/Developer/Xcode/DerivedData/Docketmate-Sandbox-enkfipvwhkpsvdbqinmbyclzksej/Build/Products/Debug/Docketmate_Sandbox.swiftmodule/Project/arm64-apple-macos.swiftsourceinfo

SwiftDriverJobDiscovery normal arm64 Compiling ContentView.swift (in target 'Docketmate-Sandbox' from project 'Docketmate-Sandbox')

SwiftDriverJobDiscovery normal arm64 Compiling AppleSignInViewSandbox.swift (in target 'Docketmate-Sandbox' from project 'Docketmate-Sandbox')

SwiftDriver\ Compilation Docketmate-Sandbox normal arm64 com.apple.xcode.tools.swift.compiler (in target 'Docketmate-Sandbox' from project 'Docketmate-Sandbox')
    cd /Users/bernhardbudiono/Library/CloudStorage/Dropbox/_Documents\ -\ Apps\ \(Working\)/repos_github/Working/repo_docketmate/_macOS/Docketmate-Sandbox
    builtin-Swift-Compilation -- /Applications/Xcode.app/Contents/Developer/Toolchains/XcodeDefault.xctoolchain/usr/bin/swiftc -module-name Docketmate_Sandbox -Onone -enforce-exclusivity\=checked @/Users/bernhardbudiono/Library/Developer/Xcode/DerivedData/Docketmate-Sandbox-enkfipvwhkpsvdbqinmbyclzksej/Build/Intermediates.noindex/Docketmate-Sandbox.build/Debug/Docketmate-Sandbox.build/Objects-normal/arm64/Docketmate-Sandbox.SwiftFileList -DDEBUG -enable-bare-slash-regex -enable-experimental-feature DebugDescriptionMacro -sdk /Applications/Xcode.app/Contents/Developer/Platforms/MacOSX.platform/Developer/SDKs/MacOSX15.4.sdk -target arm64-apple-macos13.5 -g -module-cache-path /Users/bernhardbudiono/Library/Developer/Xcode/DerivedData/ModuleCache.noindex -Xfrontend -serialize-debugging-options -enable-testing -index-store-path /Users/bernhardbudiono/Library/Developer/Xcode/DerivedData/Docketmate-Sandbox-enkfipvwhkpsvdbqinmbyclzksej/Index.noindex/DataStore -swift-version 5 -I /Users/bernhardbudiono/Library/Developer/Xcode/DerivedData/Docketmate-Sandbox-enkfipvwhkpsvdbqinmbyclzksej/Build/Products/Debug -F /Users/bernhardbudiono/Library/Developer/Xcode/DerivedData/Docketmate-Sandbox-enkfipvwhkpsvdbqinmbyclzksej/Build/Products/Debug -c -j16 -enable-batch-mode -incremental -Xcc -ivfsstatcache -Xcc /Users/bernhardbudiono/Library/Developer/Xcode/DerivedData/SDKStatCaches.noindex/macosx15.4-24E241-88b860576fb364319593bd8fb30666b0.sdkstatcache -output-file-map /Users/bernhardbudiono/Library/Developer/Xcode/DerivedData/Docketmate-Sandbox-enkfipvwhkpsvdbqinmbyclzksej/Build/Intermediates.noindex/Docketmate-Sandbox.build/Debug/Docketmate-Sandbox.build/Objects-normal/arm64/Docketmate-Sandbox-OutputFileMap.json -use-frontend-parseable-output -save-temps -no-color-diagnostics -serialize-diagnostics -emit-dependencies -emit-module -emit-module-path /Users/bernhardbudiono/Library/Developer/Xcode/DerivedData/Docketmate-Sandbox-enkfipvwhkpsvdbqinmbyclzksej/Build/Intermediates.noindex/Docketmate-Sandbox.build/Debug/Docketmate-Sandbox.build/Objects-normal/arm64/Docketmate_Sandbox.swiftmodule -validate-clang-modules-once -clang-build-session-file /Users/bernhardbudiono/Library/Developer/Xcode/DerivedData/ModuleCache.noindex/Session.modulevalidation -Xcc -I/Users/bernhardbudiono/Library/Developer/Xcode/DerivedData/Docketmate-Sandbox-enkfipvwhkpsvdbqinmbyclzksej/Build/Intermediates.noindex/Docketmate-Sandbox.build/Debug/Docketmate-Sandbox.build/swift-overrides.hmap -emit-const-values -Xfrontend -const-gather-protocols-file -Xfrontend /Users/bernhardbudiono/Library/Developer/Xcode/DerivedData/Docketmate-Sandbox-enkfipvwhkpsvdbqinmbyclzksej/Build/Intermediates.noindex/Docketmate-Sandbox.build/Debug/Docketmate-Sandbox.build/Objects-normal/arm64/Docketmate-Sandbox_const_extract_protocols.json -Xcc -iquote -Xcc /Users/bernhardbudiono/Library/Developer/Xcode/DerivedData/Docketmate-Sandbox-enkfipvwhkpsvdbqinmbyclzksej/Build/Intermediates.noindex/Docketmate-Sandbox.build/Debug/Docketmate-Sandbox.build/Docketmate-Sandbox-generated-files.hmap -Xcc -I/Users/bernhardbudiono/Library/Developer/Xcode/DerivedData/Docketmate-Sandbox-enkfipvwhkpsvdbqinmbyclzksej/Build/Intermediates.noindex/Docketmate-Sandbox.build/Debug/Docketmate-Sandbox.build/Docketmate-Sandbox-own-target-headers.hmap -Xcc -I/Users/bernhardbudiono/Library/Developer/Xcode/DerivedData/Docketmate-Sandbox-enkfipvwhkpsvdbqinmbyclzksej/Build/Intermediates.noindex/Docketmate-Sandbox.build/Debug/Docketmate-Sandbox.build/Docketmate-Sandbox-all-target-headers.hmap -Xcc -iquote -Xcc /Users/bernhardbudiono/Library/Developer/Xcode/DerivedData/Docketmate-Sandbox-enkfipvwhkpsvdbqinmbyclzksej/Build/Intermediates.noindex/Docketmate-Sandbox.build/Debug/Docketmate-Sandbox.build/Docketmate-Sandbox-project-headers.hmap -Xcc -I/Users/bernhardbudiono/Library/Developer/Xcode/DerivedData/Docketmate-Sandbox-enkfipvwhkpsvdbqinmbyclzksej/Build/Products/Debug/include -Xcc -I/Users/bernhardbudiono/Library/Developer/Xcode/DerivedData/Docketmate-Sandbox-enkfipvwhkpsvdbqinmbyclzksej/Build/Intermediates.noindex/Docketmate-Sandbox.build/Debug/Docketmate-Sandbox.build/DerivedSources-normal/arm64 -Xcc -I/Users/bernhardbudiono/Library/Developer/Xcode/DerivedData/Docketmate-Sandbox-enkfipvwhkpsvdbqinmbyclzksej/Build/Intermediates.noindex/Docketmate-Sandbox.build/Debug/Docketmate-Sandbox.build/DerivedSources/arm64 -Xcc -I/Users/bernhardbudiono/Library/Developer/Xcode/DerivedData/Docketmate-Sandbox-enkfipvwhkpsvdbqinmbyclzksej/Build/Intermediates.noindex/Docketmate-Sandbox.build/Debug/Docketmate-Sandbox.build/DerivedSources -Xcc -DDEBUG\=1 -emit-objc-header -emit-objc-header-path /Users/bernhardbudiono/Library/Developer/Xcode/DerivedData/Docketmate-Sandbox-enkfipvwhkpsvdbqinmbyclzksej/Build/Intermediates.noindex/Docketmate-Sandbox.build/Debug/Docketmate-Sandbox.build/Objects-normal/arm64/Docketmate_Sandbox-Swift.h -working-directory /Users/bernhardbudiono/Library/CloudStorage/Dropbox/_Documents\ -\ Apps\ \(Working\)/repos_github/Working/repo_docketmate/_macOS/Docketmate-Sandbox -experimental-emit-module-separately -disable-cmo

Ld /Users/bernhardbudiono/Library/Developer/Xcode/DerivedData/Docketmate-Sandbox-enkfipvwhkpsvdbqinmbyclzksej/Build/Products/Debug/Docketmate-Sandbox.app/Contents/MacOS/Docketmate-Sandbox.debug.dylib normal (in target 'Docketmate-Sandbox' from project 'Docketmate-Sandbox')
    cd /Users/bernhardbudiono/Library/CloudStorage/Dropbox/_Documents\ -\ Apps\ \(Working\)/repos_github/Working/repo_docketmate/_macOS/Docketmate-Sandbox
    /Applications/Xcode.app/Contents/Developer/Toolchains/XcodeDefault.xctoolchain/usr/bin/clang -Xlinker -reproducible -target arm64-apple-macos13.5 -dynamiclib -isysroot /Applications/Xcode.app/Contents/Developer/Platforms/MacOSX.platform/Developer/SDKs/MacOSX15.4.sdk -O0 -L/Users/bernhardbudiono/Library/Developer/Xcode/DerivedData/Docketmate-Sandbox-enkfipvwhkpsvdbqinmbyclzksej/Build/Intermediates.noindex/EagerLinkingTBDs/Debug -L/Users/bernhardbudiono/Library/Developer/Xcode/DerivedData/Docketmate-Sandbox-enkfipvwhkpsvdbqinmbyclzksej/Build/Products/Debug -F/Users/bernhardbudiono/Library/Developer/Xcode/DerivedData/Docketmate-Sandbox-enkfipvwhkpsvdbqinmbyclzksej/Build/Intermediates.noindex/EagerLinkingTBDs/Debug -F/Users/bernhardbudiono/Library/Developer/Xcode/DerivedData/Docketmate-Sandbox-enkfipvwhkpsvdbqinmbyclzksej/Build/Products/Debug -filelist /Users/bernhardbudiono/Library/Developer/Xcode/DerivedData/Docketmate-Sandbox-enkfipvwhkpsvdbqinmbyclzksej/Build/Intermediates.noindex/Docketmate-Sandbox.build/Debug/Docketmate-Sandbox.build/Objects-normal/arm64/Docketmate-Sandbox.LinkFileList -install_name @rpath/Docketmate-Sandbox.debug.dylib -Xlinker -rpath -Xlinker @executable_path/../Frameworks -dead_strip -Xlinker -object_path_lto -Xlinker /Users/bernhardbudiono/Library/Developer/Xcode/DerivedData/Docketmate-Sandbox-enkfipvwhkpsvdbqinmbyclzksej/Build/Intermediates.noindex/Docketmate-Sandbox.build/Debug/Docketmate-Sandbox.build/Objects-normal/arm64/Docketmate-Sandbox_lto.o -rdynamic -Xlinker -no_deduplicate -Xlinker -dependency_info -Xlinker /Users/bernhardbudiono/Library/Developer/Xcode/DerivedData/Docketmate-Sandbox-enkfipvwhkpsvdbqinmbyclzksej/Build/Intermediates.noindex/Docketmate-Sandbox.build/Debug/Docketmate-Sandbox.build/Objects-normal/arm64/Docketmate-Sandbox_dependency_info.dat -fobjc-link-runtime -L/Applications/Xcode.app/Contents/Developer/Toolchains/XcodeDefault.xctoolchain/usr/lib/swift/macosx -L/usr/lib/swift -Xlinker -add_ast_path -Xlinker /Users/bernhardbudiono/Library/Developer/Xcode/DerivedData/Docketmate-Sandbox-enkfipvwhkpsvdbqinmbyclzksej/Build/Intermediates.noindex/Docketmate-Sandbox.build/Debug/Docketmate-Sandbox.build/Objects-normal/arm64/Docketmate_Sandbox.swiftmodule -Xlinker -alias -Xlinker _main -Xlinker ___debug_main_executable_dylib_entry_point -Xlinker -no_adhoc_codesign -o /Users/bernhardbudiono/Library/Developer/Xcode/DerivedData/Docketmate-Sandbox-enkfipvwhkpsvdbqinmbyclzksej/Build/Products/Debug/Docketmate-Sandbox.app/Contents/MacOS/Docketmate-Sandbox.debug.dylib

ConstructStubExecutorLinkFileList /Users/bernhardbudiono/Library/Developer/Xcode/DerivedData/Docketmate-Sandbox-enkfipvwhkpsvdbqinmbyclzksej/Build/Intermediates.noindex/Docketmate-Sandbox.build/Debug/Docketmate-Sandbox.build/Docketmate-Sandbox-ExecutorLinkFileList-normal-arm64.txt (in target 'Docketmate-Sandbox' from project 'Docketmate-Sandbox')
    cd /Users/bernhardbudiono/Library/CloudStorage/Dropbox/_Documents\ -\ Apps\ \(Working\)/repos_github/Working/repo_docketmate/_macOS/Docketmate-Sandbox
    construct-stub-executor-link-file-list /Users/bernhardbudiono/Library/Developer/Xcode/DerivedData/Docketmate-Sandbox-enkfipvwhkpsvdbqinmbyclzksej/Build/Products/Debug/Docketmate-Sandbox.app/Contents/MacOS/Docketmate-Sandbox.debug.dylib /Applications/Xcode.app/Contents/Developer/Platforms/MacOSX.platform/Developer/usr/lib/libPreviewsJITStubExecutor_no_swift_entry_point.a /Applications/Xcode.app/Contents/Developer/Platforms/MacOSX.platform/Developer/usr/lib/libPreviewsJITStubExecutor.a --output /Users/bernhardbudiono/Library/Developer/Xcode/DerivedData/Docketmate-Sandbox-enkfipvwhkpsvdbqinmbyclzksej/Build/Intermediates.noindex/Docketmate-Sandbox.build/Debug/Docketmate-Sandbox.build/Docketmate-Sandbox-ExecutorLinkFileList-normal-arm64.txt
note: Using stub executor library with Swift entry point. (in target 'Docketmate-Sandbox' from project 'Docketmate-Sandbox')

Ld /Users/bernhardbudiono/Library/Developer/Xcode/DerivedData/Docketmate-Sandbox-enkfipvwhkpsvdbqinmbyclzksej/Build/Products/Debug/Docketmate-Sandbox.app/Contents/MacOS/Docketmate-Sandbox normal (in target 'Docketmate-Sandbox' from project 'Docketmate-Sandbox')
    cd /Users/bernhardbudiono/Library/CloudStorage/Dropbox/_Documents\ -\ Apps\ \(Working\)/repos_github/Working/repo_docketmate/_macOS/Docketmate-Sandbox
    /Applications/Xcode.app/Contents/Developer/Toolchains/XcodeDefault.xctoolchain/usr/bin/clang -Xlinker -reproducible -target arm64-apple-macos13.5 -isysroot /Applications/Xcode.app/Contents/Developer/Platforms/MacOSX.platform/Developer/SDKs/MacOSX15.4.sdk -O0 -L/Users/bernhardbudiono/Library/Developer/Xcode/DerivedData/Docketmate-Sandbox-enkfipvwhkpsvdbqinmbyclzksej/Build/Products/Debug -F/Users/bernhardbudiono/Library/Developer/Xcode/DerivedData/Docketmate-Sandbox-enkfipvwhkpsvdbqinmbyclzksej/Build/Products/Debug -Xlinker -rpath -Xlinker @executable_path -Xlinker -rpath -Xlinker @executable_path/../Frameworks -rdynamic -Xlinker -no_deduplicate -e ___debug_blank_executor_main -Xlinker -sectcreate -Xlinker __TEXT -Xlinker __debug_dylib -Xlinker /Users/bernhardbudiono/Library/Developer/Xcode/DerivedData/Docketmate-Sandbox-enkfipvwhkpsvdbqinmbyclzksej/Build/Intermediates.noindex/Docketmate-Sandbox.build/Debug/Docketmate-Sandbox.build/Docketmate-Sandbox-DebugDylibPath-normal-arm64.txt -Xlinker -sectcreate -Xlinker __TEXT -Xlinker __debug_instlnm -Xlinker /Users/bernhardbudiono/Library/Developer/Xcode/DerivedData/Docketmate-Sandbox-enkfipvwhkpsvdbqinmbyclzksej/Build/Intermediates.noindex/Docketmate-Sandbox.build/Debug/Docketmate-Sandbox.build/Docketmate-Sandbox-DebugDylibInstallName-normal-arm64.txt -Xlinker -filelist -Xlinker /Users/bernhardbudiono/Library/Developer/Xcode/DerivedData/Docketmate-Sandbox-enkfipvwhkpsvdbqinmbyclzksej/Build/Intermediates.noindex/Docketmate-Sandbox.build/Debug/Docketmate-Sandbox.build/Docketmate-Sandbox-ExecutorLinkFileList-normal-arm64.txt /Users/bernhardbudiono/Library/Developer/Xcode/DerivedData/Docketmate-Sandbox-enkfipvwhkpsvdbqinmbyclzksej/Build/Products/Debug/Docketmate-Sandbox.app/Contents/MacOS/Docketmate-Sandbox.debug.dylib -Xlinker -no_adhoc_codesign -o /Users/bernhardbudiono/Library/Developer/Xcode/DerivedData/Docketmate-Sandbox-enkfipvwhkpsvdbqinmbyclzksej/Build/Products/Debug/Docketmate-Sandbox.app/Contents/MacOS/Docketmate-Sandbox

CopySwiftLibs /Users/bernhardbudiono/Library/Developer/Xcode/DerivedData/Docketmate-Sandbox-enkfipvwhkpsvdbqinmbyclzksej/Build/Products/Debug/Docketmate-Sandbox.app (in target 'Docketmate-Sandbox' from project 'Docketmate-Sandbox')
    cd /Users/bernhardbudiono/Library/CloudStorage/Dropbox/_Documents\ -\ Apps\ \(Working\)/repos_github/Working/repo_docketmate/_macOS/Docketmate-Sandbox
    builtin-swiftStdLibTool --copy --verbose --sign A8828E2953E86E04487E6F43ED714CC07A4C1525 --scan-executable /Users/bernhardbudiono/Library/Developer/Xcode/DerivedData/Docketmate-Sandbox-enkfipvwhkpsvdbqinmbyclzksej/Build/Products/Debug/Docketmate-Sandbox.app/Contents/MacOS/Docketmate-Sandbox.debug.dylib --scan-folder /Users/bernhardbudiono/Library/Developer/Xcode/DerivedData/Docketmate-Sandbox-enkfipvwhkpsvdbqinmbyclzksej/Build/Products/Debug/Docketmate-Sandbox.app/Contents/Frameworks --scan-folder /Users/bernhardbudiono/Library/Developer/Xcode/DerivedData/Docketmate-Sandbox-enkfipvwhkpsvdbqinmbyclzksej/Build/Products/Debug/Docketmate-Sandbox.app/Contents/PlugIns --scan-folder /Users/bernhardbudiono/Library/Developer/Xcode/DerivedData/Docketmate-Sandbox-enkfipvwhkpsvdbqinmbyclzksej/Build/Products/Debug/Docketmate-Sandbox.app/Contents/Library/SystemExtensions --scan-folder /Users/bernhardbudiono/Library/Developer/Xcode/DerivedData/Docketmate-Sandbox-enkfipvwhkpsvdbqinmbyclzksej/Build/Products/Debug/Docketmate-Sandbox.app/Contents/Extensions --platform macosx --toolchain /Applications/Xcode.app/Contents/Developer/Toolchains/XcodeDefault.xctoolchain --destination /Users/bernhardbudiono/Library/Developer/Xcode/DerivedData/Docketmate-Sandbox-enkfipvwhkpsvdbqinmbyclzksej/Build/Products/Debug/Docketmate-Sandbox.app/Contents/Frameworks --strip-bitcode --strip-bitcode-tool /Applications/Xcode.app/Contents/Developer/Toolchains/XcodeDefault.xctoolchain/usr/bin/bitcode_strip --emit-dependency-info /Users/bernhardbudiono/Library/Developer/Xcode/DerivedData/Docketmate-Sandbox-enkfipvwhkpsvdbqinmbyclzksej/Build/Intermediates.noindex/Docketmate-Sandbox.build/Debug/Docketmate-Sandbox.build/SwiftStdLibToolInputDependencies.dep --filter-for-swift-os

ExtractAppIntentsMetadata (in target 'Docketmate-Sandbox' from project 'Docketmate-Sandbox')
    cd /Users/bernhardbudiono/Library/CloudStorage/Dropbox/_Documents\ -\ Apps\ \(Working\)/repos_github/Working/repo_docketmate/_macOS/Docketmate-Sandbox
    /Applications/Xcode.app/Contents/Developer/Toolchains/XcodeDefault.xctoolchain/usr/bin/appintentsmetadataprocessor --toolchain-dir /Applications/Xcode.app/Contents/Developer/Toolchains/XcodeDefault.xctoolchain --module-name Docketmate_Sandbox --sdk-root /Applications/Xcode.app/Contents/Developer/Platforms/MacOSX.platform/Developer/SDKs/MacOSX15.4.sdk --xcode-version 16E140 --platform-family macOS --deployment-target 13.5 --bundle-identifier com.products.Docketmate-Sandbox --output /Users/bernhardbudiono/Library/Developer/Xcode/DerivedData/Docketmate-Sandbox-enkfipvwhkpsvdbqinmbyclzksej/Build/Products/Debug/Docketmate-Sandbox.app/Contents/Resources --target-triple arm64-apple-macos13.5 --binary-file /Users/bernhardbudiono/Library/Developer/Xcode/DerivedData/Docketmate-Sandbox-enkfipvwhkpsvdbqinmbyclzksej/Build/Products/Debug/Docketmate-Sandbox.app/Contents/MacOS/Docketmate-Sandbox --dependency-file /Users/bernhardbudiono/Library/Developer/Xcode/DerivedData/Docketmate-Sandbox-enkfipvwhkpsvdbqinmbyclzksej/Build/Intermediates.noindex/Docketmate-Sandbox.build/Debug/Docketmate-Sandbox.build/Objects-normal/arm64/Docketmate-Sandbox_dependency_info.dat --stringsdata-file /Users/bernhardbudiono/Library/Developer/Xcode/DerivedData/Docketmate-Sandbox-enkfipvwhkpsvdbqinmbyclzksej/Build/Intermediates.noindex/Docketmate-Sandbox.build/Debug/Docketmate-Sandbox.build/Objects-normal/arm64/ExtractedAppShortcutsMetadata.stringsdata --source-file-list /Users/bernhardbudiono/Library/Developer/Xcode/DerivedData/Docketmate-Sandbox-enkfipvwhkpsvdbqinmbyclzksej/Build/Intermediates.noindex/Docketmate-Sandbox.build/Debug/Docketmate-Sandbox.build/Objects-normal/arm64/Docketmate-Sandbox.SwiftFileList --metadata-file-list /Users/bernhardbudiono/Library/Developer/Xcode/DerivedData/Docketmate-Sandbox-enkfipvwhkpsvdbqinmbyclzksej/Build/Intermediates.noindex/Docketmate-Sandbox.build/Debug/Docketmate-Sandbox.build/Docketmate-Sandbox.DependencyMetadataFileList --static-metadata-file-list /Users/bernhardbudiono/Library/Developer/Xcode/DerivedData/Docketmate-Sandbox-enkfipvwhkpsvdbqinmbyclzksej/Build/Intermediates.noindex/Docketmate-Sandbox.build/Debug/Docketmate-Sandbox.build/Docketmate-Sandbox.DependencyStaticMetadataFileList --swift-const-vals-list /Users/bernhardbudiono/Library/Developer/Xcode/DerivedData/Docketmate-Sandbox-enkfipvwhkpsvdbqinmbyclzksej/Build/Intermediates.noindex/Docketmate-Sandbox.build/Debug/Docketmate-Sandbox.build/Objects-normal/arm64/Docketmate-Sandbox.SwiftConstValuesFileList --compile-time-extraction --deployment-aware-processing --validate-assistant-intents --no-app-shortcuts-localization
2025-05-20 12:01:37.046 appintentsmetadataprocessor[20923:10955735] Starting appintentsmetadataprocessor export
2025-05-20 12:01:37.047 appintentsmetadataprocessor[20923:10955735] warning: Metadata extraction skipped. No AppIntents.framework dependency found.

CodeSign /Users/bernhardbudiono/Library/Developer/Xcode/DerivedData/Docketmate-Sandbox-enkfipvwhkpsvdbqinmbyclzksej/Build/Products/Debug/Docketmate-Sandbox.app/Contents/MacOS/Docketmate-Sandbox.debug.dylib (in target 'Docketmate-Sandbox' from project 'Docketmate-Sandbox')
    cd /Users/bernhardbudiono/Library/CloudStorage/Dropbox/_Documents\ -\ Apps\ \(Working\)/repos_github/Working/repo_docketmate/_macOS/Docketmate-Sandbox
    
    Signing Identity:     "Apple Development: BERNHARD JOSHUA BUDIONO (ZK86L2658W)"
    
    /usr/bin/codesign --force --sign A8828E2953E86E04487E6F43ED714CC07A4C1525 --timestamp\=none --generate-entitlement-der /Users/bernhardbudiono/Library/Developer/Xcode/DerivedData/Docketmate-Sandbox-enkfipvwhkpsvdbqinmbyclzksej/Build/Products/Debug/Docketmate-Sandbox.app/Contents/MacOS/Docketmate-Sandbox.debug.dylib

CodeSign /Users/bernhardbudiono/Library/Developer/Xcode/DerivedData/Docketmate-Sandbox-enkfipvwhkpsvdbqinmbyclzksej/Build/Products/Debug/Docketmate-Sandbox.app/Contents/MacOS/__preview.dylib (in target 'Docketmate-Sandbox' from project 'Docketmate-Sandbox')
    cd /Users/bernhardbudiono/Library/CloudStorage/Dropbox/_Documents\ -\ Apps\ \(Working\)/repos_github/Working/repo_docketmate/_macOS/Docketmate-Sandbox
    
    Signing Identity:     "Apple Development: BERNHARD JOSHUA BUDIONO (ZK86L2658W)"
    
    /usr/bin/codesign --force --sign A8828E2953E86E04487E6F43ED714CC07A4C1525 --timestamp\=none --generate-entitlement-der /Users/bernhardbudiono/Library/Developer/Xcode/DerivedData/Docketmate-Sandbox-enkfipvwhkpsvdbqinmbyclzksej/Build/Products/Debug/Docketmate-Sandbox.app/Contents/MacOS/__preview.dylib

CodeSign /Users/bernhardbudiono/Library/Developer/Xcode/DerivedData/Docketmate-Sandbox-enkfipvwhkpsvdbqinmbyclzksej/Build/Products/Debug/Docketmate-Sandbox.app (in target 'Docketmate-Sandbox' from project 'Docketmate-Sandbox')
    cd /Users/bernhardbudiono/Library/CloudStorage/Dropbox/_Documents\ -\ Apps\ \(Working\)/repos_github/Working/repo_docketmate/_macOS/Docketmate-Sandbox
    
    Signing Identity:     "Apple Development: BERNHARD JOSHUA BUDIONO (ZK86L2658W)"
    
    /usr/bin/codesign --force --sign A8828E2953E86E04487E6F43ED714CC07A4C1525 --entitlements /Users/bernhardbudiono/Library/Developer/Xcode/DerivedData/Docketmate-Sandbox-enkfipvwhkpsvdbqinmbyclzksej/Build/Intermediates.noindex/Docketmate-Sandbox.build/Debug/Docketmate-Sandbox.build/Docketmate-Sandbox.app.xcent --timestamp\=none --generate-entitlement-der /Users/bernhardbudiono/Library/Developer/Xcode/DerivedData/Docketmate-Sandbox-enkfipvwhkpsvdbqinmbyclzksej/Build/Products/Debug/Docketmate-Sandbox.app

RegisterExecutionPolicyException /Users/bernhardbudiono/Library/Developer/Xcode/DerivedData/Docketmate-Sandbox-enkfipvwhkpsvdbqinmbyclzksej/Build/Products/Debug/Docketmate-Sandbox.app (in target 'Docketmate-Sandbox' from project 'Docketmate-Sandbox')
    cd /Users/bernhardbudiono/Library/CloudStorage/Dropbox/_Documents\ -\ Apps\ \(Working\)/repos_github/Working/repo_docketmate/_macOS/Docketmate-Sandbox
    builtin-RegisterExecutionPolicyException /Users/bernhardbudiono/Library/Developer/Xcode/DerivedData/Docketmate-Sandbox-enkfipvwhkpsvdbqinmbyclzksej/Build/Products/Debug/Docketmate-Sandbox.app

Validate /Users/bernhardbudiono/Library/Developer/Xcode/DerivedData/Docketmate-Sandbox-enkfipvwhkpsvdbqinmbyclzksej/Build/Products/Debug/Docketmate-Sandbox.app (in target 'Docketmate-Sandbox' from project 'Docketmate-Sandbox')
    cd /Users/bernhardbudiono/Library/CloudStorage/Dropbox/_Documents\ -\ Apps\ \(Working\)/repos_github/Working/repo_docketmate/_macOS/Docketmate-Sandbox
    builtin-validationUtility /Users/bernhardbudiono/Library/Developer/Xcode/DerivedData/Docketmate-Sandbox-enkfipvwhkpsvdbqinmbyclzksej/Build/Products/Debug/Docketmate-Sandbox.app -no-validate-extension -infoplist-subpath Contents/Info.plist

Touch /Users/bernhardbudiono/Library/Developer/Xcode/DerivedData/Docketmate-Sandbox-enkfipvwhkpsvdbqinmbyclzksej/Build/Products/Debug/Docketmate-Sandbox.app (in target 'Docketmate-Sandbox' from project 'Docketmate-Sandbox')
    cd /Users/bernhardbudiono/Library/CloudStorage/Dropbox/_Documents\ -\ Apps\ \(Working\)/repos_github/Working/repo_docketmate/_macOS/Docketmate-Sandbox
    /usr/bin/touch -c /Users/bernhardbudiono/Library/Developer/Xcode/DerivedData/Docketmate-Sandbox-enkfipvwhkpsvdbqinmbyclzksej/Build/Products/Debug/Docketmate-Sandbox.app

RegisterWithLaunchServices /Users/bernhardbudiono/Library/Developer/Xcode/DerivedData/Docketmate-Sandbox-enkfipvwhkpsvdbqinmbyclzksej/Build/Products/Debug/Docketmate-Sandbox.app (in target 'Docketmate-Sandbox' from project 'Docketmate-Sandbox')
    cd /Users/bernhardbudiono/Library/CloudStorage/Dropbox/_Documents\ -\ Apps\ \(Working\)/repos_github/Working/repo_docketmate/_macOS/Docketmate-Sandbox
    /System/Library/Frameworks/CoreServices.framework/Versions/Current/Frameworks/LaunchServices.framework/Versions/Current/Support/lsregister -f -R -trusted /Users/bernhardbudiono/Library/Developer/Xcode/DerivedData/Docketmate-Sandbox-enkfipvwhkpsvdbqinmbyclzksej/Build/Products/Debug/Docketmate-Sandbox.app

** BUILD SUCCEEDED **

ComputePackagePrebuildTargetDependencyGraph

Prepare packages

CreateBuildRequest

SendProjectDescription

CreateBuildOperation

ComputeTargetDependencyGraph
note: Building targets in dependency order
note: Target dependency graph (2 targets)
    Target 'DocketmateSandboxTests' in project 'Docketmate-Sandbox'
         Explicit dependency on target 'Docketmate-Sandbox' in project 'Docketmate-Sandbox'
    Target 'Docketmate-Sandbox' in project 'Docketmate-Sandbox' (no dependencies)

GatherProvisioningInputs

CreateBuildDescription

ExecuteExternalTool /Applications/Xcode.app/Contents/Developer/Toolchains/XcodeDefault.xctoolchain/usr/bin/clang -v -E -dM -isysroot /Applications/Xcode.app/Contents/Developer/Platforms/MacOSX.platform/Developer/SDKs/MacOSX15.4.sdk -x c -c /dev/null

ExecuteExternalTool /Applications/Xcode.app/Contents/Developer/Toolchains/XcodeDefault.xctoolchain/usr/bin/swiftc --version

ExecuteExternalTool /Applications/Xcode.app/Contents/Developer/Toolchains/XcodeDefault.xctoolchain/usr/bin/ld -version_details

Build description signature: c947633ac15e6f201cfe94357cdd61fa
Build description path: /Users/bernhardbudiono/Library/Developer/Xcode/DerivedData/Docketmate-Sandbox-enkfipvwhkpsvdbqinmbyclzksej/Build/Intermediates.noindex/XCBuildData/c947633ac15e6f201cfe94357cdd61fa.xcbuilddata
error: Cannot code sign because the target does not have an Info.plist file and one is not being generated automatically. Apply an Info.plist file to the target using the INFOPLIST_FILE build setting or generate one automatically by setting the GENERATE_INFOPLIST_FILE build setting to YES (recommended). (in target 'DocketmateSandboxTests' from project 'Docketmate-Sandbox')

Test session results, code coverage, and logs:
	/Users/bernhardbudiono/Library/Developer/Xcode/DerivedData/Docketmate-Sandbox-enkfipvwhkpsvdbqinmbyclzksej/Logs/Test/Run-Docketmate-Sandbox-2025.05.20_12-01-26-+1000.xcresult

