Command line invocation:
    /Applications/Xcode.app/Contents/Developer/usr/bin/xcodebuild -scheme Docketmate-Sandbox -project _macOS/Docketmate-Sandbox/Docketmate-Sandbox.xcodeproj -destination platform=macOS clean build test

ComputePackagePrebuildTargetDependencyGraph

CreateBuildRequest

SendProjectDescription

CreateBuildOperation

** CLEAN SUCCEEDED **

ComputePackagePrebuildTargetDependencyGraph

Prepare packages

CreateBuildRequest

SendProjectDescription

CreateBuildOperation

ComputeTargetDependencyGraph
note: Building targets in dependency order
note: Target dependency graph (1 target)
    Target 'Docketmate-Sandbox' in project 'Docketmate-Sandbox' (no dependencies)

GatherProvisioningInputs

CreateBuildDescription

ExecuteExternalTool /Applications/Xcode.app/Contents/Developer/Toolchains/XcodeDefault.xctoolchain/usr/bin/clang -v -E -dM -isysroot /Applications/Xcode.app/Contents/Developer/Platforms/MacOSX.platform/Developer/SDKs/MacOSX15.4.sdk -x c -c /dev/null

ExecuteExternalTool /Applications/Xcode.app/Contents/Developer/Toolchains/XcodeDefault.xctoolchain/usr/bin/swiftc --version

ExecuteExternalTool /Applications/Xcode.app/Contents/Developer/Toolchains/XcodeDefault.xctoolchain/usr/bin/ld -version_details

Build description signature: 4d114abff3791d1872b6a49e1f4c75ae
Build description path: /Users/bernhardbudiono/Library/Developer/Xcode/DerivedData/Docketmate-Sandbox-enkfipvwhkpsvdbqinmbyclzksej/Build/Intermediates.noindex/XCBuildData/4d114abff3791d1872b6a49e1f4c75ae.xcbuilddata
ClangStatCache /Applications/Xcode.app/Contents/Developer/Toolchains/XcodeDefault.xctoolchain/usr/bin/clang-stat-cache /Applications/Xcode.app/Contents/Developer/Platforms/MacOSX.platform/Developer/SDKs/MacOSX15.4.sdk /Users/bernhardbudiono/Library/Developer/Xcode/DerivedData/SDKStatCaches.noindex/macosx15.4-24E241-88b860576fb364319593bd8fb30666b0.sdkstatcache
    cd /Users/bernhardbudiono/Library/CloudStorage/Dropbox/_Documents\ -\ Apps\ \(Working\)/repos_github/Working/repo_docketmate/_macOS/Docketmate-Sandbox/Docketmate-Sandbox.xcodeproj
    /Applications/Xcode.app/Contents/Developer/Toolchains/XcodeDefault.xctoolchain/usr/bin/clang-stat-cache /Applications/Xcode.app/Contents/Developer/Platforms/MacOSX.platform/Developer/SDKs/MacOSX15.4.sdk -o /Users/bernhardbudiono/Library/Developer/Xcode/DerivedData/SDKStatCaches.noindex/macosx15.4-24E241-88b860576fb364319593bd8fb30666b0.sdkstatcache

CreateBuildDirectory /Users/bernhardbudiono/Library/Developer/Xcode/DerivedData/Docketmate-Sandbox-enkfipvwhkpsvdbqinmbyclzksej/Build/Products
    cd /Users/bernhardbudiono/Library/CloudStorage/Dropbox/_Documents\ -\ Apps\ \(Working\)/repos_github/Working/repo_docketmate/_macOS/Docketmate-Sandbox/Docketmate-Sandbox.xcodeproj
    builtin-create-build-directory /Users/bernhardbudiono/Library/Developer/Xcode/DerivedData/Docketmate-Sandbox-enkfipvwhkpsvdbqinmbyclzksej/Build/Products

CreateBuildDirectory /Users/bernhardbudiono/Library/Developer/Xcode/DerivedData/Docketmate-Sandbox-enkfipvwhkpsvdbqinmbyclzksej/Build/Intermediates.noindex
    cd /Users/bernhardbudiono/Library/CloudStorage/Dropbox/_Documents\ -\ Apps\ \(Working\)/repos_github/Working/repo_docketmate/_macOS/Docketmate-Sandbox/Docketmate-Sandbox.xcodeproj
    builtin-create-build-directory /Users/bernhardbudiono/Library/Developer/Xcode/DerivedData/Docketmate-Sandbox-enkfipvwhkpsvdbqinmbyclzksej/Build/Intermediates.noindex

CreateBuildDirectory /Users/bernhardbudiono/Library/Developer/Xcode/DerivedData/Docketmate-Sandbox-enkfipvwhkpsvdbqinmbyclzksej/Build/Intermediates.noindex/EagerLinkingTBDs/Debug
    cd /Users/bernhardbudiono/Library/CloudStorage/Dropbox/_Documents\ -\ Apps\ \(Working\)/repos_github/Working/repo_docketmate/_macOS/Docketmate-Sandbox/Docketmate-Sandbox.xcodeproj
    builtin-create-build-directory /Users/bernhardbudiono/Library/Developer/Xcode/DerivedData/Docketmate-Sandbox-enkfipvwhkpsvdbqinmbyclzksej/Build/Intermediates.noindex/EagerLinkingTBDs/Debug

CreateBuildDirectory /Users/bernhardbudiono/Library/Developer/Xcode/DerivedData/Docketmate-Sandbox-enkfipvwhkpsvdbqinmbyclzksej/Build/Products/Debug
    cd /Users/bernhardbudiono/Library/CloudStorage/Dropbox/_Documents\ -\ Apps\ \(Working\)/repos_github/Working/repo_docketmate/_macOS/Docketmate-Sandbox/Docketmate-Sandbox.xcodeproj
    builtin-create-build-directory /Users/bernhardbudiono/Library/Developer/Xcode/DerivedData/Docketmate-Sandbox-enkfipvwhkpsvdbqinmbyclzksej/Build/Products/Debug

WriteAuxiliaryFile /Users/bernhardbudiono/Library/Developer/Xcode/DerivedData/Docketmate-Sandbox-enkfipvwhkpsvdbqinmbyclzksej/Build/Intermediates.noindex/Docketmate-Sandbox.build/Debug/Docketmate-Sandbox-8651acfa4cd585a3aefa129da805a105-VFS/all-product-headers.yaml
    cd /Users/bernhardbudiono/Library/CloudStorage/Dropbox/_Documents\ -\ Apps\ \(Working\)/repos_github/Working/repo_docketmate/_macOS/Docketmate-Sandbox/Docketmate-Sandbox.xcodeproj
    write-file /Users/bernhardbudiono/Library/Developer/Xcode/DerivedData/Docketmate-Sandbox-enkfipvwhkpsvdbqinmbyclzksej/Build/Intermediates.noindex/Docketmate-Sandbox.build/Debug/Docketmate-Sandbox-8651acfa4cd585a3aefa129da805a105-VFS/all-product-headers.yaml

WriteAuxiliaryFile /Users/bernhardbudiono/Library/Developer/Xcode/DerivedData/Docketmate-Sandbox-enkfipvwhkpsvdbqinmbyclzksej/Build/Intermediates.noindex/Docketmate-Sandbox.build/Debug/Docketmate-Sandbox.build/Docketmate-Sandbox-DebugDylibInstallName-normal-arm64.txt (in target 'Docketmate-Sandbox' from project 'Docketmate-Sandbox')
    cd /Users/bernhardbudiono/Library/CloudStorage/Dropbox/_Documents\ -\ Apps\ \(Working\)/repos_github/Working/repo_docketmate/_macOS/Docketmate-Sandbox
    write-file /Users/bernhardbudiono/Library/Developer/Xcode/DerivedData/Docketmate-Sandbox-enkfipvwhkpsvdbqinmbyclzksej/Build/Intermediates.noindex/Docketmate-Sandbox.build/Debug/Docketmate-Sandbox.build/Docketmate-Sandbox-DebugDylibInstallName-normal-arm64.txt

WriteAuxiliaryFile /Users/bernhardbudiono/Library/Developer/Xcode/DerivedData/Docketmate-Sandbox-enkfipvwhkpsvdbqinmbyclzksej/Build/Intermediates.noindex/Docketmate-Sandbox.build/Debug/Docketmate-Sandbox.build/Docketmate-Sandbox-project-headers.hmap (in target 'Docketmate-Sandbox' from project 'Docketmate-Sandbox')
    cd /Users/bernhardbudiono/Library/CloudStorage/Dropbox/_Documents\ -\ Apps\ \(Working\)/repos_github/Working/repo_docketmate/_macOS/Docketmate-Sandbox
    write-file /Users/bernhardbudiono/Library/Developer/Xcode/DerivedData/Docketmate-Sandbox-enkfipvwhkpsvdbqinmbyclzksej/Build/Intermediates.noindex/Docketmate-Sandbox.build/Debug/Docketmate-Sandbox.build/Docketmate-Sandbox-project-headers.hmap

WriteAuxiliaryFile /Users/bernhardbudiono/Library/Developer/Xcode/DerivedData/Docketmate-Sandbox-enkfipvwhkpsvdbqinmbyclzksej/Build/Intermediates.noindex/Docketmate-Sandbox.build/Debug/Docketmate-Sandbox.build/Docketmate-Sandbox-DebugDylibPath-normal-arm64.txt (in target 'Docketmate-Sandbox' from project 'Docketmate-Sandbox')
    cd /Users/bernhardbudiono/Library/CloudStorage/Dropbox/_Documents\ -\ Apps\ \(Working\)/repos_github/Working/repo_docketmate/_macOS/Docketmate-Sandbox
    write-file /Users/bernhardbudiono/Library/Developer/Xcode/DerivedData/Docketmate-Sandbox-enkfipvwhkpsvdbqinmbyclzksej/Build/Intermediates.noindex/Docketmate-Sandbox.build/Debug/Docketmate-Sandbox.build/Docketmate-Sandbox-DebugDylibPath-normal-arm64.txt

WriteAuxiliaryFile /Users/bernhardbudiono/Library/Developer/Xcode/DerivedData/Docketmate-Sandbox-enkfipvwhkpsvdbqinmbyclzksej/Build/Intermediates.noindex/Docketmate-Sandbox.build/Debug/Docketmate-Sandbox.build/Docketmate-Sandbox-own-target-headers.hmap (in target 'Docketmate-Sandbox' from project 'Docketmate-Sandbox')
    cd /Users/bernhardbudiono/Library/CloudStorage/Dropbox/_Documents\ -\ Apps\ \(Working\)/repos_github/Working/repo_docketmate/_macOS/Docketmate-Sandbox
    write-file /Users/bernhardbudiono/Library/Developer/Xcode/DerivedData/Docketmate-Sandbox-enkfipvwhkpsvdbqinmbyclzksej/Build/Intermediates.noindex/Docketmate-Sandbox.build/Debug/Docketmate-Sandbox.build/Docketmate-Sandbox-own-target-headers.hmap

WriteAuxiliaryFile /Users/bernhardbudiono/Library/Developer/Xcode/DerivedData/Docketmate-Sandbox-enkfipvwhkpsvdbqinmbyclzksej/Build/Intermediates.noindex/Docketmate-Sandbox.build/Debug/Docketmate-Sandbox.build/Docketmate-Sandbox.hmap (in target 'Docketmate-Sandbox' from project 'Docketmate-Sandbox')
    cd /Users/bernhardbudiono/Library/CloudStorage/Dropbox/_Documents\ -\ Apps\ \(Working\)/repos_github/Working/repo_docketmate/_macOS/Docketmate-Sandbox
    write-file /Users/bernhardbudiono/Library/Developer/Xcode/DerivedData/Docketmate-Sandbox-enkfipvwhkpsvdbqinmbyclzksej/Build/Intermediates.noindex/Docketmate-Sandbox.build/Debug/Docketmate-Sandbox.build/Docketmate-Sandbox.hmap

WriteAuxiliaryFile /Users/bernhardbudiono/Library/Developer/Xcode/DerivedData/Docketmate-Sandbox-enkfipvwhkpsvdbqinmbyclzksej/Build/Intermediates.noindex/Docketmate-Sandbox.build/Debug/Docketmate-Sandbox.build/Docketmate-Sandbox-all-target-headers.hmap (in target 'Docketmate-Sandbox' from project 'Docketmate-Sandbox')
    cd /Users/bernhardbudiono/Library/CloudStorage/Dropbox/_Documents\ -\ Apps\ \(Working\)/repos_github/Working/repo_docketmate/_macOS/Docketmate-Sandbox
    write-file /Users/bernhardbudiono/Library/Developer/Xcode/DerivedData/Docketmate-Sandbox-enkfipvwhkpsvdbqinmbyclzksej/Build/Intermediates.noindex/Docketmate-Sandbox.build/Debug/Docketmate-Sandbox.build/Docketmate-Sandbox-all-target-headers.hmap

WriteAuxiliaryFile /Users/bernhardbudiono/Library/Developer/Xcode/DerivedData/Docketmate-Sandbox-enkfipvwhkpsvdbqinmbyclzksej/Build/Intermediates.noindex/Docketmate-Sandbox.build/Debug/Docketmate-Sandbox.build/Docketmate-Sandbox-all-non-framework-target-headers.hmap (in target 'Docketmate-Sandbox' from project 'Docketmate-Sandbox')
    cd /Users/bernhardbudiono/Library/CloudStorage/Dropbox/_Documents\ -\ Apps\ \(Working\)/repos_github/Working/repo_docketmate/_macOS/Docketmate-Sandbox
    write-file /Users/bernhardbudiono/Library/Developer/Xcode/DerivedData/Docketmate-Sandbox-enkfipvwhkpsvdbqinmbyclzksej/Build/Intermediates.noindex/Docketmate-Sandbox.build/Debug/Docketmate-Sandbox.build/Docketmate-Sandbox-all-non-framework-target-headers.hmap

WriteAuxiliaryFile /Users/bernhardbudiono/Library/Developer/Xcode/DerivedData/Docketmate-Sandbox-enkfipvwhkpsvdbqinmbyclzksej/Build/Intermediates.noindex/Docketmate-Sandbox.build/Debug/Docketmate-Sandbox.build/Docketmate-Sandbox.DependencyStaticMetadataFileList (in target 'Docketmate-Sandbox' from project 'Docketmate-Sandbox')
    cd /Users/bernhardbudiono/Library/CloudStorage/Dropbox/_Documents\ -\ Apps\ \(Working\)/repos_github/Working/repo_docketmate/_macOS/Docketmate-Sandbox
    write-file /Users/bernhardbudiono/Library/Developer/Xcode/DerivedData/Docketmate-Sandbox-enkfipvwhkpsvdbqinmbyclzksej/Build/Intermediates.noindex/Docketmate-Sandbox.build/Debug/Docketmate-Sandbox.build/Docketmate-Sandbox.DependencyStaticMetadataFileList

WriteAuxiliaryFile /Users/bernhardbudiono/Library/Developer/Xcode/DerivedData/Docketmate-Sandbox-enkfipvwhkpsvdbqinmbyclzksej/Build/Intermediates.noindex/Docketmate-Sandbox.build/Debug/Docketmate-Sandbox.build/Docketmate-Sandbox-generated-files.hmap (in target 'Docketmate-Sandbox' from project 'Docketmate-Sandbox')
    cd /Users/bernhardbudiono/Library/CloudStorage/Dropbox/_Documents\ -\ Apps\ \(Working\)/repos_github/Working/repo_docketmate/_macOS/Docketmate-Sandbox
    write-file /Users/bernhardbudiono/Library/Developer/Xcode/DerivedData/Docketmate-Sandbox-enkfipvwhkpsvdbqinmbyclzksej/Build/Intermediates.noindex/Docketmate-Sandbox.build/Debug/Docketmate-Sandbox.build/Docketmate-Sandbox-generated-files.hmap

WriteAuxiliaryFile /Users/bernhardbudiono/Library/Developer/Xcode/DerivedData/Docketmate-Sandbox-enkfipvwhkpsvdbqinmbyclzksej/Build/Intermediates.noindex/Docketmate-Sandbox.build/Debug/Docketmate-Sandbox.build/DerivedSources/Entitlements.plist (in target 'Docketmate-Sandbox' from project 'Docketmate-Sandbox')
    cd /Users/bernhardbudiono/Library/CloudStorage/Dropbox/_Documents\ -\ Apps\ \(Working\)/repos_github/Working/repo_docketmate/_macOS/Docketmate-Sandbox
    write-file /Users/bernhardbudiono/Library/Developer/Xcode/DerivedData/Docketmate-Sandbox-enkfipvwhkpsvdbqinmbyclzksej/Build/Intermediates.noindex/Docketmate-Sandbox.build/Debug/Docketmate-Sandbox.build/DerivedSources/Entitlements.plist

WriteAuxiliaryFile /Users/bernhardbudiono/Library/Developer/Xcode/DerivedData/Docketmate-Sandbox-enkfipvwhkpsvdbqinmbyclzksej/Build/Intermediates.noindex/Docketmate-Sandbox.build/Debug/Docketmate-Sandbox.build/Objects-normal/arm64/Docketmate-Sandbox.SwiftConstValuesFileList (in target 'Docketmate-Sandbox' from project 'Docketmate-Sandbox')
    cd /Users/bernhardbudiono/Library/CloudStorage/Dropbox/_Documents\ -\ Apps\ \(Working\)/repos_github/Working/repo_docketmate/_macOS/Docketmate-Sandbox
    write-file /Users/bernhardbudiono/Library/Developer/Xcode/DerivedData/Docketmate-Sandbox-enkfipvwhkpsvdbqinmbyclzksej/Build/Intermediates.noindex/Docketmate-Sandbox.build/Debug/Docketmate-Sandbox.build/Objects-normal/arm64/Docketmate-Sandbox.SwiftConstValuesFileList

WriteAuxiliaryFile /Users/bernhardbudiono/Library/Developer/Xcode/DerivedData/Docketmate-Sandbox-enkfipvwhkpsvdbqinmbyclzksej/Build/Intermediates.noindex/Docketmate-Sandbox.build/Debug/Docketmate-Sandbox.build/Objects-normal/arm64/Docketmate-Sandbox.LinkFileList (in target 'Docketmate-Sandbox' from project 'Docketmate-Sandbox')
    cd /Users/bernhardbudiono/Library/CloudStorage/Dropbox/_Documents\ -\ Apps\ \(Working\)/repos_github/Working/repo_docketmate/_macOS/Docketmate-Sandbox
    write-file /Users/bernhardbudiono/Library/Developer/Xcode/DerivedData/Docketmate-Sandbox-enkfipvwhkpsvdbqinmbyclzksej/Build/Intermediates.noindex/Docketmate-Sandbox.build/Debug/Docketmate-Sandbox.build/Objects-normal/arm64/Docketmate-Sandbox.LinkFileList

WriteAuxiliaryFile /Users/bernhardbudiono/Library/Developer/Xcode/DerivedData/Docketmate-Sandbox-enkfipvwhkpsvdbqinmbyclzksej/Build/Intermediates.noindex/Docketmate-Sandbox.build/Debug/Docketmate-Sandbox.build/Objects-normal/arm64/Docketmate-Sandbox.SwiftFileList (in target 'Docketmate-Sandbox' from project 'Docketmate-Sandbox')
    cd /Users/bernhardbudiono/Library/CloudStorage/Dropbox/_Documents\ -\ Apps\ \(Working\)/repos_github/Working/repo_docketmate/_macOS/Docketmate-Sandbox
    write-file /Users/bernhardbudiono/Library/Developer/Xcode/DerivedData/Docketmate-Sandbox-enkfipvwhkpsvdbqinmbyclzksej/Build/Intermediates.noindex/Docketmate-Sandbox.build/Debug/Docketmate-Sandbox.build/Objects-normal/arm64/Docketmate-Sandbox.SwiftFileList

WriteAuxiliaryFile /Users/bernhardbudiono/Library/Developer/Xcode/DerivedData/Docketmate-Sandbox-enkfipvwhkpsvdbqinmbyclzksej/Build/Intermediates.noindex/Docketmate-Sandbox.build/Debug/Docketmate-Sandbox.build/Objects-normal/arm64/Docketmate-Sandbox-OutputFileMap.json (in target 'Docketmate-Sandbox' from project 'Docketmate-Sandbox')
    cd /Users/bernhardbudiono/Library/CloudStorage/Dropbox/_Documents\ -\ Apps\ \(Working\)/repos_github/Working/repo_docketmate/_macOS/Docketmate-Sandbox
    write-file /Users/bernhardbudiono/Library/Developer/Xcode/DerivedData/Docketmate-Sandbox-enkfipvwhkpsvdbqinmbyclzksej/Build/Intermediates.noindex/Docketmate-Sandbox.build/Debug/Docketmate-Sandbox.build/Objects-normal/arm64/Docketmate-Sandbox-OutputFileMap.json

WriteAuxiliaryFile /Users/bernhardbudiono/Library/Developer/Xcode/DerivedData/Docketmate-Sandbox-enkfipvwhkpsvdbqinmbyclzksej/Build/Intermediates.noindex/Docketmate-Sandbox.build/Debug/Docketmate-Sandbox.build/Objects-normal/arm64/Docketmate-Sandbox_const_extract_protocols.json (in target 'Docketmate-Sandbox' from project 'Docketmate-Sandbox')
    cd /Users/bernhardbudiono/Library/CloudStorage/Dropbox/_Documents\ -\ Apps\ \(Working\)/repos_github/Working/repo_docketmate/_macOS/Docketmate-Sandbox
    write-file /Users/bernhardbudiono/Library/Developer/Xcode/DerivedData/Docketmate-Sandbox-enkfipvwhkpsvdbqinmbyclzksej/Build/Intermediates.noindex/Docketmate-Sandbox.build/Debug/Docketmate-Sandbox.build/Objects-normal/arm64/Docketmate-Sandbox_const_extract_protocols.json

WriteAuxiliaryFile /Users/bernhardbudiono/Library/Developer/Xcode/DerivedData/Docketmate-Sandbox-enkfipvwhkpsvdbqinmbyclzksej/Build/Intermediates.noindex/Docketmate-Sandbox.build/Debug/Docketmate-Sandbox.build/Docketmate-Sandbox.DependencyMetadataFileList (in target 'Docketmate-Sandbox' from project 'Docketmate-Sandbox')
    cd /Users/bernhardbudiono/Library/CloudStorage/Dropbox/_Documents\ -\ Apps\ \(Working\)/repos_github/Working/repo_docketmate/_macOS/Docketmate-Sandbox
    write-file /Users/bernhardbudiono/Library/Developer/Xcode/DerivedData/Docketmate-Sandbox-enkfipvwhkpsvdbqinmbyclzksej/Build/Intermediates.noindex/Docketmate-Sandbox.build/Debug/Docketmate-Sandbox.build/Docketmate-Sandbox.DependencyMetadataFileList

MkDir /Users/bernhardbudiono/Library/Developer/Xcode/DerivedData/Docketmate-Sandbox-enkfipvwhkpsvdbqinmbyclzksej/Build/Products/Debug/Docketmate-Sandbox.app/Contents (in target 'Docketmate-Sandbox' from project 'Docketmate-Sandbox')
    cd /Users/bernhardbudiono/Library/CloudStorage/Dropbox/_Documents\ -\ Apps\ \(Working\)/repos_github/Working/repo_docketmate/_macOS/Docketmate-Sandbox
    /bin/mkdir -p /Users/bernhardbudiono/Library/Developer/Xcode/DerivedData/Docketmate-Sandbox-enkfipvwhkpsvdbqinmbyclzksej/Build/Products/Debug/Docketmate-Sandbox.app/Contents

MkDir /Users/bernhardbudiono/Library/Developer/Xcode/DerivedData/Docketmate-Sandbox-enkfipvwhkpsvdbqinmbyclzksej/Build/Products/Debug/Docketmate-Sandbox.app (in target 'Docketmate-Sandbox' from project 'Docketmate-Sandbox')
    cd /Users/bernhardbudiono/Library/CloudStorage/Dropbox/_Documents\ -\ Apps\ \(Working\)/repos_github/Working/repo_docketmate/_macOS/Docketmate-Sandbox
    /bin/mkdir -p /Users/bernhardbudiono/Library/Developer/Xcode/DerivedData/Docketmate-Sandbox-enkfipvwhkpsvdbqinmbyclzksej/Build/Products/Debug/Docketmate-Sandbox.app

MkDir /Users/bernhardbudiono/Library/Developer/Xcode/DerivedData/Docketmate-Sandbox-enkfipvwhkpsvdbqinmbyclzksej/Build/Products/Debug/Docketmate-Sandbox.app/Contents/MacOS (in target 'Docketmate-Sandbox' from project 'Docketmate-Sandbox')
    cd /Users/bernhardbudiono/Library/CloudStorage/Dropbox/_Documents\ -\ Apps\ \(Working\)/repos_github/Working/repo_docketmate/_macOS/Docketmate-Sandbox
    /bin/mkdir -p /Users/bernhardbudiono/Library/Developer/Xcode/DerivedData/Docketmate-Sandbox-enkfipvwhkpsvdbqinmbyclzksej/Build/Products/Debug/Docketmate-Sandbox.app/Contents/MacOS

ProcessProductPackaging "" /Users/bernhardbudiono/Library/Developer/Xcode/DerivedData/Docketmate-Sandbox-enkfipvwhkpsvdbqinmbyclzksej/Build/Intermediates.noindex/Docketmate-Sandbox.build/Debug/Docketmate-Sandbox.build/Docketmate-Sandbox.app.xcent (in target 'Docketmate-Sandbox' from project 'Docketmate-Sandbox')
    cd /Users/bernhardbudiono/Library/CloudStorage/Dropbox/_Documents\ -\ Apps\ \(Working\)/repos_github/Working/repo_docketmate/_macOS/Docketmate-Sandbox
    
    Entitlements:
    
    {
    "com.apple.security.get-task-allow" = 1;
}
    
    builtin-productPackagingUtility -entitlements -format xml -o /Users/bernhardbudiono/Library/Developer/Xcode/DerivedData/Docketmate-Sandbox-enkfipvwhkpsvdbqinmbyclzksej/Build/Intermediates.noindex/Docketmate-Sandbox.build/Debug/Docketmate-Sandbox.build/Docketmate-Sandbox.app.xcent

ProcessProductPackagingDER /Users/bernhardbudiono/Library/Developer/Xcode/DerivedData/Docketmate-Sandbox-enkfipvwhkpsvdbqinmbyclzksej/Build/Intermediates.noindex/Docketmate-Sandbox.build/Debug/Docketmate-Sandbox.build/Docketmate-Sandbox.app.xcent /Users/bernhardbudiono/Library/Developer/Xcode/DerivedData/Docketmate-Sandbox-enkfipvwhkpsvdbqinmbyclzksej/Build/Intermediates.noindex/Docketmate-Sandbox.build/Debug/Docketmate-Sandbox.build/Docketmate-Sandbox.app.xcent.der (in target 'Docketmate-Sandbox' from project 'Docketmate-Sandbox')
    cd /Users/bernhardbudiono/Library/CloudStorage/Dropbox/_Documents\ -\ Apps\ \(Working\)/repos_github/Working/repo_docketmate/_macOS/Docketmate-Sandbox
    /usr/bin/derq query -f xml -i /Users/bernhardbudiono/Library/Developer/Xcode/DerivedData/Docketmate-Sandbox-enkfipvwhkpsvdbqinmbyclzksej/Build/Intermediates.noindex/Docketmate-Sandbox.build/Debug/Docketmate-Sandbox.build/Docketmate-Sandbox.app.xcent -o /Users/bernhardbudiono/Library/Developer/Xcode/DerivedData/Docketmate-Sandbox-enkfipvwhkpsvdbqinmbyclzksej/Build/Intermediates.noindex/Docketmate-Sandbox.build/Debug/Docketmate-Sandbox.build/Docketmate-Sandbox.app.xcent.der --raw

ProcessInfoPlistFile /Users/bernhardbudiono/Library/Developer/Xcode/DerivedData/Docketmate-Sandbox-enkfipvwhkpsvdbqinmbyclzksej/Build/Products/Debug/Docketmate-Sandbox.app/Contents/Info.plist /Users/bernhardbudiono/Library/CloudStorage/Dropbox/_Documents\ -\ Apps\ (Working)/repos_github/Working/repo_docketmate/_macOS/Docketmate-Sandbox/Resources/Info.plist (in target 'Docketmate-Sandbox' from project 'Docketmate-Sandbox')
    cd /Users/bernhardbudiono/Library/CloudStorage/Dropbox/_Documents\ -\ Apps\ \(Working\)/repos_github/Working/repo_docketmate/_macOS/Docketmate-Sandbox
    builtin-infoPlistUtility /Users/bernhardbudiono/Library/CloudStorage/Dropbox/_Documents\ -\ Apps\ \(Working\)/repos_github/Working/repo_docketmate/_macOS/Docketmate-Sandbox/Resources/Info.plist -producttype com.apple.product-type.application -genpkginfo /Users/bernhardbudiono/Library/Developer/Xcode/DerivedData/Docketmate-Sandbox-enkfipvwhkpsvdbqinmbyclzksej/Build/Products/Debug/Docketmate-Sandbox.app/Contents/PkgInfo -expandbuildsettings -platform macosx -o /Users/bernhardbudiono/Library/Developer/Xcode/DerivedData/Docketmate-Sandbox-enkfipvwhkpsvdbqinmbyclzksej/Build/Products/Debug/Docketmate-Sandbox.app/Contents/Info.plist

Ld /Users/bernhardbudiono/Library/Developer/Xcode/DerivedData/Docketmate-Sandbox-enkfipvwhkpsvdbqinmbyclzksej/Build/Products/Debug/Docketmate-Sandbox.app/Contents/MacOS/__preview.dylib normal (in target 'Docketmate-Sandbox' from project 'Docketmate-Sandbox')
    cd /Users/bernhardbudiono/Library/CloudStorage/Dropbox/_Documents\ -\ Apps\ \(Working\)/repos_github/Working/repo_docketmate/_macOS/Docketmate-Sandbox
    /Applications/Xcode.app/Contents/Developer/Toolchains/XcodeDefault.xctoolchain/usr/bin/clang -Xlinker -reproducible -target arm64-apple-macos13.5 -dynamiclib -isysroot /Applications/Xcode.app/Contents/Developer/Platforms/MacOSX.platform/Developer/SDKs/MacOSX15.4.sdk -O0 -L/Users/bernhardbudiono/Library/Developer/Xcode/DerivedData/Docketmate-Sandbox-enkfipvwhkpsvdbqinmbyclzksej/Build/Products/Debug -F/Users/bernhardbudiono/Library/Developer/Xcode/DerivedData/Docketmate-Sandbox-enkfipvwhkpsvdbqinmbyclzksej/Build/Products/Debug -install_name @rpath/Docketmate-Sandbox.debug.dylib -dead_strip -rdynamic -Xlinker -no_deduplicate -Xlinker -dependency_info -Xlinker /Users/bernhardbudiono/Library/Developer/Xcode/DerivedData/Docketmate-Sandbox-enkfipvwhkpsvdbqinmbyclzksej/Build/Intermediates.noindex/Docketmate-Sandbox.build/Debug/Docketmate-Sandbox.build/Objects-normal/arm64/Docketmate-Sandbox_dependency_info.dat -Xlinker -no_adhoc_codesign -o /Users/bernhardbudiono/Library/Developer/Xcode/DerivedData/Docketmate-Sandbox-enkfipvwhkpsvdbqinmbyclzksej/Build/Products/Debug/Docketmate-Sandbox.app/Contents/MacOS/__preview.dylib

SwiftDriver Docketmate-Sandbox normal arm64 com.apple.xcode.tools.swift.compiler (in target 'Docketmate-Sandbox' from project 'Docketmate-Sandbox')
    cd /Users/bernhardbudiono/Library/CloudStorage/Dropbox/_Documents\ -\ Apps\ \(Working\)/repos_github/Working/repo_docketmate/_macOS/Docketmate-Sandbox
    builtin-SwiftDriver -- /Applications/Xcode.app/Contents/Developer/Toolchains/XcodeDefault.xctoolchain/usr/bin/swiftc -module-name Docketmate_Sandbox -Onone -enforce-exclusivity\=checked @/Users/bernhardbudiono/Library/Developer/Xcode/DerivedData/Docketmate-Sandbox-enkfipvwhkpsvdbqinmbyclzksej/Build/Intermediates.noindex/Docketmate-Sandbox.build/Debug/Docketmate-Sandbox.build/Objects-normal/arm64/Docketmate-Sandbox.SwiftFileList -DDEBUG -enable-bare-slash-regex -enable-experimental-feature DebugDescriptionMacro -sdk /Applications/Xcode.app/Contents/Developer/Platforms/MacOSX.platform/Developer/SDKs/MacOSX15.4.sdk -target arm64-apple-macos13.5 -g -module-cache-path /Users/bernhardbudiono/Library/Developer/Xcode/DerivedData/ModuleCache.noindex -Xfrontend -serialize-debugging-options -enable-testing -index-store-path /Users/bernhardbudiono/Library/Developer/Xcode/DerivedData/Docketmate-Sandbox-enkfipvwhkpsvdbqinmbyclzksej/Index.noindex/DataStore -swift-version 5 -I /Users/bernhardbudiono/Library/Developer/Xcode/DerivedData/Docketmate-Sandbox-enkfipvwhkpsvdbqinmbyclzksej/Build/Products/Debug -F /Users/bernhardbudiono/Library/Developer/Xcode/DerivedData/Docketmate-Sandbox-enkfipvwhkpsvdbqinmbyclzksej/Build/Products/Debug -c -j16 -enable-batch-mode -incremental -Xcc -ivfsstatcache -Xcc /Users/bernhardbudiono/Library/Developer/Xcode/DerivedData/SDKStatCaches.noindex/macosx15.4-24E241-88b860576fb364319593bd8fb30666b0.sdkstatcache -output-file-map /Users/bernhardbudiono/Library/Developer/Xcode/DerivedData/Docketmate-Sandbox-enkfipvwhkpsvdbqinmbyclzksej/Build/Intermediates.noindex/Docketmate-Sandbox.build/Debug/Docketmate-Sandbox.build/Objects-normal/arm64/Docketmate-Sandbox-OutputFileMap.json -use-frontend-parseable-output -save-temps -no-color-diagnostics -serialize-diagnostics -emit-dependencies -emit-module -emit-module-path /Users/bernhardbudiono/Library/Developer/Xcode/DerivedData/Docketmate-Sandbox-enkfipvwhkpsvdbqinmbyclzksej/Build/Intermediates.noindex/Docketmate-Sandbox.build/Debug/Docketmate-Sandbox.build/Objects-normal/arm64/Docketmate_Sandbox.swiftmodule -validate-clang-modules-once -clang-build-session-file /Users/bernhardbudiono/Library/Developer/Xcode/DerivedData/ModuleCache.noindex/Session.modulevalidation -Xcc -I/Users/bernhardbudiono/Library/Developer/Xcode/DerivedData/Docketmate-Sandbox-enkfipvwhkpsvdbqinmbyclzksej/Build/Intermediates.noindex/Docketmate-Sandbox.build/Debug/Docketmate-Sandbox.build/swift-overrides.hmap -emit-const-values -Xfrontend -const-gather-protocols-file -Xfrontend /Users/bernhardbudiono/Library/Developer/Xcode/DerivedData/Docketmate-Sandbox-enkfipvwhkpsvdbqinmbyclzksej/Build/Intermediates.noindex/Docketmate-Sandbox.build/Debug/Docketmate-Sandbox.build/Objects-normal/arm64/Docketmate-Sandbox_const_extract_protocols.json -Xcc -iquote -Xcc /Users/bernhardbudiono/Library/Developer/Xcode/DerivedData/Docketmate-Sandbox-enkfipvwhkpsvdbqinmbyclzksej/Build/Intermediates.noindex/Docketmate-Sandbox.build/Debug/Docketmate-Sandbox.build/Docketmate-Sandbox-generated-files.hmap -Xcc -I/Users/bernhardbudiono/Library/Developer/Xcode/DerivedData/Docketmate-Sandbox-enkfipvwhkpsvdbqinmbyclzksej/Build/Intermediates.noindex/Docketmate-Sandbox.build/Debug/Docketmate-Sandbox.build/Docketmate-Sandbox-own-target-headers.hmap -Xcc -I/Users/bernhardbudiono/Library/Developer/Xcode/DerivedData/Docketmate-Sandbox-enkfipvwhkpsvdbqinmbyclzksej/Build/Intermediates.noindex/Docketmate-Sandbox.build/Debug/Docketmate-Sandbox.build/Docketmate-Sandbox-all-target-headers.hmap -Xcc -iquote -Xcc /Users/bernhardbudiono/Library/Developer/Xcode/DerivedData/Docketmate-Sandbox-enkfipvwhkpsvdbqinmbyclzksej/Build/Intermediates.noindex/Docketmate-Sandbox.build/Debug/Docketmate-Sandbox.build/Docketmate-Sandbox-project-headers.hmap -Xcc -I/Users/bernhardbudiono/Library/Developer/Xcode/DerivedData/Docketmate-Sandbox-enkfipvwhkpsvdbqinmbyclzksej/Build/Products/Debug/include -Xcc -I/Users/bernhardbudiono/Library/Developer/Xcode/DerivedData/Docketmate-Sandbox-enkfipvwhkpsvdbqinmbyclzksej/Build/Intermediates.noindex/Docketmate-Sandbox.build/Debug/Docketmate-Sandbox.build/DerivedSources-normal/arm64 -Xcc -I/Users/bernhardbudiono/Library/Developer/Xcode/DerivedData/Docketmate-Sandbox-enkfipvwhkpsvdbqinmbyclzksej/Build/Intermediates.noindex/Docketmate-Sandbox.build/Debug/Docketmate-Sandbox.build/DerivedSources/arm64 -Xcc -I/Users/bernhardbudiono/Library/Developer/Xcode/DerivedData/Docketmate-Sandbox-enkfipvwhkpsvdbqinmbyclzksej/Build/Intermediates.noindex/Docketmate-Sandbox.build/Debug/Docketmate-Sandbox.build/DerivedSources -Xcc -DDEBUG\=1 -emit-objc-header -emit-objc-header-path /Users/bernhardbudiono/Library/Developer/Xcode/DerivedData/Docketmate-Sandbox-enkfipvwhkpsvdbqinmbyclzksej/Build/Intermediates.noindex/Docketmate-Sandbox.build/Debug/Docketmate-Sandbox.build/Objects-normal/arm64/Docketmate_Sandbox-Swift.h -working-directory /Users/bernhardbudiono/Library/CloudStorage/Dropbox/_Documents\ -\ Apps\ \(Working\)/repos_github/Working/repo_docketmate/_macOS/Docketmate-Sandbox -experimental-emit-module-separately -disable-cmo

SwiftEmitModule normal arm64 Emitting\ module\ for\ Docketmate_Sandbox (in target 'Docketmate-Sandbox' from project 'Docketmate-Sandbox')

EmitSwiftModule normal arm64 (in target 'Docketmate-Sandbox' from project 'Docketmate-Sandbox')
    cd /Users/bernhardbudiono/Library/CloudStorage/Dropbox/_Documents\ -\ Apps\ \(Working\)/repos_github/Working/repo_docketmate/_macOS/Docketmate-Sandbox
    

SwiftCompile normal arm64 Compiling\ DocketmateSandboxApp.swift /Users/bernhardbudiono/Library/CloudStorage/Dropbox/_Documents\ -\ Apps\ (Working)/repos_github/Working/repo_docketmate/_macOS/Docketmate-Sandbox/Sources/App/DocketmateSandboxApp.swift (in target 'Docketmate-Sandbox' from project 'Docketmate-Sandbox')

SwiftCompile normal arm64 /Users/bernhardbudiono/Library/CloudStorage/Dropbox/_Documents\ -\ Apps\ (Working)/repos_github/Working/repo_docketmate/_macOS/Docketmate-Sandbox/Sources/App/DocketmateSandboxApp.swift (in target 'Docketmate-Sandbox' from project 'Docketmate-Sandbox')
    cd /Users/bernhardbudiono/Library/CloudStorage/Dropbox/_Documents\ -\ Apps\ \(Working\)/repos_github/Working/repo_docketmate/_macOS/Docketmate-Sandbox
    

SwiftCompile normal arm64 Compiling\ ContentView.swift /Users/bernhardbudiono/Library/CloudStorage/Dropbox/_Documents\ -\ Apps\ (Working)/repos_github/Working/repo_docketmate/_macOS/Docketmate-Sandbox/Sources/App/ContentView.swift (in target 'Docketmate-Sandbox' from project 'Docketmate-Sandbox')
SwiftCompile normal arm64 /Users/bernhardbudiono/Library/CloudStorage/Dropbox/_Documents\ -\ Apps\ (Working)/repos_github/Working/repo_docketmate/_macOS/Docketmate-Sandbox/Sources/App/ContentView.swift (in target 'Docketmate-Sandbox' from project 'Docketmate-Sandbox')
    cd /Users/bernhardbudiono/Library/CloudStorage/Dropbox/_Documents\ -\ Apps\ \(Working\)/repos_github/Working/repo_docketmate/_macOS/Docketmate-Sandbox
    
/Users/bernhardbudiono/Library/CloudStorage/Dropbox/_Documents - Apps (Working)/repos_github/Working/repo_docketmate/_macOS/Docketmate-Sandbox/Sources/App/ContentView.swift:30:17: error: cannot find 'AppleSignInViewSandbox' in scope
                AppleSignInViewSandbox()
                ^~~~~~~~~~~~~~~~~~~~~~

Failed frontend command:
/Applications/Xcode.app/Contents/Developer/Toolchains/XcodeDefault.xctoolchain/usr/bin/swift-frontend -frontend -c -primary-file /Users/bernhardbudiono/Library/CloudStorage/Dropbox/_Documents\ -\ Apps\ \(Working\)/repos_github/Working/repo_docketmate/_macOS/Docketmate-Sandbox/Sources/App/ContentView.swift /Users/bernhardbudiono/Library/CloudStorage/Dropbox/_Documents\ -\ Apps\ \(Working\)/repos_github/Working/repo_docketmate/_macOS/Docketmate-Sandbox/Sources/App/DocketmateSandboxApp.swift -emit-dependencies-path /Users/bernhardbudiono/Library/Developer/Xcode/DerivedData/Docketmate-Sandbox-enkfipvwhkpsvdbqinmbyclzksej/Build/Intermediates.noindex/Docketmate-Sandbox.build/Debug/Docketmate-Sandbox.build/Objects-normal/arm64/ContentView.d -emit-const-values-path /Users/bernhardbudiono/Library/Developer/Xcode/DerivedData/Docketmate-Sandbox-enkfipvwhkpsvdbqinmbyclzksej/Build/Intermediates.noindex/Docketmate-Sandbox.build/Debug/Docketmate-Sandbox.build/Objects-normal/arm64/ContentView.swiftconstvalues -emit-reference-dependencies-path /Users/bernhardbudiono/Library/Developer/Xcode/DerivedData/Docketmate-Sandbox-enkfipvwhkpsvdbqinmbyclzksej/Build/Intermediates.noindex/Docketmate-Sandbox.build/Debug/Docketmate-Sandbox.build/Objects-normal/arm64/ContentView.swiftdeps -serialize-diagnostics-path /Users/bernhardbudiono/Library/Developer/Xcode/DerivedData/Docketmate-Sandbox-enkfipvwhkpsvdbqinmbyclzksej/Build/Intermediates.noindex/Docketmate-Sandbox.build/Debug/Docketmate-Sandbox.build/Objects-normal/arm64/ContentView.dia -target arm64-apple-macos13.5 -Xllvm -aarch64-use-tbi -enable-objc-interop -stack-check -sdk /Applications/Xcode.app/Contents/Developer/Platforms/MacOSX.platform/Developer/SDKs/MacOSX15.4.sdk -I /Users/bernhardbudiono/Library/Developer/Xcode/DerivedData/Docketmate-Sandbox-enkfipvwhkpsvdbqinmbyclzksej/Build/Products/Debug -F /Users/bernhardbudiono/Library/Developer/Xcode/DerivedData/Docketmate-Sandbox-enkfipvwhkpsvdbqinmbyclzksej/Build/Products/Debug -no-color-diagnostics -enable-testing -g -debug-info-format\=dwarf -dwarf-version\=4 -module-cache-path /Users/bernhardbudiono/Library/Developer/Xcode/DerivedData/ModuleCache.noindex -swift-version 5 -enforce-exclusivity\=checked -Onone -D DEBUG -serialize-debugging-options -const-gather-protocols-file /Users/bernhardbudiono/Library/Developer/Xcode/DerivedData/Docketmate-Sandbox-enkfipvwhkpsvdbqinmbyclzksej/Build/Intermediates.noindex/Docketmate-Sandbox.build/Debug/Docketmate-Sandbox.build/Objects-normal/arm64/Docketmate-Sandbox_const_extract_protocols.json -enable-experimental-feature DebugDescriptionMacro -enable-bare-slash-regex -empty-abi-descriptor -validate-clang-modules-once -clang-build-session-file /Users/bernhardbudiono/Library/Developer/Xcode/DerivedData/ModuleCache.noindex/Session.modulevalidation -Xcc -working-directory -Xcc /Users/bernhardbudiono/Library/CloudStorage/Dropbox/_Documents\ -\ Apps\ \(Working\)/repos_github/Working/repo_docketmate/_macOS/Docketmate-Sandbox -resource-dir /Applications/Xcode.app/Contents/Developer/Toolchains/XcodeDefault.xctoolchain/usr/lib/swift -enable-anonymous-context-mangled-names -file-compilation-dir /Users/bernhardbudiono/Library/CloudStorage/Dropbox/_Documents\ -\ Apps\ \(Working\)/repos_github/Working/repo_docketmate/_macOS/Docketmate-Sandbox -Xcc -ivfsstatcache -Xcc /Users/bernhardbudiono/Library/Developer/Xcode/DerivedData/SDKStatCaches.noindex/macosx15.4-24E241-88b860576fb364319593bd8fb30666b0.sdkstatcache -Xcc -I/Users/bernhardbudiono/Library/Developer/Xcode/DerivedData/Docketmate-Sandbox-enkfipvwhkpsvdbqinmbyclzksej/Build/Intermediates.noindex/Docketmate-Sandbox.build/Debug/Docketmate-Sandbox.build/swift-overrides.hmap -Xcc -iquote -Xcc /Users/bernhardbudiono/Library/Developer/Xcode/DerivedData/Docketmate-Sandbox-enkfipvwhkpsvdbqinmbyclzksej/Build/Intermediates.noindex/Docketmate-Sandbox.build/Debug/Docketmate-Sandbox.build/Docketmate-Sandbox-generated-files.hmap -Xcc -I/Users/bernhardbudiono/Library/Developer/Xcode/DerivedData/Docketmate-Sandbox-enkfipvwhkpsvdbqinmbyclzksej/Build/Intermediates.noindex/Docketmate-Sandbox.build/Debug/Docketmate-Sandbox.build/Docketmate-Sandbox-own-target-headers.hmap -Xcc -I/Users/bernhardbudiono/Library/Developer/Xcode/DerivedData/Docketmate-Sandbox-enkfipvwhkpsvdbqinmbyclzksej/Build/Intermediates.noindex/Docketmate-Sandbox.build/Debug/Docketmate-Sandbox.build/Docketmate-Sandbox-all-target-headers.hmap -Xcc -iquote -Xcc /Users/bernhardbudiono/Library/Developer/Xcode/DerivedData/Docketmate-Sandbox-enkfipvwhkpsvdbqinmbyclzksej/Build/Intermediates.noindex/Docketmate-Sandbox.build/Debug/Docketmate-Sandbox.build/Docketmate-Sandbox-project-headers.hmap -Xcc -I/Users/bernhardbudiono/Library/Developer/Xcode/DerivedData/Docketmate-Sandbox-enkfipvwhkpsvdbqinmbyclzksej/Build/Products/Debug/include -Xcc -I/Users/bernhardbudiono/Library/Developer/Xcode/DerivedData/Docketmate-Sandbox-enkfipvwhkpsvdbqinmbyclzksej/Build/Intermediates.noindex/Docketmate-Sandbox.build/Debug/Docketmate-Sandbox.build/DerivedSources-normal/arm64 -Xcc -I/Users/bernhardbudiono/Library/Developer/Xcode/DerivedData/Docketmate-Sandbox-enkfipvwhkpsvdbqinmbyclzksej/Build/Intermediates.noindex/Docketmate-Sandbox.build/Debug/Docketmate-Sandbox.build/DerivedSources/arm64 -Xcc -I/Users/bernhardbudiono/Library/Developer/Xcode/DerivedData/Docketmate-Sandbox-enkfipvwhkpsvdbqinmbyclzksej/Build/Intermediates.noindex/Docketmate-Sandbox.build/Debug/Docketmate-Sandbox.build/DerivedSources -Xcc -DDEBUG\=1 -module-name Docketmate_Sandbox -frontend-parseable-output -disable-clang-spi -target-sdk-version 15.4 -target-sdk-name macosx15.4 -external-plugin-path /Applications/Xcode.app/Contents/Developer/Platforms/MacOSX.platform/Developer/usr/lib/swift/host/plugins\#/Applications/Xcode.app/Contents/Developer/Platforms/MacOSX.platform/Developer/usr/bin/swift-plugin-server -external-plugin-path /Applications/Xcode.app/Contents/Developer/Platforms/MacOSX.platform/Developer/usr/local/lib/swift/host/plugins\#/Applications/Xcode.app/Contents/Developer/Platforms/MacOSX.platform/Developer/usr/bin/swift-plugin-server -in-process-plugin-server-path /Applications/Xcode.app/Contents/Developer/Toolchains/XcodeDefault.xctoolchain/usr/lib/swift/host/libSwiftInProcPluginServer.dylib -plugin-path /Applications/Xcode.app/Contents/Developer/Toolchains/XcodeDefault.xctoolchain/usr/lib/swift/host/plugins -plugin-path /Applications/Xcode.app/Contents/Developer/Toolchains/XcodeDefault.xctoolchain/usr/local/lib/swift/host/plugins -o /Users/bernhardbudiono/Library/Developer/Xcode/DerivedData/Docketmate-Sandbox-enkfipvwhkpsvdbqinmbyclzksej/Build/Intermediates.noindex/Docketmate-Sandbox.build/Debug/Docketmate-Sandbox.build/Objects-normal/arm64/ContentView.o -index-unit-output-path /Docketmate-Sandbox.build/Debug/Docketmate-Sandbox.build/Objects-normal/arm64/ContentView.o -index-store-path /Users/bernhardbudiono/Library/Developer/Xcode/DerivedData/Docketmate-Sandbox-enkfipvwhkpsvdbqinmbyclzksej/Index.noindex/DataStore -index-system-modules
SwiftDriverJobDiscovery normal arm64 Compiling DocketmateSandboxApp.swift (in target 'Docketmate-Sandbox' from project 'Docketmate-Sandbox')

SwiftDriverJobDiscovery normal arm64 Emitting module for Docketmate_Sandbox (in target 'Docketmate-Sandbox' from project 'Docketmate-Sandbox')

SwiftDriver\ Compilation\ Requirements Docketmate-Sandbox normal arm64 com.apple.xcode.tools.swift.compiler (in target 'Docketmate-Sandbox' from project 'Docketmate-Sandbox')
    cd /Users/bernhardbudiono/Library/CloudStorage/Dropbox/_Documents\ -\ Apps\ \(Working\)/repos_github/Working/repo_docketmate/_macOS/Docketmate-Sandbox
    builtin-Swift-Compilation-Requirements -- /Applications/Xcode.app/Contents/Developer/Toolchains/XcodeDefault.xctoolchain/usr/bin/swiftc -module-name Docketmate_Sandbox -Onone -enforce-exclusivity\=checked @/Users/bernhardbudiono/Library/Developer/Xcode/DerivedData/Docketmate-Sandbox-enkfipvwhkpsvdbqinmbyclzksej/Build/Intermediates.noindex/Docketmate-Sandbox.build/Debug/Docketmate-Sandbox.build/Objects-normal/arm64/Docketmate-Sandbox.SwiftFileList -DDEBUG -enable-bare-slash-regex -enable-experimental-feature DebugDescriptionMacro -sdk /Applications/Xcode.app/Contents/Developer/Platforms/MacOSX.platform/Developer/SDKs/MacOSX15.4.sdk -target arm64-apple-macos13.5 -g -module-cache-path /Users/bernhardbudiono/Library/Developer/Xcode/DerivedData/ModuleCache.noindex -Xfrontend -serialize-debugging-options -enable-testing -index-store-path /Users/bernhardbudiono/Library/Developer/Xcode/DerivedData/Docketmate-Sandbox-enkfipvwhkpsvdbqinmbyclzksej/Index.noindex/DataStore -swift-version 5 -I /Users/bernhardbudiono/Library/Developer/Xcode/DerivedData/Docketmate-Sandbox-enkfipvwhkpsvdbqinmbyclzksej/Build/Products/Debug -F /Users/bernhardbudiono/Library/Developer/Xcode/DerivedData/Docketmate-Sandbox-enkfipvwhkpsvdbqinmbyclzksej/Build/Products/Debug -c -j16 -enable-batch-mode -incremental -Xcc -ivfsstatcache -Xcc /Users/bernhardbudiono/Library/Developer/Xcode/DerivedData/SDKStatCaches.noindex/macosx15.4-24E241-88b860576fb364319593bd8fb30666b0.sdkstatcache -output-file-map /Users/bernhardbudiono/Library/Developer/Xcode/DerivedData/Docketmate-Sandbox-enkfipvwhkpsvdbqinmbyclzksej/Build/Intermediates.noindex/Docketmate-Sandbox.build/Debug/Docketmate-Sandbox.build/Objects-normal/arm64/Docketmate-Sandbox-OutputFileMap.json -use-frontend-parseable-output -save-temps -no-color-diagnostics -serialize-diagnostics -emit-dependencies -emit-module -emit-module-path /Users/bernhardbudiono/Library/Developer/Xcode/DerivedData/Docketmate-Sandbox-enkfipvwhkpsvdbqinmbyclzksej/Build/Intermediates.noindex/Docketmate-Sandbox.build/Debug/Docketmate-Sandbox.build/Objects-normal/arm64/Docketmate_Sandbox.swiftmodule -validate-clang-modules-once -clang-build-session-file /Users/bernhardbudiono/Library/Developer/Xcode/DerivedData/ModuleCache.noindex/Session.modulevalidation -Xcc -I/Users/bernhardbudiono/Library/Developer/Xcode/DerivedData/Docketmate-Sandbox-enkfipvwhkpsvdbqinmbyclzksej/Build/Intermediates.noindex/Docketmate-Sandbox.build/Debug/Docketmate-Sandbox.build/swift-overrides.hmap -emit-const-values -Xfrontend -const-gather-protocols-file -Xfrontend /Users/bernhardbudiono/Library/Developer/Xcode/DerivedData/Docketmate-Sandbox-enkfipvwhkpsvdbqinmbyclzksej/Build/Intermediates.noindex/Docketmate-Sandbox.build/Debug/Docketmate-Sandbox.build/Objects-normal/arm64/Docketmate-Sandbox_const_extract_protocols.json -Xcc -iquote -Xcc /Users/bernhardbudiono/Library/Developer/Xcode/DerivedData/Docketmate-Sandbox-enkfipvwhkpsvdbqinmbyclzksej/Build/Intermediates.noindex/Docketmate-Sandbox.build/Debug/Docketmate-Sandbox.build/Docketmate-Sandbox-generated-files.hmap -Xcc -I/Users/bernhardbudiono/Library/Developer/Xcode/DerivedData/Docketmate-Sandbox-enkfipvwhkpsvdbqinmbyclzksej/Build/Intermediates.noindex/Docketmate-Sandbox.build/Debug/Docketmate-Sandbox.build/Docketmate-Sandbox-own-target-headers.hmap -Xcc -I/Users/bernhardbudiono/Library/Developer/Xcode/DerivedData/Docketmate-Sandbox-enkfipvwhkpsvdbqinmbyclzksej/Build/Intermediates.noindex/Docketmate-Sandbox.build/Debug/Docketmate-Sandbox.build/Docketmate-Sandbox-all-target-headers.hmap -Xcc -iquote -Xcc /Users/bernhardbudiono/Library/Developer/Xcode/DerivedData/Docketmate-Sandbox-enkfipvwhkpsvdbqinmbyclzksej/Build/Intermediates.noindex/Docketmate-Sandbox.build/Debug/Docketmate-Sandbox.build/Docketmate-Sandbox-project-headers.hmap -Xcc -I/Users/bernhardbudiono/Library/Developer/Xcode/DerivedData/Docketmate-Sandbox-enkfipvwhkpsvdbqinmbyclzksej/Build/Products/Debug/include -Xcc -I/Users/bernhardbudiono/Library/Developer/Xcode/DerivedData/Docketmate-Sandbox-enkfipvwhkpsvdbqinmbyclzksej/Build/Intermediates.noindex/Docketmate-Sandbox.build/Debug/Docketmate-Sandbox.build/DerivedSources-normal/arm64 -Xcc -I/Users/bernhardbudiono/Library/Developer/Xcode/DerivedData/Docketmate-Sandbox-enkfipvwhkpsvdbqinmbyclzksej/Build/Intermediates.noindex/Docketmate-Sandbox.build/Debug/Docketmate-Sandbox.build/DerivedSources/arm64 -Xcc -I/Users/bernhardbudiono/Library/Developer/Xcode/DerivedData/Docketmate-Sandbox-enkfipvwhkpsvdbqinmbyclzksej/Build/Intermediates.noindex/Docketmate-Sandbox.build/Debug/Docketmate-Sandbox.build/DerivedSources -Xcc -DDEBUG\=1 -emit-objc-header -emit-objc-header-path /Users/bernhardbudiono/Library/Developer/Xcode/DerivedData/Docketmate-Sandbox-enkfipvwhkpsvdbqinmbyclzksej/Build/Intermediates.noindex/Docketmate-Sandbox.build/Debug/Docketmate-Sandbox.build/Objects-normal/arm64/Docketmate_Sandbox-Swift.h -working-directory /Users/bernhardbudiono/Library/CloudStorage/Dropbox/_Documents\ -\ Apps\ \(Working\)/repos_github/Working/repo_docketmate/_macOS/Docketmate-Sandbox -experimental-emit-module-separately -disable-cmo

SwiftMergeGeneratedHeaders /Users/bernhardbudiono/Library/Developer/Xcode/DerivedData/Docketmate-Sandbox-enkfipvwhkpsvdbqinmbyclzksej/Build/Intermediates.noindex/Docketmate-Sandbox.build/Debug/Docketmate-Sandbox.build/DerivedSources/Docketmate_Sandbox-Swift.h /Users/bernhardbudiono/Library/Developer/Xcode/DerivedData/Docketmate-Sandbox-enkfipvwhkpsvdbqinmbyclzksej/Build/Intermediates.noindex/Docketmate-Sandbox.build/Debug/Docketmate-Sandbox.build/Objects-normal/arm64/Docketmate_Sandbox-Swift.h (in target 'Docketmate-Sandbox' from project 'Docketmate-Sandbox')
    cd /Users/bernhardbudiono/Library/CloudStorage/Dropbox/_Documents\ -\ Apps\ \(Working\)/repos_github/Working/repo_docketmate/_macOS/Docketmate-Sandbox
    builtin-swiftHeaderTool -arch arm64 /Users/bernhardbudiono/Library/Developer/Xcode/DerivedData/Docketmate-Sandbox-enkfipvwhkpsvdbqinmbyclzksej/Build/Intermediates.noindex/Docketmate-Sandbox.build/Debug/Docketmate-Sandbox.build/Objects-normal/arm64/Docketmate_Sandbox-Swift.h -o /Users/bernhardbudiono/Library/Developer/Xcode/DerivedData/Docketmate-Sandbox-enkfipvwhkpsvdbqinmbyclzksej/Build/Intermediates.noindex/Docketmate-Sandbox.build/Debug/Docketmate-Sandbox.build/DerivedSources/Docketmate_Sandbox-Swift.h

Copy /Users/bernhardbudiono/Library/Developer/Xcode/DerivedData/Docketmate-Sandbox-enkfipvwhkpsvdbqinmbyclzksej/Build/Products/Debug/Docketmate_Sandbox.swiftmodule/arm64-apple-macos.abi.json /Users/bernhardbudiono/Library/Developer/Xcode/DerivedData/Docketmate-Sandbox-enkfipvwhkpsvdbqinmbyclzksej/Build/Intermediates.noindex/Docketmate-Sandbox.build/Debug/Docketmate-Sandbox.build/Objects-normal/arm64/Docketmate_Sandbox.abi.json (in target 'Docketmate-Sandbox' from project 'Docketmate-Sandbox')
    cd /Users/bernhardbudiono/Library/CloudStorage/Dropbox/_Documents\ -\ Apps\ \(Working\)/repos_github/Working/repo_docketmate/_macOS/Docketmate-Sandbox
    builtin-copy -exclude .DS_Store -exclude CVS -exclude .svn -exclude .git -exclude .hg -resolve-src-symlinks -rename /Users/bernhardbudiono/Library/Developer/Xcode/DerivedData/Docketmate-Sandbox-enkfipvwhkpsvdbqinmbyclzksej/Build/Intermediates.noindex/Docketmate-Sandbox.build/Debug/Docketmate-Sandbox.build/Objects-normal/arm64/Docketmate_Sandbox.abi.json /Users/bernhardbudiono/Library/Developer/Xcode/DerivedData/Docketmate-Sandbox-enkfipvwhkpsvdbqinmbyclzksej/Build/Products/Debug/Docketmate_Sandbox.swiftmodule/arm64-apple-macos.abi.json

Copy /Users/bernhardbudiono/Library/Developer/Xcode/DerivedData/Docketmate-Sandbox-enkfipvwhkpsvdbqinmbyclzksej/Build/Products/Debug/Docketmate_Sandbox.swiftmodule/arm64-apple-macos.swiftdoc /Users/bernhardbudiono/Library/Developer/Xcode/DerivedData/Docketmate-Sandbox-enkfipvwhkpsvdbqinmbyclzksej/Build/Intermediates.noindex/Docketmate-Sandbox.build/Debug/Docketmate-Sandbox.build/Objects-normal/arm64/Docketmate_Sandbox.swiftdoc (in target 'Docketmate-Sandbox' from project 'Docketmate-Sandbox')
    cd /Users/bernhardbudiono/Library/CloudStorage/Dropbox/_Documents\ -\ Apps\ \(Working\)/repos_github/Working/repo_docketmate/_macOS/Docketmate-Sandbox
    builtin-copy -exclude .DS_Store -exclude CVS -exclude .svn -exclude .git -exclude .hg -resolve-src-symlinks -rename /Users/bernhardbudiono/Library/Developer/Xcode/DerivedData/Docketmate-Sandbox-enkfipvwhkpsvdbqinmbyclzksej/Build/Intermediates.noindex/Docketmate-Sandbox.build/Debug/Docketmate-Sandbox.build/Objects-normal/arm64/Docketmate_Sandbox.swiftdoc /Users/bernhardbudiono/Library/Developer/Xcode/DerivedData/Docketmate-Sandbox-enkfipvwhkpsvdbqinmbyclzksej/Build/Products/Debug/Docketmate_Sandbox.swiftmodule/arm64-apple-macos.swiftdoc

Copy /Users/bernhardbudiono/Library/Developer/Xcode/DerivedData/Docketmate-Sandbox-enkfipvwhkpsvdbqinmbyclzksej/Build/Products/Debug/Docketmate_Sandbox.swiftmodule/arm64-apple-macos.swiftmodule /Users/bernhardbudiono/Library/Developer/Xcode/DerivedData/Docketmate-Sandbox-enkfipvwhkpsvdbqinmbyclzksej/Build/Intermediates.noindex/Docketmate-Sandbox.build/Debug/Docketmate-Sandbox.build/Objects-normal/arm64/Docketmate_Sandbox.swiftmodule (in target 'Docketmate-Sandbox' from project 'Docketmate-Sandbox')
    cd /Users/bernhardbudiono/Library/CloudStorage/Dropbox/_Documents\ -\ Apps\ \(Working\)/repos_github/Working/repo_docketmate/_macOS/Docketmate-Sandbox
    builtin-copy -exclude .DS_Store -exclude CVS -exclude .svn -exclude .git -exclude .hg -resolve-src-symlinks -rename /Users/bernhardbudiono/Library/Developer/Xcode/DerivedData/Docketmate-Sandbox-enkfipvwhkpsvdbqinmbyclzksej/Build/Intermediates.noindex/Docketmate-Sandbox.build/Debug/Docketmate-Sandbox.build/Objects-normal/arm64/Docketmate_Sandbox.swiftmodule /Users/bernhardbudiono/Library/Developer/Xcode/DerivedData/Docketmate-Sandbox-enkfipvwhkpsvdbqinmbyclzksej/Build/Products/Debug/Docketmate_Sandbox.swiftmodule/arm64-apple-macos.swiftmodule

Copy /Users/bernhardbudiono/Library/Developer/Xcode/DerivedData/Docketmate-Sandbox-enkfipvwhkpsvdbqinmbyclzksej/Build/Products/Debug/Docketmate_Sandbox.swiftmodule/Project/arm64-apple-macos.swiftsourceinfo /Users/bernhardbudiono/Library/Developer/Xcode/DerivedData/Docketmate-Sandbox-enkfipvwhkpsvdbqinmbyclzksej/Build/Intermediates.noindex/Docketmate-Sandbox.build/Debug/Docketmate-Sandbox.build/Objects-normal/arm64/Docketmate_Sandbox.swiftsourceinfo (in target 'Docketmate-Sandbox' from project 'Docketmate-Sandbox')
    cd /Users/bernhardbudiono/Library/CloudStorage/Dropbox/_Documents\ -\ Apps\ \(Working\)/repos_github/Working/repo_docketmate/_macOS/Docketmate-Sandbox
    builtin-copy -exclude .DS_Store -exclude CVS -exclude .svn -exclude .git -exclude .hg -resolve-src-symlinks -rename /Users/bernhardbudiono/Library/Developer/Xcode/DerivedData/Docketmate-Sandbox-enkfipvwhkpsvdbqinmbyclzksej/Build/Intermediates.noindex/Docketmate-Sandbox.build/Debug/Docketmate-Sandbox.build/Objects-normal/arm64/Docketmate_Sandbox.swiftsourceinfo /Users/bernhardbudiono/Library/Developer/Xcode/DerivedData/Docketmate-Sandbox-enkfipvwhkpsvdbqinmbyclzksej/Build/Products/Debug/Docketmate_Sandbox.swiftmodule/Project/arm64-apple-macos.swiftsourceinfo

ComputePackagePrebuildTargetDependencyGraph

Prepare packages

CreateBuildRequest

SendProjectDescription

CreateBuildOperation

ComputeTargetDependencyGraph
note: Building targets in dependency order
note: Target dependency graph (2 targets)
    Target 'DocketmateSandboxTests' in project 'Docketmate-Sandbox'
         Explicit dependency on target 'Docketmate-Sandbox' in project 'Docketmate-Sandbox'
    Target 'Docketmate-Sandbox' in project 'Docketmate-Sandbox' (no dependencies)

GatherProvisioningInputs

CreateBuildDescription

ExecuteExternalTool /Applications/Xcode.app/Contents/Developer/Toolchains/XcodeDefault.xctoolchain/usr/bin/swiftc --version

ExecuteExternalTool /Applications/Xcode.app/Contents/Developer/Toolchains/XcodeDefault.xctoolchain/usr/bin/clang -v -E -dM -isysroot /Applications/Xcode.app/Contents/Developer/Platforms/MacOSX.platform/Developer/SDKs/MacOSX15.4.sdk -x c -c /dev/null

ExecuteExternalTool /Applications/Xcode.app/Contents/Developer/Toolchains/XcodeDefault.xctoolchain/usr/bin/ld -version_details

Build description signature: 2be6f8d0609f0c52075d25fac6d62a27
Build description path: /Users/bernhardbudiono/Library/Developer/Xcode/DerivedData/Docketmate-Sandbox-enkfipvwhkpsvdbqinmbyclzksej/Build/Intermediates.noindex/XCBuildData/2be6f8d0609f0c52075d25fac6d62a27.xcbuilddata
error: Cannot code sign because the target does not have an Info.plist file and one is not being generated automatically. Apply an Info.plist file to the target using the INFOPLIST_FILE build setting or generate one automatically by setting the GENERATE_INFOPLIST_FILE build setting to YES (recommended). (in target 'DocketmateSandboxTests' from project 'Docketmate-Sandbox')

Test session results, code coverage, and logs:
	/Users/bernhardbudiono/Library/Developer/Xcode/DerivedData/Docketmate-Sandbox-enkfipvwhkpsvdbqinmbyclzksej/Logs/Test/Run-Docketmate-Sandbox-2025.05.20_11-59-38-+1000.xcresult

