Command line invocation:
    /Applications/Xcode.app/Contents/Developer/usr/bin/xcodebuild -project _macOS/DocketMate_Sandbox/DocketMate_Sandbox.xcodeproj -scheme DocketMate_Sandbox clean build

--- xcodebuild: WARNING: Using the first of multiple matching destinations:
{ platform:macOS, arch:arm64, id:00006041-000409643480801C, name:My Mac }
{ platform:macOS, arch:x86_64, id:00006041-000409643480801C, name:My Mac }
{ platform:macOS, name:Any Mac }
ComputePackagePrebuildTargetDependencyGraph

CreateBuildRequest

SendProjectDescription

CreateBuildOperation

** CLEAN SUCCEEDED **

--- xcodebuild: WARNING: Using the first of multiple matching destinations:
{ platform:macOS, arch:arm64, id:00006041-000409643480801C, name:My Mac }
{ platform:macOS, arch:x86_64, id:00006041-000409643480801C, name:My Mac }
{ platform:macOS, name:Any Mac }
ComputePackagePrebuildTargetDependencyGraph

Prepare packages

CreateBuildRequest

SendProjectDescription

CreateBuildOperation

ComputeTargetDependencyGraph
note: Building targets in dependency order
note: Target dependency graph (1 target)
    Target 'DocketMate_Sandbox' in project 'DocketMate_Sandbox' (no dependencies)

GatherProvisioningInputs

CreateBuildDescription

ExecuteExternalTool /Applications/Xcode.app/Contents/Developer/Toolchains/XcodeDefault.xctoolchain/usr/bin/clang -v -E -dM -isysroot /Applications/Xcode.app/Contents/Developer/Platforms/MacOSX.platform/Developer/SDKs/MacOSX15.4.sdk -x c -c /dev/null

ExecuteExternalTool /Applications/Xcode.app/Contents/Developer/Toolchains/XcodeDefault.xctoolchain/usr/bin/swiftc --version

ExecuteExternalTool /Applications/Xcode.app/Contents/Developer/Toolchains/XcodeDefault.xctoolchain/usr/bin/ld -version_details

Build description signature: e9221c4f6a14c94b34e49d6a1b5b2a65
Build description path: /Users/bernhardbudiono/Library/Developer/Xcode/DerivedData/DocketMate_Sandbox-ftwquvqwuiipiibqlizufuxhacow/Build/Intermediates.noindex/XCBuildData/e9221c4f6a14c94b34e49d6a1b5b2a65.xcbuilddata
ClangStatCache /Applications/Xcode.app/Contents/Developer/Toolchains/XcodeDefault.xctoolchain/usr/bin/clang-stat-cache /Applications/Xcode.app/Contents/Developer/Platforms/MacOSX.platform/Developer/SDKs/MacOSX15.4.sdk /Users/bernhardbudiono/Library/Developer/Xcode/DerivedData/SDKStatCaches.noindex/macosx15.4-24E241-88b860576fb364319593bd8fb30666b0.sdkstatcache
    cd /Users/bernhardbudiono/Library/CloudStorage/Dropbox/_Documents\ -\ Apps\ \(Working\)/repos_github/Working/repo_docketmate/_macOS/DocketMate_Sandbox/DocketMate_Sandbox.xcodeproj
    /Applications/Xcode.app/Contents/Developer/Toolchains/XcodeDefault.xctoolchain/usr/bin/clang-stat-cache /Applications/Xcode.app/Contents/Developer/Platforms/MacOSX.platform/Developer/SDKs/MacOSX15.4.sdk -o /Users/bernhardbudiono/Library/Developer/Xcode/DerivedData/SDKStatCaches.noindex/macosx15.4-24E241-88b860576fb364319593bd8fb30666b0.sdkstatcache

CreateBuildDirectory /Users/bernhardbudiono/Library/Developer/Xcode/DerivedData/DocketMate_Sandbox-ftwquvqwuiipiibqlizufuxhacow/Build/Products
    cd /Users/bernhardbudiono/Library/CloudStorage/Dropbox/_Documents\ -\ Apps\ \(Working\)/repos_github/Working/repo_docketmate/_macOS/DocketMate_Sandbox/DocketMate_Sandbox.xcodeproj
    builtin-create-build-directory /Users/bernhardbudiono/Library/Developer/Xcode/DerivedData/DocketMate_Sandbox-ftwquvqwuiipiibqlizufuxhacow/Build/Products

CreateBuildDirectory /Users/bernhardbudiono/Library/Developer/Xcode/DerivedData/DocketMate_Sandbox-ftwquvqwuiipiibqlizufuxhacow/Build/Intermediates.noindex
    cd /Users/bernhardbudiono/Library/CloudStorage/Dropbox/_Documents\ -\ Apps\ \(Working\)/repos_github/Working/repo_docketmate/_macOS/DocketMate_Sandbox/DocketMate_Sandbox.xcodeproj
    builtin-create-build-directory /Users/bernhardbudiono/Library/Developer/Xcode/DerivedData/DocketMate_Sandbox-ftwquvqwuiipiibqlizufuxhacow/Build/Intermediates.noindex

CreateBuildDirectory /Users/bernhardbudiono/Library/Developer/Xcode/DerivedData/DocketMate_Sandbox-ftwquvqwuiipiibqlizufuxhacow/Build/Intermediates.noindex/EagerLinkingTBDs/Debug
    cd /Users/bernhardbudiono/Library/CloudStorage/Dropbox/_Documents\ -\ Apps\ \(Working\)/repos_github/Working/repo_docketmate/_macOS/DocketMate_Sandbox/DocketMate_Sandbox.xcodeproj
    builtin-create-build-directory /Users/bernhardbudiono/Library/Developer/Xcode/DerivedData/DocketMate_Sandbox-ftwquvqwuiipiibqlizufuxhacow/Build/Intermediates.noindex/EagerLinkingTBDs/Debug

CreateBuildDirectory /Users/bernhardbudiono/Library/Developer/Xcode/DerivedData/DocketMate_Sandbox-ftwquvqwuiipiibqlizufuxhacow/Build/Products/Debug
    cd /Users/bernhardbudiono/Library/CloudStorage/Dropbox/_Documents\ -\ Apps\ \(Working\)/repos_github/Working/repo_docketmate/_macOS/DocketMate_Sandbox/DocketMate_Sandbox.xcodeproj
    builtin-create-build-directory /Users/bernhardbudiono/Library/Developer/Xcode/DerivedData/DocketMate_Sandbox-ftwquvqwuiipiibqlizufuxhacow/Build/Products/Debug

WriteAuxiliaryFile /Users/bernhardbudiono/Library/Developer/Xcode/DerivedData/DocketMate_Sandbox-ftwquvqwuiipiibqlizufuxhacow/Build/Intermediates.noindex/DocketMate_Sandbox.build/Debug/DocketMate_Sandbox-512b32ce931c36e23446caed3ea9625f-VFS/all-product-headers.yaml
    cd /Users/bernhardbudiono/Library/CloudStorage/Dropbox/_Documents\ -\ Apps\ \(Working\)/repos_github/Working/repo_docketmate/_macOS/DocketMate_Sandbox/DocketMate_Sandbox.xcodeproj
    write-file /Users/bernhardbudiono/Library/Developer/Xcode/DerivedData/DocketMate_Sandbox-ftwquvqwuiipiibqlizufuxhacow/Build/Intermediates.noindex/DocketMate_Sandbox.build/Debug/DocketMate_Sandbox-512b32ce931c36e23446caed3ea9625f-VFS/all-product-headers.yaml

WriteAuxiliaryFile /Users/bernhardbudiono/Library/Developer/Xcode/DerivedData/DocketMate_Sandbox-ftwquvqwuiipiibqlizufuxhacow/Build/Intermediates.noindex/DocketMate_Sandbox.build/Debug/DocketMate_Sandbox.build/DocketMate_Sandbox.DependencyMetadataFileList (in target 'DocketMate_Sandbox' from project 'DocketMate_Sandbox')
    cd /Users/bernhardbudiono/Library/CloudStorage/Dropbox/_Documents\ -\ Apps\ \(Working\)/repos_github/Working/repo_docketmate/_macOS/DocketMate_Sandbox
    write-file /Users/bernhardbudiono/Library/Developer/Xcode/DerivedData/DocketMate_Sandbox-ftwquvqwuiipiibqlizufuxhacow/Build/Intermediates.noindex/DocketMate_Sandbox.build/Debug/DocketMate_Sandbox.build/DocketMate_Sandbox.DependencyMetadataFileList

WriteAuxiliaryFile /Users/bernhardbudiono/Library/Developer/Xcode/DerivedData/DocketMate_Sandbox-ftwquvqwuiipiibqlizufuxhacow/Build/Intermediates.noindex/DocketMate_Sandbox.build/Debug/DocketMate_Sandbox.build/DocketMate_Sandbox.hmap (in target 'DocketMate_Sandbox' from project 'DocketMate_Sandbox')
    cd /Users/bernhardbudiono/Library/CloudStorage/Dropbox/_Documents\ -\ Apps\ \(Working\)/repos_github/Working/repo_docketmate/_macOS/DocketMate_Sandbox
    write-file /Users/bernhardbudiono/Library/Developer/Xcode/DerivedData/DocketMate_Sandbox-ftwquvqwuiipiibqlizufuxhacow/Build/Intermediates.noindex/DocketMate_Sandbox.build/Debug/DocketMate_Sandbox.build/DocketMate_Sandbox.hmap

WriteAuxiliaryFile /Users/bernhardbudiono/Library/Developer/Xcode/DerivedData/DocketMate_Sandbox-ftwquvqwuiipiibqlizufuxhacow/Build/Intermediates.noindex/DocketMate_Sandbox.build/Debug/DocketMate_Sandbox.build/DocketMate_Sandbox.DependencyStaticMetadataFileList (in target 'DocketMate_Sandbox' from project 'DocketMate_Sandbox')
    cd /Users/bernhardbudiono/Library/CloudStorage/Dropbox/_Documents\ -\ Apps\ \(Working\)/repos_github/Working/repo_docketmate/_macOS/DocketMate_Sandbox
    write-file /Users/bernhardbudiono/Library/Developer/Xcode/DerivedData/DocketMate_Sandbox-ftwquvqwuiipiibqlizufuxhacow/Build/Intermediates.noindex/DocketMate_Sandbox.build/Debug/DocketMate_Sandbox.build/DocketMate_Sandbox.DependencyStaticMetadataFileList

WriteAuxiliaryFile /Users/bernhardbudiono/Library/Developer/Xcode/DerivedData/DocketMate_Sandbox-ftwquvqwuiipiibqlizufuxhacow/Build/Intermediates.noindex/DocketMate_Sandbox.build/Debug/DocketMate_Sandbox.build/DocketMate_Sandbox-all-non-framework-target-headers.hmap (in target 'DocketMate_Sandbox' from project 'DocketMate_Sandbox')
    cd /Users/bernhardbudiono/Library/CloudStorage/Dropbox/_Documents\ -\ Apps\ \(Working\)/repos_github/Working/repo_docketmate/_macOS/DocketMate_Sandbox
    write-file /Users/bernhardbudiono/Library/Developer/Xcode/DerivedData/DocketMate_Sandbox-ftwquvqwuiipiibqlizufuxhacow/Build/Intermediates.noindex/DocketMate_Sandbox.build/Debug/DocketMate_Sandbox.build/DocketMate_Sandbox-all-non-framework-target-headers.hmap

WriteAuxiliaryFile /Users/bernhardbudiono/Library/Developer/Xcode/DerivedData/DocketMate_Sandbox-ftwquvqwuiipiibqlizufuxhacow/Build/Intermediates.noindex/DocketMate_Sandbox.build/Debug/DocketMate_Sandbox.build/DocketMate_Sandbox-project-headers.hmap (in target 'DocketMate_Sandbox' from project 'DocketMate_Sandbox')
    cd /Users/bernhardbudiono/Library/CloudStorage/Dropbox/_Documents\ -\ Apps\ \(Working\)/repos_github/Working/repo_docketmate/_macOS/DocketMate_Sandbox
    write-file /Users/bernhardbudiono/Library/Developer/Xcode/DerivedData/DocketMate_Sandbox-ftwquvqwuiipiibqlizufuxhacow/Build/Intermediates.noindex/DocketMate_Sandbox.build/Debug/DocketMate_Sandbox.build/DocketMate_Sandbox-project-headers.hmap

WriteAuxiliaryFile /Users/bernhardbudiono/Library/Developer/Xcode/DerivedData/DocketMate_Sandbox-ftwquvqwuiipiibqlizufuxhacow/Build/Intermediates.noindex/DocketMate_Sandbox.build/Debug/DocketMate_Sandbox.build/DocketMate_Sandbox-all-target-headers.hmap (in target 'DocketMate_Sandbox' from project 'DocketMate_Sandbox')
    cd /Users/bernhardbudiono/Library/CloudStorage/Dropbox/_Documents\ -\ Apps\ \(Working\)/repos_github/Working/repo_docketmate/_macOS/DocketMate_Sandbox
    write-file /Users/bernhardbudiono/Library/Developer/Xcode/DerivedData/DocketMate_Sandbox-ftwquvqwuiipiibqlizufuxhacow/Build/Intermediates.noindex/DocketMate_Sandbox.build/Debug/DocketMate_Sandbox.build/DocketMate_Sandbox-all-target-headers.hmap

WriteAuxiliaryFile /Users/bernhardbudiono/Library/Developer/Xcode/DerivedData/DocketMate_Sandbox-ftwquvqwuiipiibqlizufuxhacow/Build/Intermediates.noindex/DocketMate_Sandbox.build/Debug/DocketMate_Sandbox.build/DocketMate_Sandbox-own-target-headers.hmap (in target 'DocketMate_Sandbox' from project 'DocketMate_Sandbox')
    cd /Users/bernhardbudiono/Library/CloudStorage/Dropbox/_Documents\ -\ Apps\ \(Working\)/repos_github/Working/repo_docketmate/_macOS/DocketMate_Sandbox
    write-file /Users/bernhardbudiono/Library/Developer/Xcode/DerivedData/DocketMate_Sandbox-ftwquvqwuiipiibqlizufuxhacow/Build/Intermediates.noindex/DocketMate_Sandbox.build/Debug/DocketMate_Sandbox.build/DocketMate_Sandbox-own-target-headers.hmap

WriteAuxiliaryFile /Users/bernhardbudiono/Library/Developer/Xcode/DerivedData/DocketMate_Sandbox-ftwquvqwuiipiibqlizufuxhacow/Build/Intermediates.noindex/DocketMate_Sandbox.build/Debug/DocketMate_Sandbox.build/DocketMate_Sandbox-generated-files.hmap (in target 'DocketMate_Sandbox' from project 'DocketMate_Sandbox')
    cd /Users/bernhardbudiono/Library/CloudStorage/Dropbox/_Documents\ -\ Apps\ \(Working\)/repos_github/Working/repo_docketmate/_macOS/DocketMate_Sandbox
    write-file /Users/bernhardbudiono/Library/Developer/Xcode/DerivedData/DocketMate_Sandbox-ftwquvqwuiipiibqlizufuxhacow/Build/Intermediates.noindex/DocketMate_Sandbox.build/Debug/DocketMate_Sandbox.build/DocketMate_Sandbox-generated-files.hmap

WriteAuxiliaryFile /Users/bernhardbudiono/Library/Developer/Xcode/DerivedData/DocketMate_Sandbox-ftwquvqwuiipiibqlizufuxhacow/Build/Intermediates.noindex/DocketMate_Sandbox.build/Debug/DocketMate_Sandbox.build/DocketMate_Sandbox-DebugDylibPath-normal-arm64.txt (in target 'DocketMate_Sandbox' from project 'DocketMate_Sandbox')
    cd /Users/bernhardbudiono/Library/CloudStorage/Dropbox/_Documents\ -\ Apps\ \(Working\)/repos_github/Working/repo_docketmate/_macOS/DocketMate_Sandbox
    write-file /Users/bernhardbudiono/Library/Developer/Xcode/DerivedData/DocketMate_Sandbox-ftwquvqwuiipiibqlizufuxhacow/Build/Intermediates.noindex/DocketMate_Sandbox.build/Debug/DocketMate_Sandbox.build/DocketMate_Sandbox-DebugDylibPath-normal-arm64.txt

WriteAuxiliaryFile /Users/bernhardbudiono/Library/Developer/Xcode/DerivedData/DocketMate_Sandbox-ftwquvqwuiipiibqlizufuxhacow/Build/Intermediates.noindex/DocketMate_Sandbox.build/Debug/DocketMate_Sandbox.build/Objects-normal/arm64/DocketMate_Sandbox-OutputFileMap.json (in target 'DocketMate_Sandbox' from project 'DocketMate_Sandbox')
    cd /Users/bernhardbudiono/Library/CloudStorage/Dropbox/_Documents\ -\ Apps\ \(Working\)/repos_github/Working/repo_docketmate/_macOS/DocketMate_Sandbox
    write-file /Users/bernhardbudiono/Library/Developer/Xcode/DerivedData/DocketMate_Sandbox-ftwquvqwuiipiibqlizufuxhacow/Build/Intermediates.noindex/DocketMate_Sandbox.build/Debug/DocketMate_Sandbox.build/Objects-normal/arm64/DocketMate_Sandbox-OutputFileMap.json

WriteAuxiliaryFile /Users/bernhardbudiono/Library/Developer/Xcode/DerivedData/DocketMate_Sandbox-ftwquvqwuiipiibqlizufuxhacow/Build/Intermediates.noindex/DocketMate_Sandbox.build/Debug/DocketMate_Sandbox.build/DocketMate_Sandbox-DebugDylibInstallName-normal-arm64.txt (in target 'DocketMate_Sandbox' from project 'DocketMate_Sandbox')
    cd /Users/bernhardbudiono/Library/CloudStorage/Dropbox/_Documents\ -\ Apps\ \(Working\)/repos_github/Working/repo_docketmate/_macOS/DocketMate_Sandbox
    write-file /Users/bernhardbudiono/Library/Developer/Xcode/DerivedData/DocketMate_Sandbox-ftwquvqwuiipiibqlizufuxhacow/Build/Intermediates.noindex/DocketMate_Sandbox.build/Debug/DocketMate_Sandbox.build/DocketMate_Sandbox-DebugDylibInstallName-normal-arm64.txt

WriteAuxiliaryFile /Users/bernhardbudiono/Library/Developer/Xcode/DerivedData/DocketMate_Sandbox-ftwquvqwuiipiibqlizufuxhacow/Build/Intermediates.noindex/DocketMate_Sandbox.build/Debug/DocketMate_Sandbox.build/Objects-normal/arm64/DocketMate_Sandbox_const_extract_protocols.json (in target 'DocketMate_Sandbox' from project 'DocketMate_Sandbox')
    cd /Users/bernhardbudiono/Library/CloudStorage/Dropbox/_Documents\ -\ Apps\ \(Working\)/repos_github/Working/repo_docketmate/_macOS/DocketMate_Sandbox
    write-file /Users/bernhardbudiono/Library/Developer/Xcode/DerivedData/DocketMate_Sandbox-ftwquvqwuiipiibqlizufuxhacow/Build/Intermediates.noindex/DocketMate_Sandbox.build/Debug/DocketMate_Sandbox.build/Objects-normal/arm64/DocketMate_Sandbox_const_extract_protocols.json

WriteAuxiliaryFile /Users/bernhardbudiono/Library/Developer/Xcode/DerivedData/DocketMate_Sandbox-ftwquvqwuiipiibqlizufuxhacow/Build/Intermediates.noindex/DocketMate_Sandbox.build/Debug/DocketMate_Sandbox.build/Objects-normal/arm64/DocketMate_Sandbox.SwiftFileList (in target 'DocketMate_Sandbox' from project 'DocketMate_Sandbox')
    cd /Users/bernhardbudiono/Library/CloudStorage/Dropbox/_Documents\ -\ Apps\ \(Working\)/repos_github/Working/repo_docketmate/_macOS/DocketMate_Sandbox
    write-file /Users/bernhardbudiono/Library/Developer/Xcode/DerivedData/DocketMate_Sandbox-ftwquvqwuiipiibqlizufuxhacow/Build/Intermediates.noindex/DocketMate_Sandbox.build/Debug/DocketMate_Sandbox.build/Objects-normal/arm64/DocketMate_Sandbox.SwiftFileList

WriteAuxiliaryFile /Users/bernhardbudiono/Library/Developer/Xcode/DerivedData/DocketMate_Sandbox-ftwquvqwuiipiibqlizufuxhacow/Build/Intermediates.noindex/DocketMate_Sandbox.build/Debug/DocketMate_Sandbox.build/Objects-normal/arm64/DocketMate_Sandbox.LinkFileList (in target 'DocketMate_Sandbox' from project 'DocketMate_Sandbox')
    cd /Users/bernhardbudiono/Library/CloudStorage/Dropbox/_Documents\ -\ Apps\ \(Working\)/repos_github/Working/repo_docketmate/_macOS/DocketMate_Sandbox
    write-file /Users/bernhardbudiono/Library/Developer/Xcode/DerivedData/DocketMate_Sandbox-ftwquvqwuiipiibqlizufuxhacow/Build/Intermediates.noindex/DocketMate_Sandbox.build/Debug/DocketMate_Sandbox.build/Objects-normal/arm64/DocketMate_Sandbox.LinkFileList

WriteAuxiliaryFile /Users/bernhardbudiono/Library/Developer/Xcode/DerivedData/DocketMate_Sandbox-ftwquvqwuiipiibqlizufuxhacow/Build/Intermediates.noindex/DocketMate_Sandbox.build/Debug/DocketMate_Sandbox.build/Objects-normal/arm64/DocketMate_Sandbox.SwiftConstValuesFileList (in target 'DocketMate_Sandbox' from project 'DocketMate_Sandbox')
    cd /Users/bernhardbudiono/Library/CloudStorage/Dropbox/_Documents\ -\ Apps\ \(Working\)/repos_github/Working/repo_docketmate/_macOS/DocketMate_Sandbox
    write-file /Users/bernhardbudiono/Library/Developer/Xcode/DerivedData/DocketMate_Sandbox-ftwquvqwuiipiibqlizufuxhacow/Build/Intermediates.noindex/DocketMate_Sandbox.build/Debug/DocketMate_Sandbox.build/Objects-normal/arm64/DocketMate_Sandbox.SwiftConstValuesFileList

WriteAuxiliaryFile /Users/bernhardbudiono/Library/Developer/Xcode/DerivedData/DocketMate_Sandbox-ftwquvqwuiipiibqlizufuxhacow/Build/Intermediates.noindex/DocketMate_Sandbox.build/Debug/DocketMate_Sandbox.build/DerivedSources/Entitlements.plist (in target 'DocketMate_Sandbox' from project 'DocketMate_Sandbox')
    cd /Users/bernhardbudiono/Library/CloudStorage/Dropbox/_Documents\ -\ Apps\ \(Working\)/repos_github/Working/repo_docketmate/_macOS/DocketMate_Sandbox
    write-file /Users/bernhardbudiono/Library/Developer/Xcode/DerivedData/DocketMate_Sandbox-ftwquvqwuiipiibqlizufuxhacow/Build/Intermediates.noindex/DocketMate_Sandbox.build/Debug/DocketMate_Sandbox.build/DerivedSources/Entitlements.plist

MkDir /Users/bernhardbudiono/Library/Developer/Xcode/DerivedData/DocketMate_Sandbox-ftwquvqwuiipiibqlizufuxhacow/Build/Products/Debug/DocketMate_Sandbox.app/Contents/MacOS (in target 'DocketMate_Sandbox' from project 'DocketMate_Sandbox')
    cd /Users/bernhardbudiono/Library/CloudStorage/Dropbox/_Documents\ -\ Apps\ \(Working\)/repos_github/Working/repo_docketmate/_macOS/DocketMate_Sandbox
    /bin/mkdir -p /Users/bernhardbudiono/Library/Developer/Xcode/DerivedData/DocketMate_Sandbox-ftwquvqwuiipiibqlizufuxhacow/Build/Products/Debug/DocketMate_Sandbox.app/Contents/MacOS

MkDir /Users/bernhardbudiono/Library/Developer/Xcode/DerivedData/DocketMate_Sandbox-ftwquvqwuiipiibqlizufuxhacow/Build/Products/Debug/DocketMate_Sandbox.app (in target 'DocketMate_Sandbox' from project 'DocketMate_Sandbox')
    cd /Users/bernhardbudiono/Library/CloudStorage/Dropbox/_Documents\ -\ Apps\ \(Working\)/repos_github/Working/repo_docketmate/_macOS/DocketMate_Sandbox
    /bin/mkdir -p /Users/bernhardbudiono/Library/Developer/Xcode/DerivedData/DocketMate_Sandbox-ftwquvqwuiipiibqlizufuxhacow/Build/Products/Debug/DocketMate_Sandbox.app

MkDir /Users/bernhardbudiono/Library/Developer/Xcode/DerivedData/DocketMate_Sandbox-ftwquvqwuiipiibqlizufuxhacow/Build/Products/Debug/DocketMate_Sandbox.app/Contents (in target 'DocketMate_Sandbox' from project 'DocketMate_Sandbox')
    cd /Users/bernhardbudiono/Library/CloudStorage/Dropbox/_Documents\ -\ Apps\ \(Working\)/repos_github/Working/repo_docketmate/_macOS/DocketMate_Sandbox
    /bin/mkdir -p /Users/bernhardbudiono/Library/Developer/Xcode/DerivedData/DocketMate_Sandbox-ftwquvqwuiipiibqlizufuxhacow/Build/Products/Debug/DocketMate_Sandbox.app/Contents

ProcessProductPackaging "" /Users/bernhardbudiono/Library/Developer/Xcode/DerivedData/DocketMate_Sandbox-ftwquvqwuiipiibqlizufuxhacow/Build/Intermediates.noindex/DocketMate_Sandbox.build/Debug/DocketMate_Sandbox.build/DocketMate_Sandbox.app.xcent (in target 'DocketMate_Sandbox' from project 'DocketMate_Sandbox')
    cd /Users/bernhardbudiono/Library/CloudStorage/Dropbox/_Documents\ -\ Apps\ \(Working\)/repos_github/Working/repo_docketmate/_macOS/DocketMate_Sandbox
    
    Entitlements:
    
    {
    "com.apple.security.get-task-allow" = 1;
}
    
    builtin-productPackagingUtility -entitlements -format xml -o /Users/bernhardbudiono/Library/Developer/Xcode/DerivedData/DocketMate_Sandbox-ftwquvqwuiipiibqlizufuxhacow/Build/Intermediates.noindex/DocketMate_Sandbox.build/Debug/DocketMate_Sandbox.build/DocketMate_Sandbox.app.xcent

ProcessProductPackagingDER /Users/bernhardbudiono/Library/Developer/Xcode/DerivedData/DocketMate_Sandbox-ftwquvqwuiipiibqlizufuxhacow/Build/Intermediates.noindex/DocketMate_Sandbox.build/Debug/DocketMate_Sandbox.build/DocketMate_Sandbox.app.xcent /Users/bernhardbudiono/Library/Developer/Xcode/DerivedData/DocketMate_Sandbox-ftwquvqwuiipiibqlizufuxhacow/Build/Intermediates.noindex/DocketMate_Sandbox.build/Debug/DocketMate_Sandbox.build/DocketMate_Sandbox.app.xcent.der (in target 'DocketMate_Sandbox' from project 'DocketMate_Sandbox')
    cd /Users/bernhardbudiono/Library/CloudStorage/Dropbox/_Documents\ -\ Apps\ \(Working\)/repos_github/Working/repo_docketmate/_macOS/DocketMate_Sandbox
    /usr/bin/derq query -f xml -i /Users/bernhardbudiono/Library/Developer/Xcode/DerivedData/DocketMate_Sandbox-ftwquvqwuiipiibqlizufuxhacow/Build/Intermediates.noindex/DocketMate_Sandbox.build/Debug/DocketMate_Sandbox.build/DocketMate_Sandbox.app.xcent -o /Users/bernhardbudiono/Library/Developer/Xcode/DerivedData/DocketMate_Sandbox-ftwquvqwuiipiibqlizufuxhacow/Build/Intermediates.noindex/DocketMate_Sandbox.build/Debug/DocketMate_Sandbox.build/DocketMate_Sandbox.app.xcent.der --raw

ProcessInfoPlistFile /Users/bernhardbudiono/Library/Developer/Xcode/DerivedData/DocketMate_Sandbox-ftwquvqwuiipiibqlizufuxhacow/Build/Products/Debug/DocketMate_Sandbox.app/Contents/Info.plist /Users/bernhardbudiono/Library/CloudStorage/Dropbox/_Documents\ -\ Apps\ (Working)/repos_github/Working/repo_docketmate/_macOS/DocketMate_Sandbox/Resources/Info.plist (in target 'DocketMate_Sandbox' from project 'DocketMate_Sandbox')
    cd /Users/bernhardbudiono/Library/CloudStorage/Dropbox/_Documents\ -\ Apps\ \(Working\)/repos_github/Working/repo_docketmate/_macOS/DocketMate_Sandbox
    builtin-infoPlistUtility /Users/bernhardbudiono/Library/CloudStorage/Dropbox/_Documents\ -\ Apps\ \(Working\)/repos_github/Working/repo_docketmate/_macOS/DocketMate_Sandbox/Resources/Info.plist -producttype com.apple.product-type.application -genpkginfo /Users/bernhardbudiono/Library/Developer/Xcode/DerivedData/DocketMate_Sandbox-ftwquvqwuiipiibqlizufuxhacow/Build/Products/Debug/DocketMate_Sandbox.app/Contents/PkgInfo -expandbuildsettings -platform macosx -o /Users/bernhardbudiono/Library/Developer/Xcode/DerivedData/DocketMate_Sandbox-ftwquvqwuiipiibqlizufuxhacow/Build/Products/Debug/DocketMate_Sandbox.app/Contents/Info.plist

Ld /Users/bernhardbudiono/Library/Developer/Xcode/DerivedData/DocketMate_Sandbox-ftwquvqwuiipiibqlizufuxhacow/Build/Products/Debug/DocketMate_Sandbox.app/Contents/MacOS/__preview.dylib normal (in target 'DocketMate_Sandbox' from project 'DocketMate_Sandbox')
    cd /Users/bernhardbudiono/Library/CloudStorage/Dropbox/_Documents\ -\ Apps\ \(Working\)/repos_github/Working/repo_docketmate/_macOS/DocketMate_Sandbox
    /Applications/Xcode.app/Contents/Developer/Toolchains/XcodeDefault.xctoolchain/usr/bin/clang -Xlinker -reproducible -target arm64-apple-macos13.5 -dynamiclib -isysroot /Applications/Xcode.app/Contents/Developer/Platforms/MacOSX.platform/Developer/SDKs/MacOSX15.4.sdk -O0 -L/Users/bernhardbudiono/Library/Developer/Xcode/DerivedData/DocketMate_Sandbox-ftwquvqwuiipiibqlizufuxhacow/Build/Products/Debug -F/Users/bernhardbudiono/Library/Developer/Xcode/DerivedData/DocketMate_Sandbox-ftwquvqwuiipiibqlizufuxhacow/Build/Products/Debug -install_name @rpath/DocketMate_Sandbox.debug.dylib -rdynamic -Xlinker -no_deduplicate -Xlinker -dependency_info -Xlinker /Users/bernhardbudiono/Library/Developer/Xcode/DerivedData/DocketMate_Sandbox-ftwquvqwuiipiibqlizufuxhacow/Build/Intermediates.noindex/DocketMate_Sandbox.build/Debug/DocketMate_Sandbox.build/Objects-normal/arm64/DocketMate_Sandbox_dependency_info.dat -Xlinker -no_adhoc_codesign -o /Users/bernhardbudiono/Library/Developer/Xcode/DerivedData/DocketMate_Sandbox-ftwquvqwuiipiibqlizufuxhacow/Build/Products/Debug/DocketMate_Sandbox.app/Contents/MacOS/__preview.dylib

SwiftDriver DocketMate_Sandbox normal arm64 com.apple.xcode.tools.swift.compiler (in target 'DocketMate_Sandbox' from project 'DocketMate_Sandbox')
    cd /Users/bernhardbudiono/Library/CloudStorage/Dropbox/_Documents\ -\ Apps\ \(Working\)/repos_github/Working/repo_docketmate/_macOS/DocketMate_Sandbox
    builtin-SwiftDriver -- /Applications/Xcode.app/Contents/Developer/Toolchains/XcodeDefault.xctoolchain/usr/bin/swiftc -module-name DocketMate_Sandbox -Onone -enforce-exclusivity\=checked @/Users/bernhardbudiono/Library/Developer/Xcode/DerivedData/DocketMate_Sandbox-ftwquvqwuiipiibqlizufuxhacow/Build/Intermediates.noindex/DocketMate_Sandbox.build/Debug/DocketMate_Sandbox.build/Objects-normal/arm64/DocketMate_Sandbox.SwiftFileList -DDEBUG -enable-bare-slash-regex -enable-experimental-feature DebugDescriptionMacro -sdk /Applications/Xcode.app/Contents/Developer/Platforms/MacOSX.platform/Developer/SDKs/MacOSX15.4.sdk -target arm64-apple-macos13.5 -g -module-cache-path /Users/bernhardbudiono/Library/Developer/Xcode/DerivedData/ModuleCache.noindex -Xfrontend -serialize-debugging-options -enable-testing -index-store-path /Users/bernhardbudiono/Library/Developer/Xcode/DerivedData/DocketMate_Sandbox-ftwquvqwuiipiibqlizufuxhacow/Index.noindex/DataStore -swift-version 5 -I /Users/bernhardbudiono/Library/Developer/Xcode/DerivedData/DocketMate_Sandbox-ftwquvqwuiipiibqlizufuxhacow/Build/Products/Debug -F /Users/bernhardbudiono/Library/Developer/Xcode/DerivedData/DocketMate_Sandbox-ftwquvqwuiipiibqlizufuxhacow/Build/Products/Debug -c -j16 -enable-batch-mode -incremental -Xcc -ivfsstatcache -Xcc /Users/bernhardbudiono/Library/Developer/Xcode/DerivedData/SDKStatCaches.noindex/macosx15.4-24E241-88b860576fb364319593bd8fb30666b0.sdkstatcache -output-file-map /Users/bernhardbudiono/Library/Developer/Xcode/DerivedData/DocketMate_Sandbox-ftwquvqwuiipiibqlizufuxhacow/Build/Intermediates.noindex/DocketMate_Sandbox.build/Debug/DocketMate_Sandbox.build/Objects-normal/arm64/DocketMate_Sandbox-OutputFileMap.json -use-frontend-parseable-output -save-temps -no-color-diagnostics -serialize-diagnostics -emit-dependencies -emit-module -emit-module-path /Users/bernhardbudiono/Library/Developer/Xcode/DerivedData/DocketMate_Sandbox-ftwquvqwuiipiibqlizufuxhacow/Build/Intermediates.noindex/DocketMate_Sandbox.build/Debug/DocketMate_Sandbox.build/Objects-normal/arm64/DocketMate_Sandbox.swiftmodule -validate-clang-modules-once -clang-build-session-file /Users/bernhardbudiono/Library/Developer/Xcode/DerivedData/ModuleCache.noindex/Session.modulevalidation -Xcc -I/Users/bernhardbudiono/Library/Developer/Xcode/DerivedData/DocketMate_Sandbox-ftwquvqwuiipiibqlizufuxhacow/Build/Intermediates.noindex/DocketMate_Sandbox.build/Debug/DocketMate_Sandbox.build/swift-overrides.hmap -emit-const-values -Xfrontend -const-gather-protocols-file -Xfrontend /Users/bernhardbudiono/Library/Developer/Xcode/DerivedData/DocketMate_Sandbox-ftwquvqwuiipiibqlizufuxhacow/Build/Intermediates.noindex/DocketMate_Sandbox.build/Debug/DocketMate_Sandbox.build/Objects-normal/arm64/DocketMate_Sandbox_const_extract_protocols.json -Xcc -iquote -Xcc /Users/bernhardbudiono/Library/Developer/Xcode/DerivedData/DocketMate_Sandbox-ftwquvqwuiipiibqlizufuxhacow/Build/Intermediates.noindex/DocketMate_Sandbox.build/Debug/DocketMate_Sandbox.build/DocketMate_Sandbox-generated-files.hmap -Xcc -I/Users/bernhardbudiono/Library/Developer/Xcode/DerivedData/DocketMate_Sandbox-ftwquvqwuiipiibqlizufuxhacow/Build/Intermediates.noindex/DocketMate_Sandbox.build/Debug/DocketMate_Sandbox.build/DocketMate_Sandbox-own-target-headers.hmap -Xcc -I/Users/bernhardbudiono/Library/Developer/Xcode/DerivedData/DocketMate_Sandbox-ftwquvqwuiipiibqlizufuxhacow/Build/Intermediates.noindex/DocketMate_Sandbox.build/Debug/DocketMate_Sandbox.build/DocketMate_Sandbox-all-target-headers.hmap -Xcc -iquote -Xcc /Users/bernhardbudiono/Library/Developer/Xcode/DerivedData/DocketMate_Sandbox-ftwquvqwuiipiibqlizufuxhacow/Build/Intermediates.noindex/DocketMate_Sandbox.build/Debug/DocketMate_Sandbox.build/DocketMate_Sandbox-project-headers.hmap -Xcc -I/Users/bernhardbudiono/Library/Developer/Xcode/DerivedData/DocketMate_Sandbox-ftwquvqwuiipiibqlizufuxhacow/Build/Products/Debug/include -Xcc -I/Users/bernhardbudiono/Library/Developer/Xcode/DerivedData/DocketMate_Sandbox-ftwquvqwuiipiibqlizufuxhacow/Build/Intermediates.noindex/DocketMate_Sandbox.build/Debug/DocketMate_Sandbox.build/DerivedSources-normal/arm64 -Xcc -I/Users/bernhardbudiono/Library/Developer/Xcode/DerivedData/DocketMate_Sandbox-ftwquvqwuiipiibqlizufuxhacow/Build/Intermediates.noindex/DocketMate_Sandbox.build/Debug/DocketMate_Sandbox.build/DerivedSources/arm64 -Xcc -I/Users/bernhardbudiono/Library/Developer/Xcode/DerivedData/DocketMate_Sandbox-ftwquvqwuiipiibqlizufuxhacow/Build/Intermediates.noindex/DocketMate_Sandbox.build/Debug/DocketMate_Sandbox.build/DerivedSources -Xcc -DDEBUG\=1 -emit-objc-header -emit-objc-header-path /Users/bernhardbudiono/Library/Developer/Xcode/DerivedData/DocketMate_Sandbox-ftwquvqwuiipiibqlizufuxhacow/Build/Intermediates.noindex/DocketMate_Sandbox.build/Debug/DocketMate_Sandbox.build/Objects-normal/arm64/DocketMate_Sandbox-Swift.h -working-directory /Users/bernhardbudiono/Library/CloudStorage/Dropbox/_Documents\ -\ Apps\ \(Working\)/repos_github/Working/repo_docketmate/_macOS/DocketMate_Sandbox -experimental-emit-module-separately -disable-cmo

SwiftEmitModule normal arm64 Emitting\ module\ for\ DocketMate_Sandbox (in target 'DocketMate_Sandbox' from project 'DocketMate_Sandbox')

EmitSwiftModule normal arm64 (in target 'DocketMate_Sandbox' from project 'DocketMate_Sandbox')
    cd /Users/bernhardbudiono/Library/CloudStorage/Dropbox/_Documents\ -\ Apps\ \(Working\)/repos_github/Working/repo_docketmate/_macOS/DocketMate_Sandbox
    

SwiftCompile normal arm64 Compiling\ DocketMateApp.swift /Users/bernhardbudiono/Library/CloudStorage/Dropbox/_Documents\ -\ Apps\ (Working)/repos_github/Working/repo_docketmate/_macOS/DocketMate_Sandbox/Sources/DocketMateApp.swift (in target 'DocketMate_Sandbox' from project 'DocketMate_Sandbox')
SwiftCompile normal arm64 /Users/bernhardbudiono/Library/CloudStorage/Dropbox/_Documents\ -\ Apps\ (Working)/repos_github/Working/repo_docketmate/_macOS/DocketMate_Sandbox/Sources/DocketMateApp.swift (in target 'DocketMate_Sandbox' from project 'DocketMate_Sandbox')
    cd /Users/bernhardbudiono/Library/CloudStorage/Dropbox/_Documents\ -\ Apps\ \(Working\)/repos_github/Working/repo_docketmate/_macOS/DocketMate_Sandbox
    

SwiftCompile normal arm64 Compiling\ ContentView.swift /Users/bernhardbudiono/Library/CloudStorage/Dropbox/_Documents\ -\ Apps\ (Working)/repos_github/Working/repo_docketmate/_macOS/DocketMate_Sandbox/Sources/ContentView.swift (in target 'DocketMate_Sandbox' from project 'DocketMate_Sandbox')

SwiftCompile normal arm64 /Users/bernhardbudiono/Library/CloudStorage/Dropbox/_Documents\ -\ Apps\ (Working)/repos_github/Working/repo_docketmate/_macOS/DocketMate_Sandbox/Sources/ContentView.swift (in target 'DocketMate_Sandbox' from project 'DocketMate_Sandbox')
    cd /Users/bernhardbudiono/Library/CloudStorage/Dropbox/_Documents\ -\ Apps\ \(Working\)/repos_github/Working/repo_docketmate/_macOS/DocketMate_Sandbox
    

SwiftDriverJobDiscovery normal arm64 Emitting module for DocketMate_Sandbox (in target 'DocketMate_Sandbox' from project 'DocketMate_Sandbox')

SwiftDriver\ Compilation\ Requirements DocketMate_Sandbox normal arm64 com.apple.xcode.tools.swift.compiler (in target 'DocketMate_Sandbox' from project 'DocketMate_Sandbox')
    cd /Users/bernhardbudiono/Library/CloudStorage/Dropbox/_Documents\ -\ Apps\ \(Working\)/repos_github/Working/repo_docketmate/_macOS/DocketMate_Sandbox
    builtin-Swift-Compilation-Requirements -- /Applications/Xcode.app/Contents/Developer/Toolchains/XcodeDefault.xctoolchain/usr/bin/swiftc -module-name DocketMate_Sandbox -Onone -enforce-exclusivity\=checked @/Users/bernhardbudiono/Library/Developer/Xcode/DerivedData/DocketMate_Sandbox-ftwquvqwuiipiibqlizufuxhacow/Build/Intermediates.noindex/DocketMate_Sandbox.build/Debug/DocketMate_Sandbox.build/Objects-normal/arm64/DocketMate_Sandbox.SwiftFileList -DDEBUG -enable-bare-slash-regex -enable-experimental-feature DebugDescriptionMacro -sdk /Applications/Xcode.app/Contents/Developer/Platforms/MacOSX.platform/Developer/SDKs/MacOSX15.4.sdk -target arm64-apple-macos13.5 -g -module-cache-path /Users/bernhardbudiono/Library/Developer/Xcode/DerivedData/ModuleCache.noindex -Xfrontend -serialize-debugging-options -enable-testing -index-store-path /Users/bernhardbudiono/Library/Developer/Xcode/DerivedData/DocketMate_Sandbox-ftwquvqwuiipiibqlizufuxhacow/Index.noindex/DataStore -swift-version 5 -I /Users/bernhardbudiono/Library/Developer/Xcode/DerivedData/DocketMate_Sandbox-ftwquvqwuiipiibqlizufuxhacow/Build/Products/Debug -F /Users/bernhardbudiono/Library/Developer/Xcode/DerivedData/DocketMate_Sandbox-ftwquvqwuiipiibqlizufuxhacow/Build/Products/Debug -c -j16 -enable-batch-mode -incremental -Xcc -ivfsstatcache -Xcc /Users/bernhardbudiono/Library/Developer/Xcode/DerivedData/SDKStatCaches.noindex/macosx15.4-24E241-88b860576fb364319593bd8fb30666b0.sdkstatcache -output-file-map /Users/bernhardbudiono/Library/Developer/Xcode/DerivedData/DocketMate_Sandbox-ftwquvqwuiipiibqlizufuxhacow/Build/Intermediates.noindex/DocketMate_Sandbox.build/Debug/DocketMate_Sandbox.build/Objects-normal/arm64/DocketMate_Sandbox-OutputFileMap.json -use-frontend-parseable-output -save-temps -no-color-diagnostics -serialize-diagnostics -emit-dependencies -emit-module -emit-module-path /Users/bernhardbudiono/Library/Developer/Xcode/DerivedData/DocketMate_Sandbox-ftwquvqwuiipiibqlizufuxhacow/Build/Intermediates.noindex/DocketMate_Sandbox.build/Debug/DocketMate_Sandbox.build/Objects-normal/arm64/DocketMate_Sandbox.swiftmodule -validate-clang-modules-once -clang-build-session-file /Users/bernhardbudiono/Library/Developer/Xcode/DerivedData/ModuleCache.noindex/Session.modulevalidation -Xcc -I/Users/bernhardbudiono/Library/Developer/Xcode/DerivedData/DocketMate_Sandbox-ftwquvqwuiipiibqlizufuxhacow/Build/Intermediates.noindex/DocketMate_Sandbox.build/Debug/DocketMate_Sandbox.build/swift-overrides.hmap -emit-const-values -Xfrontend -const-gather-protocols-file -Xfrontend /Users/bernhardbudiono/Library/Developer/Xcode/DerivedData/DocketMate_Sandbox-ftwquvqwuiipiibqlizufuxhacow/Build/Intermediates.noindex/DocketMate_Sandbox.build/Debug/DocketMate_Sandbox.build/Objects-normal/arm64/DocketMate_Sandbox_const_extract_protocols.json -Xcc -iquote -Xcc /Users/bernhardbudiono/Library/Developer/Xcode/DerivedData/DocketMate_Sandbox-ftwquvqwuiipiibqlizufuxhacow/Build/Intermediates.noindex/DocketMate_Sandbox.build/Debug/DocketMate_Sandbox.build/DocketMate_Sandbox-generated-files.hmap -Xcc -I/Users/bernhardbudiono/Library/Developer/Xcode/DerivedData/DocketMate_Sandbox-ftwquvqwuiipiibqlizufuxhacow/Build/Intermediates.noindex/DocketMate_Sandbox.build/Debug/DocketMate_Sandbox.build/DocketMate_Sandbox-own-target-headers.hmap -Xcc -I/Users/bernhardbudiono/Library/Developer/Xcode/DerivedData/DocketMate_Sandbox-ftwquvqwuiipiibqlizufuxhacow/Build/Intermediates.noindex/DocketMate_Sandbox.build/Debug/DocketMate_Sandbox.build/DocketMate_Sandbox-all-target-headers.hmap -Xcc -iquote -Xcc /Users/bernhardbudiono/Library/Developer/Xcode/DerivedData/DocketMate_Sandbox-ftwquvqwuiipiibqlizufuxhacow/Build/Intermediates.noindex/DocketMate_Sandbox.build/Debug/DocketMate_Sandbox.build/DocketMate_Sandbox-project-headers.hmap -Xcc -I/Users/bernhardbudiono/Library/Developer/Xcode/DerivedData/DocketMate_Sandbox-ftwquvqwuiipiibqlizufuxhacow/Build/Products/Debug/include -Xcc -I/Users/bernhardbudiono/Library/Developer/Xcode/DerivedData/DocketMate_Sandbox-ftwquvqwuiipiibqlizufuxhacow/Build/Intermediates.noindex/DocketMate_Sandbox.build/Debug/DocketMate_Sandbox.build/DerivedSources-normal/arm64 -Xcc -I/Users/bernhardbudiono/Library/Developer/Xcode/DerivedData/DocketMate_Sandbox-ftwquvqwuiipiibqlizufuxhacow/Build/Intermediates.noindex/DocketMate_Sandbox.build/Debug/DocketMate_Sandbox.build/DerivedSources/arm64 -Xcc -I/Users/bernhardbudiono/Library/Developer/Xcode/DerivedData/DocketMate_Sandbox-ftwquvqwuiipiibqlizufuxhacow/Build/Intermediates.noindex/DocketMate_Sandbox.build/Debug/DocketMate_Sandbox.build/DerivedSources -Xcc -DDEBUG\=1 -emit-objc-header -emit-objc-header-path /Users/bernhardbudiono/Library/Developer/Xcode/DerivedData/DocketMate_Sandbox-ftwquvqwuiipiibqlizufuxhacow/Build/Intermediates.noindex/DocketMate_Sandbox.build/Debug/DocketMate_Sandbox.build/Objects-normal/arm64/DocketMate_Sandbox-Swift.h -working-directory /Users/bernhardbudiono/Library/CloudStorage/Dropbox/_Documents\ -\ Apps\ \(Working\)/repos_github/Working/repo_docketmate/_macOS/DocketMate_Sandbox -experimental-emit-module-separately -disable-cmo

SwiftMergeGeneratedHeaders /Users/bernhardbudiono/Library/Developer/Xcode/DerivedData/DocketMate_Sandbox-ftwquvqwuiipiibqlizufuxhacow/Build/Intermediates.noindex/DocketMate_Sandbox.build/Debug/DocketMate_Sandbox.build/DerivedSources/DocketMate_Sandbox-Swift.h /Users/bernhardbudiono/Library/Developer/Xcode/DerivedData/DocketMate_Sandbox-ftwquvqwuiipiibqlizufuxhacow/Build/Intermediates.noindex/DocketMate_Sandbox.build/Debug/DocketMate_Sandbox.build/Objects-normal/arm64/DocketMate_Sandbox-Swift.h (in target 'DocketMate_Sandbox' from project 'DocketMate_Sandbox')
    cd /Users/bernhardbudiono/Library/CloudStorage/Dropbox/_Documents\ -\ Apps\ \(Working\)/repos_github/Working/repo_docketmate/_macOS/DocketMate_Sandbox
    builtin-swiftHeaderTool -arch arm64 /Users/bernhardbudiono/Library/Developer/Xcode/DerivedData/DocketMate_Sandbox-ftwquvqwuiipiibqlizufuxhacow/Build/Intermediates.noindex/DocketMate_Sandbox.build/Debug/DocketMate_Sandbox.build/Objects-normal/arm64/DocketMate_Sandbox-Swift.h -o /Users/bernhardbudiono/Library/Developer/Xcode/DerivedData/DocketMate_Sandbox-ftwquvqwuiipiibqlizufuxhacow/Build/Intermediates.noindex/DocketMate_Sandbox.build/Debug/DocketMate_Sandbox.build/DerivedSources/DocketMate_Sandbox-Swift.h

Copy /Users/bernhardbudiono/Library/Developer/Xcode/DerivedData/DocketMate_Sandbox-ftwquvqwuiipiibqlizufuxhacow/Build/Products/Debug/DocketMate_Sandbox.swiftmodule/arm64-apple-macos.abi.json /Users/bernhardbudiono/Library/Developer/Xcode/DerivedData/DocketMate_Sandbox-ftwquvqwuiipiibqlizufuxhacow/Build/Intermediates.noindex/DocketMate_Sandbox.build/Debug/DocketMate_Sandbox.build/Objects-normal/arm64/DocketMate_Sandbox.abi.json (in target 'DocketMate_Sandbox' from project 'DocketMate_Sandbox')
    cd /Users/bernhardbudiono/Library/CloudStorage/Dropbox/_Documents\ -\ Apps\ \(Working\)/repos_github/Working/repo_docketmate/_macOS/DocketMate_Sandbox
    builtin-copy -exclude .DS_Store -exclude CVS -exclude .svn -exclude .git -exclude .hg -resolve-src-symlinks -rename /Users/bernhardbudiono/Library/Developer/Xcode/DerivedData/DocketMate_Sandbox-ftwquvqwuiipiibqlizufuxhacow/Build/Intermediates.noindex/DocketMate_Sandbox.build/Debug/DocketMate_Sandbox.build/Objects-normal/arm64/DocketMate_Sandbox.abi.json /Users/bernhardbudiono/Library/Developer/Xcode/DerivedData/DocketMate_Sandbox-ftwquvqwuiipiibqlizufuxhacow/Build/Products/Debug/DocketMate_Sandbox.swiftmodule/arm64-apple-macos.abi.json

Copy /Users/bernhardbudiono/Library/Developer/Xcode/DerivedData/DocketMate_Sandbox-ftwquvqwuiipiibqlizufuxhacow/Build/Products/Debug/DocketMate_Sandbox.swiftmodule/arm64-apple-macos.swiftdoc /Users/bernhardbudiono/Library/Developer/Xcode/DerivedData/DocketMate_Sandbox-ftwquvqwuiipiibqlizufuxhacow/Build/Intermediates.noindex/DocketMate_Sandbox.build/Debug/DocketMate_Sandbox.build/Objects-normal/arm64/DocketMate_Sandbox.swiftdoc (in target 'DocketMate_Sandbox' from project 'DocketMate_Sandbox')
    cd /Users/bernhardbudiono/Library/CloudStorage/Dropbox/_Documents\ -\ Apps\ \(Working\)/repos_github/Working/repo_docketmate/_macOS/DocketMate_Sandbox
    builtin-copy -exclude .DS_Store -exclude CVS -exclude .svn -exclude .git -exclude .hg -resolve-src-symlinks -rename /Users/bernhardbudiono/Library/Developer/Xcode/DerivedData/DocketMate_Sandbox-ftwquvqwuiipiibqlizufuxhacow/Build/Intermediates.noindex/DocketMate_Sandbox.build/Debug/DocketMate_Sandbox.build/Objects-normal/arm64/DocketMate_Sandbox.swiftdoc /Users/bernhardbudiono/Library/Developer/Xcode/DerivedData/DocketMate_Sandbox-ftwquvqwuiipiibqlizufuxhacow/Build/Products/Debug/DocketMate_Sandbox.swiftmodule/arm64-apple-macos.swiftdoc

Copy /Users/bernhardbudiono/Library/Developer/Xcode/DerivedData/DocketMate_Sandbox-ftwquvqwuiipiibqlizufuxhacow/Build/Products/Debug/DocketMate_Sandbox.swiftmodule/arm64-apple-macos.swiftmodule /Users/bernhardbudiono/Library/Developer/Xcode/DerivedData/DocketMate_Sandbox-ftwquvqwuiipiibqlizufuxhacow/Build/Intermediates.noindex/DocketMate_Sandbox.build/Debug/DocketMate_Sandbox.build/Objects-normal/arm64/DocketMate_Sandbox.swiftmodule (in target 'DocketMate_Sandbox' from project 'DocketMate_Sandbox')
    cd /Users/bernhardbudiono/Library/CloudStorage/Dropbox/_Documents\ -\ Apps\ \(Working\)/repos_github/Working/repo_docketmate/_macOS/DocketMate_Sandbox
    builtin-copy -exclude .DS_Store -exclude CVS -exclude .svn -exclude .git -exclude .hg -resolve-src-symlinks -rename /Users/bernhardbudiono/Library/Developer/Xcode/DerivedData/DocketMate_Sandbox-ftwquvqwuiipiibqlizufuxhacow/Build/Intermediates.noindex/DocketMate_Sandbox.build/Debug/DocketMate_Sandbox.build/Objects-normal/arm64/DocketMate_Sandbox.swiftmodule /Users/bernhardbudiono/Library/Developer/Xcode/DerivedData/DocketMate_Sandbox-ftwquvqwuiipiibqlizufuxhacow/Build/Products/Debug/DocketMate_Sandbox.swiftmodule/arm64-apple-macos.swiftmodule

Copy /Users/bernhardbudiono/Library/Developer/Xcode/DerivedData/DocketMate_Sandbox-ftwquvqwuiipiibqlizufuxhacow/Build/Products/Debug/DocketMate_Sandbox.swiftmodule/Project/arm64-apple-macos.swiftsourceinfo /Users/bernhardbudiono/Library/Developer/Xcode/DerivedData/DocketMate_Sandbox-ftwquvqwuiipiibqlizufuxhacow/Build/Intermediates.noindex/DocketMate_Sandbox.build/Debug/DocketMate_Sandbox.build/Objects-normal/arm64/DocketMate_Sandbox.swiftsourceinfo (in target 'DocketMate_Sandbox' from project 'DocketMate_Sandbox')
    cd /Users/bernhardbudiono/Library/CloudStorage/Dropbox/_Documents\ -\ Apps\ \(Working\)/repos_github/Working/repo_docketmate/_macOS/DocketMate_Sandbox
    builtin-copy -exclude .DS_Store -exclude CVS -exclude .svn -exclude .git -exclude .hg -resolve-src-symlinks -rename /Users/bernhardbudiono/Library/Developer/Xcode/DerivedData/DocketMate_Sandbox-ftwquvqwuiipiibqlizufuxhacow/Build/Intermediates.noindex/DocketMate_Sandbox.build/Debug/DocketMate_Sandbox.build/Objects-normal/arm64/DocketMate_Sandbox.swiftsourceinfo /Users/bernhardbudiono/Library/Developer/Xcode/DerivedData/DocketMate_Sandbox-ftwquvqwuiipiibqlizufuxhacow/Build/Products/Debug/DocketMate_Sandbox.swiftmodule/Project/arm64-apple-macos.swiftsourceinfo

SwiftDriverJobDiscovery normal arm64 Compiling ContentView.swift (in target 'DocketMate_Sandbox' from project 'DocketMate_Sandbox')

SwiftDriverJobDiscovery normal arm64 Compiling DocketMateApp.swift (in target 'DocketMate_Sandbox' from project 'DocketMate_Sandbox')

SwiftDriver\ Compilation DocketMate_Sandbox normal arm64 com.apple.xcode.tools.swift.compiler (in target 'DocketMate_Sandbox' from project 'DocketMate_Sandbox')
    cd /Users/bernhardbudiono/Library/CloudStorage/Dropbox/_Documents\ -\ Apps\ \(Working\)/repos_github/Working/repo_docketmate/_macOS/DocketMate_Sandbox
    builtin-Swift-Compilation -- /Applications/Xcode.app/Contents/Developer/Toolchains/XcodeDefault.xctoolchain/usr/bin/swiftc -module-name DocketMate_Sandbox -Onone -enforce-exclusivity\=checked @/Users/bernhardbudiono/Library/Developer/Xcode/DerivedData/DocketMate_Sandbox-ftwquvqwuiipiibqlizufuxhacow/Build/Intermediates.noindex/DocketMate_Sandbox.build/Debug/DocketMate_Sandbox.build/Objects-normal/arm64/DocketMate_Sandbox.SwiftFileList -DDEBUG -enable-bare-slash-regex -enable-experimental-feature DebugDescriptionMacro -sdk /Applications/Xcode.app/Contents/Developer/Platforms/MacOSX.platform/Developer/SDKs/MacOSX15.4.sdk -target arm64-apple-macos13.5 -g -module-cache-path /Users/bernhardbudiono/Library/Developer/Xcode/DerivedData/ModuleCache.noindex -Xfrontend -serialize-debugging-options -enable-testing -index-store-path /Users/bernhardbudiono/Library/Developer/Xcode/DerivedData/DocketMate_Sandbox-ftwquvqwuiipiibqlizufuxhacow/Index.noindex/DataStore -swift-version 5 -I /Users/bernhardbudiono/Library/Developer/Xcode/DerivedData/DocketMate_Sandbox-ftwquvqwuiipiibqlizufuxhacow/Build/Products/Debug -F /Users/bernhardbudiono/Library/Developer/Xcode/DerivedData/DocketMate_Sandbox-ftwquvqwuiipiibqlizufuxhacow/Build/Products/Debug -c -j16 -enable-batch-mode -incremental -Xcc -ivfsstatcache -Xcc /Users/bernhardbudiono/Library/Developer/Xcode/DerivedData/SDKStatCaches.noindex/macosx15.4-24E241-88b860576fb364319593bd8fb30666b0.sdkstatcache -output-file-map /Users/bernhardbudiono/Library/Developer/Xcode/DerivedData/DocketMate_Sandbox-ftwquvqwuiipiibqlizufuxhacow/Build/Intermediates.noindex/DocketMate_Sandbox.build/Debug/DocketMate_Sandbox.build/Objects-normal/arm64/DocketMate_Sandbox-OutputFileMap.json -use-frontend-parseable-output -save-temps -no-color-diagnostics -serialize-diagnostics -emit-dependencies -emit-module -emit-module-path /Users/bernhardbudiono/Library/Developer/Xcode/DerivedData/DocketMate_Sandbox-ftwquvqwuiipiibqlizufuxhacow/Build/Intermediates.noindex/DocketMate_Sandbox.build/Debug/DocketMate_Sandbox.build/Objects-normal/arm64/DocketMate_Sandbox.swiftmodule -validate-clang-modules-once -clang-build-session-file /Users/bernhardbudiono/Library/Developer/Xcode/DerivedData/ModuleCache.noindex/Session.modulevalidation -Xcc -I/Users/bernhardbudiono/Library/Developer/Xcode/DerivedData/DocketMate_Sandbox-ftwquvqwuiipiibqlizufuxhacow/Build/Intermediates.noindex/DocketMate_Sandbox.build/Debug/DocketMate_Sandbox.build/swift-overrides.hmap -emit-const-values -Xfrontend -const-gather-protocols-file -Xfrontend /Users/bernhardbudiono/Library/Developer/Xcode/DerivedData/DocketMate_Sandbox-ftwquvqwuiipiibqlizufuxhacow/Build/Intermediates.noindex/DocketMate_Sandbox.build/Debug/DocketMate_Sandbox.build/Objects-normal/arm64/DocketMate_Sandbox_const_extract_protocols.json -Xcc -iquote -Xcc /Users/bernhardbudiono/Library/Developer/Xcode/DerivedData/DocketMate_Sandbox-ftwquvqwuiipiibqlizufuxhacow/Build/Intermediates.noindex/DocketMate_Sandbox.build/Debug/DocketMate_Sandbox.build/DocketMate_Sandbox-generated-files.hmap -Xcc -I/Users/bernhardbudiono/Library/Developer/Xcode/DerivedData/DocketMate_Sandbox-ftwquvqwuiipiibqlizufuxhacow/Build/Intermediates.noindex/DocketMate_Sandbox.build/Debug/DocketMate_Sandbox.build/DocketMate_Sandbox-own-target-headers.hmap -Xcc -I/Users/bernhardbudiono/Library/Developer/Xcode/DerivedData/DocketMate_Sandbox-ftwquvqwuiipiibqlizufuxhacow/Build/Intermediates.noindex/DocketMate_Sandbox.build/Debug/DocketMate_Sandbox.build/DocketMate_Sandbox-all-target-headers.hmap -Xcc -iquote -Xcc /Users/bernhardbudiono/Library/Developer/Xcode/DerivedData/DocketMate_Sandbox-ftwquvqwuiipiibqlizufuxhacow/Build/Intermediates.noindex/DocketMate_Sandbox.build/Debug/DocketMate_Sandbox.build/DocketMate_Sandbox-project-headers.hmap -Xcc -I/Users/bernhardbudiono/Library/Developer/Xcode/DerivedData/DocketMate_Sandbox-ftwquvqwuiipiibqlizufuxhacow/Build/Products/Debug/include -Xcc -I/Users/bernhardbudiono/Library/Developer/Xcode/DerivedData/DocketMate_Sandbox-ftwquvqwuiipiibqlizufuxhacow/Build/Intermediates.noindex/DocketMate_Sandbox.build/Debug/DocketMate_Sandbox.build/DerivedSources-normal/arm64 -Xcc -I/Users/bernhardbudiono/Library/Developer/Xcode/DerivedData/DocketMate_Sandbox-ftwquvqwuiipiibqlizufuxhacow/Build/Intermediates.noindex/DocketMate_Sandbox.build/Debug/DocketMate_Sandbox.build/DerivedSources/arm64 -Xcc -I/Users/bernhardbudiono/Library/Developer/Xcode/DerivedData/DocketMate_Sandbox-ftwquvqwuiipiibqlizufuxhacow/Build/Intermediates.noindex/DocketMate_Sandbox.build/Debug/DocketMate_Sandbox.build/DerivedSources -Xcc -DDEBUG\=1 -emit-objc-header -emit-objc-header-path /Users/bernhardbudiono/Library/Developer/Xcode/DerivedData/DocketMate_Sandbox-ftwquvqwuiipiibqlizufuxhacow/Build/Intermediates.noindex/DocketMate_Sandbox.build/Debug/DocketMate_Sandbox.build/Objects-normal/arm64/DocketMate_Sandbox-Swift.h -working-directory /Users/bernhardbudiono/Library/CloudStorage/Dropbox/_Documents\ -\ Apps\ \(Working\)/repos_github/Working/repo_docketmate/_macOS/DocketMate_Sandbox -experimental-emit-module-separately -disable-cmo

Ld /Users/bernhardbudiono/Library/Developer/Xcode/DerivedData/DocketMate_Sandbox-ftwquvqwuiipiibqlizufuxhacow/Build/Products/Debug/DocketMate_Sandbox.app/Contents/MacOS/DocketMate_Sandbox.debug.dylib normal (in target 'DocketMate_Sandbox' from project 'DocketMate_Sandbox')
    cd /Users/bernhardbudiono/Library/CloudStorage/Dropbox/_Documents\ -\ Apps\ \(Working\)/repos_github/Working/repo_docketmate/_macOS/DocketMate_Sandbox
    /Applications/Xcode.app/Contents/Developer/Toolchains/XcodeDefault.xctoolchain/usr/bin/clang -Xlinker -reproducible -target arm64-apple-macos13.5 -dynamiclib -isysroot /Applications/Xcode.app/Contents/Developer/Platforms/MacOSX.platform/Developer/SDKs/MacOSX15.4.sdk -O0 -L/Users/bernhardbudiono/Library/Developer/Xcode/DerivedData/DocketMate_Sandbox-ftwquvqwuiipiibqlizufuxhacow/Build/Intermediates.noindex/EagerLinkingTBDs/Debug -L/Users/bernhardbudiono/Library/Developer/Xcode/DerivedData/DocketMate_Sandbox-ftwquvqwuiipiibqlizufuxhacow/Build/Products/Debug -F/Users/bernhardbudiono/Library/Developer/Xcode/DerivedData/DocketMate_Sandbox-ftwquvqwuiipiibqlizufuxhacow/Build/Intermediates.noindex/EagerLinkingTBDs/Debug -F/Users/bernhardbudiono/Library/Developer/Xcode/DerivedData/DocketMate_Sandbox-ftwquvqwuiipiibqlizufuxhacow/Build/Products/Debug -filelist /Users/bernhardbudiono/Library/Developer/Xcode/DerivedData/DocketMate_Sandbox-ftwquvqwuiipiibqlizufuxhacow/Build/Intermediates.noindex/DocketMate_Sandbox.build/Debug/DocketMate_Sandbox.build/Objects-normal/arm64/DocketMate_Sandbox.LinkFileList -install_name @rpath/DocketMate_Sandbox.debug.dylib -Xlinker -rpath -Xlinker @executable_path/../Frameworks -Xlinker -object_path_lto -Xlinker /Users/bernhardbudiono/Library/Developer/Xcode/DerivedData/DocketMate_Sandbox-ftwquvqwuiipiibqlizufuxhacow/Build/Intermediates.noindex/DocketMate_Sandbox.build/Debug/DocketMate_Sandbox.build/Objects-normal/arm64/DocketMate_Sandbox_lto.o -rdynamic -Xlinker -no_deduplicate -Xlinker -dependency_info -Xlinker /Users/bernhardbudiono/Library/Developer/Xcode/DerivedData/DocketMate_Sandbox-ftwquvqwuiipiibqlizufuxhacow/Build/Intermediates.noindex/DocketMate_Sandbox.build/Debug/DocketMate_Sandbox.build/Objects-normal/arm64/DocketMate_Sandbox_dependency_info.dat -fobjc-link-runtime -L/Applications/Xcode.app/Contents/Developer/Toolchains/XcodeDefault.xctoolchain/usr/lib/swift/macosx -L/usr/lib/swift -Xlinker -add_ast_path -Xlinker /Users/bernhardbudiono/Library/Developer/Xcode/DerivedData/DocketMate_Sandbox-ftwquvqwuiipiibqlizufuxhacow/Build/Intermediates.noindex/DocketMate_Sandbox.build/Debug/DocketMate_Sandbox.build/Objects-normal/arm64/DocketMate_Sandbox.swiftmodule -Xlinker -alias -Xlinker _main -Xlinker ___debug_main_executable_dylib_entry_point -Xlinker -no_adhoc_codesign -o /Users/bernhardbudiono/Library/Developer/Xcode/DerivedData/DocketMate_Sandbox-ftwquvqwuiipiibqlizufuxhacow/Build/Products/Debug/DocketMate_Sandbox.app/Contents/MacOS/DocketMate_Sandbox.debug.dylib

ConstructStubExecutorLinkFileList /Users/bernhardbudiono/Library/Developer/Xcode/DerivedData/DocketMate_Sandbox-ftwquvqwuiipiibqlizufuxhacow/Build/Intermediates.noindex/DocketMate_Sandbox.build/Debug/DocketMate_Sandbox.build/DocketMate_Sandbox-ExecutorLinkFileList-normal-arm64.txt (in target 'DocketMate_Sandbox' from project 'DocketMate_Sandbox')
    cd /Users/bernhardbudiono/Library/CloudStorage/Dropbox/_Documents\ -\ Apps\ \(Working\)/repos_github/Working/repo_docketmate/_macOS/DocketMate_Sandbox
    construct-stub-executor-link-file-list /Users/bernhardbudiono/Library/Developer/Xcode/DerivedData/DocketMate_Sandbox-ftwquvqwuiipiibqlizufuxhacow/Build/Products/Debug/DocketMate_Sandbox.app/Contents/MacOS/DocketMate_Sandbox.debug.dylib /Applications/Xcode.app/Contents/Developer/Platforms/MacOSX.platform/Developer/usr/lib/libPreviewsJITStubExecutor_no_swift_entry_point.a /Applications/Xcode.app/Contents/Developer/Platforms/MacOSX.platform/Developer/usr/lib/libPreviewsJITStubExecutor.a --output /Users/bernhardbudiono/Library/Developer/Xcode/DerivedData/DocketMate_Sandbox-ftwquvqwuiipiibqlizufuxhacow/Build/Intermediates.noindex/DocketMate_Sandbox.build/Debug/DocketMate_Sandbox.build/DocketMate_Sandbox-ExecutorLinkFileList-normal-arm64.txt
note: Using stub executor library with Swift entry point. (in target 'DocketMate_Sandbox' from project 'DocketMate_Sandbox')

Ld /Users/bernhardbudiono/Library/Developer/Xcode/DerivedData/DocketMate_Sandbox-ftwquvqwuiipiibqlizufuxhacow/Build/Products/Debug/DocketMate_Sandbox.app/Contents/MacOS/DocketMate_Sandbox normal (in target 'DocketMate_Sandbox' from project 'DocketMate_Sandbox')
    cd /Users/bernhardbudiono/Library/CloudStorage/Dropbox/_Documents\ -\ Apps\ \(Working\)/repos_github/Working/repo_docketmate/_macOS/DocketMate_Sandbox
    /Applications/Xcode.app/Contents/Developer/Toolchains/XcodeDefault.xctoolchain/usr/bin/clang -Xlinker -reproducible -target arm64-apple-macos13.5 -isysroot /Applications/Xcode.app/Contents/Developer/Platforms/MacOSX.platform/Developer/SDKs/MacOSX15.4.sdk -O0 -L/Users/bernhardbudiono/Library/Developer/Xcode/DerivedData/DocketMate_Sandbox-ftwquvqwuiipiibqlizufuxhacow/Build/Products/Debug -F/Users/bernhardbudiono/Library/Developer/Xcode/DerivedData/DocketMate_Sandbox-ftwquvqwuiipiibqlizufuxhacow/Build/Products/Debug -Xlinker -rpath -Xlinker @executable_path -Xlinker -rpath -Xlinker @executable_path/../Frameworks -rdynamic -Xlinker -no_deduplicate -e ___debug_blank_executor_main -Xlinker -sectcreate -Xlinker __TEXT -Xlinker __debug_dylib -Xlinker /Users/bernhardbudiono/Library/Developer/Xcode/DerivedData/DocketMate_Sandbox-ftwquvqwuiipiibqlizufuxhacow/Build/Intermediates.noindex/DocketMate_Sandbox.build/Debug/DocketMate_Sandbox.build/DocketMate_Sandbox-DebugDylibPath-normal-arm64.txt -Xlinker -sectcreate -Xlinker __TEXT -Xlinker __debug_instlnm -Xlinker /Users/bernhardbudiono/Library/Developer/Xcode/DerivedData/DocketMate_Sandbox-ftwquvqwuiipiibqlizufuxhacow/Build/Intermediates.noindex/DocketMate_Sandbox.build/Debug/DocketMate_Sandbox.build/DocketMate_Sandbox-DebugDylibInstallName-normal-arm64.txt -Xlinker -filelist -Xlinker /Users/bernhardbudiono/Library/Developer/Xcode/DerivedData/DocketMate_Sandbox-ftwquvqwuiipiibqlizufuxhacow/Build/Intermediates.noindex/DocketMate_Sandbox.build/Debug/DocketMate_Sandbox.build/DocketMate_Sandbox-ExecutorLinkFileList-normal-arm64.txt /Users/bernhardbudiono/Library/Developer/Xcode/DerivedData/DocketMate_Sandbox-ftwquvqwuiipiibqlizufuxhacow/Build/Products/Debug/DocketMate_Sandbox.app/Contents/MacOS/DocketMate_Sandbox.debug.dylib -Xlinker -no_adhoc_codesign -o /Users/bernhardbudiono/Library/Developer/Xcode/DerivedData/DocketMate_Sandbox-ftwquvqwuiipiibqlizufuxhacow/Build/Products/Debug/DocketMate_Sandbox.app/Contents/MacOS/DocketMate_Sandbox

CopySwiftLibs /Users/bernhardbudiono/Library/Developer/Xcode/DerivedData/DocketMate_Sandbox-ftwquvqwuiipiibqlizufuxhacow/Build/Products/Debug/DocketMate_Sandbox.app (in target 'DocketMate_Sandbox' from project 'DocketMate_Sandbox')
    cd /Users/bernhardbudiono/Library/CloudStorage/Dropbox/_Documents\ -\ Apps\ \(Working\)/repos_github/Working/repo_docketmate/_macOS/DocketMate_Sandbox
    builtin-swiftStdLibTool --copy --verbose --sign - --scan-executable /Users/bernhardbudiono/Library/Developer/Xcode/DerivedData/DocketMate_Sandbox-ftwquvqwuiipiibqlizufuxhacow/Build/Products/Debug/DocketMate_Sandbox.app/Contents/MacOS/DocketMate_Sandbox.debug.dylib --scan-folder /Users/bernhardbudiono/Library/Developer/Xcode/DerivedData/DocketMate_Sandbox-ftwquvqwuiipiibqlizufuxhacow/Build/Products/Debug/DocketMate_Sandbox.app/Contents/Frameworks --scan-folder /Users/bernhardbudiono/Library/Developer/Xcode/DerivedData/DocketMate_Sandbox-ftwquvqwuiipiibqlizufuxhacow/Build/Products/Debug/DocketMate_Sandbox.app/Contents/PlugIns --scan-folder /Users/bernhardbudiono/Library/Developer/Xcode/DerivedData/DocketMate_Sandbox-ftwquvqwuiipiibqlizufuxhacow/Build/Products/Debug/DocketMate_Sandbox.app/Contents/Library/SystemExtensions --scan-folder /Users/bernhardbudiono/Library/Developer/Xcode/DerivedData/DocketMate_Sandbox-ftwquvqwuiipiibqlizufuxhacow/Build/Products/Debug/DocketMate_Sandbox.app/Contents/Extensions --platform macosx --toolchain /Applications/Xcode.app/Contents/Developer/Toolchains/XcodeDefault.xctoolchain --destination /Users/bernhardbudiono/Library/Developer/Xcode/DerivedData/DocketMate_Sandbox-ftwquvqwuiipiibqlizufuxhacow/Build/Products/Debug/DocketMate_Sandbox.app/Contents/Frameworks --strip-bitcode --strip-bitcode-tool /Applications/Xcode.app/Contents/Developer/Toolchains/XcodeDefault.xctoolchain/usr/bin/bitcode_strip --emit-dependency-info /Users/bernhardbudiono/Library/Developer/Xcode/DerivedData/DocketMate_Sandbox-ftwquvqwuiipiibqlizufuxhacow/Build/Intermediates.noindex/DocketMate_Sandbox.build/Debug/DocketMate_Sandbox.build/SwiftStdLibToolInputDependencies.dep --filter-for-swift-os

ExtractAppIntentsMetadata (in target 'DocketMate_Sandbox' from project 'DocketMate_Sandbox')
    cd /Users/bernhardbudiono/Library/CloudStorage/Dropbox/_Documents\ -\ Apps\ \(Working\)/repos_github/Working/repo_docketmate/_macOS/DocketMate_Sandbox
    /Applications/Xcode.app/Contents/Developer/Toolchains/XcodeDefault.xctoolchain/usr/bin/appintentsmetadataprocessor --toolchain-dir /Applications/Xcode.app/Contents/Developer/Toolchains/XcodeDefault.xctoolchain --module-name DocketMate_Sandbox --sdk-root /Applications/Xcode.app/Contents/Developer/Platforms/MacOSX.platform/Developer/SDKs/MacOSX15.4.sdk --xcode-version 16E140 --platform-family macOS --deployment-target 13.5 --bundle-identifier com.products.DocketMate-Sandbox --output /Users/bernhardbudiono/Library/Developer/Xcode/DerivedData/DocketMate_Sandbox-ftwquvqwuiipiibqlizufuxhacow/Build/Products/Debug/DocketMate_Sandbox.app/Contents/Resources --target-triple arm64-apple-macos13.5 --binary-file /Users/bernhardbudiono/Library/Developer/Xcode/DerivedData/DocketMate_Sandbox-ftwquvqwuiipiibqlizufuxhacow/Build/Products/Debug/DocketMate_Sandbox.app/Contents/MacOS/DocketMate_Sandbox --dependency-file /Users/bernhardbudiono/Library/Developer/Xcode/DerivedData/DocketMate_Sandbox-ftwquvqwuiipiibqlizufuxhacow/Build/Intermediates.noindex/DocketMate_Sandbox.build/Debug/DocketMate_Sandbox.build/Objects-normal/arm64/DocketMate_Sandbox_dependency_info.dat --stringsdata-file /Users/bernhardbudiono/Library/Developer/Xcode/DerivedData/DocketMate_Sandbox-ftwquvqwuiipiibqlizufuxhacow/Build/Intermediates.noindex/DocketMate_Sandbox.build/Debug/DocketMate_Sandbox.build/Objects-normal/arm64/ExtractedAppShortcutsMetadata.stringsdata --source-file-list /Users/bernhardbudiono/Library/Developer/Xcode/DerivedData/DocketMate_Sandbox-ftwquvqwuiipiibqlizufuxhacow/Build/Intermediates.noindex/DocketMate_Sandbox.build/Debug/DocketMate_Sandbox.build/Objects-normal/arm64/DocketMate_Sandbox.SwiftFileList --metadata-file-list /Users/bernhardbudiono/Library/Developer/Xcode/DerivedData/DocketMate_Sandbox-ftwquvqwuiipiibqlizufuxhacow/Build/Intermediates.noindex/DocketMate_Sandbox.build/Debug/DocketMate_Sandbox.build/DocketMate_Sandbox.DependencyMetadataFileList --static-metadata-file-list /Users/bernhardbudiono/Library/Developer/Xcode/DerivedData/DocketMate_Sandbox-ftwquvqwuiipiibqlizufuxhacow/Build/Intermediates.noindex/DocketMate_Sandbox.build/Debug/DocketMate_Sandbox.build/DocketMate_Sandbox.DependencyStaticMetadataFileList --swift-const-vals-list /Users/bernhardbudiono/Library/Developer/Xcode/DerivedData/DocketMate_Sandbox-ftwquvqwuiipiibqlizufuxhacow/Build/Intermediates.noindex/DocketMate_Sandbox.build/Debug/DocketMate_Sandbox.build/Objects-normal/arm64/DocketMate_Sandbox.SwiftConstValuesFileList --compile-time-extraction --deployment-aware-processing --validate-assistant-intents --no-app-shortcuts-localization
2025-05-20 14:01:16.073 appintentsmetadataprocessor[62400:11445356] Starting appintentsmetadataprocessor export
2025-05-20 14:01:16.074 appintentsmetadataprocessor[62400:11445356] warning: Metadata extraction skipped. No AppIntents.framework dependency found.

CodeSign /Users/bernhardbudiono/Library/Developer/Xcode/DerivedData/DocketMate_Sandbox-ftwquvqwuiipiibqlizufuxhacow/Build/Products/Debug/DocketMate_Sandbox.app/Contents/MacOS/DocketMate_Sandbox.debug.dylib (in target 'DocketMate_Sandbox' from project 'DocketMate_Sandbox')
    cd /Users/bernhardbudiono/Library/CloudStorage/Dropbox/_Documents\ -\ Apps\ \(Working\)/repos_github/Working/repo_docketmate/_macOS/DocketMate_Sandbox
    
    Signing Identity:     "Sign to Run Locally"
    
    /usr/bin/codesign --force --sign - --timestamp\=none --generate-entitlement-der /Users/bernhardbudiono/Library/Developer/Xcode/DerivedData/DocketMate_Sandbox-ftwquvqwuiipiibqlizufuxhacow/Build/Products/Debug/DocketMate_Sandbox.app/Contents/MacOS/DocketMate_Sandbox.debug.dylib

CodeSign /Users/bernhardbudiono/Library/Developer/Xcode/DerivedData/DocketMate_Sandbox-ftwquvqwuiipiibqlizufuxhacow/Build/Products/Debug/DocketMate_Sandbox.app/Contents/MacOS/__preview.dylib (in target 'DocketMate_Sandbox' from project 'DocketMate_Sandbox')
    cd /Users/bernhardbudiono/Library/CloudStorage/Dropbox/_Documents\ -\ Apps\ \(Working\)/repos_github/Working/repo_docketmate/_macOS/DocketMate_Sandbox
    
    Signing Identity:     "Sign to Run Locally"
    
    /usr/bin/codesign --force --sign - --timestamp\=none --generate-entitlement-der /Users/bernhardbudiono/Library/Developer/Xcode/DerivedData/DocketMate_Sandbox-ftwquvqwuiipiibqlizufuxhacow/Build/Products/Debug/DocketMate_Sandbox.app/Contents/MacOS/__preview.dylib

CodeSign /Users/bernhardbudiono/Library/Developer/Xcode/DerivedData/DocketMate_Sandbox-ftwquvqwuiipiibqlizufuxhacow/Build/Products/Debug/DocketMate_Sandbox.app (in target 'DocketMate_Sandbox' from project 'DocketMate_Sandbox')
    cd /Users/bernhardbudiono/Library/CloudStorage/Dropbox/_Documents\ -\ Apps\ \(Working\)/repos_github/Working/repo_docketmate/_macOS/DocketMate_Sandbox
    
    Signing Identity:     "Sign to Run Locally"
    
    /usr/bin/codesign --force --sign - --entitlements /Users/bernhardbudiono/Library/Developer/Xcode/DerivedData/DocketMate_Sandbox-ftwquvqwuiipiibqlizufuxhacow/Build/Intermediates.noindex/DocketMate_Sandbox.build/Debug/DocketMate_Sandbox.build/DocketMate_Sandbox.app.xcent --timestamp\=none --generate-entitlement-der /Users/bernhardbudiono/Library/Developer/Xcode/DerivedData/DocketMate_Sandbox-ftwquvqwuiipiibqlizufuxhacow/Build/Products/Debug/DocketMate_Sandbox.app

RegisterExecutionPolicyException /Users/bernhardbudiono/Library/Developer/Xcode/DerivedData/DocketMate_Sandbox-ftwquvqwuiipiibqlizufuxhacow/Build/Products/Debug/DocketMate_Sandbox.app (in target 'DocketMate_Sandbox' from project 'DocketMate_Sandbox')
    cd /Users/bernhardbudiono/Library/CloudStorage/Dropbox/_Documents\ -\ Apps\ \(Working\)/repos_github/Working/repo_docketmate/_macOS/DocketMate_Sandbox
    builtin-RegisterExecutionPolicyException /Users/bernhardbudiono/Library/Developer/Xcode/DerivedData/DocketMate_Sandbox-ftwquvqwuiipiibqlizufuxhacow/Build/Products/Debug/DocketMate_Sandbox.app

Validate /Users/bernhardbudiono/Library/Developer/Xcode/DerivedData/DocketMate_Sandbox-ftwquvqwuiipiibqlizufuxhacow/Build/Products/Debug/DocketMate_Sandbox.app (in target 'DocketMate_Sandbox' from project 'DocketMate_Sandbox')
    cd /Users/bernhardbudiono/Library/CloudStorage/Dropbox/_Documents\ -\ Apps\ \(Working\)/repos_github/Working/repo_docketmate/_macOS/DocketMate_Sandbox
    builtin-validationUtility /Users/bernhardbudiono/Library/Developer/Xcode/DerivedData/DocketMate_Sandbox-ftwquvqwuiipiibqlizufuxhacow/Build/Products/Debug/DocketMate_Sandbox.app -no-validate-extension -infoplist-subpath Contents/Info.plist

Touch /Users/bernhardbudiono/Library/Developer/Xcode/DerivedData/DocketMate_Sandbox-ftwquvqwuiipiibqlizufuxhacow/Build/Products/Debug/DocketMate_Sandbox.app (in target 'DocketMate_Sandbox' from project 'DocketMate_Sandbox')
    cd /Users/bernhardbudiono/Library/CloudStorage/Dropbox/_Documents\ -\ Apps\ \(Working\)/repos_github/Working/repo_docketmate/_macOS/DocketMate_Sandbox
    /usr/bin/touch -c /Users/bernhardbudiono/Library/Developer/Xcode/DerivedData/DocketMate_Sandbox-ftwquvqwuiipiibqlizufuxhacow/Build/Products/Debug/DocketMate_Sandbox.app

RegisterWithLaunchServices /Users/bernhardbudiono/Library/Developer/Xcode/DerivedData/DocketMate_Sandbox-ftwquvqwuiipiibqlizufuxhacow/Build/Products/Debug/DocketMate_Sandbox.app (in target 'DocketMate_Sandbox' from project 'DocketMate_Sandbox')
    cd /Users/bernhardbudiono/Library/CloudStorage/Dropbox/_Documents\ -\ Apps\ \(Working\)/repos_github/Working/repo_docketmate/_macOS/DocketMate_Sandbox
    /System/Library/Frameworks/CoreServices.framework/Versions/Current/Frameworks/LaunchServices.framework/Versions/Current/Support/lsregister -f -R -trusted /Users/bernhardbudiono/Library/Developer/Xcode/DerivedData/DocketMate_Sandbox-ftwquvqwuiipiibqlizufuxhacow/Build/Products/Debug/DocketMate_Sandbox.app

** BUILD SUCCEEDED **

