Command line invocation:
    /Applications/Xcode.app/Contents/Developer/usr/bin/xcodebuild -project _macOS/docketmate-Sandbox/DocketMate.xcodeproj -scheme DocketMate -configuration Release clean build

ComputePackagePrebuildTargetDependencyGraph

CreateBuildRequest

SendProjectDescription

CreateBuildOperation

** CLEAN SUCCEEDED **

ComputePackagePrebuildTargetDependencyGraph

Prepare packages

CreateBuildRequest

SendProjectDescription

CreateBuildOperation

ComputeTargetDependencyGraph
note: Building targets in dependency order
note: Target dependency graph (1 target)
    Target 'DocketMate' in project 'DocketMate' (no dependencies)

GatherProvisioningInputs

CreateBuildDescription

ExecuteExternalTool /Applications/Xcode.app/Contents/Developer/Toolchains/XcodeDefault.xctoolchain/usr/bin/clang -v -E -dM -isysroot /Applications/Xcode.app/Contents/Developer/Platforms/MacOSX.platform/Developer/SDKs/MacOSX15.4.sdk -x c -c /dev/null

ExecuteExternalTool /Applications/Xcode.app/Contents/Developer/Toolchains/XcodeDefault.xctoolchain/usr/bin/swiftc --version

ExecuteExternalTool /Applications/Xcode.app/Contents/Developer/Toolchains/XcodeDefault.xctoolchain/usr/bin/ld -version_details

Build description signature: 99fc443bc1390832df90e1dd19ac27fa
Build description path: /Users/bernhardbudiono/Library/Developer/Xcode/DerivedData/DocketMate-fvxxrgdftxlpjzfgckgwnsxxgumy/Build/Intermediates.noindex/XCBuildData/99fc443bc1390832df90e1dd19ac27fa.xcbuilddata
ClangStatCache /Applications/Xcode.app/Contents/Developer/Toolchains/XcodeDefault.xctoolchain/usr/bin/clang-stat-cache /Applications/Xcode.app/Contents/Developer/Platforms/MacOSX.platform/Developer/SDKs/MacOSX15.4.sdk /Users/bernhardbudiono/Library/Developer/Xcode/DerivedData/SDKStatCaches.noindex/macosx15.4-24E241-88b860576fb364319593bd8fb30666b0.sdkstatcache
    cd /Users/bernhardbudiono/Library/CloudStorage/Dropbox/_Documents\ -\ Apps\ \(Working\)/repos_github/Working/repo_docketmate/_macOS/docketmate-Sandbox/DocketMate.xcodeproj
    /Applications/Xcode.app/Contents/Developer/Toolchains/XcodeDefault.xctoolchain/usr/bin/clang-stat-cache /Applications/Xcode.app/Contents/Developer/Platforms/MacOSX.platform/Developer/SDKs/MacOSX15.4.sdk -o /Users/bernhardbudiono/Library/Developer/Xcode/DerivedData/SDKStatCaches.noindex/macosx15.4-24E241-88b860576fb364319593bd8fb30666b0.sdkstatcache

CreateBuildDirectory /Users/bernhardbudiono/Library/Developer/Xcode/DerivedData/DocketMate-fvxxrgdftxlpjzfgckgwnsxxgumy/Build/Products
    cd /Users/bernhardbudiono/Library/CloudStorage/Dropbox/_Documents\ -\ Apps\ \(Working\)/repos_github/Working/repo_docketmate/_macOS/docketmate-Sandbox/DocketMate.xcodeproj
    builtin-create-build-directory /Users/bernhardbudiono/Library/Developer/Xcode/DerivedData/DocketMate-fvxxrgdftxlpjzfgckgwnsxxgumy/Build/Products

CreateBuildDirectory /Users/bernhardbudiono/Library/Developer/Xcode/DerivedData/DocketMate-fvxxrgdftxlpjzfgckgwnsxxgumy/Build/Intermediates.noindex
    cd /Users/bernhardbudiono/Library/CloudStorage/Dropbox/_Documents\ -\ Apps\ \(Working\)/repos_github/Working/repo_docketmate/_macOS/docketmate-Sandbox/DocketMate.xcodeproj
    builtin-create-build-directory /Users/bernhardbudiono/Library/Developer/Xcode/DerivedData/DocketMate-fvxxrgdftxlpjzfgckgwnsxxgumy/Build/Intermediates.noindex

CreateBuildDirectory /Users/bernhardbudiono/Library/Developer/Xcode/DerivedData/DocketMate-fvxxrgdftxlpjzfgckgwnsxxgumy/Build/Intermediates.noindex/EagerLinkingTBDs/Release
    cd /Users/bernhardbudiono/Library/CloudStorage/Dropbox/_Documents\ -\ Apps\ \(Working\)/repos_github/Working/repo_docketmate/_macOS/docketmate-Sandbox/DocketMate.xcodeproj
    builtin-create-build-directory /Users/bernhardbudiono/Library/Developer/Xcode/DerivedData/DocketMate-fvxxrgdftxlpjzfgckgwnsxxgumy/Build/Intermediates.noindex/EagerLinkingTBDs/Release

CreateBuildDirectory /Users/bernhardbudiono/Library/Developer/Xcode/DerivedData/DocketMate-fvxxrgdftxlpjzfgckgwnsxxgumy/Build/Products/Release
    cd /Users/bernhardbudiono/Library/CloudStorage/Dropbox/_Documents\ -\ Apps\ \(Working\)/repos_github/Working/repo_docketmate/_macOS/docketmate-Sandbox/DocketMate.xcodeproj
    builtin-create-build-directory /Users/bernhardbudiono/Library/Developer/Xcode/DerivedData/DocketMate-fvxxrgdftxlpjzfgckgwnsxxgumy/Build/Products/Release

WriteAuxiliaryFile /Users/bernhardbudiono/Library/Developer/Xcode/DerivedData/DocketMate-fvxxrgdftxlpjzfgckgwnsxxgumy/Build/Intermediates.noindex/DocketMate.build/Release/DocketMate-8f9c91c36740e65c0fb0be117a540048-VFS/all-product-headers.yaml
    cd /Users/bernhardbudiono/Library/CloudStorage/Dropbox/_Documents\ -\ Apps\ \(Working\)/repos_github/Working/repo_docketmate/_macOS/docketmate-Sandbox/DocketMate.xcodeproj
    write-file /Users/bernhardbudiono/Library/Developer/Xcode/DerivedData/DocketMate-fvxxrgdftxlpjzfgckgwnsxxgumy/Build/Intermediates.noindex/DocketMate.build/Release/DocketMate-8f9c91c36740e65c0fb0be117a540048-VFS/all-product-headers.yaml

WriteAuxiliaryFile /Users/bernhardbudiono/Library/Developer/Xcode/DerivedData/DocketMate-fvxxrgdftxlpjzfgckgwnsxxgumy/Build/Intermediates.noindex/DocketMate.build/Release/DocketMate.build/DocketMate.DependencyStaticMetadataFileList (in target 'DocketMate' from project 'DocketMate')
    cd /Users/bernhardbudiono/Library/CloudStorage/Dropbox/_Documents\ -\ Apps\ \(Working\)/repos_github/Working/repo_docketmate/_macOS/docketmate-Sandbox
    write-file /Users/bernhardbudiono/Library/Developer/Xcode/DerivedData/DocketMate-fvxxrgdftxlpjzfgckgwnsxxgumy/Build/Intermediates.noindex/DocketMate.build/Release/DocketMate.build/DocketMate.DependencyStaticMetadataFileList

WriteAuxiliaryFile /Users/bernhardbudiono/Library/Developer/Xcode/DerivedData/DocketMate-fvxxrgdftxlpjzfgckgwnsxxgumy/Build/Intermediates.noindex/DocketMate.build/Release/DocketMate.build/DocketMate-project-headers.hmap (in target 'DocketMate' from project 'DocketMate')
    cd /Users/bernhardbudiono/Library/CloudStorage/Dropbox/_Documents\ -\ Apps\ \(Working\)/repos_github/Working/repo_docketmate/_macOS/docketmate-Sandbox
    write-file /Users/bernhardbudiono/Library/Developer/Xcode/DerivedData/DocketMate-fvxxrgdftxlpjzfgckgwnsxxgumy/Build/Intermediates.noindex/DocketMate.build/Release/DocketMate.build/DocketMate-project-headers.hmap

WriteAuxiliaryFile /Users/bernhardbudiono/Library/Developer/Xcode/DerivedData/DocketMate-fvxxrgdftxlpjzfgckgwnsxxgumy/Build/Intermediates.noindex/DocketMate.build/Release/DocketMate.build/DocketMate.DependencyMetadataFileList (in target 'DocketMate' from project 'DocketMate')
    cd /Users/bernhardbudiono/Library/CloudStorage/Dropbox/_Documents\ -\ Apps\ \(Working\)/repos_github/Working/repo_docketmate/_macOS/docketmate-Sandbox
    write-file /Users/bernhardbudiono/Library/Developer/Xcode/DerivedData/DocketMate-fvxxrgdftxlpjzfgckgwnsxxgumy/Build/Intermediates.noindex/DocketMate.build/Release/DocketMate.build/DocketMate.DependencyMetadataFileList

WriteAuxiliaryFile /Users/bernhardbudiono/Library/Developer/Xcode/DerivedData/DocketMate-fvxxrgdftxlpjzfgckgwnsxxgumy/Build/Intermediates.noindex/DocketMate.build/Release/DocketMate.build/DocketMate-own-target-headers.hmap (in target 'DocketMate' from project 'DocketMate')
    cd /Users/bernhardbudiono/Library/CloudStorage/Dropbox/_Documents\ -\ Apps\ \(Working\)/repos_github/Working/repo_docketmate/_macOS/docketmate-Sandbox
    write-file /Users/bernhardbudiono/Library/Developer/Xcode/DerivedData/DocketMate-fvxxrgdftxlpjzfgckgwnsxxgumy/Build/Intermediates.noindex/DocketMate.build/Release/DocketMate.build/DocketMate-own-target-headers.hmap

WriteAuxiliaryFile /Users/bernhardbudiono/Library/Developer/Xcode/DerivedData/DocketMate-fvxxrgdftxlpjzfgckgwnsxxgumy/Build/Intermediates.noindex/DocketMate.build/Release/DocketMate.build/DocketMate-all-target-headers.hmap (in target 'DocketMate' from project 'DocketMate')
    cd /Users/bernhardbudiono/Library/CloudStorage/Dropbox/_Documents\ -\ Apps\ \(Working\)/repos_github/Working/repo_docketmate/_macOS/docketmate-Sandbox
    write-file /Users/bernhardbudiono/Library/Developer/Xcode/DerivedData/DocketMate-fvxxrgdftxlpjzfgckgwnsxxgumy/Build/Intermediates.noindex/DocketMate.build/Release/DocketMate.build/DocketMate-all-target-headers.hmap

WriteAuxiliaryFile /Users/bernhardbudiono/Library/Developer/Xcode/DerivedData/DocketMate-fvxxrgdftxlpjzfgckgwnsxxgumy/Build/Intermediates.noindex/DocketMate.build/Release/DocketMate.build/DocketMate-generated-files.hmap (in target 'DocketMate' from project 'DocketMate')
    cd /Users/bernhardbudiono/Library/CloudStorage/Dropbox/_Documents\ -\ Apps\ \(Working\)/repos_github/Working/repo_docketmate/_macOS/docketmate-Sandbox
    write-file /Users/bernhardbudiono/Library/Developer/Xcode/DerivedData/DocketMate-fvxxrgdftxlpjzfgckgwnsxxgumy/Build/Intermediates.noindex/DocketMate.build/Release/DocketMate.build/DocketMate-generated-files.hmap

WriteAuxiliaryFile /Users/bernhardbudiono/Library/Developer/Xcode/DerivedData/DocketMate-fvxxrgdftxlpjzfgckgwnsxxgumy/Build/Intermediates.noindex/DocketMate.build/Release/DocketMate.build/DocketMate-all-non-framework-target-headers.hmap (in target 'DocketMate' from project 'DocketMate')
    cd /Users/bernhardbudiono/Library/CloudStorage/Dropbox/_Documents\ -\ Apps\ \(Working\)/repos_github/Working/repo_docketmate/_macOS/docketmate-Sandbox
    write-file /Users/bernhardbudiono/Library/Developer/Xcode/DerivedData/DocketMate-fvxxrgdftxlpjzfgckgwnsxxgumy/Build/Intermediates.noindex/DocketMate.build/Release/DocketMate.build/DocketMate-all-non-framework-target-headers.hmap

WriteAuxiliaryFile /Users/bernhardbudiono/Library/Developer/Xcode/DerivedData/DocketMate-fvxxrgdftxlpjzfgckgwnsxxgumy/Build/Intermediates.noindex/DocketMate.build/Release/DocketMate.build/DocketMate.hmap (in target 'DocketMate' from project 'DocketMate')
    cd /Users/bernhardbudiono/Library/CloudStorage/Dropbox/_Documents\ -\ Apps\ \(Working\)/repos_github/Working/repo_docketmate/_macOS/docketmate-Sandbox
    write-file /Users/bernhardbudiono/Library/Developer/Xcode/DerivedData/DocketMate-fvxxrgdftxlpjzfgckgwnsxxgumy/Build/Intermediates.noindex/DocketMate.build/Release/DocketMate.build/DocketMate.hmap

WriteAuxiliaryFile /Users/bernhardbudiono/Library/Developer/Xcode/DerivedData/DocketMate-fvxxrgdftxlpjzfgckgwnsxxgumy/Build/Intermediates.noindex/DocketMate.build/Release/DocketMate.build/Objects-normal/arm64/DocketMate.LinkFileList (in target 'DocketMate' from project 'DocketMate')
    cd /Users/bernhardbudiono/Library/CloudStorage/Dropbox/_Documents\ -\ Apps\ \(Working\)/repos_github/Working/repo_docketmate/_macOS/docketmate-Sandbox
    write-file /Users/bernhardbudiono/Library/Developer/Xcode/DerivedData/DocketMate-fvxxrgdftxlpjzfgckgwnsxxgumy/Build/Intermediates.noindex/DocketMate.build/Release/DocketMate.build/Objects-normal/arm64/DocketMate.LinkFileList

WriteAuxiliaryFile /Users/bernhardbudiono/Library/Developer/Xcode/DerivedData/DocketMate-fvxxrgdftxlpjzfgckgwnsxxgumy/Build/Intermediates.noindex/DocketMate.build/Release/DocketMate.build/Objects-normal/arm64/DocketMate.SwiftConstValuesFileList (in target 'DocketMate' from project 'DocketMate')
    cd /Users/bernhardbudiono/Library/CloudStorage/Dropbox/_Documents\ -\ Apps\ \(Working\)/repos_github/Working/repo_docketmate/_macOS/docketmate-Sandbox
    write-file /Users/bernhardbudiono/Library/Developer/Xcode/DerivedData/DocketMate-fvxxrgdftxlpjzfgckgwnsxxgumy/Build/Intermediates.noindex/DocketMate.build/Release/DocketMate.build/Objects-normal/arm64/DocketMate.SwiftConstValuesFileList

WriteAuxiliaryFile /Users/bernhardbudiono/Library/Developer/Xcode/DerivedData/DocketMate-fvxxrgdftxlpjzfgckgwnsxxgumy/Build/Intermediates.noindex/DocketMate.build/Release/DocketMate.build/Objects-normal/arm64/DocketMate.SwiftFileList (in target 'DocketMate' from project 'DocketMate')
    cd /Users/bernhardbudiono/Library/CloudStorage/Dropbox/_Documents\ -\ Apps\ \(Working\)/repos_github/Working/repo_docketmate/_macOS/docketmate-Sandbox
    write-file /Users/bernhardbudiono/Library/Developer/Xcode/DerivedData/DocketMate-fvxxrgdftxlpjzfgckgwnsxxgumy/Build/Intermediates.noindex/DocketMate.build/Release/DocketMate.build/Objects-normal/arm64/DocketMate.SwiftFileList

WriteAuxiliaryFile /Users/bernhardbudiono/Library/Developer/Xcode/DerivedData/DocketMate-fvxxrgdftxlpjzfgckgwnsxxgumy/Build/Intermediates.noindex/DocketMate.build/Release/DocketMate.build/Objects-normal/arm64/DocketMate-OutputFileMap.json (in target 'DocketMate' from project 'DocketMate')
    cd /Users/bernhardbudiono/Library/CloudStorage/Dropbox/_Documents\ -\ Apps\ \(Working\)/repos_github/Working/repo_docketmate/_macOS/docketmate-Sandbox
    write-file /Users/bernhardbudiono/Library/Developer/Xcode/DerivedData/DocketMate-fvxxrgdftxlpjzfgckgwnsxxgumy/Build/Intermediates.noindex/DocketMate.build/Release/DocketMate.build/Objects-normal/arm64/DocketMate-OutputFileMap.json

WriteAuxiliaryFile /Users/bernhardbudiono/Library/Developer/Xcode/DerivedData/DocketMate-fvxxrgdftxlpjzfgckgwnsxxgumy/Build/Intermediates.noindex/DocketMate.build/Release/DocketMate.build/Objects-normal/arm64/DocketMate_const_extract_protocols.json (in target 'DocketMate' from project 'DocketMate')
    cd /Users/bernhardbudiono/Library/CloudStorage/Dropbox/_Documents\ -\ Apps\ \(Working\)/repos_github/Working/repo_docketmate/_macOS/docketmate-Sandbox
    write-file /Users/bernhardbudiono/Library/Developer/Xcode/DerivedData/DocketMate-fvxxrgdftxlpjzfgckgwnsxxgumy/Build/Intermediates.noindex/DocketMate.build/Release/DocketMate.build/Objects-normal/arm64/DocketMate_const_extract_protocols.json

WriteAuxiliaryFile /Users/bernhardbudiono/Library/Developer/Xcode/DerivedData/DocketMate-fvxxrgdftxlpjzfgckgwnsxxgumy/Build/Intermediates.noindex/DocketMate.build/Release/DocketMate.build/DerivedSources/Entitlements.plist (in target 'DocketMate' from project 'DocketMate')
    cd /Users/bernhardbudiono/Library/CloudStorage/Dropbox/_Documents\ -\ Apps\ \(Working\)/repos_github/Working/repo_docketmate/_macOS/docketmate-Sandbox
    write-file /Users/bernhardbudiono/Library/Developer/Xcode/DerivedData/DocketMate-fvxxrgdftxlpjzfgckgwnsxxgumy/Build/Intermediates.noindex/DocketMate.build/Release/DocketMate.build/DerivedSources/Entitlements.plist

MkDir /Users/bernhardbudiono/Library/Developer/Xcode/DerivedData/DocketMate-fvxxrgdftxlpjzfgckgwnsxxgumy/Build/Products/Release/DocketMate.app/Contents/MacOS (in target 'DocketMate' from project 'DocketMate')
    cd /Users/bernhardbudiono/Library/CloudStorage/Dropbox/_Documents\ -\ Apps\ \(Working\)/repos_github/Working/repo_docketmate/_macOS/docketmate-Sandbox
    /bin/mkdir -p /Users/bernhardbudiono/Library/Developer/Xcode/DerivedData/DocketMate-fvxxrgdftxlpjzfgckgwnsxxgumy/Build/Products/Release/DocketMate.app/Contents/MacOS

MkDir /Users/bernhardbudiono/Library/Developer/Xcode/DerivedData/DocketMate-fvxxrgdftxlpjzfgckgwnsxxgumy/Build/Products/Release/DocketMate.app/Contents (in target 'DocketMate' from project 'DocketMate')
    cd /Users/bernhardbudiono/Library/CloudStorage/Dropbox/_Documents\ -\ Apps\ \(Working\)/repos_github/Working/repo_docketmate/_macOS/docketmate-Sandbox
    /bin/mkdir -p /Users/bernhardbudiono/Library/Developer/Xcode/DerivedData/DocketMate-fvxxrgdftxlpjzfgckgwnsxxgumy/Build/Products/Release/DocketMate.app/Contents

MkDir /Users/bernhardbudiono/Library/Developer/Xcode/DerivedData/DocketMate-fvxxrgdftxlpjzfgckgwnsxxgumy/Build/Products/Release/DocketMate.app (in target 'DocketMate' from project 'DocketMate')
    cd /Users/bernhardbudiono/Library/CloudStorage/Dropbox/_Documents\ -\ Apps\ \(Working\)/repos_github/Working/repo_docketmate/_macOS/docketmate-Sandbox
    /bin/mkdir -p /Users/bernhardbudiono/Library/Developer/Xcode/DerivedData/DocketMate-fvxxrgdftxlpjzfgckgwnsxxgumy/Build/Products/Release/DocketMate.app

ProcessProductPackaging "" /Users/bernhardbudiono/Library/Developer/Xcode/DerivedData/DocketMate-fvxxrgdftxlpjzfgckgwnsxxgumy/Build/Intermediates.noindex/DocketMate.build/Release/DocketMate.build/DocketMate.app.xcent (in target 'DocketMate' from project 'DocketMate')
    cd /Users/bernhardbudiono/Library/CloudStorage/Dropbox/_Documents\ -\ Apps\ \(Working\)/repos_github/Working/repo_docketmate/_macOS/docketmate-Sandbox
    
    Entitlements:
    
    {
    "com.apple.security.get-task-allow" = 1;
}
    
    builtin-productPackagingUtility -entitlements -format xml -o /Users/bernhardbudiono/Library/Developer/Xcode/DerivedData/DocketMate-fvxxrgdftxlpjzfgckgwnsxxgumy/Build/Intermediates.noindex/DocketMate.build/Release/DocketMate.build/DocketMate.app.xcent

ProcessProductPackagingDER /Users/bernhardbudiono/Library/Developer/Xcode/DerivedData/DocketMate-fvxxrgdftxlpjzfgckgwnsxxgumy/Build/Intermediates.noindex/DocketMate.build/Release/DocketMate.build/DocketMate.app.xcent /Users/bernhardbudiono/Library/Developer/Xcode/DerivedData/DocketMate-fvxxrgdftxlpjzfgckgwnsxxgumy/Build/Intermediates.noindex/DocketMate.build/Release/DocketMate.build/DocketMate.app.xcent.der (in target 'DocketMate' from project 'DocketMate')
    cd /Users/bernhardbudiono/Library/CloudStorage/Dropbox/_Documents\ -\ Apps\ \(Working\)/repos_github/Working/repo_docketmate/_macOS/docketmate-Sandbox
    /usr/bin/derq query -f xml -i /Users/bernhardbudiono/Library/Developer/Xcode/DerivedData/DocketMate-fvxxrgdftxlpjzfgckgwnsxxgumy/Build/Intermediates.noindex/DocketMate.build/Release/DocketMate.build/DocketMate.app.xcent -o /Users/bernhardbudiono/Library/Developer/Xcode/DerivedData/DocketMate-fvxxrgdftxlpjzfgckgwnsxxgumy/Build/Intermediates.noindex/DocketMate.build/Release/DocketMate.build/DocketMate.app.xcent.der --raw

ProcessInfoPlistFile /Users/bernhardbudiono/Library/Developer/Xcode/DerivedData/DocketMate-fvxxrgdftxlpjzfgckgwnsxxgumy/Build/Products/Release/DocketMate.app/Contents/Info.plist /Users/bernhardbudiono/Library/CloudStorage/Dropbox/_Documents\ -\ Apps\ (Working)/repos_github/Working/repo_docketmate/_macOS/docketmate-Sandbox/Resources/Info.plist (in target 'DocketMate' from project 'DocketMate')
    cd /Users/bernhardbudiono/Library/CloudStorage/Dropbox/_Documents\ -\ Apps\ \(Working\)/repos_github/Working/repo_docketmate/_macOS/docketmate-Sandbox
    builtin-infoPlistUtility /Users/bernhardbudiono/Library/CloudStorage/Dropbox/_Documents\ -\ Apps\ \(Working\)/repos_github/Working/repo_docketmate/_macOS/docketmate-Sandbox/Resources/Info.plist -producttype com.apple.product-type.application -genpkginfo /Users/bernhardbudiono/Library/Developer/Xcode/DerivedData/DocketMate-fvxxrgdftxlpjzfgckgwnsxxgumy/Build/Products/Release/DocketMate.app/Contents/PkgInfo -expandbuildsettings -platform macosx -o /Users/bernhardbudiono/Library/Developer/Xcode/DerivedData/DocketMate-fvxxrgdftxlpjzfgckgwnsxxgumy/Build/Products/Release/DocketMate.app/Contents/Info.plist
warning: LSMinimumSystemVersion of '12.0' is less than the value of MACOSX_DEPLOYMENT_TARGET '13.5' - setting to '13.5'. (in target 'DocketMate' from project 'DocketMate')

SwiftDriver DocketMate normal arm64 com.apple.xcode.tools.swift.compiler (in target 'DocketMate' from project 'DocketMate')
    cd /Users/bernhardbudiono/Library/CloudStorage/Dropbox/_Documents\ -\ Apps\ \(Working\)/repos_github/Working/repo_docketmate/_macOS/docketmate-Sandbox
    builtin-SwiftDriver -- /Applications/Xcode.app/Contents/Developer/Toolchains/XcodeDefault.xctoolchain/usr/bin/swiftc -module-name DocketMate -O -whole-module-optimization -enforce-exclusivity\=checked @/Users/bernhardbudiono/Library/Developer/Xcode/DerivedData/DocketMate-fvxxrgdftxlpjzfgckgwnsxxgumy/Build/Intermediates.noindex/DocketMate.build/Release/DocketMate.build/Objects-normal/arm64/DocketMate.SwiftFileList -enable-bare-slash-regex -enable-experimental-feature DebugDescriptionMacro -sdk /Applications/Xcode.app/Contents/Developer/Platforms/MacOSX.platform/Developer/SDKs/MacOSX15.4.sdk -target arm64-apple-macos13.5 -g -module-cache-path /Users/bernhardbudiono/Library/Developer/Xcode/DerivedData/ModuleCache.noindex -Xfrontend -serialize-debugging-options -swift-version 5 -I /Users/bernhardbudiono/Library/Developer/Xcode/DerivedData/DocketMate-fvxxrgdftxlpjzfgckgwnsxxgumy/Build/Products/Release -F /Users/bernhardbudiono/Library/Developer/Xcode/DerivedData/DocketMate-fvxxrgdftxlpjzfgckgwnsxxgumy/Build/Products/Release -c -num-threads 16 -Xcc -ivfsstatcache -Xcc /Users/bernhardbudiono/Library/Developer/Xcode/DerivedData/SDKStatCaches.noindex/macosx15.4-24E241-88b860576fb364319593bd8fb30666b0.sdkstatcache -output-file-map /Users/bernhardbudiono/Library/Developer/Xcode/DerivedData/DocketMate-fvxxrgdftxlpjzfgckgwnsxxgumy/Build/Intermediates.noindex/DocketMate.build/Release/DocketMate.build/Objects-normal/arm64/DocketMate-OutputFileMap.json -use-frontend-parseable-output -save-temps -no-color-diagnostics -serialize-diagnostics -emit-dependencies -emit-module -emit-module-path /Users/bernhardbudiono/Library/Developer/Xcode/DerivedData/DocketMate-fvxxrgdftxlpjzfgckgwnsxxgumy/Build/Intermediates.noindex/DocketMate.build/Release/DocketMate.build/Objects-normal/arm64/DocketMate.swiftmodule -validate-clang-modules-once -clang-build-session-file /Users/bernhardbudiono/Library/Developer/Xcode/DerivedData/ModuleCache.noindex/Session.modulevalidation -Xcc -I/Users/bernhardbudiono/Library/Developer/Xcode/DerivedData/DocketMate-fvxxrgdftxlpjzfgckgwnsxxgumy/Build/Intermediates.noindex/DocketMate.build/Release/DocketMate.build/swift-overrides.hmap -emit-const-values -Xfrontend -const-gather-protocols-file -Xfrontend /Users/bernhardbudiono/Library/Developer/Xcode/DerivedData/DocketMate-fvxxrgdftxlpjzfgckgwnsxxgumy/Build/Intermediates.noindex/DocketMate.build/Release/DocketMate.build/Objects-normal/arm64/DocketMate_const_extract_protocols.json -Xcc -iquote -Xcc /Users/bernhardbudiono/Library/Developer/Xcode/DerivedData/DocketMate-fvxxrgdftxlpjzfgckgwnsxxgumy/Build/Intermediates.noindex/DocketMate.build/Release/DocketMate.build/DocketMate-generated-files.hmap -Xcc -I/Users/bernhardbudiono/Library/Developer/Xcode/DerivedData/DocketMate-fvxxrgdftxlpjzfgckgwnsxxgumy/Build/Intermediates.noindex/DocketMate.build/Release/DocketMate.build/DocketMate-own-target-headers.hmap -Xcc -I/Users/bernhardbudiono/Library/Developer/Xcode/DerivedData/DocketMate-fvxxrgdftxlpjzfgckgwnsxxgumy/Build/Intermediates.noindex/DocketMate.build/Release/DocketMate.build/DocketMate-all-target-headers.hmap -Xcc -iquote -Xcc /Users/bernhardbudiono/Library/Developer/Xcode/DerivedData/DocketMate-fvxxrgdftxlpjzfgckgwnsxxgumy/Build/Intermediates.noindex/DocketMate.build/Release/DocketMate.build/DocketMate-project-headers.hmap -Xcc -I/Users/bernhardbudiono/Library/Developer/Xcode/DerivedData/DocketMate-fvxxrgdftxlpjzfgckgwnsxxgumy/Build/Products/Release/include -Xcc -I/Users/bernhardbudiono/Library/Developer/Xcode/DerivedData/DocketMate-fvxxrgdftxlpjzfgckgwnsxxgumy/Build/Intermediates.noindex/DocketMate.build/Release/DocketMate.build/DerivedSources-normal/arm64 -Xcc -I/Users/bernhardbudiono/Library/Developer/Xcode/DerivedData/DocketMate-fvxxrgdftxlpjzfgckgwnsxxgumy/Build/Intermediates.noindex/DocketMate.build/Release/DocketMate.build/DerivedSources/arm64 -Xcc -I/Users/bernhardbudiono/Library/Developer/Xcode/DerivedData/DocketMate-fvxxrgdftxlpjzfgckgwnsxxgumy/Build/Intermediates.noindex/DocketMate.build/Release/DocketMate.build/DerivedSources -emit-objc-header -emit-objc-header-path /Users/bernhardbudiono/Library/Developer/Xcode/DerivedData/DocketMate-fvxxrgdftxlpjzfgckgwnsxxgumy/Build/Intermediates.noindex/DocketMate.build/Release/DocketMate.build/Objects-normal/arm64/DocketMate-Swift.h -working-directory /Users/bernhardbudiono/Library/CloudStorage/Dropbox/_Documents\ -\ Apps\ \(Working\)/repos_github/Working/repo_docketmate/_macOS/docketmate-Sandbox -no-emit-module-separately-wmo

SwiftCompile normal arm64 Compiling\ AppDelegate.swift,\ ContentView.swift,\ DocketMateApp.swift,\ MainContentView.swift,\ docketmateApp.swift /Users/bernhardbudiono/Library/CloudStorage/Dropbox/_Documents\ -\ Apps\ (Working)/repos_github/Working/repo_docketmate/_macOS/docketmate-Sandbox/Sources/AppDelegate.swift /Users/bernhardbudiono/Library/CloudStorage/Dropbox/_Documents\ -\ Apps\ (Working)/repos_github/Working/repo_docketmate/_macOS/docketmate-Sandbox/Sources/ContentView.swift /Users/bernhardbudiono/Library/CloudStorage/Dropbox/_Documents\ -\ Apps\ (Working)/repos_github/Working/repo_docketmate/_macOS/docketmate-Sandbox/Sources/DocketMateApp.swift /Users/bernhardbudiono/Library/CloudStorage/Dropbox/_Documents\ -\ Apps\ (Working)/repos_github/Working/repo_docketmate/_macOS/docketmate-Sandbox/Sources/UI/MainContentView.swift /Users/bernhardbudiono/Library/CloudStorage/Dropbox/_Documents\ -\ Apps\ (Working)/repos_github/Working/repo_docketmate/_macOS/docketmate-Sandbox/Sources/App/docketmateApp.swift (in target 'DocketMate' from project 'DocketMate')

CompileSwift normal arm64 (in target 'DocketMate' from project 'DocketMate')
    cd /Users/bernhardbudiono/Library/CloudStorage/Dropbox/_Documents\ -\ Apps\ \(Working\)/repos_github/Working/repo_docketmate/_macOS/docketmate-Sandbox
    
/Users/bernhardbudiono/Library/CloudStorage/Dropbox/_Documents - Apps (Working)/repos_github/Working/repo_docketmate/_macOS/docketmate-Sandbox/Sources/ContentView.swift:5:15: error: unterminated string literal
        Text(\"Hello, DocketMate (production)!\")
              ^
/Users/bernhardbudiono/Library/CloudStorage/Dropbox/_Documents - Apps (Working)/repos_github/Working/repo_docketmate/_macOS/docketmate-Sandbox/Sources/ContentView.swift:6:22: error: missing argument for parameter 'verbatim' in call
            .padding()
                     ^
                     verbatim: <#String#>
SwiftUICore.Text.init:2:19: note: 'init(verbatim:)' declared here
@inlinable public init(verbatim content: String)}
                  ^
/Users/bernhardbudiono/Library/CloudStorage/Dropbox/_Documents - Apps (Working)/repos_github/Working/repo_docketmate/_macOS/docketmate-Sandbox/Sources/DocketMateApp.swift:3:1: error: 'main' attribute can only apply to one type in a module
@main
^
/Users/bernhardbudiono/Library/CloudStorage/Dropbox/_Documents - Apps (Working)/repos_github/Working/repo_docketmate/_macOS/docketmate-Sandbox/Sources/App/docketmateApp.swift:9:1: error: 'main' attribute can only apply to one type in a module
@main
^

Failed frontend command:
/Applications/Xcode.app/Contents/Developer/Toolchains/XcodeDefault.xctoolchain/usr/bin/swift-frontend -frontend -c /Users/bernhardbudiono/Library/CloudStorage/Dropbox/_Documents\ -\ Apps\ \(Working\)/repos_github/Working/repo_docketmate/_macOS/docketmate-Sandbox/Sources/AppDelegate.swift /Users/bernhardbudiono/Library/CloudStorage/Dropbox/_Documents\ -\ Apps\ \(Working\)/repos_github/Working/repo_docketmate/_macOS/docketmate-Sandbox/Sources/ContentView.swift /Users/bernhardbudiono/Library/CloudStorage/Dropbox/_Documents\ -\ Apps\ \(Working\)/repos_github/Working/repo_docketmate/_macOS/docketmate-Sandbox/Sources/DocketMateApp.swift /Users/bernhardbudiono/Library/CloudStorage/Dropbox/_Documents\ -\ Apps\ \(Working\)/repos_github/Working/repo_docketmate/_macOS/docketmate-Sandbox/Sources/UI/MainContentView.swift /Users/bernhardbudiono/Library/CloudStorage/Dropbox/_Documents\ -\ Apps\ \(Working\)/repos_github/Working/repo_docketmate/_macOS/docketmate-Sandbox/Sources/App/docketmateApp.swift -supplementary-output-file-map /Users/bernhardbudiono/Library/Developer/Xcode/DerivedData/DocketMate-fvxxrgdftxlpjzfgckgwnsxxgumy/Build/Intermediates.noindex/DocketMate.build/Release/DocketMate.build/Objects-normal/arm64/supplementaryOutputs-1 -target arm64-apple-macos13.5 -Xllvm -aarch64-use-tbi -enable-objc-interop -stack-check -sdk /Applications/Xcode.app/Contents/Developer/Platforms/MacOSX.platform/Developer/SDKs/MacOSX15.4.sdk -I /Users/bernhardbudiono/Library/Developer/Xcode/DerivedData/DocketMate-fvxxrgdftxlpjzfgckgwnsxxgumy/Build/Products/Release -F /Users/bernhardbudiono/Library/Developer/Xcode/DerivedData/DocketMate-fvxxrgdftxlpjzfgckgwnsxxgumy/Build/Products/Release -no-color-diagnostics -g -debug-info-format\=dwarf -dwarf-version\=4 -module-cache-path /Users/bernhardbudiono/Library/Developer/Xcode/DerivedData/ModuleCache.noindex -swift-version 5 -enforce-exclusivity\=checked -O -serialize-debugging-options -const-gather-protocols-file /Users/bernhardbudiono/Library/Developer/Xcode/DerivedData/DocketMate-fvxxrgdftxlpjzfgckgwnsxxgumy/Build/Intermediates.noindex/DocketMate.build/Release/DocketMate.build/Objects-normal/arm64/DocketMate_const_extract_protocols.json -enable-experimental-feature DebugDescriptionMacro -enable-bare-slash-regex -empty-abi-descriptor -validate-clang-modules-once -clang-build-session-file /Users/bernhardbudiono/Library/Developer/Xcode/DerivedData/ModuleCache.noindex/Session.modulevalidation -Xcc -working-directory -Xcc /Users/bernhardbudiono/Library/CloudStorage/Dropbox/_Documents\ -\ Apps\ \(Working\)/repos_github/Working/repo_docketmate/_macOS/docketmate-Sandbox -resource-dir /Applications/Xcode.app/Contents/Developer/Toolchains/XcodeDefault.xctoolchain/usr/lib/swift -file-compilation-dir /Users/bernhardbudiono/Library/CloudStorage/Dropbox/_Documents\ -\ Apps\ \(Working\)/repos_github/Working/repo_docketmate/_macOS/docketmate-Sandbox -Xcc -ivfsstatcache -Xcc /Users/bernhardbudiono/Library/Developer/Xcode/DerivedData/SDKStatCaches.noindex/macosx15.4-24E241-88b860576fb364319593bd8fb30666b0.sdkstatcache -Xcc -I/Users/bernhardbudiono/Library/Developer/Xcode/DerivedData/DocketMate-fvxxrgdftxlpjzfgckgwnsxxgumy/Build/Intermediates.noindex/DocketMate.build/Release/DocketMate.build/swift-overrides.hmap -Xcc -iquote -Xcc /Users/bernhardbudiono/Library/Developer/Xcode/DerivedData/DocketMate-fvxxrgdftxlpjzfgckgwnsxxgumy/Build/Intermediates.noindex/DocketMate.build/Release/DocketMate.build/DocketMate-generated-files.hmap -Xcc -I/Users/bernhardbudiono/Library/Developer/Xcode/DerivedData/DocketMate-fvxxrgdftxlpjzfgckgwnsxxgumy/Build/Intermediates.noindex/DocketMate.build/Release/DocketMate.build/DocketMate-own-target-headers.hmap -Xcc -I/Users/bernhardbudiono/Library/Developer/Xcode/DerivedData/DocketMate-fvxxrgdftxlpjzfgckgwnsxxgumy/Build/Intermediates.noindex/DocketMate.build/Release/DocketMate.build/DocketMate-all-target-headers.hmap -Xcc -iquote -Xcc /Users/bernhardbudiono/Library/Developer/Xcode/DerivedData/DocketMate-fvxxrgdftxlpjzfgckgwnsxxgumy/Build/Intermediates.noindex/DocketMate.build/Release/DocketMate.build/DocketMate-project-headers.hmap -Xcc -I/Users/bernhardbudiono/Library/Developer/Xcode/DerivedData/DocketMate-fvxxrgdftxlpjzfgckgwnsxxgumy/Build/Products/Release/include -Xcc -I/Users/bernhardbudiono/Library/Developer/Xcode/DerivedData/DocketMate-fvxxrgdftxlpjzfgckgwnsxxgumy/Build/Intermediates.noindex/DocketMate.build/Release/DocketMate.build/DerivedSources-normal/arm64 -Xcc -I/Users/bernhardbudiono/Library/Developer/Xcode/DerivedData/DocketMate-fvxxrgdftxlpjzfgckgwnsxxgumy/Build/Intermediates.noindex/DocketMate.build/Release/DocketMate.build/DerivedSources/arm64 -Xcc -I/Users/bernhardbudiono/Library/Developer/Xcode/DerivedData/DocketMate-fvxxrgdftxlpjzfgckgwnsxxgumy/Build/Intermediates.noindex/DocketMate.build/Release/DocketMate.build/DerivedSources -module-name DocketMate -frontend-parseable-output -disable-clang-spi -target-sdk-version 15.4 -target-sdk-name macosx15.4 -external-plugin-path /Applications/Xcode.app/Contents/Developer/Platforms/MacOSX.platform/Developer/usr/lib/swift/host/plugins\#/Applications/Xcode.app/Contents/Developer/Platforms/MacOSX.platform/Developer/usr/bin/swift-plugin-server -external-plugin-path /Applications/Xcode.app/Contents/Developer/Platforms/MacOSX.platform/Developer/usr/local/lib/swift/host/plugins\#/Applications/Xcode.app/Contents/Developer/Platforms/MacOSX.platform/Developer/usr/bin/swift-plugin-server -in-process-plugin-server-path /Applications/Xcode.app/Contents/Developer/Toolchains/XcodeDefault.xctoolchain/usr/lib/swift/host/libSwiftInProcPluginServer.dylib -plugin-path /Applications/Xcode.app/Contents/Developer/Toolchains/XcodeDefault.xctoolchain/usr/lib/swift/host/plugins -plugin-path /Applications/Xcode.app/Contents/Developer/Toolchains/XcodeDefault.xctoolchain/usr/local/lib/swift/host/plugins -enable-default-cmo -num-threads 16 -o /Users/bernhardbudiono/Library/Developer/Xcode/DerivedData/DocketMate-fvxxrgdftxlpjzfgckgwnsxxgumy/Build/Intermediates.noindex/DocketMate.build/Release/DocketMate.build/Objects-normal/arm64/AppDelegate.o -o /Users/bernhardbudiono/Library/Developer/Xcode/DerivedData/DocketMate-fvxxrgdftxlpjzfgckgwnsxxgumy/Build/Intermediates.noindex/DocketMate.build/Release/DocketMate.build/Objects-normal/arm64/ContentView.o -o /Users/bernhardbudiono/Library/Developer/Xcode/DerivedData/DocketMate-fvxxrgdftxlpjzfgckgwnsxxgumy/Build/Intermediates.noindex/DocketMate.build/Release/DocketMate.build/Objects-normal/arm64/DocketMateApp-bad273fd1a4fe56368fb41dd14367820.o -o /Users/bernhardbudiono/Library/Developer/Xcode/DerivedData/DocketMate-fvxxrgdftxlpjzfgckgwnsxxgumy/Build/Intermediates.noindex/DocketMate.build/Release/DocketMate.build/Objects-normal/arm64/MainContentView.o -o /Users/bernhardbudiono/Library/Developer/Xcode/DerivedData/DocketMate-fvxxrgdftxlpjzfgckgwnsxxgumy/Build/Intermediates.noindex/DocketMate.build/Release/DocketMate.build/Objects-normal/arm64/docketmateApp-1b2cc263b5d9db65df7b500f883b3bab.o -index-unit-output-path /DocketMate.build/Release/DocketMate.build/Objects-normal/arm64/AppDelegate.o -index-unit-output-path /DocketMate.build/Release/DocketMate.build/Objects-normal/arm64/ContentView.o -index-unit-output-path /DocketMate.build/Release/DocketMate.build/Objects-normal/arm64/DocketMateApp-bad273fd1a4fe56368fb41dd14367820.o -index-unit-output-path /DocketMate.build/Release/DocketMate.build/Objects-normal/arm64/MainContentView.o -index-unit-output-path /DocketMate.build/Release/DocketMate.build/Objects-normal/arm64/docketmateApp-1b2cc263b5d9db65df7b500f883b3bab.o
SwiftDriver\ Compilation DocketMate normal arm64 com.apple.xcode.tools.swift.compiler (in target 'DocketMate' from project 'DocketMate')
    cd /Users/bernhardbudiono/Library/CloudStorage/Dropbox/_Documents\ -\ Apps\ \(Working\)/repos_github/Working/repo_docketmate/_macOS/docketmate-Sandbox
    builtin-Swift-Compilation -- /Applications/Xcode.app/Contents/Developer/Toolchains/XcodeDefault.xctoolchain/usr/bin/swiftc -module-name DocketMate -O -whole-module-optimization -enforce-exclusivity\=checked @/Users/bernhardbudiono/Library/Developer/Xcode/DerivedData/DocketMate-fvxxrgdftxlpjzfgckgwnsxxgumy/Build/Intermediates.noindex/DocketMate.build/Release/DocketMate.build/Objects-normal/arm64/DocketMate.SwiftFileList -enable-bare-slash-regex -enable-experimental-feature DebugDescriptionMacro -sdk /Applications/Xcode.app/Contents/Developer/Platforms/MacOSX.platform/Developer/SDKs/MacOSX15.4.sdk -target arm64-apple-macos13.5 -g -module-cache-path /Users/bernhardbudiono/Library/Developer/Xcode/DerivedData/ModuleCache.noindex -Xfrontend -serialize-debugging-options -swift-version 5 -I /Users/bernhardbudiono/Library/Developer/Xcode/DerivedData/DocketMate-fvxxrgdftxlpjzfgckgwnsxxgumy/Build/Products/Release -F /Users/bernhardbudiono/Library/Developer/Xcode/DerivedData/DocketMate-fvxxrgdftxlpjzfgckgwnsxxgumy/Build/Products/Release -c -num-threads 16 -Xcc -ivfsstatcache -Xcc /Users/bernhardbudiono/Library/Developer/Xcode/DerivedData/SDKStatCaches.noindex/macosx15.4-24E241-88b860576fb364319593bd8fb30666b0.sdkstatcache -output-file-map /Users/bernhardbudiono/Library/Developer/Xcode/DerivedData/DocketMate-fvxxrgdftxlpjzfgckgwnsxxgumy/Build/Intermediates.noindex/DocketMate.build/Release/DocketMate.build/Objects-normal/arm64/DocketMate-OutputFileMap.json -use-frontend-parseable-output -save-temps -no-color-diagnostics -serialize-diagnostics -emit-dependencies -emit-module -emit-module-path /Users/bernhardbudiono/Library/Developer/Xcode/DerivedData/DocketMate-fvxxrgdftxlpjzfgckgwnsxxgumy/Build/Intermediates.noindex/DocketMate.build/Release/DocketMate.build/Objects-normal/arm64/DocketMate.swiftmodule -validate-clang-modules-once -clang-build-session-file /Users/bernhardbudiono/Library/Developer/Xcode/DerivedData/ModuleCache.noindex/Session.modulevalidation -Xcc -I/Users/bernhardbudiono/Library/Developer/Xcode/DerivedData/DocketMate-fvxxrgdftxlpjzfgckgwnsxxgumy/Build/Intermediates.noindex/DocketMate.build/Release/DocketMate.build/swift-overrides.hmap -emit-const-values -Xfrontend -const-gather-protocols-file -Xfrontend /Users/bernhardbudiono/Library/Developer/Xcode/DerivedData/DocketMate-fvxxrgdftxlpjzfgckgwnsxxgumy/Build/Intermediates.noindex/DocketMate.build/Release/DocketMate.build/Objects-normal/arm64/DocketMate_const_extract_protocols.json -Xcc -iquote -Xcc /Users/bernhardbudiono/Library/Developer/Xcode/DerivedData/DocketMate-fvxxrgdftxlpjzfgckgwnsxxgumy/Build/Intermediates.noindex/DocketMate.build/Release/DocketMate.build/DocketMate-generated-files.hmap -Xcc -I/Users/bernhardbudiono/Library/Developer/Xcode/DerivedData/DocketMate-fvxxrgdftxlpjzfgckgwnsxxgumy/Build/Intermediates.noindex/DocketMate.build/Release/DocketMate.build/DocketMate-own-target-headers.hmap -Xcc -I/Users/bernhardbudiono/Library/Developer/Xcode/DerivedData/DocketMate-fvxxrgdftxlpjzfgckgwnsxxgumy/Build/Intermediates.noindex/DocketMate.build/Release/DocketMate.build/DocketMate-all-target-headers.hmap -Xcc -iquote -Xcc /Users/bernhardbudiono/Library/Developer/Xcode/DerivedData/DocketMate-fvxxrgdftxlpjzfgckgwnsxxgumy/Build/Intermediates.noindex/DocketMate.build/Release/DocketMate.build/DocketMate-project-headers.hmap -Xcc -I/Users/bernhardbudiono/Library/Developer/Xcode/DerivedData/DocketMate-fvxxrgdftxlpjzfgckgwnsxxgumy/Build/Products/Release/include -Xcc -I/Users/bernhardbudiono/Library/Developer/Xcode/DerivedData/DocketMate-fvxxrgdftxlpjzfgckgwnsxxgumy/Build/Intermediates.noindex/DocketMate.build/Release/DocketMate.build/DerivedSources-normal/arm64 -Xcc -I/Users/bernhardbudiono/Library/Developer/Xcode/DerivedData/DocketMate-fvxxrgdftxlpjzfgckgwnsxxgumy/Build/Intermediates.noindex/DocketMate.build/Release/DocketMate.build/DerivedSources/arm64 -Xcc -I/Users/bernhardbudiono/Library/Developer/Xcode/DerivedData/DocketMate-fvxxrgdftxlpjzfgckgwnsxxgumy/Build/Intermediates.noindex/DocketMate.build/Release/DocketMate.build/DerivedSources -emit-objc-header -emit-objc-header-path /Users/bernhardbudiono/Library/Developer/Xcode/DerivedData/DocketMate-fvxxrgdftxlpjzfgckgwnsxxgumy/Build/Intermediates.noindex/DocketMate.build/Release/DocketMate.build/Objects-normal/arm64/DocketMate-Swift.h -working-directory /Users/bernhardbudiono/Library/CloudStorage/Dropbox/_Documents\ -\ Apps\ \(Working\)/repos_github/Working/repo_docketmate/_macOS/docketmate-Sandbox -no-emit-module-separately-wmo

note: Disabling previews because SWIFT_VERSION is set and SWIFT_OPTIMIZATION_LEVEL=-O, expected -Onone (in target 'DocketMate' from project 'DocketMate')
