Command line invocation:
    /Applications/Xcode.app/Contents/Developer/usr/bin/xcodebuild -workspace DocketMate.xcworkspace -scheme DocketMate-Sandbox -destination platform=macOS clean build

ComputePackagePrebuildTargetDependencyGraph

CreateBuildRequest

SendProjectDescription

CreateBuildOperation

** CLEAN SUCCEEDED **

ComputePackagePrebuildTargetDependencyGraph

Prepare packages

CreateBuildRequest

SendProjectDescription

CreateBuildOperation

ComputeTargetDependencyGraph
note: Building targets in dependency order
note: Target dependency graph (1 target)
    Target 'DocketMate-Sandbox' in project 'DocketMate-Sandbox' (no dependencies)

GatherProvisioningInputs

CreateBuildDescription

ExecuteExternalTool /Applications/Xcode.app/Contents/Developer/Toolchains/XcodeDefault.xctoolchain/usr/bin/clang -v -E -dM -isysroot /Applications/Xcode.app/Contents/Developer/Platforms/MacOSX.platform/Developer/SDKs/MacOSX15.4.sdk -x c -c /dev/null

ExecuteExternalTool /Applications/Xcode.app/Contents/Developer/Toolchains/XcodeDefault.xctoolchain/usr/bin/swiftc --version

ExecuteExternalTool /Applications/Xcode.app/Contents/Developer/Toolchains/XcodeDefault.xctoolchain/usr/bin/ld -version_details

Build description signature: 0e08b48be7f4ff97014938946477ff60
Build description path: /Users/bernhardbudiono/Library/Developer/Xcode/DerivedData/DocketMate-gvejtanpznmxjybklhtpbcqcyrtb/Build/Intermediates.noindex/XCBuildData/0e08b48be7f4ff97014938946477ff60.xcbuilddata
ClangStatCache /Applications/Xcode.app/Contents/Developer/Toolchains/XcodeDefault.xctoolchain/usr/bin/clang-stat-cache /Applications/Xcode.app/Contents/Developer/Platforms/MacOSX.platform/Developer/SDKs/MacOSX15.4.sdk /Users/bernhardbudiono/Library/Developer/Xcode/DerivedData/SDKStatCaches.noindex/macosx15.4-24E241-88b860576fb364319593bd8fb30666b0.sdkstatcache
    cd /Users/bernhardbudiono/Library/CloudStorage/Dropbox/_Documents\ -\ Apps\ \(Working\)/repos_github/Working/repo_docketmate/_macOS
    /Applications/Xcode.app/Contents/Developer/Toolchains/XcodeDefault.xctoolchain/usr/bin/clang-stat-cache /Applications/Xcode.app/Contents/Developer/Platforms/MacOSX.platform/Developer/SDKs/MacOSX15.4.sdk -o /Users/bernhardbudiono/Library/Developer/Xcode/DerivedData/SDKStatCaches.noindex/macosx15.4-24E241-88b860576fb364319593bd8fb30666b0.sdkstatcache

CreateBuildDirectory /Users/bernhardbudiono/Library/Developer/Xcode/DerivedData/DocketMate-gvejtanpznmxjybklhtpbcqcyrtb/Build/Products
    cd /Users/bernhardbudiono/Library/CloudStorage/Dropbox/_Documents\ -\ Apps\ \(Working\)/repos_github/Working/repo_docketmate/_macOS
    builtin-create-build-directory /Users/bernhardbudiono/Library/Developer/Xcode/DerivedData/DocketMate-gvejtanpznmxjybklhtpbcqcyrtb/Build/Products

CreateBuildDirectory /Users/bernhardbudiono/Library/Developer/Xcode/DerivedData/DocketMate-gvejtanpznmxjybklhtpbcqcyrtb/Build/Intermediates.noindex
    cd /Users/bernhardbudiono/Library/CloudStorage/Dropbox/_Documents\ -\ Apps\ \(Working\)/repos_github/Working/repo_docketmate/_macOS
    builtin-create-build-directory /Users/bernhardbudiono/Library/Developer/Xcode/DerivedData/DocketMate-gvejtanpznmxjybklhtpbcqcyrtb/Build/Intermediates.noindex

CreateBuildDirectory /Users/bernhardbudiono/Library/Developer/Xcode/DerivedData/DocketMate-gvejtanpznmxjybklhtpbcqcyrtb/Build/Intermediates.noindex/EagerLinkingTBDs/Debug
    cd /Users/bernhardbudiono/Library/CloudStorage/Dropbox/_Documents\ -\ Apps\ \(Working\)/repos_github/Working/repo_docketmate/_macOS
    builtin-create-build-directory /Users/bernhardbudiono/Library/Developer/Xcode/DerivedData/DocketMate-gvejtanpznmxjybklhtpbcqcyrtb/Build/Intermediates.noindex/EagerLinkingTBDs/Debug

WriteAuxiliaryFile /Users/bernhardbudiono/Library/Developer/Xcode/DerivedData/DocketMate-gvejtanpznmxjybklhtpbcqcyrtb/Build/Intermediates.noindex/DocketMate-Sandbox.build/Debug/DocketMate-Sandbox-c56f5a5c5207727be5c5c28572cf8d88-VFS/all-product-headers.yaml
    cd /Users/bernhardbudiono/Library/CloudStorage/Dropbox/_Documents\ -\ Apps\ \(Working\)/repos_github/Working/repo_docketmate/_macOS
    write-file /Users/bernhardbudiono/Library/Developer/Xcode/DerivedData/DocketMate-gvejtanpznmxjybklhtpbcqcyrtb/Build/Intermediates.noindex/DocketMate-Sandbox.build/Debug/DocketMate-Sandbox-c56f5a5c5207727be5c5c28572cf8d88-VFS/all-product-headers.yaml

CreateBuildDirectory /Users/bernhardbudiono/Library/Developer/Xcode/DerivedData/DocketMate-gvejtanpznmxjybklhtpbcqcyrtb/Build/Products/Debug
    cd /Users/bernhardbudiono/Library/CloudStorage/Dropbox/_Documents\ -\ Apps\ \(Working\)/repos_github/Working/repo_docketmate/_macOS
    builtin-create-build-directory /Users/bernhardbudiono/Library/Developer/Xcode/DerivedData/DocketMate-gvejtanpznmxjybklhtpbcqcyrtb/Build/Products/Debug

WriteAuxiliaryFile /Users/bernhardbudiono/Library/Developer/Xcode/DerivedData/DocketMate-gvejtanpznmxjybklhtpbcqcyrtb/Build/Intermediates.noindex/DocketMate-Sandbox.build/Debug/DocketMate-Sandbox.build/DocketMate-Sandbox.DependencyStaticMetadataFileList (in target 'DocketMate-Sandbox' from project 'DocketMate-Sandbox')
    cd /Users/bernhardbudiono/Library/CloudStorage/Dropbox/_Documents\ -\ Apps\ \(Working\)/repos_github/Working/repo_docketmate/_macOS/DocketMate-Sandbox
    write-file /Users/bernhardbudiono/Library/Developer/Xcode/DerivedData/DocketMate-gvejtanpznmxjybklhtpbcqcyrtb/Build/Intermediates.noindex/DocketMate-Sandbox.build/Debug/DocketMate-Sandbox.build/DocketMate-Sandbox.DependencyStaticMetadataFileList

WriteAuxiliaryFile /Users/bernhardbudiono/Library/Developer/Xcode/DerivedData/DocketMate-gvejtanpznmxjybklhtpbcqcyrtb/Build/Intermediates.noindex/DocketMate-Sandbox.build/Debug/DocketMate-Sandbox.build/Objects-normal/arm64/DocketMate-Sandbox_const_extract_protocols.json (in target 'DocketMate-Sandbox' from project 'DocketMate-Sandbox')
    cd /Users/bernhardbudiono/Library/CloudStorage/Dropbox/_Documents\ -\ Apps\ \(Working\)/repos_github/Working/repo_docketmate/_macOS/DocketMate-Sandbox
    write-file /Users/bernhardbudiono/Library/Developer/Xcode/DerivedData/DocketMate-gvejtanpznmxjybklhtpbcqcyrtb/Build/Intermediates.noindex/DocketMate-Sandbox.build/Debug/DocketMate-Sandbox.build/Objects-normal/arm64/DocketMate-Sandbox_const_extract_protocols.json

WriteAuxiliaryFile /Users/bernhardbudiono/Library/Developer/Xcode/DerivedData/DocketMate-gvejtanpznmxjybklhtpbcqcyrtb/Build/Intermediates.noindex/DocketMate-Sandbox.build/Debug/DocketMate-Sandbox.build/Objects-normal/arm64/DocketMate-Sandbox-OutputFileMap.json (in target 'DocketMate-Sandbox' from project 'DocketMate-Sandbox')
    cd /Users/bernhardbudiono/Library/CloudStorage/Dropbox/_Documents\ -\ Apps\ \(Working\)/repos_github/Working/repo_docketmate/_macOS/DocketMate-Sandbox
    write-file /Users/bernhardbudiono/Library/Developer/Xcode/DerivedData/DocketMate-gvejtanpznmxjybklhtpbcqcyrtb/Build/Intermediates.noindex/DocketMate-Sandbox.build/Debug/DocketMate-Sandbox.build/Objects-normal/arm64/DocketMate-Sandbox-OutputFileMap.json

WriteAuxiliaryFile /Users/bernhardbudiono/Library/Developer/Xcode/DerivedData/DocketMate-gvejtanpznmxjybklhtpbcqcyrtb/Build/Intermediates.noindex/DocketMate-Sandbox.build/Debug/DocketMate-Sandbox.build/DocketMate-Sandbox.DependencyMetadataFileList (in target 'DocketMate-Sandbox' from project 'DocketMate-Sandbox')
    cd /Users/bernhardbudiono/Library/CloudStorage/Dropbox/_Documents\ -\ Apps\ \(Working\)/repos_github/Working/repo_docketmate/_macOS/DocketMate-Sandbox
    write-file /Users/bernhardbudiono/Library/Developer/Xcode/DerivedData/DocketMate-gvejtanpznmxjybklhtpbcqcyrtb/Build/Intermediates.noindex/DocketMate-Sandbox.build/Debug/DocketMate-Sandbox.build/DocketMate-Sandbox.DependencyMetadataFileList

WriteAuxiliaryFile /Users/bernhardbudiono/Library/Developer/Xcode/DerivedData/DocketMate-gvejtanpznmxjybklhtpbcqcyrtb/Build/Intermediates.noindex/DocketMate-Sandbox.build/Debug/DocketMate-Sandbox.build/DocketMate-Sandbox-own-target-headers.hmap (in target 'DocketMate-Sandbox' from project 'DocketMate-Sandbox')
    cd /Users/bernhardbudiono/Library/CloudStorage/Dropbox/_Documents\ -\ Apps\ \(Working\)/repos_github/Working/repo_docketmate/_macOS/DocketMate-Sandbox
    write-file /Users/bernhardbudiono/Library/Developer/Xcode/DerivedData/DocketMate-gvejtanpznmxjybklhtpbcqcyrtb/Build/Intermediates.noindex/DocketMate-Sandbox.build/Debug/DocketMate-Sandbox.build/DocketMate-Sandbox-own-target-headers.hmap

WriteAuxiliaryFile /Users/bernhardbudiono/Library/Developer/Xcode/DerivedData/DocketMate-gvejtanpznmxjybklhtpbcqcyrtb/Build/Intermediates.noindex/DocketMate-Sandbox.build/Debug/DocketMate-Sandbox.build/DocketMate-Sandbox-all-target-headers.hmap (in target 'DocketMate-Sandbox' from project 'DocketMate-Sandbox')
    cd /Users/bernhardbudiono/Library/CloudStorage/Dropbox/_Documents\ -\ Apps\ \(Working\)/repos_github/Working/repo_docketmate/_macOS/DocketMate-Sandbox
    write-file /Users/bernhardbudiono/Library/Developer/Xcode/DerivedData/DocketMate-gvejtanpznmxjybklhtpbcqcyrtb/Build/Intermediates.noindex/DocketMate-Sandbox.build/Debug/DocketMate-Sandbox.build/DocketMate-Sandbox-all-target-headers.hmap

WriteAuxiliaryFile /Users/bernhardbudiono/Library/Developer/Xcode/DerivedData/DocketMate-gvejtanpznmxjybklhtpbcqcyrtb/Build/Intermediates.noindex/DocketMate-Sandbox.build/Debug/DocketMate-Sandbox.build/DocketMate-Sandbox-all-non-framework-target-headers.hmap (in target 'DocketMate-Sandbox' from project 'DocketMate-Sandbox')
    cd /Users/bernhardbudiono/Library/CloudStorage/Dropbox/_Documents\ -\ Apps\ \(Working\)/repos_github/Working/repo_docketmate/_macOS/DocketMate-Sandbox
    write-file /Users/bernhardbudiono/Library/Developer/Xcode/DerivedData/DocketMate-gvejtanpznmxjybklhtpbcqcyrtb/Build/Intermediates.noindex/DocketMate-Sandbox.build/Debug/DocketMate-Sandbox.build/DocketMate-Sandbox-all-non-framework-target-headers.hmap

WriteAuxiliaryFile /Users/bernhardbudiono/Library/Developer/Xcode/DerivedData/DocketMate-gvejtanpznmxjybklhtpbcqcyrtb/Build/Intermediates.noindex/DocketMate-Sandbox.build/Debug/DocketMate-Sandbox.build/DocketMate-Sandbox-DebugDylibPath-normal-arm64.txt (in target 'DocketMate-Sandbox' from project 'DocketMate-Sandbox')
    cd /Users/bernhardbudiono/Library/CloudStorage/Dropbox/_Documents\ -\ Apps\ \(Working\)/repos_github/Working/repo_docketmate/_macOS/DocketMate-Sandbox
    write-file /Users/bernhardbudiono/Library/Developer/Xcode/DerivedData/DocketMate-gvejtanpznmxjybklhtpbcqcyrtb/Build/Intermediates.noindex/DocketMate-Sandbox.build/Debug/DocketMate-Sandbox.build/DocketMate-Sandbox-DebugDylibPath-normal-arm64.txt

WriteAuxiliaryFile /Users/bernhardbudiono/Library/Developer/Xcode/DerivedData/DocketMate-gvejtanpznmxjybklhtpbcqcyrtb/Build/Intermediates.noindex/DocketMate-Sandbox.build/Debug/DocketMate-Sandbox.build/DocketMate-Sandbox-generated-files.hmap (in target 'DocketMate-Sandbox' from project 'DocketMate-Sandbox')
    cd /Users/bernhardbudiono/Library/CloudStorage/Dropbox/_Documents\ -\ Apps\ \(Working\)/repos_github/Working/repo_docketmate/_macOS/DocketMate-Sandbox
    write-file /Users/bernhardbudiono/Library/Developer/Xcode/DerivedData/DocketMate-gvejtanpznmxjybklhtpbcqcyrtb/Build/Intermediates.noindex/DocketMate-Sandbox.build/Debug/DocketMate-Sandbox.build/DocketMate-Sandbox-generated-files.hmap

WriteAuxiliaryFile /Users/bernhardbudiono/Library/Developer/Xcode/DerivedData/DocketMate-gvejtanpznmxjybklhtpbcqcyrtb/Build/Intermediates.noindex/DocketMate-Sandbox.build/Debug/DocketMate-Sandbox.build/DocketMate-Sandbox.hmap (in target 'DocketMate-Sandbox' from project 'DocketMate-Sandbox')
    cd /Users/bernhardbudiono/Library/CloudStorage/Dropbox/_Documents\ -\ Apps\ \(Working\)/repos_github/Working/repo_docketmate/_macOS/DocketMate-Sandbox
    write-file /Users/bernhardbudiono/Library/Developer/Xcode/DerivedData/DocketMate-gvejtanpznmxjybklhtpbcqcyrtb/Build/Intermediates.noindex/DocketMate-Sandbox.build/Debug/DocketMate-Sandbox.build/DocketMate-Sandbox.hmap

WriteAuxiliaryFile /Users/bernhardbudiono/Library/Developer/Xcode/DerivedData/DocketMate-gvejtanpznmxjybklhtpbcqcyrtb/Build/Intermediates.noindex/DocketMate-Sandbox.build/Debug/DocketMate-Sandbox.build/DocketMate-Sandbox-project-headers.hmap (in target 'DocketMate-Sandbox' from project 'DocketMate-Sandbox')
    cd /Users/bernhardbudiono/Library/CloudStorage/Dropbox/_Documents\ -\ Apps\ \(Working\)/repos_github/Working/repo_docketmate/_macOS/DocketMate-Sandbox
    write-file /Users/bernhardbudiono/Library/Developer/Xcode/DerivedData/DocketMate-gvejtanpznmxjybklhtpbcqcyrtb/Build/Intermediates.noindex/DocketMate-Sandbox.build/Debug/DocketMate-Sandbox.build/DocketMate-Sandbox-project-headers.hmap

WriteAuxiliaryFile /Users/bernhardbudiono/Library/Developer/Xcode/DerivedData/DocketMate-gvejtanpznmxjybklhtpbcqcyrtb/Build/Intermediates.noindex/DocketMate-Sandbox.build/Debug/DocketMate-Sandbox.build/Objects-normal/arm64/DocketMate-Sandbox.LinkFileList (in target 'DocketMate-Sandbox' from project 'DocketMate-Sandbox')
    cd /Users/bernhardbudiono/Library/CloudStorage/Dropbox/_Documents\ -\ Apps\ \(Working\)/repos_github/Working/repo_docketmate/_macOS/DocketMate-Sandbox
    write-file /Users/bernhardbudiono/Library/Developer/Xcode/DerivedData/DocketMate-gvejtanpznmxjybklhtpbcqcyrtb/Build/Intermediates.noindex/DocketMate-Sandbox.build/Debug/DocketMate-Sandbox.build/Objects-normal/arm64/DocketMate-Sandbox.LinkFileList

WriteAuxiliaryFile /Users/bernhardbudiono/Library/Developer/Xcode/DerivedData/DocketMate-gvejtanpznmxjybklhtpbcqcyrtb/Build/Intermediates.noindex/DocketMate-Sandbox.build/Debug/DocketMate-Sandbox.build/DocketMate-Sandbox-DebugDylibInstallName-normal-arm64.txt (in target 'DocketMate-Sandbox' from project 'DocketMate-Sandbox')
    cd /Users/bernhardbudiono/Library/CloudStorage/Dropbox/_Documents\ -\ Apps\ \(Working\)/repos_github/Working/repo_docketmate/_macOS/DocketMate-Sandbox
    write-file /Users/bernhardbudiono/Library/Developer/Xcode/DerivedData/DocketMate-gvejtanpznmxjybklhtpbcqcyrtb/Build/Intermediates.noindex/DocketMate-Sandbox.build/Debug/DocketMate-Sandbox.build/DocketMate-Sandbox-DebugDylibInstallName-normal-arm64.txt

WriteAuxiliaryFile /Users/bernhardbudiono/Library/Developer/Xcode/DerivedData/DocketMate-gvejtanpznmxjybklhtpbcqcyrtb/Build/Intermediates.noindex/DocketMate-Sandbox.build/Debug/DocketMate-Sandbox.build/Objects-normal/arm64/DocketMate-Sandbox.SwiftConstValuesFileList (in target 'DocketMate-Sandbox' from project 'DocketMate-Sandbox')
    cd /Users/bernhardbudiono/Library/CloudStorage/Dropbox/_Documents\ -\ Apps\ \(Working\)/repos_github/Working/repo_docketmate/_macOS/DocketMate-Sandbox
    write-file /Users/bernhardbudiono/Library/Developer/Xcode/DerivedData/DocketMate-gvejtanpznmxjybklhtpbcqcyrtb/Build/Intermediates.noindex/DocketMate-Sandbox.build/Debug/DocketMate-Sandbox.build/Objects-normal/arm64/DocketMate-Sandbox.SwiftConstValuesFileList

WriteAuxiliaryFile /Users/bernhardbudiono/Library/Developer/Xcode/DerivedData/DocketMate-gvejtanpznmxjybklhtpbcqcyrtb/Build/Intermediates.noindex/DocketMate-Sandbox.build/Debug/DocketMate-Sandbox.build/Objects-normal/arm64/DocketMate-Sandbox.SwiftFileList (in target 'DocketMate-Sandbox' from project 'DocketMate-Sandbox')
    cd /Users/bernhardbudiono/Library/CloudStorage/Dropbox/_Documents\ -\ Apps\ \(Working\)/repos_github/Working/repo_docketmate/_macOS/DocketMate-Sandbox
    write-file /Users/bernhardbudiono/Library/Developer/Xcode/DerivedData/DocketMate-gvejtanpznmxjybklhtpbcqcyrtb/Build/Intermediates.noindex/DocketMate-Sandbox.build/Debug/DocketMate-Sandbox.build/Objects-normal/arm64/DocketMate-Sandbox.SwiftFileList

WriteAuxiliaryFile /Users/bernhardbudiono/Library/Developer/Xcode/DerivedData/DocketMate-gvejtanpznmxjybklhtpbcqcyrtb/Build/Intermediates.noindex/DocketMate-Sandbox.build/Debug/DocketMate-Sandbox.build/DerivedSources/Entitlements.plist (in target 'DocketMate-Sandbox' from project 'DocketMate-Sandbox')
    cd /Users/bernhardbudiono/Library/CloudStorage/Dropbox/_Documents\ -\ Apps\ \(Working\)/repos_github/Working/repo_docketmate/_macOS/DocketMate-Sandbox
    write-file /Users/bernhardbudiono/Library/Developer/Xcode/DerivedData/DocketMate-gvejtanpznmxjybklhtpbcqcyrtb/Build/Intermediates.noindex/DocketMate-Sandbox.build/Debug/DocketMate-Sandbox.build/DerivedSources/Entitlements.plist

MkDir /Users/bernhardbudiono/Library/Developer/Xcode/DerivedData/DocketMate-gvejtanpznmxjybklhtpbcqcyrtb/Build/Products/Debug/DocketMate-Sandbox.app/Contents (in target 'DocketMate-Sandbox' from project 'DocketMate-Sandbox')
    cd /Users/bernhardbudiono/Library/CloudStorage/Dropbox/_Documents\ -\ Apps\ \(Working\)/repos_github/Working/repo_docketmate/_macOS/DocketMate-Sandbox
    /bin/mkdir -p /Users/bernhardbudiono/Library/Developer/Xcode/DerivedData/DocketMate-gvejtanpznmxjybklhtpbcqcyrtb/Build/Products/Debug/DocketMate-Sandbox.app/Contents

MkDir /Users/bernhardbudiono/Library/Developer/Xcode/DerivedData/DocketMate-gvejtanpznmxjybklhtpbcqcyrtb/Build/Products/Debug/DocketMate-Sandbox.app/Contents/MacOS (in target 'DocketMate-Sandbox' from project 'DocketMate-Sandbox')
    cd /Users/bernhardbudiono/Library/CloudStorage/Dropbox/_Documents\ -\ Apps\ \(Working\)/repos_github/Working/repo_docketmate/_macOS/DocketMate-Sandbox
    /bin/mkdir -p /Users/bernhardbudiono/Library/Developer/Xcode/DerivedData/DocketMate-gvejtanpznmxjybklhtpbcqcyrtb/Build/Products/Debug/DocketMate-Sandbox.app/Contents/MacOS

MkDir /Users/bernhardbudiono/Library/Developer/Xcode/DerivedData/DocketMate-gvejtanpznmxjybklhtpbcqcyrtb/Build/Products/Debug/DocketMate-Sandbox.app (in target 'DocketMate-Sandbox' from project 'DocketMate-Sandbox')
    cd /Users/bernhardbudiono/Library/CloudStorage/Dropbox/_Documents\ -\ Apps\ \(Working\)/repos_github/Working/repo_docketmate/_macOS/DocketMate-Sandbox
    /bin/mkdir -p /Users/bernhardbudiono/Library/Developer/Xcode/DerivedData/DocketMate-gvejtanpznmxjybklhtpbcqcyrtb/Build/Products/Debug/DocketMate-Sandbox.app

ProcessProductPackaging /Users/bernhardbudiono/Library/Developer/Xcode/UserData/Provisioning\ Profiles/8c508a6d-e0b5-4fec-9447-e1737e168b79.provisionprofile /Users/bernhardbudiono/Library/Developer/Xcode/DerivedData/DocketMate-gvejtanpznmxjybklhtpbcqcyrtb/Build/Products/Debug/DocketMate-Sandbox.app/Contents/embedded.provisionprofile (in target 'DocketMate-Sandbox' from project 'DocketMate-Sandbox')
    cd /Users/bernhardbudiono/Library/CloudStorage/Dropbox/_Documents\ -\ Apps\ \(Working\)/repos_github/Working/repo_docketmate/_macOS/DocketMate-Sandbox
    builtin-productPackagingUtility /Users/bernhardbudiono/Library/Developer/Xcode/UserData/Provisioning\ Profiles/8c508a6d-e0b5-4fec-9447-e1737e168b79.provisionprofile -o /Users/bernhardbudiono/Library/Developer/Xcode/DerivedData/DocketMate-gvejtanpznmxjybklhtpbcqcyrtb/Build/Products/Debug/DocketMate-Sandbox.app/Contents/embedded.provisionprofile

ProcessProductPackaging /Users/bernhardbudiono/Library/CloudStorage/Dropbox/_Documents\ -\ Apps\ (Working)/repos_github/Working/repo_docketmate/_macOS/DocketMate-Sandbox/DocketMate-Sandbox.entitlements /Users/bernhardbudiono/Library/Developer/Xcode/DerivedData/DocketMate-gvejtanpznmxjybklhtpbcqcyrtb/Build/Intermediates.noindex/DocketMate-Sandbox.build/Debug/DocketMate-Sandbox.build/DocketMate-Sandbox.app.xcent (in target 'DocketMate-Sandbox' from project 'DocketMate-Sandbox')
    cd /Users/bernhardbudiono/Library/CloudStorage/Dropbox/_Documents\ -\ Apps\ \(Working\)/repos_github/Working/repo_docketmate/_macOS/DocketMate-Sandbox
    
    Entitlements:
    
    {
    "com.apple.application-identifier" = "7KV34995HH.com.products.DocketMate";
    "com.apple.developer.applesignin" =     (
        Default
    );
    "com.apple.developer.team-identifier" = 7KV34995HH;
    "com.apple.security.automation.apple-events" = 1;
    "com.apple.security.cs.allow-dyld-environment-variables" = 1;
    "com.apple.security.cs.allow-jit" = 1;
    "com.apple.security.cs.allow-unsigned-executable-memory" = 1;
    "com.apple.security.cs.debugger" = 1;
    "com.apple.security.cs.disable-executable-page-protection" = 1;
    "com.apple.security.cs.disable-library-validation" = 1;
    "com.apple.security.device.audio-input" = 1;
    "com.apple.security.device.camera" = 1;
    "com.apple.security.get-task-allow" = 1;
    "com.apple.security.personal-information.addressbook" = 1;
    "com.apple.security.personal-information.calendars" = 1;
    "com.apple.security.personal-information.location" = 1;
    "com.apple.security.personal-information.photos-library" = 1;
}
    
    builtin-productPackagingUtility /Users/bernhardbudiono/Library/CloudStorage/Dropbox/_Documents\ -\ Apps\ \(Working\)/repos_github/Working/repo_docketmate/_macOS/DocketMate-Sandbox/DocketMate-Sandbox.entitlements -entitlements -format xml -o /Users/bernhardbudiono/Library/Developer/Xcode/DerivedData/DocketMate-gvejtanpznmxjybklhtpbcqcyrtb/Build/Intermediates.noindex/DocketMate-Sandbox.build/Debug/DocketMate-Sandbox.build/DocketMate-Sandbox.app.xcent

ProcessProductPackagingDER /Users/bernhardbudiono/Library/Developer/Xcode/DerivedData/DocketMate-gvejtanpznmxjybklhtpbcqcyrtb/Build/Intermediates.noindex/DocketMate-Sandbox.build/Debug/DocketMate-Sandbox.build/DocketMate-Sandbox.app.xcent /Users/bernhardbudiono/Library/Developer/Xcode/DerivedData/DocketMate-gvejtanpznmxjybklhtpbcqcyrtb/Build/Intermediates.noindex/DocketMate-Sandbox.build/Debug/DocketMate-Sandbox.build/DocketMate-Sandbox.app.xcent.der (in target 'DocketMate-Sandbox' from project 'DocketMate-Sandbox')
    cd /Users/bernhardbudiono/Library/CloudStorage/Dropbox/_Documents\ -\ Apps\ \(Working\)/repos_github/Working/repo_docketmate/_macOS/DocketMate-Sandbox
    /usr/bin/derq query -f xml -i /Users/bernhardbudiono/Library/Developer/Xcode/DerivedData/DocketMate-gvejtanpznmxjybklhtpbcqcyrtb/Build/Intermediates.noindex/DocketMate-Sandbox.build/Debug/DocketMate-Sandbox.build/DocketMate-Sandbox.app.xcent -o /Users/bernhardbudiono/Library/Developer/Xcode/DerivedData/DocketMate-gvejtanpznmxjybklhtpbcqcyrtb/Build/Intermediates.noindex/DocketMate-Sandbox.build/Debug/DocketMate-Sandbox.build/DocketMate-Sandbox.app.xcent.der --raw

ProcessInfoPlistFile /Users/bernhardbudiono/Library/Developer/Xcode/DerivedData/DocketMate-gvejtanpznmxjybklhtpbcqcyrtb/Build/Products/Debug/DocketMate-Sandbox.app/Contents/Info.plist /Users/bernhardbudiono/Library/CloudStorage/Dropbox/_Documents\ -\ Apps\ (Working)/repos_github/Working/repo_docketmate/_macOS/DocketMate-Sandbox/Resources/Info.plist (in target 'DocketMate-Sandbox' from project 'DocketMate-Sandbox')
    cd /Users/bernhardbudiono/Library/CloudStorage/Dropbox/_Documents\ -\ Apps\ \(Working\)/repos_github/Working/repo_docketmate/_macOS/DocketMate-Sandbox
    builtin-infoPlistUtility /Users/bernhardbudiono/Library/CloudStorage/Dropbox/_Documents\ -\ Apps\ \(Working\)/repos_github/Working/repo_docketmate/_macOS/DocketMate-Sandbox/Resources/Info.plist -producttype com.apple.product-type.application -genpkginfo /Users/bernhardbudiono/Library/Developer/Xcode/DerivedData/DocketMate-gvejtanpznmxjybklhtpbcqcyrtb/Build/Products/Debug/DocketMate-Sandbox.app/Contents/PkgInfo -expandbuildsettings -platform macosx -o /Users/bernhardbudiono/Library/Developer/Xcode/DerivedData/DocketMate-gvejtanpznmxjybklhtpbcqcyrtb/Build/Products/Debug/DocketMate-Sandbox.app/Contents/Info.plist
warning: LSMinimumSystemVersion is explicitly set to empty - setting to value of MACOSX_DEPLOYMENT_TARGET '12.0'. (in target 'DocketMate-Sandbox' from project 'DocketMate-Sandbox')

Ld /Users/bernhardbudiono/Library/Developer/Xcode/DerivedData/DocketMate-gvejtanpznmxjybklhtpbcqcyrtb/Build/Products/Debug/DocketMate-Sandbox.app/Contents/MacOS/__preview.dylib normal (in target 'DocketMate-Sandbox' from project 'DocketMate-Sandbox')
    cd /Users/bernhardbudiono/Library/CloudStorage/Dropbox/_Documents\ -\ Apps\ \(Working\)/repos_github/Working/repo_docketmate/_macOS/DocketMate-Sandbox
    /Applications/Xcode.app/Contents/Developer/Toolchains/XcodeDefault.xctoolchain/usr/bin/clang -Xlinker -reproducible -target arm64-apple-macos12.0 -dynamiclib -isysroot /Applications/Xcode.app/Contents/Developer/Platforms/MacOSX.platform/Developer/SDKs/MacOSX15.4.sdk -O0 -L/Users/bernhardbudiono/Library/Developer/Xcode/DerivedData/DocketMate-gvejtanpznmxjybklhtpbcqcyrtb/Build/Products/Debug -F/Users/bernhardbudiono/Library/Developer/Xcode/DerivedData/DocketMate-gvejtanpznmxjybklhtpbcqcyrtb/Build/Products/Debug -install_name @rpath/DocketMate-Sandbox.debug.dylib -dead_strip -rdynamic -Xlinker -no_deduplicate -Xlinker -dependency_info -Xlinker /Users/bernhardbudiono/Library/Developer/Xcode/DerivedData/DocketMate-gvejtanpznmxjybklhtpbcqcyrtb/Build/Intermediates.noindex/DocketMate-Sandbox.build/Debug/DocketMate-Sandbox.build/Objects-normal/arm64/DocketMate-Sandbox_dependency_info.dat -Xlinker -no_adhoc_codesign -o /Users/bernhardbudiono/Library/Developer/Xcode/DerivedData/DocketMate-gvejtanpznmxjybklhtpbcqcyrtb/Build/Products/Debug/DocketMate-Sandbox.app/Contents/MacOS/__preview.dylib

SwiftDriver DocketMate-Sandbox normal arm64 com.apple.xcode.tools.swift.compiler (in target 'DocketMate-Sandbox' from project 'DocketMate-Sandbox')
    cd /Users/bernhardbudiono/Library/CloudStorage/Dropbox/_Documents\ -\ Apps\ \(Working\)/repos_github/Working/repo_docketmate/_macOS/DocketMate-Sandbox
    builtin-SwiftDriver -- /Applications/Xcode.app/Contents/Developer/Toolchains/XcodeDefault.xctoolchain/usr/bin/swiftc -module-name DocketMate_Sandbox -Onone -enforce-exclusivity\=checked @/Users/bernhardbudiono/Library/Developer/Xcode/DerivedData/DocketMate-gvejtanpznmxjybklhtpbcqcyrtb/Build/Intermediates.noindex/DocketMate-Sandbox.build/Debug/DocketMate-Sandbox.build/Objects-normal/arm64/DocketMate-Sandbox.SwiftFileList -DDEBUG -enable-bare-slash-regex -enable-experimental-feature DebugDescriptionMacro -sdk /Applications/Xcode.app/Contents/Developer/Platforms/MacOSX.platform/Developer/SDKs/MacOSX15.4.sdk -target arm64-apple-macos12.0 -g -module-cache-path /Users/bernhardbudiono/Library/Developer/Xcode/DerivedData/ModuleCache.noindex -Xfrontend -serialize-debugging-options -enable-testing -index-store-path /Users/bernhardbudiono/Library/Developer/Xcode/DerivedData/DocketMate-gvejtanpznmxjybklhtpbcqcyrtb/Index.noindex/DataStore -swift-version 5 -I /Users/bernhardbudiono/Library/Developer/Xcode/DerivedData/DocketMate-gvejtanpznmxjybklhtpbcqcyrtb/Build/Products/Debug -F /Users/bernhardbudiono/Library/Developer/Xcode/DerivedData/DocketMate-gvejtanpznmxjybklhtpbcqcyrtb/Build/Products/Debug -c -j16 -enable-batch-mode -incremental -Xcc -ivfsstatcache -Xcc /Users/bernhardbudiono/Library/Developer/Xcode/DerivedData/SDKStatCaches.noindex/macosx15.4-24E241-88b860576fb364319593bd8fb30666b0.sdkstatcache -output-file-map /Users/bernhardbudiono/Library/Developer/Xcode/DerivedData/DocketMate-gvejtanpznmxjybklhtpbcqcyrtb/Build/Intermediates.noindex/DocketMate-Sandbox.build/Debug/DocketMate-Sandbox.build/Objects-normal/arm64/DocketMate-Sandbox-OutputFileMap.json -use-frontend-parseable-output -save-temps -no-color-diagnostics -serialize-diagnostics -emit-dependencies -emit-module -emit-module-path /Users/bernhardbudiono/Library/Developer/Xcode/DerivedData/DocketMate-gvejtanpznmxjybklhtpbcqcyrtb/Build/Intermediates.noindex/DocketMate-Sandbox.build/Debug/DocketMate-Sandbox.build/Objects-normal/arm64/DocketMate_Sandbox.swiftmodule -validate-clang-modules-once -clang-build-session-file /Users/bernhardbudiono/Library/Developer/Xcode/DerivedData/ModuleCache.noindex/Session.modulevalidation -Xcc -I/Users/bernhardbudiono/Library/Developer/Xcode/DerivedData/DocketMate-gvejtanpznmxjybklhtpbcqcyrtb/Build/Intermediates.noindex/DocketMate-Sandbox.build/Debug/DocketMate-Sandbox.build/swift-overrides.hmap -emit-const-values -Xfrontend -const-gather-protocols-file -Xfrontend /Users/bernhardbudiono/Library/Developer/Xcode/DerivedData/DocketMate-gvejtanpznmxjybklhtpbcqcyrtb/Build/Intermediates.noindex/DocketMate-Sandbox.build/Debug/DocketMate-Sandbox.build/Objects-normal/arm64/DocketMate-Sandbox_const_extract_protocols.json -Xcc -iquote -Xcc /Users/bernhardbudiono/Library/Developer/Xcode/DerivedData/DocketMate-gvejtanpznmxjybklhtpbcqcyrtb/Build/Intermediates.noindex/DocketMate-Sandbox.build/Debug/DocketMate-Sandbox.build/DocketMate-Sandbox-generated-files.hmap -Xcc -I/Users/bernhardbudiono/Library/Developer/Xcode/DerivedData/DocketMate-gvejtanpznmxjybklhtpbcqcyrtb/Build/Intermediates.noindex/DocketMate-Sandbox.build/Debug/DocketMate-Sandbox.build/DocketMate-Sandbox-own-target-headers.hmap -Xcc -I/Users/bernhardbudiono/Library/Developer/Xcode/DerivedData/DocketMate-gvejtanpznmxjybklhtpbcqcyrtb/Build/Intermediates.noindex/DocketMate-Sandbox.build/Debug/DocketMate-Sandbox.build/DocketMate-Sandbox-all-target-headers.hmap -Xcc -iquote -Xcc /Users/bernhardbudiono/Library/Developer/Xcode/DerivedData/DocketMate-gvejtanpznmxjybklhtpbcqcyrtb/Build/Intermediates.noindex/DocketMate-Sandbox.build/Debug/DocketMate-Sandbox.build/DocketMate-Sandbox-project-headers.hmap -Xcc -I/Users/bernhardbudiono/Library/Developer/Xcode/DerivedData/DocketMate-gvejtanpznmxjybklhtpbcqcyrtb/Build/Products/Debug/include -Xcc -I/Users/bernhardbudiono/Library/Developer/Xcode/DerivedData/DocketMate-gvejtanpznmxjybklhtpbcqcyrtb/Build/Intermediates.noindex/DocketMate-Sandbox.build/Debug/DocketMate-Sandbox.build/DerivedSources-normal/arm64 -Xcc -I/Users/bernhardbudiono/Library/Developer/Xcode/DerivedData/DocketMate-gvejtanpznmxjybklhtpbcqcyrtb/Build/Intermediates.noindex/DocketMate-Sandbox.build/Debug/DocketMate-Sandbox.build/DerivedSources/arm64 -Xcc -I/Users/bernhardbudiono/Library/Developer/Xcode/DerivedData/DocketMate-gvejtanpznmxjybklhtpbcqcyrtb/Build/Intermediates.noindex/DocketMate-Sandbox.build/Debug/DocketMate-Sandbox.build/DerivedSources -Xcc -DDEBUG\=1 -emit-objc-header -emit-objc-header-path /Users/bernhardbudiono/Library/Developer/Xcode/DerivedData/DocketMate-gvejtanpznmxjybklhtpbcqcyrtb/Build/Intermediates.noindex/DocketMate-Sandbox.build/Debug/DocketMate-Sandbox.build/Objects-normal/arm64/DocketMate_Sandbox-Swift.h -working-directory /Users/bernhardbudiono/Library/CloudStorage/Dropbox/_Documents\ -\ Apps\ \(Working\)/repos_github/Working/repo_docketmate/_macOS/DocketMate-Sandbox -experimental-emit-module-separately -disable-cmo

SwiftCompile normal arm64 Compiling\ MainContentView.swift /Users/bernhardbudiono/Library/CloudStorage/Dropbox/_Documents\ -\ Apps\ (Working)/repos_github/Working/repo_docketmate/_macOS/DocketMate-Sandbox/Sources/UI/MainContentView.swift (in target 'DocketMate-Sandbox' from project 'DocketMate-Sandbox')

SwiftCompile normal arm64 /Users/bernhardbudiono/Library/CloudStorage/Dropbox/_Documents\ -\ Apps\ (Working)/repos_github/Working/repo_docketmate/_macOS/DocketMate-Sandbox/Sources/UI/MainContentView.swift (in target 'DocketMate-Sandbox' from project 'DocketMate-Sandbox')
    cd /Users/bernhardbudiono/Library/CloudStorage/Dropbox/_Documents\ -\ Apps\ \(Working\)/repos_github/Working/repo_docketmate/_macOS/DocketMate-Sandbox
    

SwiftEmitModule normal arm64 Emitting\ module\ for\ DocketMate_Sandbox (in target 'DocketMate-Sandbox' from project 'DocketMate-Sandbox')

EmitSwiftModule normal arm64 (in target 'DocketMate-Sandbox' from project 'DocketMate-Sandbox')
    cd /Users/bernhardbudiono/Library/CloudStorage/Dropbox/_Documents\ -\ Apps\ \(Working\)/repos_github/Working/repo_docketmate/_macOS/DocketMate-Sandbox
    

SwiftCompile normal arm64 Compiling\ DocketMateSandboxApp.swift /Users/bernhardbudiono/Library/CloudStorage/Dropbox/_Documents\ -\ Apps\ (Working)/repos_github/Working/repo_docketmate/_macOS/DocketMate-Sandbox/Sources/App/DocketMateSandboxApp.swift (in target 'DocketMate-Sandbox' from project 'DocketMate-Sandbox')

SwiftCompile normal arm64 /Users/bernhardbudiono/Library/CloudStorage/Dropbox/_Documents\ -\ Apps\ (Working)/repos_github/Working/repo_docketmate/_macOS/DocketMate-Sandbox/Sources/App/DocketMateSandboxApp.swift (in target 'DocketMate-Sandbox' from project 'DocketMate-Sandbox')
    cd /Users/bernhardbudiono/Library/CloudStorage/Dropbox/_Documents\ -\ Apps\ \(Working\)/repos_github/Working/repo_docketmate/_macOS/DocketMate-Sandbox
    

SwiftDriverJobDiscovery normal arm64 Emitting module for DocketMate_Sandbox (in target 'DocketMate-Sandbox' from project 'DocketMate-Sandbox')

SwiftDriver\ Compilation\ Requirements DocketMate-Sandbox normal arm64 com.apple.xcode.tools.swift.compiler (in target 'DocketMate-Sandbox' from project 'DocketMate-Sandbox')
    cd /Users/bernhardbudiono/Library/CloudStorage/Dropbox/_Documents\ -\ Apps\ \(Working\)/repos_github/Working/repo_docketmate/_macOS/DocketMate-Sandbox
    builtin-Swift-Compilation-Requirements -- /Applications/Xcode.app/Contents/Developer/Toolchains/XcodeDefault.xctoolchain/usr/bin/swiftc -module-name DocketMate_Sandbox -Onone -enforce-exclusivity\=checked @/Users/bernhardbudiono/Library/Developer/Xcode/DerivedData/DocketMate-gvejtanpznmxjybklhtpbcqcyrtb/Build/Intermediates.noindex/DocketMate-Sandbox.build/Debug/DocketMate-Sandbox.build/Objects-normal/arm64/DocketMate-Sandbox.SwiftFileList -DDEBUG -enable-bare-slash-regex -enable-experimental-feature DebugDescriptionMacro -sdk /Applications/Xcode.app/Contents/Developer/Platforms/MacOSX.platform/Developer/SDKs/MacOSX15.4.sdk -target arm64-apple-macos12.0 -g -module-cache-path /Users/bernhardbudiono/Library/Developer/Xcode/DerivedData/ModuleCache.noindex -Xfrontend -serialize-debugging-options -enable-testing -index-store-path /Users/bernhardbudiono/Library/Developer/Xcode/DerivedData/DocketMate-gvejtanpznmxjybklhtpbcqcyrtb/Index.noindex/DataStore -swift-version 5 -I /Users/bernhardbudiono/Library/Developer/Xcode/DerivedData/DocketMate-gvejtanpznmxjybklhtpbcqcyrtb/Build/Products/Debug -F /Users/bernhardbudiono/Library/Developer/Xcode/DerivedData/DocketMate-gvejtanpznmxjybklhtpbcqcyrtb/Build/Products/Debug -c -j16 -enable-batch-mode -incremental -Xcc -ivfsstatcache -Xcc /Users/bernhardbudiono/Library/Developer/Xcode/DerivedData/SDKStatCaches.noindex/macosx15.4-24E241-88b860576fb364319593bd8fb30666b0.sdkstatcache -output-file-map /Users/bernhardbudiono/Library/Developer/Xcode/DerivedData/DocketMate-gvejtanpznmxjybklhtpbcqcyrtb/Build/Intermediates.noindex/DocketMate-Sandbox.build/Debug/DocketMate-Sandbox.build/Objects-normal/arm64/DocketMate-Sandbox-OutputFileMap.json -use-frontend-parseable-output -save-temps -no-color-diagnostics -serialize-diagnostics -emit-dependencies -emit-module -emit-module-path /Users/bernhardbudiono/Library/Developer/Xcode/DerivedData/DocketMate-gvejtanpznmxjybklhtpbcqcyrtb/Build/Intermediates.noindex/DocketMate-Sandbox.build/Debug/DocketMate-Sandbox.build/Objects-normal/arm64/DocketMate_Sandbox.swiftmodule -validate-clang-modules-once -clang-build-session-file /Users/bernhardbudiono/Library/Developer/Xcode/DerivedData/ModuleCache.noindex/Session.modulevalidation -Xcc -I/Users/bernhardbudiono/Library/Developer/Xcode/DerivedData/DocketMate-gvejtanpznmxjybklhtpbcqcyrtb/Build/Intermediates.noindex/DocketMate-Sandbox.build/Debug/DocketMate-Sandbox.build/swift-overrides.hmap -emit-const-values -Xfrontend -const-gather-protocols-file -Xfrontend /Users/bernhardbudiono/Library/Developer/Xcode/DerivedData/DocketMate-gvejtanpznmxjybklhtpbcqcyrtb/Build/Intermediates.noindex/DocketMate-Sandbox.build/Debug/DocketMate-Sandbox.build/Objects-normal/arm64/DocketMate-Sandbox_const_extract_protocols.json -Xcc -iquote -Xcc /Users/bernhardbudiono/Library/Developer/Xcode/DerivedData/DocketMate-gvejtanpznmxjybklhtpbcqcyrtb/Build/Intermediates.noindex/DocketMate-Sandbox.build/Debug/DocketMate-Sandbox.build/DocketMate-Sandbox-generated-files.hmap -Xcc -I/Users/bernhardbudiono/Library/Developer/Xcode/DerivedData/DocketMate-gvejtanpznmxjybklhtpbcqcyrtb/Build/Intermediates.noindex/DocketMate-Sandbox.build/Debug/DocketMate-Sandbox.build/DocketMate-Sandbox-own-target-headers.hmap -Xcc -I/Users/bernhardbudiono/Library/Developer/Xcode/DerivedData/DocketMate-gvejtanpznmxjybklhtpbcqcyrtb/Build/Intermediates.noindex/DocketMate-Sandbox.build/Debug/DocketMate-Sandbox.build/DocketMate-Sandbox-all-target-headers.hmap -Xcc -iquote -Xcc /Users/bernhardbudiono/Library/Developer/Xcode/DerivedData/DocketMate-gvejtanpznmxjybklhtpbcqcyrtb/Build/Intermediates.noindex/DocketMate-Sandbox.build/Debug/DocketMate-Sandbox.build/DocketMate-Sandbox-project-headers.hmap -Xcc -I/Users/bernhardbudiono/Library/Developer/Xcode/DerivedData/DocketMate-gvejtanpznmxjybklhtpbcqcyrtb/Build/Products/Debug/include -Xcc -I/Users/bernhardbudiono/Library/Developer/Xcode/DerivedData/DocketMate-gvejtanpznmxjybklhtpbcqcyrtb/Build/Intermediates.noindex/DocketMate-Sandbox.build/Debug/DocketMate-Sandbox.build/DerivedSources-normal/arm64 -Xcc -I/Users/bernhardbudiono/Library/Developer/Xcode/DerivedData/DocketMate-gvejtanpznmxjybklhtpbcqcyrtb/Build/Intermediates.noindex/DocketMate-Sandbox.build/Debug/DocketMate-Sandbox.build/DerivedSources/arm64 -Xcc -I/Users/bernhardbudiono/Library/Developer/Xcode/DerivedData/DocketMate-gvejtanpznmxjybklhtpbcqcyrtb/Build/Intermediates.noindex/DocketMate-Sandbox.build/Debug/DocketMate-Sandbox.build/DerivedSources -Xcc -DDEBUG\=1 -emit-objc-header -emit-objc-header-path /Users/bernhardbudiono/Library/Developer/Xcode/DerivedData/DocketMate-gvejtanpznmxjybklhtpbcqcyrtb/Build/Intermediates.noindex/DocketMate-Sandbox.build/Debug/DocketMate-Sandbox.build/Objects-normal/arm64/DocketMate_Sandbox-Swift.h -working-directory /Users/bernhardbudiono/Library/CloudStorage/Dropbox/_Documents\ -\ Apps\ \(Working\)/repos_github/Working/repo_docketmate/_macOS/DocketMate-Sandbox -experimental-emit-module-separately -disable-cmo

SwiftMergeGeneratedHeaders /Users/bernhardbudiono/Library/Developer/Xcode/DerivedData/DocketMate-gvejtanpznmxjybklhtpbcqcyrtb/Build/Intermediates.noindex/DocketMate-Sandbox.build/Debug/DocketMate-Sandbox.build/DerivedSources/DocketMate_Sandbox-Swift.h /Users/bernhardbudiono/Library/Developer/Xcode/DerivedData/DocketMate-gvejtanpznmxjybklhtpbcqcyrtb/Build/Intermediates.noindex/DocketMate-Sandbox.build/Debug/DocketMate-Sandbox.build/Objects-normal/arm64/DocketMate_Sandbox-Swift.h (in target 'DocketMate-Sandbox' from project 'DocketMate-Sandbox')
    cd /Users/bernhardbudiono/Library/CloudStorage/Dropbox/_Documents\ -\ Apps\ \(Working\)/repos_github/Working/repo_docketmate/_macOS/DocketMate-Sandbox
    builtin-swiftHeaderTool -arch arm64 /Users/bernhardbudiono/Library/Developer/Xcode/DerivedData/DocketMate-gvejtanpznmxjybklhtpbcqcyrtb/Build/Intermediates.noindex/DocketMate-Sandbox.build/Debug/DocketMate-Sandbox.build/Objects-normal/arm64/DocketMate_Sandbox-Swift.h -o /Users/bernhardbudiono/Library/Developer/Xcode/DerivedData/DocketMate-gvejtanpznmxjybklhtpbcqcyrtb/Build/Intermediates.noindex/DocketMate-Sandbox.build/Debug/DocketMate-Sandbox.build/DerivedSources/DocketMate_Sandbox-Swift.h

Copy /Users/bernhardbudiono/Library/Developer/Xcode/DerivedData/DocketMate-gvejtanpznmxjybklhtpbcqcyrtb/Build/Products/Debug/DocketMate_Sandbox.swiftmodule/arm64-apple-macos.swiftmodule /Users/bernhardbudiono/Library/Developer/Xcode/DerivedData/DocketMate-gvejtanpznmxjybklhtpbcqcyrtb/Build/Intermediates.noindex/DocketMate-Sandbox.build/Debug/DocketMate-Sandbox.build/Objects-normal/arm64/DocketMate_Sandbox.swiftmodule (in target 'DocketMate-Sandbox' from project 'DocketMate-Sandbox')
    cd /Users/bernhardbudiono/Library/CloudStorage/Dropbox/_Documents\ -\ Apps\ \(Working\)/repos_github/Working/repo_docketmate/_macOS/DocketMate-Sandbox
    builtin-copy -exclude .DS_Store -exclude CVS -exclude .svn -exclude .git -exclude .hg -resolve-src-symlinks -rename /Users/bernhardbudiono/Library/Developer/Xcode/DerivedData/DocketMate-gvejtanpznmxjybklhtpbcqcyrtb/Build/Intermediates.noindex/DocketMate-Sandbox.build/Debug/DocketMate-Sandbox.build/Objects-normal/arm64/DocketMate_Sandbox.swiftmodule /Users/bernhardbudiono/Library/Developer/Xcode/DerivedData/DocketMate-gvejtanpznmxjybklhtpbcqcyrtb/Build/Products/Debug/DocketMate_Sandbox.swiftmodule/arm64-apple-macos.swiftmodule

Copy /Users/bernhardbudiono/Library/Developer/Xcode/DerivedData/DocketMate-gvejtanpznmxjybklhtpbcqcyrtb/Build/Products/Debug/DocketMate_Sandbox.swiftmodule/arm64-apple-macos.swiftdoc /Users/bernhardbudiono/Library/Developer/Xcode/DerivedData/DocketMate-gvejtanpznmxjybklhtpbcqcyrtb/Build/Intermediates.noindex/DocketMate-Sandbox.build/Debug/DocketMate-Sandbox.build/Objects-normal/arm64/DocketMate_Sandbox.swiftdoc (in target 'DocketMate-Sandbox' from project 'DocketMate-Sandbox')
    cd /Users/bernhardbudiono/Library/CloudStorage/Dropbox/_Documents\ -\ Apps\ \(Working\)/repos_github/Working/repo_docketmate/_macOS/DocketMate-Sandbox
    builtin-copy -exclude .DS_Store -exclude CVS -exclude .svn -exclude .git -exclude .hg -resolve-src-symlinks -rename /Users/bernhardbudiono/Library/Developer/Xcode/DerivedData/DocketMate-gvejtanpznmxjybklhtpbcqcyrtb/Build/Intermediates.noindex/DocketMate-Sandbox.build/Debug/DocketMate-Sandbox.build/Objects-normal/arm64/DocketMate_Sandbox.swiftdoc /Users/bernhardbudiono/Library/Developer/Xcode/DerivedData/DocketMate-gvejtanpznmxjybklhtpbcqcyrtb/Build/Products/Debug/DocketMate_Sandbox.swiftmodule/arm64-apple-macos.swiftdoc

Copy /Users/bernhardbudiono/Library/Developer/Xcode/DerivedData/DocketMate-gvejtanpznmxjybklhtpbcqcyrtb/Build/Products/Debug/DocketMate_Sandbox.swiftmodule/arm64-apple-macos.abi.json /Users/bernhardbudiono/Library/Developer/Xcode/DerivedData/DocketMate-gvejtanpznmxjybklhtpbcqcyrtb/Build/Intermediates.noindex/DocketMate-Sandbox.build/Debug/DocketMate-Sandbox.build/Objects-normal/arm64/DocketMate_Sandbox.abi.json (in target 'DocketMate-Sandbox' from project 'DocketMate-Sandbox')
    cd /Users/bernhardbudiono/Library/CloudStorage/Dropbox/_Documents\ -\ Apps\ \(Working\)/repos_github/Working/repo_docketmate/_macOS/DocketMate-Sandbox
    builtin-copy -exclude .DS_Store -exclude CVS -exclude .svn -exclude .git -exclude .hg -resolve-src-symlinks -rename /Users/bernhardbudiono/Library/Developer/Xcode/DerivedData/DocketMate-gvejtanpznmxjybklhtpbcqcyrtb/Build/Intermediates.noindex/DocketMate-Sandbox.build/Debug/DocketMate-Sandbox.build/Objects-normal/arm64/DocketMate_Sandbox.abi.json /Users/bernhardbudiono/Library/Developer/Xcode/DerivedData/DocketMate-gvejtanpznmxjybklhtpbcqcyrtb/Build/Products/Debug/DocketMate_Sandbox.swiftmodule/arm64-apple-macos.abi.json

Copy /Users/bernhardbudiono/Library/Developer/Xcode/DerivedData/DocketMate-gvejtanpznmxjybklhtpbcqcyrtb/Build/Products/Debug/DocketMate_Sandbox.swiftmodule/Project/arm64-apple-macos.swiftsourceinfo /Users/bernhardbudiono/Library/Developer/Xcode/DerivedData/DocketMate-gvejtanpznmxjybklhtpbcqcyrtb/Build/Intermediates.noindex/DocketMate-Sandbox.build/Debug/DocketMate-Sandbox.build/Objects-normal/arm64/DocketMate_Sandbox.swiftsourceinfo (in target 'DocketMate-Sandbox' from project 'DocketMate-Sandbox')
    cd /Users/bernhardbudiono/Library/CloudStorage/Dropbox/_Documents\ -\ Apps\ \(Working\)/repos_github/Working/repo_docketmate/_macOS/DocketMate-Sandbox
    builtin-copy -exclude .DS_Store -exclude CVS -exclude .svn -exclude .git -exclude .hg -resolve-src-symlinks -rename /Users/bernhardbudiono/Library/Developer/Xcode/DerivedData/DocketMate-gvejtanpznmxjybklhtpbcqcyrtb/Build/Intermediates.noindex/DocketMate-Sandbox.build/Debug/DocketMate-Sandbox.build/Objects-normal/arm64/DocketMate_Sandbox.swiftsourceinfo /Users/bernhardbudiono/Library/Developer/Xcode/DerivedData/DocketMate-gvejtanpznmxjybklhtpbcqcyrtb/Build/Products/Debug/DocketMate_Sandbox.swiftmodule/Project/arm64-apple-macos.swiftsourceinfo

SwiftDriverJobDiscovery normal arm64 Compiling DocketMateSandboxApp.swift (in target 'DocketMate-Sandbox' from project 'DocketMate-Sandbox')

SwiftDriverJobDiscovery normal arm64 Compiling MainContentView.swift (in target 'DocketMate-Sandbox' from project 'DocketMate-Sandbox')

SwiftDriver\ Compilation DocketMate-Sandbox normal arm64 com.apple.xcode.tools.swift.compiler (in target 'DocketMate-Sandbox' from project 'DocketMate-Sandbox')
    cd /Users/bernhardbudiono/Library/CloudStorage/Dropbox/_Documents\ -\ Apps\ \(Working\)/repos_github/Working/repo_docketmate/_macOS/DocketMate-Sandbox
    builtin-Swift-Compilation -- /Applications/Xcode.app/Contents/Developer/Toolchains/XcodeDefault.xctoolchain/usr/bin/swiftc -module-name DocketMate_Sandbox -Onone -enforce-exclusivity\=checked @/Users/bernhardbudiono/Library/Developer/Xcode/DerivedData/DocketMate-gvejtanpznmxjybklhtpbcqcyrtb/Build/Intermediates.noindex/DocketMate-Sandbox.build/Debug/DocketMate-Sandbox.build/Objects-normal/arm64/DocketMate-Sandbox.SwiftFileList -DDEBUG -enable-bare-slash-regex -enable-experimental-feature DebugDescriptionMacro -sdk /Applications/Xcode.app/Contents/Developer/Platforms/MacOSX.platform/Developer/SDKs/MacOSX15.4.sdk -target arm64-apple-macos12.0 -g -module-cache-path /Users/bernhardbudiono/Library/Developer/Xcode/DerivedData/ModuleCache.noindex -Xfrontend -serialize-debugging-options -enable-testing -index-store-path /Users/bernhardbudiono/Library/Developer/Xcode/DerivedData/DocketMate-gvejtanpznmxjybklhtpbcqcyrtb/Index.noindex/DataStore -swift-version 5 -I /Users/bernhardbudiono/Library/Developer/Xcode/DerivedData/DocketMate-gvejtanpznmxjybklhtpbcqcyrtb/Build/Products/Debug -F /Users/bernhardbudiono/Library/Developer/Xcode/DerivedData/DocketMate-gvejtanpznmxjybklhtpbcqcyrtb/Build/Products/Debug -c -j16 -enable-batch-mode -incremental -Xcc -ivfsstatcache -Xcc /Users/bernhardbudiono/Library/Developer/Xcode/DerivedData/SDKStatCaches.noindex/macosx15.4-24E241-88b860576fb364319593bd8fb30666b0.sdkstatcache -output-file-map /Users/bernhardbudiono/Library/Developer/Xcode/DerivedData/DocketMate-gvejtanpznmxjybklhtpbcqcyrtb/Build/Intermediates.noindex/DocketMate-Sandbox.build/Debug/DocketMate-Sandbox.build/Objects-normal/arm64/DocketMate-Sandbox-OutputFileMap.json -use-frontend-parseable-output -save-temps -no-color-diagnostics -serialize-diagnostics -emit-dependencies -emit-module -emit-module-path /Users/bernhardbudiono/Library/Developer/Xcode/DerivedData/DocketMate-gvejtanpznmxjybklhtpbcqcyrtb/Build/Intermediates.noindex/DocketMate-Sandbox.build/Debug/DocketMate-Sandbox.build/Objects-normal/arm64/DocketMate_Sandbox.swiftmodule -validate-clang-modules-once -clang-build-session-file /Users/bernhardbudiono/Library/Developer/Xcode/DerivedData/ModuleCache.noindex/Session.modulevalidation -Xcc -I/Users/bernhardbudiono/Library/Developer/Xcode/DerivedData/DocketMate-gvejtanpznmxjybklhtpbcqcyrtb/Build/Intermediates.noindex/DocketMate-Sandbox.build/Debug/DocketMate-Sandbox.build/swift-overrides.hmap -emit-const-values -Xfrontend -const-gather-protocols-file -Xfrontend /Users/bernhardbudiono/Library/Developer/Xcode/DerivedData/DocketMate-gvejtanpznmxjybklhtpbcqcyrtb/Build/Intermediates.noindex/DocketMate-Sandbox.build/Debug/DocketMate-Sandbox.build/Objects-normal/arm64/DocketMate-Sandbox_const_extract_protocols.json -Xcc -iquote -Xcc /Users/bernhardbudiono/Library/Developer/Xcode/DerivedData/DocketMate-gvejtanpznmxjybklhtpbcqcyrtb/Build/Intermediates.noindex/DocketMate-Sandbox.build/Debug/DocketMate-Sandbox.build/DocketMate-Sandbox-generated-files.hmap -Xcc -I/Users/bernhardbudiono/Library/Developer/Xcode/DerivedData/DocketMate-gvejtanpznmxjybklhtpbcqcyrtb/Build/Intermediates.noindex/DocketMate-Sandbox.build/Debug/DocketMate-Sandbox.build/DocketMate-Sandbox-own-target-headers.hmap -Xcc -I/Users/bernhardbudiono/Library/Developer/Xcode/DerivedData/DocketMate-gvejtanpznmxjybklhtpbcqcyrtb/Build/Intermediates.noindex/DocketMate-Sandbox.build/Debug/DocketMate-Sandbox.build/DocketMate-Sandbox-all-target-headers.hmap -Xcc -iquote -Xcc /Users/bernhardbudiono/Library/Developer/Xcode/DerivedData/DocketMate-gvejtanpznmxjybklhtpbcqcyrtb/Build/Intermediates.noindex/DocketMate-Sandbox.build/Debug/DocketMate-Sandbox.build/DocketMate-Sandbox-project-headers.hmap -Xcc -I/Users/bernhardbudiono/Library/Developer/Xcode/DerivedData/DocketMate-gvejtanpznmxjybklhtpbcqcyrtb/Build/Products/Debug/include -Xcc -I/Users/bernhardbudiono/Library/Developer/Xcode/DerivedData/DocketMate-gvejtanpznmxjybklhtpbcqcyrtb/Build/Intermediates.noindex/DocketMate-Sandbox.build/Debug/DocketMate-Sandbox.build/DerivedSources-normal/arm64 -Xcc -I/Users/bernhardbudiono/Library/Developer/Xcode/DerivedData/DocketMate-gvejtanpznmxjybklhtpbcqcyrtb/Build/Intermediates.noindex/DocketMate-Sandbox.build/Debug/DocketMate-Sandbox.build/DerivedSources/arm64 -Xcc -I/Users/bernhardbudiono/Library/Developer/Xcode/DerivedData/DocketMate-gvejtanpznmxjybklhtpbcqcyrtb/Build/Intermediates.noindex/DocketMate-Sandbox.build/Debug/DocketMate-Sandbox.build/DerivedSources -Xcc -DDEBUG\=1 -emit-objc-header -emit-objc-header-path /Users/bernhardbudiono/Library/Developer/Xcode/DerivedData/DocketMate-gvejtanpznmxjybklhtpbcqcyrtb/Build/Intermediates.noindex/DocketMate-Sandbox.build/Debug/DocketMate-Sandbox.build/Objects-normal/arm64/DocketMate_Sandbox-Swift.h -working-directory /Users/bernhardbudiono/Library/CloudStorage/Dropbox/_Documents\ -\ Apps\ \(Working\)/repos_github/Working/repo_docketmate/_macOS/DocketMate-Sandbox -experimental-emit-module-separately -disable-cmo

Ld /Users/bernhardbudiono/Library/Developer/Xcode/DerivedData/DocketMate-gvejtanpznmxjybklhtpbcqcyrtb/Build/Products/Debug/DocketMate-Sandbox.app/Contents/MacOS/DocketMate-Sandbox.debug.dylib normal (in target 'DocketMate-Sandbox' from project 'DocketMate-Sandbox')
    cd /Users/bernhardbudiono/Library/CloudStorage/Dropbox/_Documents\ -\ Apps\ \(Working\)/repos_github/Working/repo_docketmate/_macOS/DocketMate-Sandbox
    /Applications/Xcode.app/Contents/Developer/Toolchains/XcodeDefault.xctoolchain/usr/bin/clang -Xlinker -reproducible -target arm64-apple-macos12.0 -dynamiclib -isysroot /Applications/Xcode.app/Contents/Developer/Platforms/MacOSX.platform/Developer/SDKs/MacOSX15.4.sdk -O0 -L/Users/bernhardbudiono/Library/Developer/Xcode/DerivedData/DocketMate-gvejtanpznmxjybklhtpbcqcyrtb/Build/Intermediates.noindex/EagerLinkingTBDs/Debug -L/Users/bernhardbudiono/Library/Developer/Xcode/DerivedData/DocketMate-gvejtanpznmxjybklhtpbcqcyrtb/Build/Products/Debug -F/Users/bernhardbudiono/Library/Developer/Xcode/DerivedData/DocketMate-gvejtanpznmxjybklhtpbcqcyrtb/Build/Intermediates.noindex/EagerLinkingTBDs/Debug -F/Users/bernhardbudiono/Library/Developer/Xcode/DerivedData/DocketMate-gvejtanpznmxjybklhtpbcqcyrtb/Build/Products/Debug -filelist /Users/bernhardbudiono/Library/Developer/Xcode/DerivedData/DocketMate-gvejtanpznmxjybklhtpbcqcyrtb/Build/Intermediates.noindex/DocketMate-Sandbox.build/Debug/DocketMate-Sandbox.build/Objects-normal/arm64/DocketMate-Sandbox.LinkFileList -install_name @rpath/DocketMate-Sandbox.debug.dylib -Xlinker -rpath -Xlinker @executable_path/../Frameworks -dead_strip -Xlinker -object_path_lto -Xlinker /Users/bernhardbudiono/Library/Developer/Xcode/DerivedData/DocketMate-gvejtanpznmxjybklhtpbcqcyrtb/Build/Intermediates.noindex/DocketMate-Sandbox.build/Debug/DocketMate-Sandbox.build/Objects-normal/arm64/DocketMate-Sandbox_lto.o -rdynamic -Xlinker -no_deduplicate -Xlinker -dependency_info -Xlinker /Users/bernhardbudiono/Library/Developer/Xcode/DerivedData/DocketMate-gvejtanpznmxjybklhtpbcqcyrtb/Build/Intermediates.noindex/DocketMate-Sandbox.build/Debug/DocketMate-Sandbox.build/Objects-normal/arm64/DocketMate-Sandbox_dependency_info.dat -fobjc-link-runtime -L/Applications/Xcode.app/Contents/Developer/Toolchains/XcodeDefault.xctoolchain/usr/lib/swift/macosx -L/usr/lib/swift -Xlinker -add_ast_path -Xlinker /Users/bernhardbudiono/Library/Developer/Xcode/DerivedData/DocketMate-gvejtanpznmxjybklhtpbcqcyrtb/Build/Intermediates.noindex/DocketMate-Sandbox.build/Debug/DocketMate-Sandbox.build/Objects-normal/arm64/DocketMate_Sandbox.swiftmodule -Xlinker -alias -Xlinker _main -Xlinker ___debug_main_executable_dylib_entry_point -Xlinker -no_adhoc_codesign -o /Users/bernhardbudiono/Library/Developer/Xcode/DerivedData/DocketMate-gvejtanpznmxjybklhtpbcqcyrtb/Build/Products/Debug/DocketMate-Sandbox.app/Contents/MacOS/DocketMate-Sandbox.debug.dylib

ConstructStubExecutorLinkFileList /Users/bernhardbudiono/Library/Developer/Xcode/DerivedData/DocketMate-gvejtanpznmxjybklhtpbcqcyrtb/Build/Intermediates.noindex/DocketMate-Sandbox.build/Debug/DocketMate-Sandbox.build/DocketMate-Sandbox-ExecutorLinkFileList-normal-arm64.txt (in target 'DocketMate-Sandbox' from project 'DocketMate-Sandbox')
    cd /Users/bernhardbudiono/Library/CloudStorage/Dropbox/_Documents\ -\ Apps\ \(Working\)/repos_github/Working/repo_docketmate/_macOS/DocketMate-Sandbox
    construct-stub-executor-link-file-list /Users/bernhardbudiono/Library/Developer/Xcode/DerivedData/DocketMate-gvejtanpznmxjybklhtpbcqcyrtb/Build/Products/Debug/DocketMate-Sandbox.app/Contents/MacOS/DocketMate-Sandbox.debug.dylib /Applications/Xcode.app/Contents/Developer/Platforms/MacOSX.platform/Developer/usr/lib/libPreviewsJITStubExecutor_no_swift_entry_point.a /Applications/Xcode.app/Contents/Developer/Platforms/MacOSX.platform/Developer/usr/lib/libPreviewsJITStubExecutor.a --output /Users/bernhardbudiono/Library/Developer/Xcode/DerivedData/DocketMate-gvejtanpznmxjybklhtpbcqcyrtb/Build/Intermediates.noindex/DocketMate-Sandbox.build/Debug/DocketMate-Sandbox.build/DocketMate-Sandbox-ExecutorLinkFileList-normal-arm64.txt
note: Using stub executor library with Swift entry point. (in target 'DocketMate-Sandbox' from project 'DocketMate-Sandbox')

Ld /Users/bernhardbudiono/Library/Developer/Xcode/DerivedData/DocketMate-gvejtanpznmxjybklhtpbcqcyrtb/Build/Products/Debug/DocketMate-Sandbox.app/Contents/MacOS/DocketMate-Sandbox normal (in target 'DocketMate-Sandbox' from project 'DocketMate-Sandbox')
    cd /Users/bernhardbudiono/Library/CloudStorage/Dropbox/_Documents\ -\ Apps\ \(Working\)/repos_github/Working/repo_docketmate/_macOS/DocketMate-Sandbox
    /Applications/Xcode.app/Contents/Developer/Toolchains/XcodeDefault.xctoolchain/usr/bin/clang -Xlinker -reproducible -target arm64-apple-macos12.0 -isysroot /Applications/Xcode.app/Contents/Developer/Platforms/MacOSX.platform/Developer/SDKs/MacOSX15.4.sdk -O0 -L/Users/bernhardbudiono/Library/Developer/Xcode/DerivedData/DocketMate-gvejtanpznmxjybklhtpbcqcyrtb/Build/Products/Debug -F/Users/bernhardbudiono/Library/Developer/Xcode/DerivedData/DocketMate-gvejtanpznmxjybklhtpbcqcyrtb/Build/Products/Debug -Xlinker -rpath -Xlinker @executable_path -Xlinker -rpath -Xlinker @executable_path/../Frameworks -rdynamic -Xlinker -no_deduplicate -e ___debug_blank_executor_main -Xlinker -sectcreate -Xlinker __TEXT -Xlinker __debug_dylib -Xlinker /Users/bernhardbudiono/Library/Developer/Xcode/DerivedData/DocketMate-gvejtanpznmxjybklhtpbcqcyrtb/Build/Intermediates.noindex/DocketMate-Sandbox.build/Debug/DocketMate-Sandbox.build/DocketMate-Sandbox-DebugDylibPath-normal-arm64.txt -Xlinker -sectcreate -Xlinker __TEXT -Xlinker __debug_instlnm -Xlinker /Users/bernhardbudiono/Library/Developer/Xcode/DerivedData/DocketMate-gvejtanpznmxjybklhtpbcqcyrtb/Build/Intermediates.noindex/DocketMate-Sandbox.build/Debug/DocketMate-Sandbox.build/DocketMate-Sandbox-DebugDylibInstallName-normal-arm64.txt -Xlinker -filelist -Xlinker /Users/bernhardbudiono/Library/Developer/Xcode/DerivedData/DocketMate-gvejtanpznmxjybklhtpbcqcyrtb/Build/Intermediates.noindex/DocketMate-Sandbox.build/Debug/DocketMate-Sandbox.build/DocketMate-Sandbox-ExecutorLinkFileList-normal-arm64.txt /Users/bernhardbudiono/Library/Developer/Xcode/DerivedData/DocketMate-gvejtanpznmxjybklhtpbcqcyrtb/Build/Products/Debug/DocketMate-Sandbox.app/Contents/MacOS/DocketMate-Sandbox.debug.dylib -Xlinker -no_adhoc_codesign -o /Users/bernhardbudiono/Library/Developer/Xcode/DerivedData/DocketMate-gvejtanpznmxjybklhtpbcqcyrtb/Build/Products/Debug/DocketMate-Sandbox.app/Contents/MacOS/DocketMate-Sandbox

CopySwiftLibs /Users/bernhardbudiono/Library/Developer/Xcode/DerivedData/DocketMate-gvejtanpznmxjybklhtpbcqcyrtb/Build/Products/Debug/DocketMate-Sandbox.app (in target 'DocketMate-Sandbox' from project 'DocketMate-Sandbox')
    cd /Users/bernhardbudiono/Library/CloudStorage/Dropbox/_Documents\ -\ Apps\ \(Working\)/repos_github/Working/repo_docketmate/_macOS/DocketMate-Sandbox
    builtin-swiftStdLibTool --copy --verbose --sign A8828E2953E86E04487E6F43ED714CC07A4C1525 --scan-executable /Users/bernhardbudiono/Library/Developer/Xcode/DerivedData/DocketMate-gvejtanpznmxjybklhtpbcqcyrtb/Build/Products/Debug/DocketMate-Sandbox.app/Contents/MacOS/DocketMate-Sandbox.debug.dylib --scan-folder /Users/bernhardbudiono/Library/Developer/Xcode/DerivedData/DocketMate-gvejtanpznmxjybklhtpbcqcyrtb/Build/Products/Debug/DocketMate-Sandbox.app/Contents/Frameworks --scan-folder /Users/bernhardbudiono/Library/Developer/Xcode/DerivedData/DocketMate-gvejtanpznmxjybklhtpbcqcyrtb/Build/Products/Debug/DocketMate-Sandbox.app/Contents/PlugIns --scan-folder /Users/bernhardbudiono/Library/Developer/Xcode/DerivedData/DocketMate-gvejtanpznmxjybklhtpbcqcyrtb/Build/Products/Debug/DocketMate-Sandbox.app/Contents/Library/SystemExtensions --scan-folder /Users/bernhardbudiono/Library/Developer/Xcode/DerivedData/DocketMate-gvejtanpznmxjybklhtpbcqcyrtb/Build/Products/Debug/DocketMate-Sandbox.app/Contents/Extensions --platform macosx --toolchain /Applications/Xcode.app/Contents/Developer/Toolchains/XcodeDefault.xctoolchain --destination /Users/bernhardbudiono/Library/Developer/Xcode/DerivedData/DocketMate-gvejtanpznmxjybklhtpbcqcyrtb/Build/Products/Debug/DocketMate-Sandbox.app/Contents/Frameworks --strip-bitcode --strip-bitcode-tool /Applications/Xcode.app/Contents/Developer/Toolchains/XcodeDefault.xctoolchain/usr/bin/bitcode_strip --emit-dependency-info /Users/bernhardbudiono/Library/Developer/Xcode/DerivedData/DocketMate-gvejtanpznmxjybklhtpbcqcyrtb/Build/Intermediates.noindex/DocketMate-Sandbox.build/Debug/DocketMate-Sandbox.build/SwiftStdLibToolInputDependencies.dep --filter-for-swift-os

ExtractAppIntentsMetadata (in target 'DocketMate-Sandbox' from project 'DocketMate-Sandbox')
    cd /Users/bernhardbudiono/Library/CloudStorage/Dropbox/_Documents\ -\ Apps\ \(Working\)/repos_github/Working/repo_docketmate/_macOS/DocketMate-Sandbox
    /Applications/Xcode.app/Contents/Developer/Toolchains/XcodeDefault.xctoolchain/usr/bin/appintentsmetadataprocessor --toolchain-dir /Applications/Xcode.app/Contents/Developer/Toolchains/XcodeDefault.xctoolchain --module-name DocketMate_Sandbox --sdk-root /Applications/Xcode.app/Contents/Developer/Platforms/MacOSX.platform/Developer/SDKs/MacOSX15.4.sdk --xcode-version 16E140 --platform-family macOS --deployment-target 12.0 --bundle-identifier com.products.DocketMate --output /Users/bernhardbudiono/Library/Developer/Xcode/DerivedData/DocketMate-gvejtanpznmxjybklhtpbcqcyrtb/Build/Products/Debug/DocketMate-Sandbox.app/Contents/Resources --target-triple arm64-apple-macos12.0 --binary-file /Users/bernhardbudiono/Library/Developer/Xcode/DerivedData/DocketMate-gvejtanpznmxjybklhtpbcqcyrtb/Build/Products/Debug/DocketMate-Sandbox.app/Contents/MacOS/DocketMate-Sandbox --dependency-file /Users/bernhardbudiono/Library/Developer/Xcode/DerivedData/DocketMate-gvejtanpznmxjybklhtpbcqcyrtb/Build/Intermediates.noindex/DocketMate-Sandbox.build/Debug/DocketMate-Sandbox.build/Objects-normal/arm64/DocketMate-Sandbox_dependency_info.dat --stringsdata-file /Users/bernhardbudiono/Library/Developer/Xcode/DerivedData/DocketMate-gvejtanpznmxjybklhtpbcqcyrtb/Build/Intermediates.noindex/DocketMate-Sandbox.build/Debug/DocketMate-Sandbox.build/Objects-normal/arm64/ExtractedAppShortcutsMetadata.stringsdata --source-file-list /Users/bernhardbudiono/Library/Developer/Xcode/DerivedData/DocketMate-gvejtanpznmxjybklhtpbcqcyrtb/Build/Intermediates.noindex/DocketMate-Sandbox.build/Debug/DocketMate-Sandbox.build/Objects-normal/arm64/DocketMate-Sandbox.SwiftFileList --metadata-file-list /Users/bernhardbudiono/Library/Developer/Xcode/DerivedData/DocketMate-gvejtanpznmxjybklhtpbcqcyrtb/Build/Intermediates.noindex/DocketMate-Sandbox.build/Debug/DocketMate-Sandbox.build/DocketMate-Sandbox.DependencyMetadataFileList --static-metadata-file-list /Users/bernhardbudiono/Library/Developer/Xcode/DerivedData/DocketMate-gvejtanpznmxjybklhtpbcqcyrtb/Build/Intermediates.noindex/DocketMate-Sandbox.build/Debug/DocketMate-Sandbox.build/DocketMate-Sandbox.DependencyStaticMetadataFileList --swift-const-vals-list /Users/bernhardbudiono/Library/Developer/Xcode/DerivedData/DocketMate-gvejtanpznmxjybklhtpbcqcyrtb/Build/Intermediates.noindex/DocketMate-Sandbox.build/Debug/DocketMate-Sandbox.build/Objects-normal/arm64/DocketMate-Sandbox.SwiftConstValuesFileList --compile-time-extraction --deployment-aware-processing --validate-assistant-intents --no-app-shortcuts-localization
2025-05-20 07:18:44.591 appintentsmetadataprocessor[56743:10054854] Starting appintentsmetadataprocessor export
2025-05-20 07:18:44.592 appintentsmetadataprocessor[56743:10054854] warning: Metadata extraction skipped. No AppIntents.framework dependency found.

CodeSign /Users/bernhardbudiono/Library/Developer/Xcode/DerivedData/DocketMate-gvejtanpznmxjybklhtpbcqcyrtb/Build/Products/Debug/DocketMate-Sandbox.app/Contents/MacOS/DocketMate-Sandbox.debug.dylib (in target 'DocketMate-Sandbox' from project 'DocketMate-Sandbox')
    cd /Users/bernhardbudiono/Library/CloudStorage/Dropbox/_Documents\ -\ Apps\ \(Working\)/repos_github/Working/repo_docketmate/_macOS/DocketMate-Sandbox
    
    Signing Identity:     "Apple Development: BERNHARD JOSHUA BUDIONO (ZK86L2658W)"
    Provisioning Profile: "Mac Team Provisioning Profile: com.products.DocketMate"
                          (8c508a6d-e0b5-4fec-9447-e1737e168b79)
    
    /usr/bin/codesign --force --sign A8828E2953E86E04487E6F43ED714CC07A4C1525 -o runtime --timestamp\=none --generate-entitlement-der /Users/bernhardbudiono/Library/Developer/Xcode/DerivedData/DocketMate-gvejtanpznmxjybklhtpbcqcyrtb/Build/Products/Debug/DocketMate-Sandbox.app/Contents/MacOS/DocketMate-Sandbox.debug.dylib

CodeSign /Users/bernhardbudiono/Library/Developer/Xcode/DerivedData/DocketMate-gvejtanpznmxjybklhtpbcqcyrtb/Build/Products/Debug/DocketMate-Sandbox.app/Contents/MacOS/__preview.dylib (in target 'DocketMate-Sandbox' from project 'DocketMate-Sandbox')
    cd /Users/bernhardbudiono/Library/CloudStorage/Dropbox/_Documents\ -\ Apps\ \(Working\)/repos_github/Working/repo_docketmate/_macOS/DocketMate-Sandbox
    
    Signing Identity:     "Apple Development: BERNHARD JOSHUA BUDIONO (ZK86L2658W)"
    Provisioning Profile: "Mac Team Provisioning Profile: com.products.DocketMate"
                          (8c508a6d-e0b5-4fec-9447-e1737e168b79)
    
    /usr/bin/codesign --force --sign A8828E2953E86E04487E6F43ED714CC07A4C1525 -o runtime --timestamp\=none --generate-entitlement-der /Users/bernhardbudiono/Library/Developer/Xcode/DerivedData/DocketMate-gvejtanpznmxjybklhtpbcqcyrtb/Build/Products/Debug/DocketMate-Sandbox.app/Contents/MacOS/__preview.dylib

CodeSign /Users/bernhardbudiono/Library/Developer/Xcode/DerivedData/DocketMate-gvejtanpznmxjybklhtpbcqcyrtb/Build/Products/Debug/DocketMate-Sandbox.app (in target 'DocketMate-Sandbox' from project 'DocketMate-Sandbox')
    cd /Users/bernhardbudiono/Library/CloudStorage/Dropbox/_Documents\ -\ Apps\ \(Working\)/repos_github/Working/repo_docketmate/_macOS/DocketMate-Sandbox
    
    Signing Identity:     "Apple Development: BERNHARD JOSHUA BUDIONO (ZK86L2658W)"
    Provisioning Profile: "Mac Team Provisioning Profile: com.products.DocketMate"
                          (8c508a6d-e0b5-4fec-9447-e1737e168b79)
    
    /usr/bin/codesign --force --sign A8828E2953E86E04487E6F43ED714CC07A4C1525 -o runtime --entitlements /Users/bernhardbudiono/Library/Developer/Xcode/DerivedData/DocketMate-gvejtanpznmxjybklhtpbcqcyrtb/Build/Intermediates.noindex/DocketMate-Sandbox.build/Debug/DocketMate-Sandbox.build/DocketMate-Sandbox.app.xcent --timestamp\=none --generate-entitlement-der /Users/bernhardbudiono/Library/Developer/Xcode/DerivedData/DocketMate-gvejtanpznmxjybklhtpbcqcyrtb/Build/Products/Debug/DocketMate-Sandbox.app

RegisterExecutionPolicyException /Users/bernhardbudiono/Library/Developer/Xcode/DerivedData/DocketMate-gvejtanpznmxjybklhtpbcqcyrtb/Build/Products/Debug/DocketMate-Sandbox.app (in target 'DocketMate-Sandbox' from project 'DocketMate-Sandbox')
    cd /Users/bernhardbudiono/Library/CloudStorage/Dropbox/_Documents\ -\ Apps\ \(Working\)/repos_github/Working/repo_docketmate/_macOS/DocketMate-Sandbox
    builtin-RegisterExecutionPolicyException /Users/bernhardbudiono/Library/Developer/Xcode/DerivedData/DocketMate-gvejtanpznmxjybklhtpbcqcyrtb/Build/Products/Debug/DocketMate-Sandbox.app

Validate /Users/bernhardbudiono/Library/Developer/Xcode/DerivedData/DocketMate-gvejtanpznmxjybklhtpbcqcyrtb/Build/Products/Debug/DocketMate-Sandbox.app (in target 'DocketMate-Sandbox' from project 'DocketMate-Sandbox')
    cd /Users/bernhardbudiono/Library/CloudStorage/Dropbox/_Documents\ -\ Apps\ \(Working\)/repos_github/Working/repo_docketmate/_macOS/DocketMate-Sandbox
    builtin-validationUtility /Users/bernhardbudiono/Library/Developer/Xcode/DerivedData/DocketMate-gvejtanpznmxjybklhtpbcqcyrtb/Build/Products/Debug/DocketMate-Sandbox.app -no-validate-extension -infoplist-subpath Contents/Info.plist

Touch /Users/bernhardbudiono/Library/Developer/Xcode/DerivedData/DocketMate-gvejtanpznmxjybklhtpbcqcyrtb/Build/Products/Debug/DocketMate-Sandbox.app (in target 'DocketMate-Sandbox' from project 'DocketMate-Sandbox')
    cd /Users/bernhardbudiono/Library/CloudStorage/Dropbox/_Documents\ -\ Apps\ \(Working\)/repos_github/Working/repo_docketmate/_macOS/DocketMate-Sandbox
    /usr/bin/touch -c /Users/bernhardbudiono/Library/Developer/Xcode/DerivedData/DocketMate-gvejtanpznmxjybklhtpbcqcyrtb/Build/Products/Debug/DocketMate-Sandbox.app

RegisterWithLaunchServices /Users/bernhardbudiono/Library/Developer/Xcode/DerivedData/DocketMate-gvejtanpznmxjybklhtpbcqcyrtb/Build/Products/Debug/DocketMate-Sandbox.app (in target 'DocketMate-Sandbox' from project 'DocketMate-Sandbox')
    cd /Users/bernhardbudiono/Library/CloudStorage/Dropbox/_Documents\ -\ Apps\ \(Working\)/repos_github/Working/repo_docketmate/_macOS/DocketMate-Sandbox
    /System/Library/Frameworks/CoreServices.framework/Versions/Current/Frameworks/LaunchServices.framework/Versions/Current/Support/lsregister -f -R -trusted /Users/bernhardbudiono/Library/Developer/Xcode/DerivedData/DocketMate-gvejtanpznmxjybklhtpbcqcyrtb/Build/Products/Debug/DocketMate-Sandbox.app

** BUILD SUCCEEDED **

