[0;32m[INFO][0m Using app name: [0;32m[INFO][0m App name from Xcode project: _Documents
_Documents
[0;32m[INFO][0m Detected platforms: macOS
[0;32m[INFO][0m Creating required directories according to canonical structure...
[0;32m[INFO][0m Setting up directories for macOS...
[0;32m[INFO][0m Initialized platform-specific log for macOS at /Users/bernhardbudiono/Library/CloudStorage/Dropbox/_Documents - Apps (Working)/repos_github/Working/repo_docketmate/_macOS/logs/cleanup_directory_structure_20250520_071933.log
[0;32m[INFO][0m Ensuring standard documentation files exist...
[0;33m[WARNING][0m Essential document missing: SCRIPTS.MD. Creating stub file.
[0;33m[WARNING][0m Essential document missing: AI_MODEL_STM.MD. Creating stub file.
[0;32m[INFO][0m Moving any log files from root to logs directory...
[0;32m[INFO][0m Relocating stray backups to temp/backups...
[0;32m[INFO][0m Cleaning up nested platform directories...
[0;33m[WARNING][0m Found nested platform directory: /Users/bernhardbudiono/Library/CloudStorage/Dropbox/_Documents - Apps (Working)/repos_github/Working/repo_docketmate/_macOS
[0;32m[INFO][0m Moving files from nested directory to parent...
[0;33m[WARNING][0m Could not remove directory, may not be empty: /Users/bernhardbudiono/Library/CloudStorage/Dropbox/_Documents - Apps (Working)/repos_github/Working/repo_docketmate/_macOS
[0;32m[INFO][0m Handling corrupted backup directories...
[0;33m[WARNING][0m Found nested backups directory: /Users/bernhardbudiono/Library/CloudStorage/Dropbox/_Documents - Apps (Working)/repos_github/Working/repo_docketmate/temp/backups
[0;32m[INFO][0m Organizing platform-specific logs...
[0;32m[INFO][0m Checking Xcode project structure...
[0;32m[INFO][0m Removing nested workspaces within .xcodeproj bundles...
[0;33m[WARNING][0m Found nested workspace inside project bundle: /Users/bernhardbudiono/Library/CloudStorage/Dropbox/_Documents - Apps (Working)/repos_github/Working/repo_docketmate/DocketMate-Sandbox/DocketMate-Sandbox.xcodeproj/project.xcworkspace
[0;32m[INFO][0m Removing workspace from within project bundle: /Users/bernhardbudiono/Library/CloudStorage/Dropbox/_Documents - Apps (Working)/repos_github/Working/repo_docketmate/DocketMate-Sandbox/DocketMate-Sandbox.xcodeproj/project.xcworkspace
[0;33m[WARNING][0m Found nested workspace inside project bundle: /Users/bernhardbudiono/Library/CloudStorage/Dropbox/_Documents - Apps (Working)/repos_github/Working/repo_docketmate/temp/backup/20250520022453/Docketmate-Sandbox_backup/DocketMate-Sandbox.xcodeproj/project.xcworkspace
[0;32m[INFO][0m Removing workspace from within project bundle: /Users/bernhardbudiono/Library/CloudStorage/Dropbox/_Documents - Apps (Working)/repos_github/Working/repo_docketmate/temp/backup/20250520022453/Docketmate-Sandbox_backup/DocketMate-Sandbox.xcodeproj/project.xcworkspace
[0;33m[WARNING][0m Found nested workspace inside project bundle: /Users/bernhardbudiono/Library/CloudStorage/Dropbox/_Documents - Apps (Working)/repos_github/Working/repo_docketmate/docs/ExampleCode/XcodeFiles/Example SynchroNext/SynchroNext.xcodeproj/project.xcworkspace
[0;32m[INFO][0m Removing workspace from within project bundle: /Users/bernhardbudiono/Library/CloudStorage/Dropbox/_Documents - Apps (Working)/repos_github/Working/repo_docketmate/docs/ExampleCode/XcodeFiles/Example SynchroNext/SynchroNext.xcodeproj/project.xcworkspace
[0;33m[WARNING][0m Found nested workspace inside project bundle: /Users/bernhardbudiono/Library/CloudStorage/Dropbox/_Documents - Apps (Working)/repos_github/Working/repo_docketmate/docs/ExampleCode/XcodeFiles/EXAMPLE_0.xcodeproj/project.xcworkspace
[0;32m[INFO][0m Removing workspace from within project bundle: /Users/bernhardbudiono/Library/CloudStorage/Dropbox/_Documents - Apps (Working)/repos_github/Working/repo_docketmate/docs/ExampleCode/XcodeFiles/EXAMPLE_0.xcodeproj/project.xcworkspace
[0;33m[WARNING][0m Found nested workspace inside project bundle: /Users/bernhardbudiono/Library/CloudStorage/Dropbox/_Documents - Apps (Working)/repos_github/Working/repo_docketmate/docs/ExampleCode/XcodeFiles/Example DocketMate/DocketMate.xcodeproj/project.xcworkspace
[0;32m[INFO][0m Removing workspace from within project bundle: /Users/bernhardbudiono/Library/CloudStorage/Dropbox/_Documents - Apps (Working)/repos_github/Working/repo_docketmate/docs/ExampleCode/XcodeFiles/Example DocketMate/DocketMate.xcodeproj/project.xcworkspace
[0;33m[WARNING][0m Found nested workspace inside project bundle: /Users/bernhardbudiono/Library/CloudStorage/Dropbox/_Documents - Apps (Working)/repos_github/Working/repo_docketmate/docs/ExampleCode/XcodeFiles/EXAMPLE_1.xcodeproj/project.xcworkspace
[0;32m[INFO][0m Removing workspace from within project bundle: /Users/bernhardbudiono/Library/CloudStorage/Dropbox/_Documents - Apps (Working)/repos_github/Working/repo_docketmate/docs/ExampleCode/XcodeFiles/EXAMPLE_1.xcodeproj/project.xcworkspace
[0;33m[WARNING][0m Found nested workspace inside project bundle: /Users/bernhardbudiono/Library/CloudStorage/Dropbox/_Documents - Apps (Working)/repos_github/Working/repo_docketmate/docs/ExampleCode/XcodeFiles/EXAMPLE_4.xcodeproj/project.xcworkspace
[0;32m[INFO][0m Removing workspace from within project bundle: /Users/bernhardbudiono/Library/CloudStorage/Dropbox/_Documents - Apps (Working)/repos_github/Working/repo_docketmate/docs/ExampleCode/XcodeFiles/EXAMPLE_4.xcodeproj/project.xcworkspace
[0;33m[WARNING][0m Found nested workspace inside project bundle: /Users/bernhardbudiono/Library/CloudStorage/Dropbox/_Documents - Apps (Working)/repos_github/Working/repo_docketmate/docs/ExampleCode/XcodeFiles/EXAMPLE_2.xcodeproj/PassengerManifest.xcodeproj/project.xcworkspace
[0;32m[INFO][0m Removing workspace from within project bundle: /Users/bernhardbudiono/Library/CloudStorage/Dropbox/_Documents - Apps (Working)/repos_github/Working/repo_docketmate/docs/ExampleCode/XcodeFiles/EXAMPLE_2.xcodeproj/PassengerManifest.xcodeproj/project.xcworkspace
[0;33m[WARNING][0m Found nested workspace inside project bundle: /Users/bernhardbudiono/Library/CloudStorage/Dropbox/_Documents - Apps (Working)/repos_github/Working/repo_docketmate/docs/ExampleCode/XcodeFiles/EXAMPLE_2.xcodeproj/project.xcworkspace
[0;32m[INFO][0m Removing workspace from within project bundle: /Users/bernhardbudiono/Library/CloudStorage/Dropbox/_Documents - Apps (Working)/repos_github/Working/repo_docketmate/docs/ExampleCode/XcodeFiles/EXAMPLE_2.xcodeproj/project.xcworkspace
[0;33m[WARNING][0m Found nested workspace inside project bundle: /Users/bernhardbudiono/Library/CloudStorage/Dropbox/_Documents - Apps (Working)/repos_github/Working/repo_docketmate/docs/ExampleCode/XcodeFiles/EXAMPLE_5.xcodeproj/project.xcworkspace
[0;32m[INFO][0m Removing workspace from within project bundle: /Users/bernhardbudiono/Library/CloudStorage/Dropbox/_Documents - Apps (Working)/repos_github/Working/repo_docketmate/docs/ExampleCode/XcodeFiles/EXAMPLE_5.xcodeproj/project.xcworkspace
[0;33m[WARNING][0m Found nested workspace inside project bundle: /Users/bernhardbudiono/Library/CloudStorage/Dropbox/_Documents - Apps (Working)/repos_github/Working/repo_docketmate/docs/ExampleCode/XcodeFiles/EXAMPLE_3.xcodeproj/project.xcworkspace
[0;32m[INFO][0m Removing workspace from within project bundle: /Users/bernhardbudiono/Library/CloudStorage/Dropbox/_Documents - Apps (Working)/repos_github/Working/repo_docketmate/docs/ExampleCode/XcodeFiles/EXAMPLE_3.xcodeproj/project.xcworkspace
[0;33m[WARNING][0m Found nested workspace inside project bundle: /Users/bernhardbudiono/Library/CloudStorage/Dropbox/_Documents - Apps (Working)/repos_github/Working/repo_docketmate/DocketMate/DocketMate.xcodeproj/project.xcworkspace
[0;32m[INFO][0m Removing workspace from within project bundle: /Users/bernhardbudiono/Library/CloudStorage/Dropbox/_Documents - Apps (Working)/repos_github/Working/repo_docketmate/DocketMate/DocketMate.xcodeproj/project.xcworkspace
[0;32m[INFO][0m Checking for stray .swift files at project root...
[0;32m[INFO][0m Directory structure cleanup complete.
[0;32m[INFO][0m Logs have been written to:
[0;32m[INFO][0m   - /Users/bernhardbudiono/Library/CloudStorage/Dropbox/_Documents - Apps (Working)/repos_github/Working/repo_docketmate/logs/cleanup_directory_structure_20250520_071933.log
[0;32m[INFO][0m   - /Users/bernhardbudiono/Library/CloudStorage/Dropbox/_Documents - Apps (Working)/repos_github/Working/repo_docketmate/_macOS/logs/cleanup_directory_structure_20250520_071933.log
[0;32m[SUCCESS][0m cleanup_directory_structure completed successfully
[0;32m[INFO][0m Logs have been written to:
[0;32m[INFO][0m   - /Users/bernhardbudiono/Library/CloudStorage/Dropbox/_Documents - Apps (Working)/repos_github/Working/repo_docketmate/logs/cleanup_directory_structure_20250520_071933.log
[0;32m[INFO][0m   - /Users/bernhardbudiono/Library/CloudStorage/Dropbox/_Documents - Apps (Working)/repos_github/Working/repo_docketmate/_macOS/logs/cleanup_directory_structure_20250520_071933.log
